ARM GAS  C:\Users\user\AppData\Local\Temp\ccNCRrpp.s 			page 1


   1              		.cpu cortex-m4
   2              		.eabi_attribute 20, 1
   3              		.eabi_attribute 21, 1
   4              		.eabi_attribute 23, 3
   5              		.eabi_attribute 24, 1
   6              		.eabi_attribute 25, 1
   7              		.eabi_attribute 26, 1
   8              		.eabi_attribute 30, 2
   9              		.eabi_attribute 34, 1
  10              		.eabi_attribute 18, 4
  11              		.file	"board.c"
  12              		.text
  13              	.Ltext0:
  14              		.section	.gnu.lto_.profile.7a9405c1,"",%progbits
  15 0000 789C6365 		.ascii	"x\234ce`b`a```d\340c\006\000\000\237\000\036"
  15      60626061 
  15      60606064 
  15      E0630600 
  15      009F001E 
  16              		.text
  17              		.section	.gnu.lto_.icf.7a9405c1,"",%progbits
  18 0000 789C6365 		.ascii	"x\234ce`b\020a@\000f\206\205??\354\345a\354m}r\233\213"
  18      60621061 
  18      40006686 
  18      853F3FEC 
  18      E561EC6D 
  19 0018 E9F29583 		.ascii	"\351\362\225\203\207\230\030\000f+\011|"
  19      87981800 
  19      662B097C 
  20              		.text
  21              		.section	.gnu.lto_.jmpfuncs.7a9405c1,"",%progbits
  22 0000 789C6365 		.ascii	"x\234ce`b\340d@\000&\020\301\010\304\000\001\227\000"
  22      6062E064 
  22      40002610 
  22      C108C400 
  22      019700
  23 0013 14       		.ascii	"\024"
  24              		.text
  25              		.section	.gnu.lto_.inline.7a9405c1,"",%progbits
  26 0000 789C6365 		.ascii	"x\234ce`b\320f@\000&\006\006\026\036F\020\305\300\266"
  26      6062D066 
  26      40002606 
  26      06161E46 
  26      10C5C0B6 
  27 0014 401E4431 		.ascii	"@\036D10r\201\010\006f&Ta\006\000-\355\001\352"
  27      30728108 
  27      06662654 
  27      6106002D 
  27      ED01EA
  28              		.text
  29              		.section	.gnu.lto_.pureconst.7a9405c1,"",%progbits
  30 0000 789C6365 		.ascii	"x\234ce`b`e`\000\222\022\214\014\000\000\345\000("
  30      60626065 
  30      60009212 
  30      8C0C0000 
  30      E50028
  31              		.text
ARM GAS  C:\Users\user\AppData\Local\Temp\ccNCRrpp.s 			page 2


  32              		.section	.gnu.lto___early_init.7a9405c1,"",%progbits
  33 0000 789C6365 		.ascii	"x\234ce`bX\312\300\300\340\005\304\322@\314\310\314"
  33      606258CA 
  33      C0C0E005 
  33      C4D240CC 
  33      C8CC
  34 0012 C0C834E1 		.ascii	"\300\3104\341\034\003C#\007\023##\210\321\300\301\310"
  34      1C034323 
  34      07132323 
  34      88D1C0C1 
  34      C8
  35 0023 50CFC458 		.ascii	"P\317\304X\317\330\317<\235\231\361P\373\263\235L\232"
  35      CFD8CF3C 
  35      9D99F150 
  35      FBB39D4C 
  35      9A
  36 0034 CB1B80E0 		.ascii	"\313\033\200\340\300\364mlm\015\255\022\363\231\031"
  36      C0F46D6C 
  36      6D0DAD12 
  36      F39919
  37 0043 18660231 		.ascii	"\030f\0021\0100.g\324d\000*{\264\361\337T^6\026\210"
  37      08302E67 
  37      D464002A 
  37      7BB4F1DF 
  37      545E3616 
  38 0058 38E30A46 		.ascii	"8\343\012F6F \275\376\022\343\201\206\177\377\333\033"
  38      364620BD 
  38      FE12E381 
  38      867FFFDB 
  38      1B
  39 0069 0E9C59CC 		.ascii	"\016\234Y\314\270\327\015(\325\005\304 ;\272\231\231"
  39      B8D70D28 
  39      D505C420 
  39      3BBA9999 
  40 0079 4034F36B 		.ascii	"@4\363k\306\346\005\337{\230A\032@\246\354\334\371\346"
  40      C6E605DF 
  40      7B98411A 
  40      40A6ECDC 
  40      F9E6
  41 008b 367BFDDF 		.ascii	"6{\375\337\006\216\371\314\2143\231\201F0\256d\254g"
  41      068EF9CC 
  41      8C339981 
  41      4630AE64 
  41      AC67
  42 009d 980F54FC 		.ascii	"\230\017T\374\226\261i\301\357\036F\260B\020\350\002"
  42      96B169C1 
  42      EF1E46B0 
  42      4210E802 
  43 00ad CA020D60 		.ascii	"\312\002\015`b`\360p\266\212\011\012\361\017\216q\316"
  43      6260F070 
  43      B68A090A 
  43      F10F8E71 
  43      CE
  44 00be C84CCA0C 		.ascii	"\310L\312\014.)M\311\314\217I\006\261\363\213\015\315"
  44      2E294DC9 
  44      CC8F4906 
  44      B1F38B0D 
ARM GAS  C:\Users\user\AppData\Local\Temp\ccNCRrpp.s 			page 3


  44      CD
  45 00cf CDF4F38B 		.ascii	"\315\364\363\213\3653\022s\364\223\362\023\213R\212"
  45      F5331273 
  45      F493F213 
  45      8B528A
  46 00de F58343E2 		.ascii	"\365\203C\342\375B\235}\\\375\315L\342\335L\014\014"
  46      FD429D7D 
  46      5CFDCD4C 
  46      E2DD4C0C 
  46      0C
  47 00ef 835C2132 		.ascii	"\203\\!2z\311\014\00080P\023"
  47      7AC90C00 
  47      38305013 
  48              		.text
  49              		.section	.gnu.lto_boardInit.7a9405c1,"",%progbits
  50 0000 789C6365 		.ascii	"x\234ce`b\250d``\360\002bi fdf`d\232p\216\201\241\221"
  50      6062A864 
  50      6060F002 
  50      62692066 
  50      64666064 
  51 001a 83899111 		.ascii	"\203\211\221\021\304h\340`d\250gb\254g\354g\236\316"
  51      C468E060 
  51      64A86762 
  51      AC67EC67 
  51      9ECE
  52 002c CC78A8FD 		.ascii	"\314x\250\375\331N&\315\345\015@p`\372\004\256\266\206"
  52      D94E26CD 
  52      E50D4070 
  52      60FA04AE 
  52      B686
  53 003e 5689F9CC 		.ascii	"V\211\371\314\014\0143\201\030\004\030\2273j2\000\225"
  53      0C0C3381 
  53      18041897 
  53      336A3200 
  53      95
  54 004f 3DDAF86F 		.ascii	"=\332\370o*/\033\013D\234q\005#\033#\220^\177\211\361"
  54      2A2F1B0B 
  54      449C7105 
  54      231B2390 
  54      5E7F89F1 
  55 0063 40C3BFFF 		.ascii	"@\303\277\377\355\015\007\276,b\234\354\305\304\300"
  55      ED0D07BE 
  55      2C629CEC 
  55      C5C4C0
  56 0072 D0059406 		.ascii	"\320\005\224\006\331\321\315\314\004\242\231\33726)"
  56      D9D1CDCC 
  56      04A299DF 
  56      323629
  57 0081 805483CD 		.ascii	"\200T\203\315\352bf\004\011\002\225y8[\305\004\205\370"
  57      EA626604 
  57      09029579 
  57      385BC504 
  57      85F8
  58 0093 07C73867 		.ascii	"\007\3078gd&e\006\227\224\246d\346\307$\203\330\371"
  58      64266506 
  58      9794A664 
  58      E6C72483 
ARM GAS  C:\Users\user\AppData\Local\Temp\ccNCRrpp.s 			page 4


  58      D8F9
  59 00a5 C586E666 		.ascii	"\305\206\346f\372\371\305\372\031\2119\372I\371\211"
  59      FAF9C5FA 
  59      198939FA 
  59      49F989
  60 00b4 4529C5FA 		.ascii	"E)\305\372\301!\361~\241\316>\256\376f&\361n&\006\206"
  60      C121F17E 
  60      A1CE3EAE 
  60      FE6626F1 
  60      6E260686 
  61 00c8 41AE1019 		.ascii	"A\256\020\031\275d\006\000\206\373@\213"
  61      BD640600 
  61      86FB408B 
  62              		.text
  63              		.section	.gnu.lto_pal_default_config.7a9405c1,"",%progbits
  64 0000 789CAD91 		.ascii	"x\234\255\221\317J\303@\020\3063\331\246\177R\265/\340"
  64      CF4AC340 
  64      10C633D9 
  64      A67F52B5 
  64      2FE0
  65 0012 13F80479 		.ascii	"\023\370\004y\034\037\301G\310Eh\004E\260\232xJ\020"
  65      1C1FC147 
  65      C8456804 
  65      45B09A78 
  65      4A10
  66 0024 8A6D6A93 		.ascii	"\212mj\223hk4\212R\212\250\365\244\301\200\202\022\274"
  66      686B348A 
  66      528AA8F5 
  66      A4C18082 
  66      12BC
  67 0036 4805ABDE 		.ascii	"H\005\253\336J\024\215\273N(\324C\251\340\036\366c~"
  67      4A148DBB 
  67      4E28D443 
  67      A9E01EF6 
  67      637E
  68 0048 3B7CF3B1 		.ascii	";|\363\261#p<\327\3429\0168<*\001\373\331\213&\227\210"
  68      23703CD7 
  68      E2390E38 
  68      3C2A01FB 
  68      D98B2697 
  69 005d 4E28A465 		.ascii	"N(\244e\371\375\343\215`\031\307\204\202E\3775\020\020"
  69      F9FDE38D 
  69      6019C784 
  69      8245FF35 
  69      1010
  70 006f 5C9A8129 		.ascii	"\\\232\201)Pt\177^\255\015z\342\270@QoU9\234\222\\\271"
  70      50747F5E 
  70      AD0D7AE2 
  70      B840516F 
  70      55399C92 
  71 0085 68C8733A 		.ascii	"h\310s:\001\215>m\302\264F\000\205\007\223\011\201*"
  71      018D3E6D 
  71      C2B44600 
  71      85079309 
  71      812A
  72 0097 93145498 		.ascii	"\223\024T\230\010\370\226f\302F\373V\271\230B\333 \231"
  72      08F89666 
ARM GAS  C:\Users\user\AppData\Local\Temp\ccNCRrpp.s 			page 5


  72      C246FB56 
  72      B99842DB 
  72      2099
  73 00a9 F470D5D5 		.ascii	"\364p\325\325\013c\330n\215\260\375\017\217\317\365"
  73      0B63D86E 
  73      8DB0FD0F 
  73      8FCFF5
  74 00b8 E3283D88 		.ascii	"\343(=\210&Rr\022\206\315\374\030\256\366\010W\367\261"
  74      26527212 
  74      86CDFC18 
  74      AEF60857 
  74      F7B1
  75 00ca 732AA2AB 		.ascii	"s*\242\253\014\264\356(7\027\277>q\373\257I\027\212"
  75      0CB4EE28 
  75      3717BF3E 
  75      71FBAF49 
  75      178A
  76 00dc 869A4D3C 		.ascii	"\206\232M<[3\024\250\025e%\227\200\0276\305\257;O\031"
  76      5B3314A8 
  76      15652597 
  76      801736C5 
  76      AF3B4F19 
  77 00f0 04E1CF86 		.ascii	"\004\341\317\206\227\217\274v\001\301\374F`\244)j\270"
  77      978FBC76 
  77      01C1FC46 
  77      60A4296A 
  77      B8
  78 0101 BDB5A4C7 		.ascii	"\275\265\244\307\356\343\206\233\316W7\3512\024\371"
  78      EEE3869B 
  78      CE5737E9 
  78      3214F9
  79 0110 9AA7A874 		.ascii	"\232\247\250tkE\302p\336\375\241\274{\230\327\305\274"
  79      6B45C270 
  79      DEFDA1BC 
  79      7B98D7C5 
  79      BC
  80 0121 BB98B789 		.ascii	"\273\230\267\211y\033\230\367\254\324\277#\3501\253"
  80      791B98F7 
  80      ACD4BF23 
  80      E831AB
  81 0130 135E2319 		.ascii	"\023^#\031\360@\322H\026v\230\344\300a\"\202\305$\017"
  81      F040D248 
  81      167698E4 
  81      C0612282 
  81      C5240F
  82 0143 75261350 		.ascii	"u&\023P\003\211\203\003z}\003?%\330Y"
  82      03898303 
  82      7A7D033F 
  82      25D859
  83              		.text
  84              		.section	.gnu.lto_.symbol_nodes.7a9405c1,"",%progbits
  85 0000 789C6365 		.ascii	"x\234ce`b\360`\000\002\246iL\365\014\014\023\31610\000"
  85      6062F060 
  85      0002A669 
  85      4CF50C0C 
  85      13CE3130 
  86 0015 A95D0D8E 		.ascii	"\251]\015\216@\221\351L\365\214(\"\254S\231\030\032"
ARM GAS  C:\Users\user\AppData\Local\Temp\ccNCRrpp.s 			page 6


  86      4091E94C 
  86      F58C2822 
  86      AC539918 
  86      1A
  87 0026 95808A19 		.ascii	"\225\200\212\031g0\3253\201\245\030\030\032\032\034"
  87      6730D533 
  87      81A51818 
  87      1A1A1C
  88 0035 18189881 		.ascii	"\030\030\230\201p\311\203\177\214\014\000nr\020\266"
  88      70C9837F 
  88      8C0C006E 
  88      7210B6
  89              		.text
  90              		.section	.gnu.lto_.refs.7a9405c1,"",%progbits
  91 0000 789C6365 		.ascii	"x\234ce`b`d\000\002\000\000I\000\011"
  91      60626064 
  91      00020000 
  91      490009
  92              		.text
  93              		.section	.gnu.lto_.decls.7a9405c1,"",%progbits
  94 0000 789CAD56 		.ascii	"x\234\255VmLSg\024\276\347\336R\333\002\203\300\262"
  94      6D4C5367 
  94      14BEE7DE 
  94      52DB0283 
  94      C0B2
  95 0012 F8C364C4 		.ascii	"\370\303d\304\340\344\307\004A\243\213?\234\016E\234"
  95      E0E4C704 
  95      41A38B3F 
  95      9C0E459C 
  96 0022 A8C4AF5F 		.ascii	"\250\304\257_]\272B\2534\226\266k\313\242\331\237\213"
  96      5DBA42AB 
  96      3496B66B 
  96      CBA2D99F 
  96      8B
  97 0033 825F9BA2 		.ascii	"\202_\233\242\323h0\352P\234\342\374\000\021\031\242"
  97      D36830EA 
  97      509CE2FC 
  97      001119A2 
  98 0043 60054164 		.ascii	"`\005Ad\200\210\002\242\005\021\005?&\242n\231b\234"
  98      808802A2 
  98      0511053F 
  98      26A26E99 
  98      629C
  99 0055 ECBCEF7B 		.ascii	"\354\274\357{\313\255\245[4\331\033\236{\337\363\236"
  99      CBADA55B 
  99      34D91B9E 
  99      7BDFF39E 
 100 0065 739EF3F1 		.ascii	"s\236\363\361\236\266\004p<\267K\315qv\236\343\236r"
 100      9EB60470 
 100      3CB74BCD 
 100      71769EE3 
 100      9E72
 101 0077 1C37844B 		.ascii	"\0347\204K\201\357\343\234\274\004\304\011D\021\242"
 101      81EFE39C 
 101      BC04C409 
 101      4411A2
 102 0086 18018827 		.ascii	"\030\001\210'\334\333\353+`v\313\020\003^\376\274\344"
ARM GAS  C:\Users\user\AppData\Local\Temp\ccNCRrpp.s 			page 7


 102      DCDBEB2B 
 102      6076CB10 
 102      035EFEBC 
 102      E4
 103 0097 5BCC8D5C 		.ascii	"[\314\215\\z`\\\313$\031\244\030\276\253S\342\036\217"
 103      7A605CCB 
 103      2419A418 
 103      BEAB53E2 
 103      1E8F
 104 00a9 E840F423 		.ascii	"\350@\364#\202\021\315\210V\3045\304UD\013\242\015q"
 104      8211CD88 
 104      56C435C4 
 104      55440BA2 
 104      0D71
 105 00bb 05D183B8 		.ascii	"\005\321\203\270\217x\200\350C\334C\334\365\303M\326"
 105      8F7880E8 
 105      43DC43DC 
 105      F5C34DD6 
 106 00cb 2E014A37 		.ascii	".\001J7_\254\340\273\300\015\230/\204\262l\200=\201"
 106      5FACE0BB 
 106      C00D982F 
 106      84B26C80 
 106      3D81
 107 00dd 828A439E 		.ascii	"\202\212C\236\005@\317\361\224\347\244\"<G\340\361\220"
 107      0540CFF1 
 107      94E7A422 
 107      3C47E0F1 
 107      90
 108 00ee 645E1279 		.ascii	"d^\022y\211\222\376I\316\340\305\310\324,\222g\261\236"
 108      8992FE49 
 108      CEE0C5C8 
 108      D42C9267 
 108      B19E
 109 0100 B00D75F3 		.ascii	"\260\015u\363x\003/\007\000\360v\360\"diK\372\341\374"
 109      78032F07 
 109      00F076F0 
 109      2264694B 
 109      FAE1FC
 110 0113 38B938F0 		.ascii	"8\2718\360T\377,\267\241Os\033:\311i\336\014`g\3759"
 110      54FF2CB7 
 110      A14F731B 
 110      3AC969DE 
 110      0C6067FD 
 111 0128 4D21020F 		.ascii	"M!\002\017d\177{\260 !\372\230\310\226\352c\271m5C/"
 111      647F7BB0 
 111      2021FA98 
 111      C896EA63 
 111      B96D3543 
 112 013d 5C215B04 		.ascii	"\\![\004\010\323\000\217b\313\323\206\275\201(~\250"
 112      08D3008F 
 112      62CBD386 
 112      BD81287E 
 112      A8
 113 014e 8150145F 		.ascii	"\201P\024_f\266^\320\214\336I\275\326\212\241<,\373"
 113      66B65ED0 
 113      8CDE49BD 
 113      D68AA13C 
ARM GAS  C:\Users\user\AppData\Local\Temp\ccNCRrpp.s 			page 8


 113      2CFB
 114 0160 088EC118 		.ascii	"\010\216\301\0308\012c0\370q\030\215\317\024\005c\372"
 114      380A6330 
 114      F871188D 
 114      CF140563 
 114      FA
 115 0171 B9BFA950 		.ascii	"\271\277\251P56O\314\353\026]\227\356~r\247X\024\263"
 115      35364FCC 
 115      EB165D97 
 115      EE7E72A7 
 115      5814B3
 116 0184 D14D41CC 		.ascii	"\321MA\314\340\010\010\360\013D\223\224q\213\317\002"
 116      E00808F0 
 116      0B449394 
 116      718BCF02 
 117 0194 B80D7018 		.ascii	"\270\015p\030\272\260\240\0230\026\335\033\372:\277"
 117      BAB0A013 
 117      3016DD1B 
 117      FA3ABF
 118 01a3 13F434D9 		.ascii	"\023\3644\331\254\274{g\224\310T\204LUQ\271\242k\015"
 118      ACBC7B67 
 118      94C85484 
 118      4C5551B9 
 118      A26B0D
 119 01b6 F2F094A7 		.ascii	"\362\360\224\247P\346)\364\345)\242<\342\203\263\356"
 119      50E629F4 
 119      E529A23C 
 119      E283B3EE 
 120 01c6 10612525 		.ascii	"\020a%%*\314o\333\021\214D\335\242\350\272\377S\344"
 120      2ACC6FDB 
 120      118C44DD 
 120      A2E8BAFF 
 120      53E4
 121 01d8 ABF5B53F 		.ascii	"\253\365\265?\210\373\201&\016'e\246\223\204\211l\212"
 121      88FB8126 
 121      0E2765A6 
 121      9384896C 
 121      8A
 122 01e9 29435DF5 		.ascii	")C]\365\211\277\002\205j\240\024\177\024\024\357S\261"
 122      89BF0285 
 122      6AA0147F 
 122      1414EF53 
 122      B1
 123 01fa FE1400CA 		.ascii	"\376\024\000\312{\327\273J\244\006\2714\244\311\215"
 123      7BD7BB4A 
 123      A406B934 
 123      A4C98D
 124 0209 BBEF7EC0 		.ascii	"\273\357~\300\344\010\024\2175^r\013\314|\0031/\253"
 124      E408148F 
 124      355E720B 
 124      CC7C0331 
 124      2FAB
 125 021b E88F63E2 		.ascii	"\350\217c\342\030\224\312;\237\271$\347n\242\035z\330"
 125      1894CA3B 
 125      9FB924E7 
 125      6EA21D7A 
 125      D8
ARM GAS  C:\Users\user\AppData\Local\Temp\ccNCRrpp.s 			page 9


 126 022c 91AF66EA 		.ascii	"\221\257f\352\247$\330\246\323\333\363C\2046\026\371"
 126      A724D8A6 
 126      D3DBF343 
 126      843616F9 
 127 023c 49566F77 		.ascii	"IVow S\216F\361jV\321\036\211Y\341uQa\354\242\334\033"
 127      20538E46 
 127      F16A56D1 
 127      1E8959E1 
 127      755161EC 
 128 0253 D7ED530A 		.ascii	"\327\355S\012\235\314\263\263\356\310Qb:^\003d\216B"
 128      9DCCB3B3 
 128      EEC85162 
 128      3A5E0364 
 128      8E42
 129 0265 48271E9F 		.ascii	"H'\036\237\031\014fG\304\242%\347\371\301QB\0175\347"
 129      190C6647 
 129      C4A225E7 
 129      F9C15142 
 129      0F35E7
 130 0278 73EBDBAB 		.ascii	"s\353\333\253\024\020\2459Dn\3315P1=\367\271(F\300E"
 130      1410A539 
 130      446ED935 
 130      50313DF7 
 130      B92846C0 
 131 028d D04095DC 		.ascii	"\320@\225\334\244\361\032|n\020\3055\342\326\265\242"
 131      A4F11A7C 
 131      6E10C535 
 131      E2D6B5A2 
 132 029d 3A918352 		.ascii	":\221\203R\234\203\012\234\003\250\206(\302K\354\340"
 132      9C830A9C 
 132      03A88628 
 132      C24BECE0 
 133 02ad 021EBAF0 		.ascii	"\002\036\272\360\020c\0349\270\355\200R\350\240\363"
 133      10631C39 
 133      B8ED8052 
 133      E8A0F3
 134 02bc C7D756DE 		.ascii	"\307\327V\336\272\241\000M\224_\202K~\010X2\355\356"
 134      BAA1004D 
 134      945F824B 
 134      7E085832 
 134      EDEE
 135 02ce B1B5D9E4 		.ascii	"\261\265\331\344\356k1\231\0329\031\314\215\015]O\271"
 135      EE6B3199 
 135      1A3919CC 
 135      8D0D5D4F 
 135      B9
 136 02df 3B9317AA 		.ascii	";\223\027\252\005Z\325\356\263\177\326\007\260\236\250"
 136      055AD5EE 
 136      B37FD607 
 136      B09EA8
 137 02ee 501CD85E 		.ascii	"P\034\330^\323\310\013\227\230\256\357\306\332\\\245"
 137      D3C80B97 
 137      98AEEFC6 
 137      DA5CA5
 138 02fd D0C884AD 		.ascii	"\320\310\204\255\177w\210J\241\225\011\233\007^\356"
 138      7F77884A 
 138      A195099B 
ARM GAS  C:\Users\user\AppData\Local\Temp\ccNCRrpp.s 			page 10


 138      075EEE
 139 030c 57086E26 		.ascii	"W\010n&t\254}\321\026,\364PA\275\256\260\254$\010\""
 139      74AC7DD1 
 139      162CF450 
 139      41BDAEB0 
 139      AC240822 
 140 0320 C90A8F8C 		.ascii	"\311\012\217\214\214:@rw\015\275\376\264\356\371=Q\374"
 140      8C3A4072 
 140      770DBDFE 
 140      B4EEF93D 
 140      51FC
 141 0332 318826D5 		.ascii	"1\210&\325\204I]\207p\271\230s\364\243\021\213\017\216"
 141      84495D87 
 141      70B99873 
 141      F4A3118B 
 141      0F8E
 142 0344 39BC9A8E 		.ascii	"9\274\232\216\023\234%P\353F_\353\030\037\343G\237\313"
 142      139C2550 
 142      EB465FEB 
 142      181FE347 
 142      9FCB
 143 0356 C6F5BEC6 		.ascii	"\306\365\276\306\227)u)xq{\231\327\371\232W\372fr\323"
 143      97297529 
 143      78717B99 
 143      D7F99A57 
 143      FA6672D3 
 144 036a CBFA37FF 		.ascii	"\313\3727\377\344\324z\033\351\375VQ\234\241\340\340"
 144      E4D47A1B 
 144      E9FD5651 
 144      9CA1E0E0 
 145 037a 0CEACBA8 		.ascii	"\014\352\313\250\212Xc\373\241\035o\253\031\"\241\025"
 145      8A5863FB 
 145      A11D6FAB 
 145      1922A115 
 146 038a 710D7115 		.ascii	"q\015q\025\321\202hC\\\201H\372Ib\361\352\275\3425\370"
 146      D1826843 
 146      5C8148FA 
 146      4962F1EA 
 146      BDE235F8 
 147 039e ADDCBB96 		.ascii	"\255\334\273\226\372D\331\372\274\377Z\2309\033\215"
 147      FA44D9FA 
 147      BCFF5A98 
 147      391B8D
 148 03ad 27956199 		.ascii	"'\225a\231\242\010\304\214\223\306B\372J;\377&\253Y"
 148      A208C48C 
 148      93C642FA 
 148      4A3BFF26 
 148      AB59
 149 03bf 299C52D0 		.ascii	")\234R\320\301;\270\251\241T\005\341Q\376j\202\233X"
 149      C13BB8A9 
 149      A15405E1 
 149      51FE6A82 
 149      9B58
 150 03d1 CAFB94C5 		.ascii	"\312\373\224\305\"\367\325)\361;\024:\320\361\206<\222"
 150      22F7D529 
 150      F13B143A 
 150      D0F1863C 
ARM GAS  C:\Users\user\AppData\Local\Temp\ccNCRrpp.s 			page 11


 150      92
 151 03e2 240F1AFE 		.ascii	"$\017\032\376Z\337\376\254 6\205\315D\336\222s\352\244"
 151      5ADFFEAC 
 151      203685CD 
 151      44DE9273 
 151      EAA4
 152 03f4 46A8A5E9 		.ascii	"F\250\245\351@A\337\236-\222\3623\024O7\226u\005\010"
 152      4041DF9E 
 152      2D92F233 
 152      144F3796 
 152      750508
 153 0407 8D4CE77E 		.ascii	"\215L\347~\336\266>P\270\316\204\302\327;\016+\205["
 153      DEB63E50 
 153      B8CE84C2 
 153      D73B0E2B 
 153      855B
 154 0419 4CF83E3B 		.ascii	"L\370>;g#~\\\251\240z\324t(\227\0076\223t(1\245\332"
 154      67237E5C 
 154      A9A07AD4 
 154      74289707 
 154      36937428 
 155 0430 FAB0EDA2 		.ascii	"\372\260\355\242X7\221&\325\215I\365\342{\270\314\267"
 155      58379126 
 155      D58D49F5 
 155      E27BB8CC 
 155      B7
 156 0441 860CAD7B 		.ascii	"\206\014\255{\346g\322N\023\343;\276\306\277\276=dh"
 156      E667D24E 
 156      13E33BBE 
 156      C6BFBE3D 
 156      6468
 157 0453 5E95249B 		.ascii	"^\225$\233\237\3655/\367?6\247Q_BU\275R\177\037b\177"
 157      9FF5352F 
 157      F73F36A7 
 157      515F4255 
 157      BD527F1F 
 158 0469 7BB097F7 		.ascii	"{\260\227\367\021\017\020}\210{\210\273\362\310\220"
 158      110F107D 
 158      887B88BB 
 158      F2C890
 159 0478 D4E6C9B1 		.ascii	"\324\346\311\261\334\276\261n\215H\255\347K\331\374"
 159      DCBEB16E 
 159      8D48ADE7 
 159      4BD9FC
 160 0487 B6AFF9B9 		.ascii	"\266\257\371\271\221\225x\261w\371\232w\312\225H\023"
 160      919578B1 
 160      77F99A77 
 160      CA954813 
 161 0497 76994D58 		.ascii	"v\231MX\357\210\011\2730\3708;Dx\310&\354\320\316\252"
 161      EF8809BB 
 161      30F8383B 
 161      4478C826 
 161      ECD0CEAA 
 162 04ab 1AB5CF84 		.ascii	"\032\265\317\204y\312\207\307X\365\273v\200Em\273B\247"
 162      79CA87C7 
 162      58F5BB76 
 162      80456DBB 
ARM GAS  C:\Users\user\AppData\Local\Temp\ccNCRrpp.s 			page 12


 162      42A7
 163 04bd EB77747A 		.ascii	"\353wtz$OW\257g\272\006\217\236\177\243\012\227bm\370"
 163      244F57AF 
 163      67BA068F 
 163      9E7FA30A 
 163      97626DF8 
 164 04d1 B758DC7F 		.ascii	"\267X\334\177\006B\232\222\332\362J\315\270|\261\310"
 164      06429A92 
 164      DAF24ACD 
 164      B87CB1C8 
 165 04e1 853FD6D5 		.ascii	"\205?\326\325!G\360\027V\015\375\350|\212\305\364\272"
 165      2147F017 
 165      560DFDE8 
 165      7C8AC5F4 
 165      BA
 166 04f2 4072B204 		.ascii	"@r\262\004\377Iz\002\343\310?\022/\333\273\202\2026"
 166      FF497A02 
 166      E3C83F12 
 166      2FDBBB82 
 166      8236
 167 0504 0D7F8DD3 		.ascii	"\015\177\215\323\337R\317\307\224\203\001\010\362\244"
 167      DF52CFC7 
 167      94830108 
 167      F2A4
 168 0512 8C5B2E48 		.ascii	"\214[.H\2473\352\355\346\325:\223\305\344T\315Y\260"
 168      A733EAED 
 168      E6D53A93 
 168      C5E454CD 
 168      59B0
 169 0524 34223E36 		.ascii	"4\">6\226K\214\237\246]\264d\341bm|\232)\305\264\330"
 169      964B8C9F 
 169      A65DB464 
 169      E1626D7C 
 169      9A29C5B4 
 170 0539 99613059 		.ascii	"\231a0Y\265\251dou\304N\235\022cu\304\244\351\3151)"
 170      B5A9646F 
 170      75C44E9D 
 170      126375C4 
 170      A4E9CD31 
 171 054e 56BDDDE0 		.ascii	"V\275\335\340\210Y\274D\267`i|\322\354\205S&\353\022"
 171      8859BC44 
 171      B760697C 
 171      D2EC8553 
 171      26EB12
 172 0561 264F8C5D 		.ascii	"&O\214]4\233i\242S95\335\314E\356P\2073}R\234.\325l"
 172      349B69A2 
 172      533935DD 
 172      CC45EE50 
 172      87337D52 
 173 0579 4D5D4983 		.ascii	"M]I\203%\274[\014\233\325\356$!\346O\212c\317\204\311"
 173      25BC5B0C 
 173      9BD5EE24 
 173      21E64F8A 
 173      63CF84C9 
 174 058d AB56118D 		.ascii	"\253V\021\215\316l6D\247qa6\334\032\214\313\365\031"
 174      CE6C3644 
 174      A7716136 
ARM GAS  C:\Users\user\AppData\Local\Temp\ccNCRrpp.s 			page 13


 174      DC1A8CCB 
 174      F519
 175 059f 66A72ED5 		.ascii	"f\247.\325jYnZ\241L\236=K\357\324+\364\313\355f\215"
 175      6A596E5A 
 175      A14C9E3D 
 175      4BEFD42B 
 175      F4CBED66 
 176 05b4 4E9761B2 		.ascii	"N\227a\26281\262se\3524\255\335iu\260 \016\026\320i"
 176      3831B273 
 176      65EA34AD 
 176      DD6975B0 
 176      200E16D0 
 177 05c9 B59A1DDA 		.ascii	"\265\232\035\332\025\226\214\010\272\213\320\333\323"
 177      15968C08 
 177      BA8BD0DB 
 177      D3
 178 05d6 238CE929 		.ascii	"#\214\351)F\203\301h\320N\211\236\024\02171v\3527\261"
 178      4683C168 
 178      D04E899E 
 178      14113731 
 178      76EA37B1 
 179 05ea 5A3C9F60 		.ascii	"Z<\237`\261Z\214\023\214\372\024\223\326dI5g\030\214"
 179      B15A8C13 
 179      8CFA1493 
 179      D6644935 
 179      67188C
 180 05fd DA743D72 		.ascii	"\332t=rY\214\332\341\004\234\253mF\007f\245\362\004"
 180      598CDAE1 
 180      049CAB6D 
 180      460766A5 
 180      F204
 181 060f FDFAFF0F 		.ascii	"\375\372\377\017\352X\355\320\352\034N\003F\300H\202"
 181      EA58EDD0 
 181      EA1C4E03 
 181      46C04882 
 182 061f D5600FB0 		.ascii	"\325`\017\260e\330\014\366QV\207\315h4\330\225V\222"
 182      65D80CF6 
 182      515687CD 
 182      6834D895 
 182      5692
 183 0631 853D20DD 		.ascii	"\205= \335j0\332I\023\322\346\275\177\253\223\222f\305"
 183      6A30DA49 
 183      13D2E6BD 
 183      7FAB9392 
 183      66C5
 184 0643 CC499EBB 		.ascii	"\314I\236\273\360\3338\332k\233\334ov\217+l&\253\316"
 184      F0DB38DA 
 184      6B9BDC6F 
 184      768F2B6C 
 184      26ABCE
 185 0656 617466D8 		.ascii	"atf\330tNe\362,\322oer<{}\301^3\331+\221\274\324\311"
 185      744E65F2 
 185      2CD26F65 
 185      723C7B7D 
 185      C15E33D9 
 186 066f 3393E2E9 		.ascii	"3\223\342\351\345\374\003i\226\226\253"
 186      E5FC0369 
ARM GAS  C:\Users\user\AppData\Local\Temp\ccNCRrpp.s 			page 14


 186      9696AB
 187              		.text
 188              		.section	.gnu.lto_.symtab.7a9405c1,"",%progbits
 189 0000 5F5F6561 		.ascii	"__early_init\000"
 189      726C795F 
 189      696E6974 
 189      00
 190 000d 00       		.ascii	"\000"
 191 000e 00       		.ascii	"\000"
 192 000f 00       		.ascii	"\000"
 193 0010 00000000 		.ascii	"\000\000\000\000\000\000\000\000"
 193      00000000 
 194 0018 AE000000 		.ascii	"\256\000\000\000"
 195 001c 626F6172 		.ascii	"boardInit\000"
 195      64496E69 
 195      7400
 196 0026 00       		.ascii	"\000"
 197 0027 00       		.ascii	"\000"
 198 0028 00       		.ascii	"\000"
 199 0029 00000000 		.ascii	"\000\000\000\000\000\000\000\000"
 199      00000000 
 200 0031 B0000000 		.ascii	"\260\000\000\000"
 201 0035 70616C5F 		.ascii	"pal_default_config\000"
 201      64656661 
 201      756C745F 
 201      636F6E66 
 201      696700
 202 0048 00       		.ascii	"\000"
 203 0049 00       		.ascii	"\000"
 204 004a 00       		.ascii	"\000"
 205 004b 00000000 		.ascii	"\000\000\000\000\000\000\000\000"
 205      00000000 
 206 0053 EE000000 		.ascii	"\356\000\000\000"
 207 0057 73746D33 		.ascii	"stm32_clock_init\000"
 207      325F636C 
 207      6F636B5F 
 207      696E6974 
 207      00
 208 0068 00       		.ascii	"\000"
 209 0069 02       		.ascii	"\002"
 210 006a 00       		.ascii	"\000"
 211 006b 00000000 		.ascii	"\000\000\000\000\000\000\000\000"
 211      00000000 
 212 0073 B2000000 		.ascii	"\262\000\000\000"
 213              		.text
 214              		.section	.gnu.lto_.opts,"",%progbits
 215 0000 272D666D 		.ascii	"'-fmath-errno' '-fsigned-zeros' '-ftrapping-math' '"
 215      6174682D 
 215      6572726E 
 215      6F272027 
 215      2D667369 
 216 0033 2D666E6F 		.ascii	"-fno-trapv' '-fno-openmp' '-fno-openacc' '-mcpu=cor"
 216      2D747261 
 216      70762720 
 216      272D666E 
 216      6F2D6F70 
 217 0066 7465782D 		.ascii	"tex-m4' '-mno-thumb-interwork' '-mthumb' '-ggdb' '-"
ARM GAS  C:\Users\user\AppData\Local\Temp\ccNCRrpp.s 			page 15


 217      6D342720 
 217      272D6D6E 
 217      6F2D7468 
 217      756D622D 
 218 0099 4F322720 		.ascii	"O2' '-fomit-frame-pointer' '-falign-functions=16' '"
 218      272D666F 
 218      6D69742D 
 218      6672616D 
 218      652D706F 
 219 00cc 2D666675 		.ascii	"-ffunction-sections' '-fdata-sections' '-fno-common"
 219      6E637469 
 219      6F6E2D73 
 219      65637469 
 219      6F6E7327 
 220 00ff 2720272D 		.ascii	"' '-flto'\000"
 220      666C746F 
 220      2700
 221              		.text
 222              		.comm	__gnu_lto_v1,1,1
 223              		.comm	__gnu_lto_slim,1,1
 224              		.ident	"GCC: (GNU Tools for ARM Embedded Processors 6-2017-q1-update) 6.3.1 20170215 (release) [AR
ARM GAS  C:\Users\user\AppData\Local\Temp\ccNCRrpp.s 			page 16


DEFINED SYMBOLS
                            *ABS*:00000000 board.c
                            *COM*:00000001 __gnu_lto_v1
                            *COM*:00000001 __gnu_lto_slim

NO UNDEFINED SYMBOLS
