ARM GAS  C:\Users\user\AppData\Local\Temp\cc499dfK.s 			page 1


   1              		.cpu cortex-m4
   2              		.eabi_attribute 20, 1
   3              		.eabi_attribute 21, 1
   4              		.eabi_attribute 23, 3
   5              		.eabi_attribute 24, 1
   6              		.eabi_attribute 25, 1
   7              		.eabi_attribute 26, 1
   8              		.eabi_attribute 30, 2
   9              		.eabi_attribute 34, 1
  10              		.eabi_attribute 18, 4
  11              		.file	"chcore_v7m.c"
  12              		.text
  13              	.Ltext0:
  14              		.section	.gnu.lto_.profile.7a9438b6,"",%progbits
  15 0000 789C6365 		.ascii	"x\234ce`b`a```d0\224\001\000\000\376\000Z"
  15      60626061 
  15      60606064 
  15      30940100 
  15      00FE005A 
  16              		.text
  17              		.section	.gnu.lto_.icf.7a9438b6,"",%progbits
  18 0000 789C6365 		.ascii	"x\234ce`b\020a@\000f\206\345K\256\264s3\367\276\273"
  18      60621061 
  18      40006686 
  18      E54BAEB4 
  18      7333F7BE 
  19 0015 BF9687E5 		.ascii	"\277\226\207\345\363\206\025\213\330\030\000^5\010\335"
  19      F386158B 
  19      D818005E 
  19      3508DD
  20              		.text
  21              		.section	.gnu.lto_.jmpfuncs.7a9438b6,"",%progbits
  22 0000 789C6365 		.ascii	"x\234ce`b\340e@\000f(\301\002\242\001\002|\000\037"
  22      6062E065 
  22      40006628 
  22      C102A201 
  22      027C001F 
  23              		.text
  24              		.section	.gnu.lto_.inline.7a9438b6,"",%progbits
  25 0000 789C6365 		.ascii	"x\234ce`bpc@\000f\006\006~1F\006&\221\013=\214\014l"
  25      60627063 
  25      40006606 
  25      067E3146 
  25      0626910B 
  26 0018 0BE49940 		.ascii	"\013\344\231@\202L\334`\031N\016\240\004\317\203X\270"
  26      824CDC60 
  26      194E0EA0 
  26      04CF8358 
  26      B8
  27 0029 380B0317 		.ascii	"8\013\003\0277HhN$\\\210\221\013D\002\000\021\202\006"
  27      3748684E 
  27      245C8891 
  27      0B440200 
  27      118206
  28 003c D4       		.ascii	"\324"
  29              		.text
  30              		.section	.gnu.lto_.pureconst.7a9438b6,"",%progbits
ARM GAS  C:\Users\user\AppData\Local\Temp\cc499dfK.s 			page 2


  31 0000 789C6365 		.ascii	"x\234ce`b\340b```f\330\305\310\274\213\221e\027#\000"
  31      6062E062 
  31      60606066 
  31      D8C5C8BC 
  31      8B916517 
  32 0016 0C46024D 		.ascii	"\014F\002M"
  33              		.text
  34              		.section	.gnu.lto__port_irq_epilogue.part.0.7a9438b6,"",%progbits
  35 0000 789C9D54 		.ascii	"x\234\235T]L\034U\024\276g\356\314\356\262,\220\020"
  35      5D4C1C55 
  35      14BE67EE 
  35      CCEEB22C 
  35      9010
  36 0012 1F34E9C3 		.ascii	"\0374\351\303\362@\232&MGcbM\243\017f\223\032M65\254"
  36      F2409A26 
  36      4D476362 
  36      4DA30F66 
  36      931A4D36 
  37 0028 8F248D0E 		.ascii	"\217$\215\016T6\026f\263\273\030\336\270]\330B\226\212"
  37      54361666 
  37      B3BB18DE 
  37      B85DD842 
  37      968A
  38 003a A6CA9645 		.ascii	"\246\312\226E6C\333\030\332Z\244P\253\002\266]\371i"
  38      3643DB18 
  38      DA5AA450 
  38      AB02B65D 
  38      F969
  39 004c 4B694B6A 		.ascii	"KiKj\025\223\266\017\025\266\215\226V-!j\232\000\236"
  39      1593B60F 
  39      15B68D96 
  39      562D216A 
  39      9A009E
  40 005f 736710D4 		.ascii	"sg\020\324\2324N2w\356=\367|\347\234\373}\347\216\306"
  40      9A344E32 
  40      77EE3DF7 
  40      7CE79CFB 
  40      7DE78EC6 
  41 0073 14F682C6 		.ascii	"\024\366\202\306\3304cl;\276\340f\340z\377\012N\\\240"
  41      D834636C 
  41      3BBEE066 
  41      E07AFF0A 
  41      4E5CA0
  42 0086 C8AFA2F0 		.ascii	"\310\257\242\360\326\215LxU\032}\0344\262\356\361\250"
  42      D68D4C78 
  42      551A7D1C 
  42      34B2EEF1 
  42      A8
  43 0097 AB130D80 		.ascii	"\253\023\015\200&\302\003\254\321\245pU\203Fx\217\037"
  43      26C203AC 
  43      D1A57055 
  43      8346788F 
  43      1F
  44 00a8 E030DA72 		.ascii	"\3400\332rgH\331\324+\360\311\035Xt\357\025\311'-\316"
  44      6748D9D4 
  44      2BF0C91D 
  44      5874EF15 
ARM GAS  C:\Users\user\AppData\Local\Temp\cc499dfK.s 			page 3


  44      C9272DCE 
  45 00bc 58065F7A 		.ascii	"X\006_z\240\02761t\233\035X\356(r\251\266\035\216`^"
  45      A0173631 
  45      749B1D58 
  45      EE2872A9 
  45      B61D8E60 
  46 00d1 C6087EB5 		.ascii	"\306\010~\265\371D7o\347\026\007Pq\371\340r\327\\1-"
  46      F944376F 
  46      E7160750 
  46      71F9E072 
  46      D75C312D 
  47 00e5 15F0E3F2 		.ascii	"\025\360\343\362N\333\304\0317\337\016\024!\367\361"
  47      4EDBC419 
  47      37DF0E14 
  47      21F7F1
  48 00f4 A919283F 		.ascii	"\251\031(?,DB\344~\311<\177\354z^\210\375\255`q\016"
  48      2C4442E4 
  48      7EC93C7F 
  48      EC7A5E88 
  48      FDAD6071 
  49 0109 9F00C7B8 		.ascii	"\237\000\307\270p\0146\300Q\330`\347=\016\345\010\332"
  49      700C36C0 
  49      51D860E7 
  49      3D0EE508 
  49      DA
  50 011a F7EED262 		.ascii	"\367\356\322b\011\201\366\313\352\322M\311\013BE\010"
  50      0981F6CB 
  50      EAD24DC9 
  50      0B424508 
  51 012a FB977F9F 		.ascii	"\373\227\177\237\364OM\346\017\225\360\016\220\031\177"
  51      F44F4DE6 
  51      0F95F00E 
  51      90197F
  52 0139 5EBE99F2 		.ascii	"^\276\231\3629\031\177\263J?h\022\022\254\302\247\217"
  52      39197FB3 
  52      4A3F6812 
  52      12ACC2A7 
  52      8F
  53 014a C8D70FE5 		.ascii	"\310\327\017\345\375\337\200\020\313+-B\\\177\266\324"
  53      FDDF8010 
  53      CB2B2D42 
  53      5C7FB6D4 
  54 015a 07B20645 		.ascii	"\007\262\006E\356p9\252\314\342\232\206\203\213\261"
  54      EE7039AA 
  54      CCE29A86 
  54      838BB1
  55 0169 14F24084 		.ascii	"\024\362@\204\246p\201_\336\306\025\371\275\013{f\177"
  55      A670815F 
  55      DEC615F9 
  55      BD0B7B66 
  55      7F
  56 017a DFF7EB45 		.ascii	"\337\367\353EX\343\214\240\2222\266Fd\263\315w\267\367"
  56      58E38CA0 
  56      9232B646 
  56      64B3CD77 
  56      B7F7
  57 018c 550627C0 		.ascii	"U\006'\300\225\341\260\216d\312\313`\200\0000\210#R"
ARM GAS  C:\Users\user\AppData\Local\Temp\cc499dfK.s 			page 4


  57      95E1B08E 
  57      64CACB60 
  57      80003088 
  57      2352
  58 019e DD45F1D2 		.ascii	"\335E\361\322\355iK-;\002\226\350\364[\334M\210\245"
  58      ED694B2D 
  58      3B0296E8 
  58      F45BDC4D 
  58      88A5
  59 01b0 D9E45C81 		.ascii	"\331\344\\\201\252\240\343I(\223\361\317\315\236\034"
  59      AAA0E349 
  59      2893F1CF 
  59      CD9E1C
  60 01bf 76A1053E 		.ascii	"v\241\005>\0035\213a\031\234\002\225\335\206\304-Y\026"
  60      03358B61 
  60      199C0295 
  60      DD86C42D 
  60      5916
  61 01d1 05A4F8B4 		.ascii	"\005\244\370\264E\306\266\366\211R\252@\346d?Ab\241"
  61      45C6B6F6 
  61      8952AA40 
  61      E6643F41 
  61      62A1
  62 01e3 E5282743 		.ascii	"\345('C\226+\216\217_\356\367\023FA\217\246\356\275"
  62      962B8E8F 
  62      5FEEF713 
  62      46418FA6 
  62      EEBD
  63 01f5 7DD7AA6C 		.ascii	"}\327\252l\027\216&\314y\355\207\361\264f7\301\255\225"
  63      178E26CC 
  63      79ED87F1 
  63      B46637C1 
  63      AD95
  64 0207 959512F8 		.ascii	"\225\225\022\370\034Y\375;\222S\354\305\037\263I/\331"
  64      1C59FD3B 
  64      9253ECC5 
  64      1FB3492F 
  64      D9
  65 0218 1093EF5D 		.ascii	"\020\223\357]\350( \214jc\320\364\355\364\325\251B\013"
  65      E828208C 
  65      6A63D0F4 
  65      EDF4D5A9 
  65      420B
  66 022a B2D8131E 		.ascii	"\262\330\023\036\014\014_\2206h\277wp\360#\227\336G"
  66      0C0C5F90 
  66      3668BF77 
  66      70F02397 
  66      DE47
  67 023c 94F5ECB2 		.ascii	"\224\365\354\262x\001|\011\026t\312\006\205!\320\251"
  67      78017C09 
  67      1674CA06 
  67      8521D0A9 
  68 024c 0B6F3F9C 		.ascii	"\013o?\234\226\301\274\250 \366\3700\"\345YN\177\367"
  68      96C1BCA8 
  68      20F6F830 
  68      22E5594E 
  68      7FF7
ARM GAS  C:\Users\user\AppData\Local\Temp\cc499dfK.s 			page 5


  69 025e 845DA94A 		.ascii	"\204]\251J%\254\226\204\210\363\363\371\254\207\037"
  69      25AC9684 
  69      88F3F3F9 
  69      AC871F
  70 026d B71B653E 		.ascii	"\267\033e>\377`\254\320i\224\031\313\227\021\271f?\365"
  70      FF60ACD0 
  70      699419CB 
  70      9711B966 
  70      3FF5
  71 027f E5C823FA 		.ascii	"\345\310#\372\344+:\215\312\356B\002u\356\234\202\177"
  71      E42B3A8D 
  71      CAEE4202 
  71      75EE9C82 
  71      7F
  72 0290 4A3AE3D5 		.ascii	"J:\343\325\310\307\221UY\177w\340\264\224\364\014]\036"
  72      C8C79155 
  72      597F77E0 
  72      B494F40C 
  72      5D1E
  73 02a2 6023043D 		.ascii	"`#\004=d\015\376\341-\233t$-$\357\276\271\021\341\221"
  73      640DFEE1 
  73      2D9B7424 
  73      2D24EFBE 
  73      B911E191 
  74 02b6 929E7524 		.ascii	"\222\236u$\275\3315\374\241\227$\315\221\244*\356|-"
  74      BDD935FC 
  74      A19724CD 
  74      91A42AEE 
  74      7C2D
  75 02c8 2FDBE181 		.ascii	"/\333\341\201\304%_\331\245\365\375p\245=q\320'\301"
  75      C4255FD9 
  75      A5F5FD70 
  75      A53D71D0 
  75      27C1
  76 02da A3048631 		.ascii	"\243\004\2061[{[\010*\213\315CS\317\331\216\247lV4\204"
  76      5B7B5B08 
  76      2A8BCD43 
  76      53CFD98E 
  76      A76C5634 
  77 02ef 0C0DDDBB 		.ascii	"\014\015\335\273\341n\\\022\036\213\3732H\022\203qh"
  77      E16E5C12 
  77      1E8BFB32 
  77      48128371 
  77      68
  78 0300 C4262F62 		.ascii	"\304&/byh\27616\016k\256\351\344\350\264\233h\246\003"
  78      7968BE31 
  78      360E6BAE 
  78      E9E4E8B4 
  78      9B68A603 
  79 0314 4C388CB4 		.ascii	"L8\214\264!\246u#G\272\037\266d\277\357\001\207\340"
  79      21A67523 
  79      47BA1FB6 
  79      64BFEF01 
  79      87E0
  80 0326 C711B38E 		.ascii	"\307\021\263\216\304<'\305\004\342\366\274\024s\265"
  80      C43C27C5 
  80      04E2F6BC 
ARM GAS  C:\Users\user\AppData\Local\Temp\cc499dfK.s 			page 6


  80      1473B5
  81 0335 A056F458 		.ascii	"\240V\364X@xqF\236\371\002VE\331\324\277\262\335\377"
  81      40787146 
  81      9EF90256 
  81      45D9D4BF 
  81      B2DDFF
  82 0348 1FD926D7 		.ascii	"\037\331&\327\262]\374\257l\370\243\205)'\233&o\365"
  82      B25DFCAF 
  82      6CF8A385 
  82      29279B26 
  82      6FF5
  83 035a 7D50ECDF 		.ascii	"}P\354\337a\012\241h\300U \260\255\262\342\365\035\241"
  83      610AA168 
  83      C05520B0 
  83      ADB2E2F5 
  83      1DA1
  84 036c CA404DF8 		.ascii	"\312@M\370\315p(^_\0256+\015\232\233\261g\266>\247\233"
  84      CD70285E 
  84      5F15362B 
  84      0D9A9BB1 
  84      67B63EA7 
  85 0381 31DD306B 		.ascii	"1\3350kk\315:=bF\3431\375\245\212` \330\240\0335\206"
  85      6BCD3A3D 
  85      6246E331 
  85      FDA58A60 
  85      20D8A01B 
  86 0397 19ADDEF9 		.ascii	"\031\255\336\371\316\326\332-\006sE\253c\365\273\343"
  86      CED6DA2D 
  86      067345AB 
  86      63F5BBE3 
  87 03a7 2F3F76A8 		.ascii	"/?v\250\352\206\270\036\010\206^\011\351\341:cw}U\265"
  87      EA86B81E 
  87      08865E09 
  87      E9E13A63 
  87      777D55B5 
  88 03bb 6ED4C6C2 		.ascii	"n\324\306\302\261\235o\031\306\226\032\246\032\361\206"
  88      B19D6F19 
  88      C6961AA6 
  88      1AF186
  89 03ca 4851B022 		.ascii	"HQ\260\"\344/\177z\263?\022\213x\031\1771\312\212\343"
  89      E42F7F7A 
  89      B33F128B 
  89      78197F31 
  89      CA8AE3
  90 03dd 6664C7AE 		.ascii	"fd\307\256\327\242\246\021\212\277a\274]\024\014U\320"
  90      D7A2A611 
  90      8ABF61BC 
  90      5D140C55 
  90      D0
  91 03ee E666F4F2 		.ascii	"\346f\364\3622%\312x,\302\376\004\217\231\361\246"
  91      3225CA78 
  91      2CC2FE04 
  91      8F99F1A6 
  92              		.text
  93              		.section	.gnu.lto_SVC_Handler.7a9438b6,"",%progbits
  94 0000 789CA593 		.ascii	"x\234\245\223mhSW\030\307\237\347\234\233\233,MU\374"
  94      6D685357 
ARM GAS  C:\Users\user\AppData\Local\Temp\cc499dfK.s 			page 7


  94      18C79FE7 
  94      9C9B9B2C 
  94      4D55FC
  95 0013 36562461 		.ascii	"6V$a\024&\210\231~P\031\354\303\010\314\211\004G\263"
  95      14268899 
  95      7E5019EC 
  95      C308CC89 
  95      0447B3
  96 0026 8F05A9D7 		.ascii	"\217\005\251\327\314\006\033o\310M\245~\362\232\326"
  96      CC061B6F 
  96      C84DA57E 
  96      F29AD6
  97 0035 455BADC3 		.ascii	"E[\255\303\315\232\006\303\335\224af|\351\313:5uY\326"
  97      CD9A06C3 
  97      DD946166 
  97      7CE9CB3A 
  97      357559D6 
  98 0049 6A6B7D9F 		.ascii	"jk}\237\270\027\206\214\255\255\216U\034\323\301\364"
  98      B817868C 
  98      ADAD8E55 
  98      1CD3C1F4 
  99 0059 83D69DE7 		.ascii	"\203\326\235\347\334\273Q\253\260\301.\344\346\236\363"
  99      DCBB51AB 
  99      B0C12EE4 
  99      E69EF3
 100 0068 FC9FFF79 		.ascii	"\374\237\377y\236\3379\307\005\014\366)\000K\021\340"
 100      9EDF39C7 
 100      050CF629 
 100      004B11E0 
 101 0078 2500400E 		.ascii	"%\000@\016\310\336\277\002\260\315\303\020\351\303\364"
 101      C8DEBF02 
 101      B0CDC310 
 101      E9C3F4
 102 0087 206C65B8 		.ascii	" le\270\025\367\360\375\034\2072\267O\263\205\207M\361"
 102      15F7F0FD 
 102      1C8732B7 
 102      4FB38587 
 102      4DF1
 103 0099 54F63F7A 		.ascii	"T\366?z\321,T\320\342\000\335\342G\017\036\306\205 "
 103      D12C54D0 
 103      E200DDE2 
 103      470F1EC6 
 103      8520
 104 00ab 645FB7F5 		.ascii	"d_\267\365\034\340\235\334\342\210\212\030\336\273\234"
 104      1CE09DDC 
 104      E2888A18 
 104      DEBB9C
 105 00ba 9B984343 		.ascii	"\233\230CC\206~1l\037\233<8\227\277\211\244\374m\372"
 105      867E316C 
 105      1F9B3C38 
 105      97BF89A4 
 105      FC6DFA
 106 00cd 66BBAFF6 		.ascii	"f\273\257\366\220i\246\315\312Hv\301\336V\363\274\251"
 106      9069A6CD 
 106      CA4876C1 
 106      DE56F3BC 
 106      A9
ARM GAS  C:\Users\user\AppData\Local\Temp\cc499dfK.s 			page 8


 107 00de 589CE311 		.ascii	"X\234\343\021\344\302\025?\305\032,`\215t\027\362\361"
 107      E4C2153F 
 107      C51A2C60 
 107      8D7417F2 
 107      F1
 108 00ef DEE97DD5 		.ascii	"\336\351}\325\252\202E\254\265\027\305\243\250\212\332"
 108      AA8245AC 
 108      B517C5A3 
 108      A88ADA
 109 00fe 19CD88F8 		.ascii	"\031\315\210\370\355\216se7_-\255+\237\014|\213\216"
 109      ED8E7365 
 109      375F2DAD 
 109      2B9F0C7C 
 109      8B8E
 110 0110 F577B915 		.ascii	"\365w\271\025G~\2304\315\275;D\275\012\036{\326\034"
 110      477E9834 
 110      CDBD3B44 
 110      BD0A1E7B 
 110      D61C
 111 0122 8F63ED89 		.ascii	"\217c\355\211\353X1\247\237dDo5\231\321\037s\314\315"
 111      EB5831A7 
 111      9F64446F 
 111      3599D11F 
 111      73CCCD
 112 0135 808CB97C 		.ascii	"\200\214\271|+`q\227K\012\001\332\305\342\204\247\203"
 112      2B607197 
 112      4B0A01DA 
 112      C5E284A7 
 112      83
 113 0146 33FAE753 		.ascii	"3\372\347S\270m\274\270\373\367\013\370O\221m6\244\036"
 113      B86DBCB8 
 113      FBF70BF8 
 113      4F916D36 
 113      A41E
 114 0158 F52D5964 		.ascii	"\365-Yd7\307\231\015\220\011\236@U,\334#\336\242\205"
 114      37C7990D 
 114      90099E40 
 114      552CDC23 
 114      DEA285
 115 016b 1CA57675 		.ascii	"\034\245vuvYJ\240\200\226\231\365[\\\245\214\307\343"
 115      76594AA0 
 115      809699F5 
 115      5B5CA58C 
 115      C7E3
 116 017d DB275E50 		.ascii	"\333'^P\230\020\366b@B\030\031\357/\251b\006\373P\311"
 116      9810F662 
 116      40421819 
 116      EF2FA962 
 116      06FB50C9 
 117 0191 739788F4 		.ascii	"s\227\210\364\243\002\2670\375\223\254\200\014\311\237"
 117      A302B730 
 117      FD93AC80 
 117      0CC99F
 118 01a0 4234D991 		.ascii	"B4\331\221m\235/1\311\302\177\305\364\375\314NN\023"
 118      6D9D2F31 
 118      C9C27FC5 
 118      F4FDCC4E 
ARM GAS  C:\Users\user\AppData\Local\Temp\cc499dfK.s 			page 9


 118      4E13
 119 01b2 79CE1C8D 		.ascii	"y\316\034\215_\306\213\224\303\204\242\365\300{\227"
 119      5FC68B94 
 119      C384A2F5 
 119      C07B97
 120 01c1 FB6B6C09 		.ascii	"\373kl\011\027S3\267\020\321\217\237\011fOgq\333\367"
 120      175333B7 
 120      10D18F9F 
 120      09664F67 
 120      71DBF7
 121 01d4 71BFCFCE 		.ascii	"q\277\317\316Rh\352o\211H\037\2753\231\367\360\243("
 121      5268EA6F 
 121      89481FBD 
 121      3399F7F0 
 121      A328
 122 01e6 19DC99BC 		.ascii	"\031\334\231\2747\\\345l\314\237\033\272\315J\233\237"
 122      375CE56C 
 122      CC9F1BBA 
 122      CD4A9B9F 
 123 01f6 3665E039 		.ascii	"6e\3409\233\3629\231+0\205iA7{q6\335\017\312*I\034\300"
 123      9BF23999 
 123      2B308569 
 123      41377B71 
 123      36DD0FCA 
 124 020e 6C0660C0 		.ascii	"l\006`\300\223\022\356):\036\010\203\224y\320\352{\350"
 124      9312EE29 
 124      3A1E0883 
 124      9479D0EA 
 124      7BE8
 125 0220 0D8C3970 		.ascii	"\015\2149p\335\244>61hz$\334\323\016\334\233\271\322"
 125      DDA43E36 
 125      31687A24 
 125      DCD30EDC 
 125      9BB9D2
 126 0233 875E825B 		.ascii	"\207^\202[\"\270\342j\340\240<\303\207z\323\227|\201"
 126      22B8E26A 
 126      E0A03CC3 
 126      877AD397 
 126      7C81
 127 0245 4B3377E6 		.ascii	"K3w\346Jg\372c\237L>C\311\370\205\275\0136\026*K\214"
 127      4A67FA63 
 127      9F4C3E43 
 127      C9F885BD 
 127      0B36162A 
 128 025b 644DBF9C 		.ascii	"dM\277\234\311\334@~\315\356~\240\374}\326\353t\377"
 128      C9DC407E 
 128      CDEE7EA0 
 128      FC7DD6EB 
 128      74FF
 129 026d A0F44ABE 		.ascii	"\240\364J\276\365\342.\363\243\364<\"P~\016\201/\345"
 129      F5E22EF3 
 129      A3F43C22 
 129      507E0E81 
 129      2FE5
 130 027f B9EEDA3E 		.ascii	"\271\356\332>t\325M\370\025\321ME\304l\"=\327\237!r"
 130      74D54DF8 
 130      15D14D45 
ARM GAS  C:\Users\user\AppData\Local\Temp\cc499dfK.s 			page 10


 130      C46C223D 
 130      D79F2172 
 131 0293 43756870 		.ascii	"Cuhp\230\025\372\243\264\242 \334\277\242\2402;8\225"
 131      9815FAA3 
 131      B4A220DC 
 131      BFA2A032 
 131      3B3895
 132 02a6 E7B414E0 		.ascii	"\347\264\024\340\020\205]O\221\034\226$\317\332$s\354"
 132      10855D4F 
 132      911C9624 
 132      CFDA2473 
 132      EC
 133 02b7 DF489E73 		.ascii	"\337H\236sHN[?\227\253\210\344\010*\262f\300Q\211\262"
 133      484E5B3F 
 133      97AB88E4 
 133      082AB266 
 133      C05189B2 
 134 02cb 501EBEE5 		.ascii	"P\036\276\345\013\024\231\235\355!\355\375\343}\337"
 134      0B14999D 
 134      ED21EDFD 
 134      E37DDF
 135 02da 54C9ECF3 		.ascii	"T\311\354\363\022\345\230\203R\366\017p\227\216q\361"
 135      12E59883 
 135      52F60F70 
 135      978E71F1 
 136 02ea 656A4C52 		.ascii	"ejLRi\027\227I\334:\241\017\205^\253\257{gM\244>\324"
 136      69179749 
 136      DC3AA10F 
 136      855EABAF 
 136      7B674DA4 
 137 0300 185B178B 		.ascii	"\030[\027\213\244\232\327\307\364z\215\276uc\311\362"
 137      A49AD7C7 
 137      F47A8DBE 
 137      7563C9F2 
 138 0310 6541DD08 		.ascii	"eA\335\010jz<\256o\012&\364d\312\010\276Q\027\016\205"
 138      6A7A3CAE 
 138      6F0A26F4 
 138      64CA08BE 
 138      51170E85 
 139 0324 5B825AA3 		.ascii	"[\202Z\243\246'\243k7/\217/\326@\321R-\0115\0315\232"
 139      A627A36B 
 139      372F8F2F 
 139      D640D152 
 139      2D093519 
 140 033a 9B522BFF 		.ascii	"\233R+\377\263_\264%\025\014\205#\253\"\301\330&\255"
 140      B35FB425 
 140      150C8523 
 140      AB22C1D8 
 140      26AD
 141 034c A9797D34 		.ascii	"\251y}4\250\305\215\230\261v\203\246-n\204\352p]\304"
 141      A8C58D98 
 141      B17683A6 
 141      2D6E84EA 
 141      705DC4
 142 035f 5FFBEA22 		.ascii	"_\373\352\"\177\302Hx\201\277\236\2049)=\261\346\335"
 142      7FC24878 
 142      81BF9E84 
ARM GAS  C:\Users\user\AppData\Local\Temp\cc499dfK.s 			page 11


 142      39293DB1 
 142      E6DD
 143 0371 B793BA16 		.ascii	"\267\223\272\026I5h\033\253\303\221:\012.\022*/\260"
 143      4935681B 
 143      ABC3913A 
 143      0A2E122A 
 143      2FB0
 144 0383 24702301 		.ascii	"$p#\001\256\315\015M\315\321\377\337S#\314#\373u\015"
 144      AECD0D4D 
 144      CDD1FFDF 
 144      5323CC23 
 144      FB750D
 145 0396 4634918C 		.ascii	"F4\221\214\321\022\340\216G\343zr\013\374\005\376\035"
 145      D112E08E 
 145      47E37A72 
 145      0BFC05FE 
 145      1D
 146 03a7 D064     		.ascii	"\320d"
 147              		.text
 148              		.section	.gnu.lto__port_irq_epilogue.7a9438b6,"",%progbits
 149 0000 789CA553 		.ascii	"x\234\245S_HSQ\030\377\276{\356\335\326\246\341S\364"
 149      5F485351 
 149      18FFBE7B 
 149      EEDDD6A6 
 149      E153F4
 150 0013 D0C37C10 		.ascii	"\320\303|\020\022\244[\020\031A\0171(\"F\340z\024\304"
 150      12A45B10 
 150      19410F31 
 150      282246E0 
 150      7A14C4
 151 0026 AE2307AE 		.ascii	"\256#\007\256\305\246RO\236MsPQAY\316\0327\364A\255"
 151      C5A6524F 
 151      9E4D7350 
 151      514159CE 
 151      1A37F441 
 152 003b FC5B56B3 		.ascii	"\374[V\2639\227\026\004\375#1\220|J[a-\350\337\203\202"
 152      39971604 
 152      FD233190 
 152      7C4A5B61 
 152      2DE8DF83 
 153 0050 69DFB99B 		.ascii	"i\337\271\233\"\023*\350\300\275\347\236\363\375\316"
 153      22132AE8 
 153      C0BDE79E 
 153      F3FDCE
 154 005f F73BDFEF 		.ascii	"\367;\337\357\373]\005$\230a\000?\000`/=h\002\224.\276"
 154      FB5D0524 
 154      9861003F 
 154      00602F3D 
 154      6802942E 
 155 0074 04085A24 		.ascii	"\004\010Z$\211Mn\002n\225\343\245\300\363\030*b\033"
 155      894D6E02 
 155      6E95E3A5 
 155      C0F3182A 
 155      621B
 156 0086 E5CC1CB4 		.ascii	"\345\314\034\264(\210\342\203[\020\032$&+\330\200\027"
 156      2888E283 
 156      5B101A24 
ARM GAS  C:\Users\user\AppData\Local\Temp\cc499dfK.s 			page 12


 156      262BD880 
 156      17
 157 0097 D8558663 		.ascii	"\330U\206c\341\0171\251\270\223\323H^\375in\346\247"
 157      E10F31A9 
 157      B893D348 
 157      5EFD696E 
 157      E6A7
 158 00a9 37EB4410 		.ascii	"7\353D\020\241G\014\354\304b \330\314\300RK\276I\316"
 158      A1470CEC 
 158      C46220D8 
 158      CCC0524B 
 158      BE49CE
 159 00bc EC63179A 		.ascii	"\354c\027\232\220\346\276\011L\362\245\3450O.v`\364"
 159      90E6BE09 
 159      4CF2A5E5 
 159      304F2E76 
 159      60F4
 160 00ce 908581CE 		.ascii	"\220\205\201\316P\026/\2003\004\024\204g\231$f\226B"
 160      50162F80 
 160      33041484 
 160      67992466 
 160      9642
 161 00e0 49E479DD 		.ascii	"I\344y\335\324\177\235\235g:\223P\246\345\267\027m\263"
 161      D47F9D9D 
 161      673A9350 
 161      A6E5B717 
 161      6DB3
 162 00f2 1BC592A1 		.ascii	"\033\305\222\241\235\226\037\343\341Id\373Q \207\022"
 162      9D961FE3 
 162      E14964FB 
 162      51208712 
 163 0102 53ADD6A2 		.ascii	"S\255\326\242\016\316C<\3711\262\265\255\361\3319~#"
 163      0ECE433C 
 163      F931B2B5 
 163      ADF1D939 
 163      7E23
 164 0114 54A03319 		.ascii	"T\2403\031o!\243{\340M\334\202\335\270%s\317\333XD\207"
 164      6F21A37B 
 164      E04DDC82 
 164      DDB82573 
 164      CFDB5844 
 165 0129 C2737C44 		.ascii	"\302s|D\026\371d\264c\017\305>ah\246\243\245\177\002"
 165      16F964B4 
 165      630FC53E 
 165      6168A6A3 
 165      A57F02
 166 013c 576B6832 		.ascii	"Wkh2J\2754o6\312\2100\204\234\320l\244\204\024\300^"
 166      4ABD346F 
 166      36CA8830 
 166      849CD06C 
 166      A48414C0 
 167 0151 11947283 		.ascii	"\021\224r\203\023\327\230\240\002\354\023a\266V\032"
 167      13D798A0 
 167      02EC1361 
 167      B6561A
 168 0160 ECA76E00 		.ascii	"\354\247n\000\016\010m\020\246\004c\273>8o-\234C\235"
 168      0E086D10 
ARM GAS  C:\Users\user\AppData\Local\Temp\cc499dfK.s 			page 13


 168      A60463BB 
 168      3E386F2D 
 168      9C439D
 169 0173 B7DA75A6 		.ascii	"\267\332u\246\010t\317\354Cn\221%\002\016b!\210\235"
 169      0874CFEC 
 169      436E9125 
 169      020E6221 
 169      889D
 170 0185 AFE9C969 		.ascii	"\257\351\311i\211v\360\016uK\334\031\360\256!NWb<\225"
 170      8976F00E 
 170      754BDC19 
 170      F0AE214E 
 170      57623C95 
 171 0199 5798CE9E 		.ascii	"W\230\316\2366\011\354\367\336\30176\343\364\2208\215"
 171      3609ECF7 
 171      DEC13736 
 171      E3F49038 
 171      8D
 172 01aa F748EE14 		.ascii	"\367H\356\024\206\354F\375\000s86\274\320\276<\205\242"
 172      86EC46FD 
 172      00733836 
 172      BCD0BE3C 
 172      85A2
 173 01bc B42813FD 		.ascii	"\264(\023\375\275rz\354\225Y(b6\012\015\306\342\227"
 173      BD727AEC 
 173      95592862 
 173      360A0DC6 
 173      E297
 174 01ce 95CC92BF 		.ascii	"\225\314\222\277m\344\033EKZC\357,:F\203T\037\361X\360"
 174      6DE41B45 
 174      4B5A43EF 
 174      2C3A4683 
 174      541FF158 
 175 01e3 01E97A5F 		.ascii	"\001\351z_\334\203\202\351\226\2477\255j\017o\012\212"
 175      DC8382E9 
 175      96A737AD 
 175      6A0F6F0A 
 175      8A
 176 01f4 D8068CA1 		.ascii	"\330\006\214\241\216\255\2067p\030U\"l\\l\356V2tr\206"
 176      8EAD8637 
 176      70185522 
 176      6C5C6CEE 
 176      56327472 
 177 0209 F1CBF354 		.ascii	"\361\313\363T\273\321\003D^\200\017)\321{l\232\036\337"
 177      BBD10344 
 177      5E800F29 
 177      D17B6C9A 
 177      1EDF
 178 021b 990511A2 		.ascii	"\231\005\021\242/\035[\310\317 \000\343\331\016\236"
 178      2F1D5BC8 
 178      CF2000E3 
 178      D90E9E
 179 022a 25352737 		.ascii	"%5'7\261\317\310\004Pp\307b\351is\303/n\321\2315\302"
 179      B1CFC804 
 179      5070C762 
 179      E96973C3 
 179      2F6ED199 
ARM GAS  C:\Users\user\AppData\Local\Temp\cc499dfK.s 			page 14


 180 0240 64A21CC1 		.ascii	"d\242\034\301\006r\227\315@\313\020/]qU\216W\242\177"
 180      067297CD 
 180      40CB102F 
 180      5D71558E 
 180      57A27F
 181 0253 F14AC2F0 		.ascii	"\361J\302\360\312\25222\335b\364O^i\263e\275\242\254"
 181      CAAA3232 
 181      DD62F44F 
 181      5E69B365 
 181      BDA2AC
 182 0266 F7CAEE2E 		.ascii	"\367\312\356.\312\236\024ASn\360S\224\011*\300G\353"
 182      CA9E1441 
 182      536EF053 
 182      94092AC0 
 182      47EB
 183 0278 BD326678 		.ascii	"\2752fxe|\215W\226\364w\011\333\212\015F\015\033<6l"
 183      657C8D57 
 183      96F47709 
 183      DB8A0D46 
 183      0D1B3C36 
 184 028d 90DBF327 		.ascii	"\220\333\363'\253=\027\311\015-\024\343\027\373Bb\030"
 184      AB3D17C9 
 184      0D2D14E3 
 184      17FB4262 
 184      18
 185 029e E30C999A 		.ascii	"\343\014\231\2326h\345p\354)/;r\330U\356\250\366\034"
 185      3668E570 
 185      EC292F3B 
 185      72D855EE 
 185      A8F61C
 186 02b1 F5B86AEB 		.ascii	"\365\270j\353\252<\276rM|\373\002;Jw\251\276\200\252"
 186      AA3CBE72 
 186      4D7CFB02 
 186      3B4A77A9 
 186      BE80AA
 187 02c4 F9BC5EDF 		.ascii	"\371\274^\337q\365\204\317_\033P\367\2259\035\316\223"
 187      71F584CF 
 187      5F1B50F7 
 187      95391DCE 
 187      93
 188 02d5 AA56ADF9 		.ascii	"\252V\255\371\374\356\212\372R\3576\015\224\372\312"
 188      FCEE8AFA 
 188      52EF360D 
 188      94FACA
 189 02e4 9A3AF7FF 		.ascii	"\232:\367\377g\252\206\003\377\234\303}\262Vu8]\007"
 189      67AA8603 
 189      FF9CC37D 
 189      B2567538 
 189      5D07
 190 02f6 5DAAE7B8 		.ascii	"]\252\347\270VSW\345V5o\300\023\2508\246i\224\247\300"
 190      565357E5 
 190      56356FC0 
 190      13A838A6 
 190      6994A7C0 
 191 030a E92AB31F 		.ascii	"\351*\263\037\255\014\270O\370=%\366\242\355 \371\301"
 191      AD0CB84F 
 191      F83D25F6 
ARM GAS  C:\Users\user\AppData\Local\Temp\cc499dfK.s 			page 15


 191      A2ED20F9 
 191      C1
 192 031b EC757B7D 		.ascii	"\354u{}\376S\360\033\202+\220\340"
 192      FE53F01B 
 192      822B90E0 
 193              		.text
 194              		.section	.gnu.lto_.symbol_nodes.7a9438b6,"",%progbits
 195 0000 789C6365 		.ascii	"x\234ce`b\250a\000\002\246\377\214\365\014\014\023\316"
 195      6062A861 
 195      0002A6FF 
 195      8CF50C0C 
 195      13CE
 196 0012 3130D433 		.ascii	"10\32430\356l9\330\340\300\300\300\370\223\261\236\021"
 196      30EE6C39 
 196      D8E0C0C0 
 196      C0F893B1 
 196      9E11
 197 0024 2CC6C0D0 		.ascii	",\306\300\320\260\000$\360\213\261\236\011Y\200\351"
 197      B00024F0 
 197      8BB19E09 
 197      5980E9
 198 0033 1B633D33 		.ascii	"\033c=3T\027\303\256\006G\240\310w\306z\026\024\021"
 198      5417C3AE 
 198      0647A0C8 
 198      77C67A16 
 198      1411
 199 0045 C61F8CF5 		.ascii	"\306\037\214\365\2540M c\231\031X\031\226\264\277\221"
 199      AC304D20 
 199      63991958 
 199      1996B4BF 
 199      91
 200 0056 67666160 		.ascii	"gfa`x\264R\215\001\000b~ \317"
 200      78B4528D 
 200      0100627E 
 200      20CF
 201              		.text
 202              		.section	.gnu.lto_.refs.7a9438b6,"",%progbits
 203 0000 789C6365 		.ascii	"x\234ce`b\340d`\000\222L\214\374LL\002\014\000\001\230"
 203      6062E064 
 203      6000924C 
 203      8CFC4C4C 
 203      020C0001 
 204 0015 0039     		.ascii	"\0009"
 205              		.text
 206              		.section	.gnu.lto_.decls.7a9438b6,"",%progbits
 207 0000 789CBD58 		.ascii	"x\234\275XyPTG\032\237~=\0343\014G!\273k\252\254\212"
 207      79505447 
 207      1A9F7E3D 
 207      1C330C47 
 207      21BB6BAA 
 208 0016 6551255B 		.ascii	"eQ%[[\021\210\251$\225\332\312\252\243F\377pc\015\321"
 208      5B1188A9 
 208      2495DACA 
 208      AAA346FF 
 208      70630DD1 
 209 002a CA1FEC4E 		.ascii	"\312\037\354Np\230\310T\20013\303\306Tm6O\001%\236\210"
 209      7098C854 
ARM GAS  C:\Users\user\AppData\Local\Temp\cc499dfK.s 			page 16


 209      803133C3 
 209      C6546D36 
 209      4F01259E 
 210 003f 07E20582 		.ascii	"\007\342\005\202\012\310)\010x\213\334\242\034\242\210"
 210      0AC82908 
 210      788BDCA2 
 210      1CA288
 211 004e 20978A78 		.ascii	" \227\212x\241\"^\210(\373u\367\033\336\233\227!IU\266"
 211      A1225E88 
 211      28FB75F7 
 211      1BDE9B97 
 211      214955B6 
 212 0062 F615DF9B 		.ascii	"\366\025\337\233\367\365\373\365\357;\372\353\356\327"
 212      F7F5FBF5 
 212      EF3BFAEB 
 212      EED7
 213 0070 B82838C5 		.ascii	"\270(8\305W\223\025\212\277(\025\2128\244P\214\301\005"
 213      5793158A 
 213      BF28158A 
 213      38A4508C 
 213      C105
 214 0082 8F8A3C85 		.ascii	"\217\212<\205x\271\202\344\203\034\001)\006)\001)\003"
 214      78B982E4 
 214      831C0129 
 214      06290129 
 214      03
 215 0093 39ABF8F9 		.ascii	"9\253\370\371\365\017\340\360\206\337\245 \276 ~ u "
 215      F50FE0F0 
 215      86DFA520 
 215      BE207E20 
 215      7520
 216 00a5 B741A683 		.ascii	"\267A\246\203\234\002y\004r\023\244\001d\011\310 \310"
 216      9C027904 
 216      7213A401 
 216      6409C820 
 216      C8
 217 00b6 13903320 		.ascii	"\023\2203 C \034\310u\220^\211\355\227 \243\202M\273"
 217      43201CC8 
 217      75905E89 
 217      ED9720A3 
 217      824DBB
 218 00c9 1FF2EB1B 		.ascii	"\037\362\353\033\260\255\222\331\276-\330\237.\330%"
 218      B0AD92D9 
 218      BE2DD89F 
 218      2ED825
 219 00d8 B61012E3 		.ascii	"\266\020\022\343*\221pchw\001qG?\3476C\233F\340\236"
 219      2A917063 
 219      68770171 
 219      473FE736 
 219      439B46E0 
 220 00ed 2E8BCDCE 		.ascii	".\213\315\316\371\025\310?A\374A\302\020\313!\241\372"
 220      F915C83F 
 220      41FC41C2 
 220      10CB21A1 
 220      FA
 221 00fe 0C6E6E42 		.ascii	"\014nnB\316\014\360l\024l\344Kl\312\257d\214J7V\235"
 221      CE0CF06C 
ARM GAS  C:\Users\user\AppData\Local\Temp\cc499dfK.s 			page 17


 221      146CE44B 
 221      6CCAAF64 
 221      8C4A3756 
 222 0113 E6BA5127 		.ascii	"\346\272Q'\202| \037\332\312<G\360C\204\252c\366\013"
 222      827C201F 
 222      DACA3C47 
 222      F04384AA 
 222      63F60B
 223 0126 21DA0EAD 		.ascii	"!\332\016\255\034\2753 mB\366\036\202\316\011*'P\322"
 223      1CBD3320 
 223      6D42F61E 
 223      82CE092A 
 223      2750D2
 224 0139 3FA13392 		.ascii	"?\2413\2220\262\327\314\222\375b1!!\207\224\235\365"
 224      30B2D7CC 
 224      92FD6231 
 224      21218794 
 224      9DF5
 225 014b 469C6800 		.ascii	"F\234h\000!i\007\011!s[x?\356\237B\014\016\331\243\177"
 225      21690709 
 225      21735B78 
 225      3FEE9F42 
 225      0C0ED9A3 
 226 0160 9272B15F 		.ascii	"\222r\261_\335\203\272Hk\332,D\333F7\236)\325`\016\221"
 226      DD83BA48 
 226      6BDA2C44 
 226      DB46379E 
 226      29D5600E 
 227 0175 E79E5759 		.ascii	"\347\236WY\363g\344\362\354r\377\253\230\266\352\261"
 227      F367E4F2 
 227      EC72FFAB 
 227      98B6EAB1 
 228 0185 97E5DE9B 		.ascii	"\227\345\336\2330\362U#\016\324\226\301\213{=@\365S"
 228      30F25523 
 228      0ED496C1 
 228      8B7B3D40 
 228      F553
 229 0197 231F5087 		.ascii	"#\037P\207W\265\236SO\336A{\305\362>\034Z\372G\224\213"
 229      57B59E53 
 229      4FDE417B 
 229      C5F23E1C 
 229      5AFA4794 
 230 01ac A6A01C34 		.ascii	"\246\240\0344\005\214\347!\230\012h\231\2221\305\277"
 230      058CE721 
 230      980A6899 
 230      9231C5BF 
 231 01bc 59B7D673 		.ascii	"Y\267\326sZ\032_\336\313\227?\256\372\364FQ9\037\017"
 231      5A1A5FDE 
 231      CB973FAE 
 231      FAF44651 
 231      391F0F
 232 01cf DD5C090C 		.ascii	"\335\\\011\014e#\214\016\243\031\304ex\204{\026\352"
 232      65238C0E 
 232      A319C465 
 232      78847B16 
 232      EA
 233 01e0 41281375 		.ascii	"A(\023uC@\371h\032t\177\330PT\344\215M\324\333_6[\350"
ARM GAS  C:\Users\user\AppData\Local\Temp\cc499dfK.s 			page 18


 233      4340F968 
 233      1A747FD8 
 233      5054E48D 
 233      4DD4DB5F 
 234 01f7 60B626B3 		.ascii	"`\266&\263\375\262\012\314\366\362|\371X\352\007o\012"
 234      FDB20ACC 
 234      F6F27CF9 
 234      58EA076F 
 234      0A
 235 0208 FBF80435 		.ascii	"\373\370\0045\005\241\002\321h\0011J\036\216Pc7z\017"
 235      05A102D1 
 235      6801314A 
 235      1E8E5063 
 235      377A0F
 236 021b 0E79E04A 		.ascii	"\016y\340JD\255m\335\367\3646\026\030\206~H\341+8\332"
 236      44AD6DDD 
 236      F7F43616 
 236      18867E48 
 236      E12B38DA 
 237 022f BB48EC5D 		.ascii	"\273H\354]d\357]L{gU?;\210q\033\353}wp\335\237\241s"
 237      64EF5D4C 
 237      7B67553F 
 237      3B88711B 
 237      EB7D7770 
 238 0247 1A8DFADD 		.ascii	"\032\215\372\335\035\261|\0268=\2252\034\025\031\216"
 238      1DB17C16 
 238      383D9532 
 238      1C15198E 
 239 0257 CA832EA1 		.ascii	"\312\203.\241L=\203Ok=\360-\306\224T\236Q\341.P\265"
 239      4C3D834F 
 239      6B3DF02D 
 239      C694549E 
 239      51E12E50 
 240 026c BC9BC297 		.ascii	"\274\233\302\227\257\346\371U\314\227R\221\251T\316"
 240      AFE6F955 
 240      CC975291 
 240      A954CE
 241 027b 544699D2 		.ascii	"TF\231\322v\276\270\347\212_0\246\206\352\313;\335p"
 241      76BEB8E7 
 241      8A5F30A6 
 241      86EACB3B 
 241      DD70
 242 028d 221D7AE5 		.ascii	"\"\035z\345\335\263C\034\344\216\374\251\002v\361\356"
 242      DDB3431C 
 242      E48EFCA9 
 242      0276F1EE 
 243 029d E8145229 		.ascii	"\350\024R)v\361\011<\357C\037\327\362\374j~pu\242\017"
 243      76F1093C 
 243      EF431FD7 
 243      F2FC6A7E 
 243      7075A20F 
 244 02b1 70CD9C82 		.ascii	"p\315\234\202\202\246(\320i\024@_)\320\011\350v\022"
 244      82A628D0 
 244      6914405F 
 244      29D009E8 
 244      7612
 245 02c3 B27EC85E 		.ascii	"\262~\310^:\012\362\002\035\027\022\302\206\240*\273"
ARM GAS  C:\Users\user\AppData\Local\Temp\cc499dfK.s 			page 19


 245      3A0AF202 
 245      1D1712C2 
 245      86A02ABB 
 246 02d3 3149231D 		.ascii	"1I#\035.\002\021\307\353\214\303x\355\034l\356\342\204"
 246      2E0211C7 
 246      EB8CC378 
 246      ED1C6CEE 
 246      E284
 247 02e5 6CBFAC0F 		.ascii	"l\277\254\017\030\025\306\013@\350\230\030\3451{\306"
 247      1815C60B 
 247      40E89818 
 247      E5317BC6 
 248 02f5 CFD2E8BA 		.ascii	"\317\322\350\272\352\262s0\224\345t5\"3\303\033\232"
 248      EAB27330 
 248      94E57435 
 248      2233C31B 
 248      9A
 249 0306 0A068EBF 		.ascii	"\012\006\216\277\362dM\204\266e\363\320\0017\334\300"
 249      F2644D84 
 249      B665F3D0 
 249      0137DCC0 
 250 0316 AAFD525C 		.ascii	"\252\375R\\\341\036\314\212ZI&G\303\256[^\254\250\247"
 250      E11ECC8A 
 250      5A492647 
 250      C3AE5B5E 
 250      ACA8A7
 251 0329 26632EA5 		.ascii	"&c.\245\276\255B\211\002\3244\246\362\332\353\237\246"
 251      BEAD4289 
 251      02D434A6 
 251      F2DAEB9F 
 251      A6
 252 033a 0C9111AB 		.ascii	"\014\221\021\253AjT!z0]\015\367\004\222\233\304X^\265"
 252      416A5421 
 252      7A305D0D 
 252      F704929B 
 252      C4585EB5 
 253 034e 4081AA20 		.ascii	"@\201\252 \240J\010\010UCv\300*\301\241s\320X\016\215"
 253      A04A0808 
 253      554376C0 
 253      2AC1A173 
 253      D0580E8D 
 254 0362 6025FBC0 		.ascii	"`%\373\300\226tW\\\205\211\007\\\315\231\353\327\224"
 254      9674575C 
 254      8589075C 
 254      CD99EBD7 
 254      94
 255 0373 481DE094 		.ascii	"H\035\340\224\340\274\023\002\346\314\343W\323j`\322"
 255      E0BC1302 
 255      E6CCE357 
 255      D36A60D2 
 256 0383 70A80E9C 		.ascii	"p\250\016\234\251\025\235\001\337\310\017\264\202\241"
 256      A9159D01 
 256      DFC80FB4 
 256      82A1
 257 0391 4771B77B 		.ascii	"Gq\267{=Xt\223A]U\222\261Y\203\363\2254\362\324\316"
 257      3D587493 
 257      415D5592 
ARM GAS  C:\Users\user\AppData\Local\Temp\cc499dfK.s 			page 20


 257      B15983F3 
 257      9534F2D4 
 258 03a6 27796EB8 		.ascii	"'yn\270\230*\334\271\326\375\331\236H\023\260n\334\011"
 258      982ADCB9 
 258      D6FDD99E 
 258      4813B06E 
 258      DC09
 259 03b8 3291C6DD 		.ascii	"2\221\306\335h\0047\226h\004\023\314\376\235\315\270"
 259      68043796 
 259      680413CC 
 259      FE9DCDB8 
 260 03c8 E1161484 		.ascii	"\341\026\024\204\0225 \015\272(:\260D\303FoG\362\341"
 260      1235200D 
 260      BA283AB0 
 260      44C3466F 
 260      47F2E1
 261 03db 6B2A3CCA 		.ascii	"k*<\312\214\331\027\013_\266X<\330\323\321\241\301c"
 261      8CD9170B 
 261      5FB6583C 
 261      D8D3D1A1 
 261      C163
 262 03ed EC5D71ED 		.ascii	"\354]q\355\223Z\025^\343B\225]'\237\325\2730\240;\250"
 262      935A155E 
 262      E342955D 
 262      279FD5BB 
 262      30A03BA8 
 263 0401 EDCD85EB 		.ascii	"\355\315\205\353\275\360:\366nMF\345+O\274\221)Y\367"
 263      BDF03AF6 
 263      6E4D46E5 
 263      2B4FBC91 
 263      2959F7
 264 0414 7B46314E 		.ascii	"{F1Nd\312\353\343\325\274;\336\312\224\314\332\366Z"
 264      64CAEBE3 
 264      D5BC3BDE 
 264      CA94CCDA 
 264      F65A
 265 0426 6FBC8329 		.ascii	"o\274\203)\366\001\365\245\003\212\362\357\236\335\243"
 265      F601F5A5 
 265      038AF2EF 
 265      9EDDA3
 266 0435 66E3CBC3 		.ascii	"f\343\313\303\"\246\356l\272\363\326\033\371\323+`\222"
 266      22A6EE6C 
 266      BAF3D61B 
 266      F9D32B60 
 266      92
 267 0446 BF7F3A89 		.ascii	"\277\177:\211\037\026\207\200k-}<\237\244\241\301]\200"
 267      1F168780 
 267      6B2D7D3C 
 267      9FA4A1C1 
 267      5D80
 268 0458 E06EA249 		.ascii	"\340n\242Ib:\352i\261V\221\273\202\365\250\370\022&"
 268      623AEA69 
 268      B15691BB 
 268      82F5A8F8 
 268      1226
 269 046a 611CA6F0 		.ascii	"a\034\246\360Krx\363\317\340\367?\027\341\255r\370e"
 269      4B7278F3 
ARM GAS  C:\Users\user\AppData\Local\Temp\cc499dfK.s 			page 21


 269      CFE0F73F 
 269      17E1AD72 
 269      F865
 270 047c 0A0F16D1 		.ascii	"\012\017\026\321\035\022t\233\034\035(\003\017I\300"
 270      1D12749B 
 270      1C1D2803 
 270      0F49C0
 271 048b 579C534B 		.ascii	"W\234SK=\251\2278\336\344<NJ\316\006\375j\223\317*\236"
 271      3DA99738 
 271      DEE43C4E 
 271      4ACE06FD 
 271      6A93CF2A 
 272 04a0 4704A510 		.ascii	"G\004\245\020\306\233\\[\310\313D\236\237\245T\240\016"
 272      C69B5C5B 
 272      C8CB449E 
 272      9FA554A0 
 272      0E
 273 04b1 E8DC4E3A 		.ascii	"\350\334N:_\023\330\000\206n@\375t#\177\324\007\322"
 273      5F13D800 
 273      866E40FD 
 273      74237FD4 
 273      07D2
 274 04c3 05D20372 		.ascii	"\005\322\003r\013\244\023\244\027\344:\362\247D\314"
 274      0BA413A4 
 274      17E43AF2 
 274      A744CC
 275 04d2 A7B74DBE 		.ascii	"\247\267M\276I\261|]\020u\252\305y6%\021\337\224D|\325"
 275      49B17C5D 
 275      1075AAC5 
 275      79362511 
 275      DF94447C 
 276 04e7 697A58C0 		.ascii	"izX\300\244\356\222{\332\260FR\344R\254\002\335F\032"
 276      A4EE927B 
 276      DAB04652 
 276      E452AC02 
 276      DD461A
 277 04fa BA92C02F 		.ascii	"\272\222\300/\200\313\236\354]\203\325\01146\012\206"
 277      80CB9EEC 
 277      5D83D509 
 277      34360A86 
 278 050a 1A12B1FD 		.ascii	"\032\022\261\375d\236\001=]\271\000]1T\230\251a\205"
 278      649E013D 
 278      5DB9005D 
 278      315498A9 
 278      6185
 279 051c 862533CF 		.ascii	"\206%3\317\217\315\274\326\341\323#\032\234NkR\331\233"
 279      8FCDBCD6 
 279      E1D3231A 
 279      9C4E6B52 
 279      D99B
 280 052e 31F4C015 		.ascii	"1\364\300\025\005\300*\253\006\221\254\227\0030\225"
 280      05C02AAB 
 280      0691AC97 
 280      033095
 281 053d EF89EB25 		.ascii	"\357\211\353%]y\007\177$\315ly\031L\347\361\344\361"
 281      5D79077F 
 281      24CD6C79 
ARM GAS  C:\Users\user\AppData\Local\Temp\cc499dfK.s 			page 22


 281      194CE7F1 
 281      E4F1
 282 054f A5F73E24 		.ascii	"\245\367>$u\200z\361\020\274z\000n\220%\233\264\200"
 282      75807AF1 
 282      10BC7A00 
 282      6E90259B 
 282      B480
 283 0561 C1C4E1BC 		.ascii	"\301\304\341\2745\256\276\211\302\300LE\224\373.\340"
 283      35AEBE89 
 283      C2C04C45 
 283      94FB2EE0 
 284 0571 EE50EF1F 		.ascii	"\356P\357\037!_{\014T\201\036\353J/w+'\014\367\261="
 284      215F7B0C 
 284      54811EEB 
 284      4A2F772B 
 284      270CF7B1 
 285 0586 DC201AED 		.ascii	"\334 \032\355\206\207\227vj\344\364\342:>H\351\0373"
 285      86879776 
 285      6AE4F4E2 
 285      3A3E48E9 
 285      1F33
 286 0598 FA414ADF 		.ascii	"\372AJ\337;\274y\314[\232z\262\214\213\374O\204\324"
 286      3BBC79CC 
 286      5B9A7AB2 
 286      8C8BFC4F 
 286      84D4
 287 05aa 3FA1A9EF 		.ascii	"?\241\251\357\031n\353\326H\301\205\016\340!\001<D\301"
 287      196EEBD6 
 287      48C1850E 
 287      E021013C 
 287      44C1
 288 05bc 573B5B76 		.ascii	"W;[v\252p&\233\357\207\363\366\025z\341#LY_Q\271\307"
 288      AA70269B 
 288      EF87F3F6 
 288      157AE123 
 288      4C595F51 
 289 05d2 55095F6D 		.ascii	"U\011_m\317hR\241\345X\346\235|O\351\376S\347\340\367"
 289      CF6852A1 
 289      E558E69D 
 289      7C4FE9FE 
 289      53E7E0F7 
 290 05e6 0B87FDE7 		.ascii	"\013\207\375\347\345\326\234Vo\3413e\254\000\347\036"
 290      E5D69C56 
 290      6FE13365 
 290      AC00E71E 
 291 05f6 ECD9C0A7 		.ascii	"\354\331\300\247\255\342g\325q\004\210\236\332\327<"
 291      ADE267D5 
 291      7104889E 
 291      DAD73C
 292 0605 F41C2989 		.ascii	"\364\034)\211\346\270\331\276\244\333\321\300\2416\037"
 292      E6B8D9BE 
 292      A4DBD1C0 
 292      A1361F
 293 0614 BCD67502 		.ascii	"\274\326u\002w*^\365\370(9\266\\\023\263d\207,\314y"
 293      772A5EF5 
 293      F82839B6 
 293      5C13B364 
ARM GAS  C:\Users\user\AppData\Local\Temp\cc499dfK.s 			page 23


 293      872CCC79 
 294 0628 E335E107 		.ascii	"\3435\341\007\315k\352\340\010\022<lzx)_%xx5\3277\231"
 294      CD6BEAE0 
 294      08123C6C 
 294      7A78295F 
 294      25787835 
 295 063f 7E52241E 		.ascii	"~R$\036@\004\207\206\307\375{\005\376\015\313\375\033"
 295      40048786 
 295      C7FD7B05 
 295      FE0DCBFD 
 295      1B
 296 0650 A5FEF5BD 		.ascii	"\245\376\365\275\316;!\254\217\256$\344\202\264F\317"
 296      CE3B21AC 
 296      8FAE24E4 
 296      82B446CF 
 297 0660 098BE0AD 		.ascii	"\011\213\340\255\275\010\336\260\232\177\266.\376\245"
 297      BD08DEB0 
 297      9A7FB62E 
 297      FEA5
 298 066e B079BA91 		.ascii	"\260y\272\221%\271\177\317&\015\253\371\217A\275\336"
 298      25B97FCF 
 298      260DABF9 
 298      8F41BDDE 
 299 067e 9C5BE329 		.ascii	"\234[\343)\257\021\236\233\202\306(\331*\316\327NI\025"
 299      AF119E9B 
 299      82C628D9 
 299      2ACED74E 
 299      4915
 300 0690 E871BE2F 		.ascii	"\350q\276/\257\302\013oa\331J\351x\260\323\036\333X"
 300      AFC20B6F 
 300      61D94AE9 
 300      78B0D31E 
 300      DB58
 301 06a2 6A5056EC 		.ascii	"jPV\354\005\226}V\014\253\271\361\015\007\036\035#\213"
 301      05967D56 
 301      0CABB9F1 
 301      0D071E1D 
 301      238B
 302 06b4 E54864BD 		.ascii	"\345Hd\275\251w\266z\342C\214\354\302\231\214V\027\201"
 302      A977B67A 
 302      E2438CEC 
 302      C2998C56 
 302      1781
 303 06c6 AC652F66 		.ascii	"\254e/f_L\373\331\027S\234H\025'\247\212\247Tm\375\025"
 303      5F4CFBD9 
 303      17539C48 
 303      1527A78A 
 303      A7546DFD 
 304 06db E1B868A2 		.ascii	"\341\270h\242A\354\337\275\243\320C,\223M\331\335\343"
 304      41ECDFBD 
 304      A3D0432C 
 304      934DD9DD 
 304      E3
 305 06ec 65428661 		.ascii	"eB\206a\215\235\036\255\345\224Ds\264\220@-\3446\324"
 305      8D9D1EAD 
 305      E5944473 
 305      B490402D 
ARM GAS  C:\Users\user\AppData\Local\Temp\cc499dfK.s 			page 24


 305      E436D4
 306 06ff 760A994C 		.ascii	"v\012\231L@\240\217\335k\317P1}\220nc\243{\313\004\335"
 306      40A08FDD 
 306      6BCF5031 
 306      7D906E63 
 306      A37BCB04 
 307 0714 0FD4373D 		.ascii	"\017\3247=\211\211n,\323i\004~\243\353\316:/\\\316<"
 307      89896E2C 
 307      D369047E 
 307      A3EBCE3A 
 307      2F5CCE3C 
 308 0728 1C5D7F3A 		.ascii	"\034]\177:\305u\3021\334\304\011cX\311\306\360U\\Y/"
 308      C575C231 
 308      DCC40963 
 308      58C9C6F0 
 308      555C592F 
 309 073c 12474949 		.ascii	"\022GIIKq\003\214\322z\216\3007\323Q\242\235\010z\365"
 309      4B71038C 
 309      D27A8EC0 
 309      37D351A2 
 309      9D087AF5 
 310 0750 C9F62DC2 		.ascii	"\311\366-\302\031\240\227\350%-m/T\270\236\031N{\273"
 310      19A097E8 
 310      252D6D2F 
 310      54B89E19 
 310      4E7BBB
 311 0763 25DD8318 		.ascii	"%\335\203\030\216\005\303\011\277\372\035\003=~j\355"
 311      8E05C309 
 311      BFFA1D03 
 311      3D7E6AED 
 312 0773 2C72309E 		.ascii	",r0\236\304\375\202\361\313\375\373\343\204%\266\231"
 312      C4FD82F1 
 312      CBFDFBE3 
 312      8425B699 
 313 0783 9EE3FACF 		.ascii	"\236\343\372\317\327\3307s\222\205\2235-\347\021nb\316"
 313      D7D83773 
 313      92859335 
 313      2DE7116E 
 313      62CE
 314 0795 24A40C35 		.ascii	"$\244\0145{O\230\205d{\026\3560G\332\207\253;\\\344"
 314      7B4F9885 
 314      647B16EE 
 314      3047DA87 
 314      AB3B5CE4 
 315 07a9 59D80E8E 		.ascii	"Y\330\016\216\260\335f'u$\331\356HwqJ\277\233\334\355"
 315      B0DD6627 
 315      7524D9EE 
 315      4877714A 
 315      BF9BDCED 
 316 07bd 09D1EBAB 		.ascii	"\011\321\353\253Kj\204\261\255\243\365\362\266\270\336"
 316      4B6A84B1 
 316      ADA3F5F2 
 316      B6B8DE
 317 07cc 0D5F616E 		.ascii	"\015_an"
 318 07d0 6E4D1AAE 		.ascii	"nM\032\256w\307\327\230R\366(\247\314\223!\313\245\272"
 318      77C7D798 
 318      52F628A7 
ARM GAS  C:\Users\user\AppData\Local\Temp\cc499dfK.s 			page 25


 318      CC9321CB 
 318      A5BA
 319 07e2 9FA03FCD 		.ascii	"\237\240?\315\031<\350\212;\031x\373\351\355%^r\227"
 319      193CE88A 
 319      3B1978FB 
 319      E9ED255E 
 319      7297
 320 07f4 F781136C 		.ascii	"\367\201\023l\223O\343\304%\230|\370<\177zB-wyB\264"
 320      934FE3C4 
 320      25987CF8 
 320      3C7F7A42 
 320      2D777942 
 321 0809 7D26FBB2 		.ascii	"}&\373\262\231\274\363\325\376\373\236\270WHl\356\246"
 321      99BCF3D5 
 321      FEFB9EB8 
 321      57486CEE 
 321      A6
 322 081a 4A6C1FE5 		.ascii	"Jl\037\345_\377Z%\347\265G\243\005^\3706\353~\262\354"
 322      5FFF5A25 
 322      E7B547A3 
 322      055EF836 
 322      EB7EB2EC 
 323 082e 548DF081 		.ascii	"T\215\360\201\027\004jN\356\271F\017|_\250\334\304\324"
 323      17046A4E 
 323      EEB9460F 
 323      7C5FA8DC 
 323      C4D4
 324 0840 62151E64 		.ascii	"b\025\036d\312\356\247]\367\204\222\017 Ke\306\276$"
 324      CAEEA75D 
 324      F784920F 
 324      204B65C6 
 324      BE24
 325 0852 157ECEDE 		.ascii	"\025~\316\336\215%&\244\270\341\021\246lk\334\226\341"
 325      8D2526A4 
 325      B8E111A6 
 325      6C6BDC96 
 325      E1
 326 0863 81C798F2 		.ascii	"\201\307\230\362\372\356\266v\304zi$\365\352'\324k\376"
 326      FAEEB676 
 326      C47A6924 
 326      F5EA27D4 
 326      6BFE
 327 0875 8B4DC91E 		.ascii	"\213M\311\0368\336\215b\333\332\343\216\013X\017\262"
 327      38DE8D62 
 327      DBDAE38E 
 327      0B580FB2 
 328 0885 655EE8F9 		.ascii	"e^\350\371r\302\2029b/\230B\216\306T\020\337\227\355"
 328      72C28239 
 328      622F9842 
 328      8EC65410 
 328      DF97ED
 329 0898 0E7DA7C0 		.ascii	"\016}\247\3001\003I\316\030S\330\031\343h\371\323<%"
 329      310349CE 
 329      1853D819 
 329      E368F9D3 
 329      3C25
 330 08aa FE89DAE1 		.ascii	"\376\211\332\341J\217\366\355RKN\0213\342\327\222\017"
ARM GAS  C:\Users\user\AppData\Local\Temp\cc499dfK.s 			page 26


 330      4A8FF6ED 
 330      524B4E11 
 330      33E2D792 
 330      0F
 331 08bb F7521881 		.ascii	"\367R\030\201\243\342\3323e\374\024\341\270\315\227"
 331      A3E2DA33 
 331      65FC14E1 
 331      B8CD97
 332 08ca 70018495 		.ascii	"p\001\204\225&\265\030\006\254\2109\220\235\232U\345"
 332      26B51806 
 332      AC883990 
 332      9D9A55E5 
 333 08da 89B7320B 		.ascii	"\211\2672\013)\333\317\035\365\032\267\000G\203bz48"
 333      29DBCF1D 
 333      F51AB700 
 333      4783627A 
 333      3438
 334 08ec 0E16CA44 		.ascii	"\016\026\312D\013\245\334\004&\21697Q_wq\243R\272\200"
 334      0BA5DC04 
 334      268E3937 
 334      515F7771 
 334      A352BA80 
 335 0900 13BE7C78 		.ascii	"\023\276|x\237Gg\347\011Z3G\354e\236\226\2332\340\306"
 335      9F4767E7 
 335      095A3347 
 335      EC659E96 
 335      9B32E0C6 
 336 0914 EAE237B1 		.ascii	"\352\3427\261g\244\304\216\270H\331O\376\022\373\351"
 336      67A4C48E 
 336      B848D94F 
 336      FE12FBE9 
 337 0924 96CE5978 		.ascii	"\226\316Yx7\033\267\347\215\2357\020NeJ\334\205\363"
 337      371BB7E7 
 337      8D9D3710 
 337      4E654ADC 
 337      85F3
 338 0936 996E3883 		.ascii	"\231n8\203)\003\331\015u\2568\233)}\375#\3070\316g\312"
 338      2903D90D 
 338      75AE389B 
 338      297DFD23 
 338      C730CE67 
 339 094b A181F48D 		.ascii	"\241\201\364\215*\\,\364\351{\324(\234F6\220\301{=X"
 339      2A5C2CF4 
 339      E97BD428 
 339      9C463690 
 339      C17B3D58 
 340 095f 7AC55E25 		.ascii	"z\305^%\344\324q\377\371\3551w|\234\202\3774pt\313A"
 340      E4D471FF 
 340      F9ED3177 
 340      7C9C82FF 
 340      347074CB 
 341 0974 8D7044F0 		.ascii	"\215pD\360\367\237\344?~\005\370\223\363B\334*X\365"
 341      F79FE43F 
 341      7E05F893 
 341      F342DC2A 
 341      58F5
 342 0986 1FE3AEA6 		.ascii	"\037\343\256\246z\236\357-G\350\024\347\213\012 \347"
ARM GAS  C:\Users\user\AppData\Local\Temp\cc499dfK.s 			page 27


 342      7A9EEF2D 
 342      47E814E7 
 342      8B0A20E7 
 343 0996 8DDCA4F1 		.ascii	"\215\334\244\361h\244\037\322\320#\026\316\013?\260"
 343      68A41FD2 
 343      D02316CE 
 343      0B3FB0
 344 09a5 6FD60310 		.ascii	"o\326\003\020\3639\001\355\354\2335\235\337\006\374"
 344      F33901ED 
 344      EC9B359D 
 344      DF06FC
 345 09b4 153FAEA2 		.ascii	"\025?\256\242\350\024\340\336!\240\355\313\015\332\306"
 345      E814E0DE 
 345      21A0EDCB 
 345      0DDAC6
 346 09c3 C9B88724 		.ascii	"\311\270\207$\334\271r\356v\207\023\000\201\327\377"
 346      DCB972EE 
 346      76871300 
 346      81D7FF
 347 09d2 478467C9 		.ascii	"G\204g\311\341\207\244\344\333\010\271\200&\313\307"
 347      E187A4E4 
 347      DB08B980 
 347      26CBC7
 348 09e1 1E397A97 		.ascii	"\0369z\227\334\225\021\211+9rt\266\034]/A\227\313\321"
 348      DC951189 
 348      2B397274 
 348      B61C5D2F 
 348      4197CBD1 
 349 09f5 925391F4 		.ascii	"\222S\221\364\270Q\005i\250\244D\004M\316\032\355Pn"
 349      B8510569 
 349      A8A44404 
 349      4DCE1AED 
 349      506E
 350 0a07 4D9C3FAA 		.ascii	"M\234?\252\005i\000\271\012r\011\344\032H\015\310y\220"
 350      056900B9 
 350      0A7209E4 
 350      1A480DC8 
 350      7990
 351 0a19 8B20AD20 		.ascii	"\213 \255 \365 m \315 \235 \035 \027@\256\203\324\201"
 351      F5206D20 
 351      CD209D20 
 351      1D201740 
 351      AE83D481 
 352 0a2d 5C06B902 		.ascii	"\\\006\271\002\322\302\331\317'$\007#\377\026sP\341"
 352      D2C2D9CF 
 352      27240723 
 352      FF167350 
 352      E1
 353 0a3e 74F02441 		.ascii	"t\360$AuH\322{P\016N\227\247\240C\222\2023rt\263\274"
 353      7548D27B 
 353      500E4E97 
 353      A7A04392 
 353      82337274 
 354 0a54 8A3A7E14 		.ascii	"\212:~\024\321\325r\364O\016C\007\005T/T\321V\250\242"
 354      D1D572F4 
 354      4F0E4307 
 354      05542F54 
ARM GAS  C:\Users\user\AppData\Local\Temp\cc499dfK.s 			page 28


 354      D156A8A2 
 355 0a68 2D02DABE 		.ascii	"-\002\332\276\327\242D)\232,\"-\002\032\366`\264Q\216"
 355      D7A24429 
 355      9A2C222D 
 355      021AF660 
 355      B4518E
 356 0a7b 5EC7C9AB 		.ascii	"^\307\311\253\250B\022\346a\347#-\205\267H\342<\353"
 356      A84212E6 
 356      61E7232D 
 356      85B748E2 
 356      3CEB
 357 0a8d 7CA81DE0 		.ascii	"|\250\035\340\022\366L\3475*\205\337\224\260\237v\236"
 357      12F64CE7 
 357      352A85DF 
 357      94B09F76 
 357      9E
 358 0a9e 450667EB 		.ascii	"E\006g\353\345\243Q_z\252\005\230\364T\313\262\366\350"
 358      E5A3515F 
 358      7AAA0598 
 358      F454CBB2 
 358      F6E8
 359 0ab0 AD5F124F 		.ascii	"\255_\022O\016\243\373!\021\251\002\231}\343D{\345\363"
 359      0EA3FB21 
 359      11A90299 
 359      7DE3447B 
 359      E5F3
 360 0ac2 6344323F 		.ascii	"cD2?v;\237\037\016\236J\002\313p^\035\343\207\327\306"
 360      763B9F1F 
 360      0E9E4A02 
 360      CB705E1D 
 360      E387D7C6 
 361 0ad6 9EED8D4A 		.ascii	"\236\355\215J\274\306\235\256\370em\305\333\275\320"
 361      BCC69DAE 
 361      F8656DC5 
 361      DBBDD0
 362 0ae5 A4006773 		.ascii	"\244\000gs\001\365\300\024\370\177L\007\226\276\376"
 362      01F5C014 
 362      F87F4C07 
 362      96BEFE
 363 0af4 315738BD 		.ascii	"1W8\275\242n0\330%n6$\231\354\377@\027;c\335\244g\271"
 363      A26E30D8 
 363      256E3624 
 363      99ECFF40 
 363      173B63DD 
 364 0b0b 6E4E7AE6 		.ascii	"nNz\346\356\345\330Y\016~\235\035\374\362\034\016~7"
 364      EEE5D859 
 364      0E7E9D1D 
 364      FCF21C0E 
 364      7E37
 365 0b1d 04F00D0A 		.ascii	"\004\360\015\012\256|q5\317\015ovg\377\034\332\226\375"
 365      AE7C7135 
 365      CF0D6F76 
 365      67FF1CDA 
 365      96FD
 366 0b2f D665FCB8 		.ascii	"\326e\374\270\340\237\352x\\\270):vS\376\005~\213~\201"
 366      E09FEA78 
 366      5CB8293A 
ARM GAS  C:\Users\user\AppData\Local\Temp\cc499dfK.s 			page 29


 366      7653FE05 
 366      7E8B7E81 
 367 0b43 1F7A39BC 		.ascii	"\037z9\274\336\013\2473\262\3707C\275^\366\343\302."
 367      DE0BA733 
 367      B2F83743 
 367      BD5EF6E3 
 367      C22E
 368 0b55 C7E3429F 		.ascii	"\307\343B\237H\325'\247\272\315MS\274\243_a\266\330"
 368      48D527A7 
 368      BACD4D53 
 368      BCA35F61 
 368      B6D8
 369 0b67 F426CBB7 		.ascii	"\364&\313\267z\343\012S\244yy\214q\306\2120\213mF\220"
 369      7AE30A53 
 369      A479798C 
 369      71C68A30 
 369      8B6D4690 
 370 0b7b FB677F5F 		.ascii	"\373g\177_2U\033\034\254\320j?\011\325}\361yH\2506\302"
 370      32551B1C 
 370      ACD06A3F 
 370      09D57DF1 
 370      7948A836 
 371 0b90 B4CC1462 		.ascii	"\264\314\024b\213\0117\231C\015\344\331l\015\376\350"
 371      8B093799 
 371      430DE4D9 
 371      6C0DFEE8 
 372 0ba0 C340B335 		.ascii	"\303@\2635\320`\216\2122G\007\022*k\340l\335\"\355\242"
 372      D0608E8A 
 372      32470712 
 372      2A6BE06C 
 372      DD22EDA2 
 373 0bb4 95818608 		.ascii	"\225\201\206\010\203\331b\324\377\353\243\250\031\006"
 373      83D962D4 
 373      FFEBA3A8 
 373      1906
 374 0bc2 C51F9819 		.ascii	"\305\037\230\031\353w&\233!B\377\265\305\034\2457Y-"
 374      EB77269B 
 374      2142FFB5 
 374      C51CA537 
 374      592D
 375 0bd4 BF9F3942 		.ascii	"\277\2379B1\2111\033W\232l\343\274\036!K\265\372\005"
 375      3189311B 
 375      579A6CE3 
 375      BC1E214B 
 375      B5FA05
 376 0be7 61D1E191 		.ascii	"a\321\341\221F\213\357\317\003|\307\020\021b\210Xh]"
 376      468BEFCF 
 376      037CC710 
 376      11628858 
 376      685D
 377 0bf9 6C311AA3 		.ascii	"l1\032\243V\330L\346h\235\361\333\030\223\305\030\356"
 377      56D84CE6 
 377      689DF1DB 
 377      1893C518 
 377      EE
 378 0c0a A29F6336 		.ascii	"\242\237c6G~\370\353nYl\201\246hCdL\270\021\274\261"
 378      477EF8EB 
ARM GAS  C:\Users\user\AppData\Local\Temp\cc499dfK.s 			page 30


 378      6E596C81 
 378      A6684364 
 378      4CB811BC 
 379 0c1f 1A22C2C1 		.ascii	"\032\"\302\301\023\265^\037c\212\266\315|_o\373\306"
 379      13B55E1F 
 379      638AB6CD 
 379      7C5F6FFB 
 379      C6
 380 0c30 F049A8C5 		.ascii	"\360I\250\305f\266\262^V\306`\003jk\350\362\350\230"
 380      66B6B25E 
 380      56C66003 
 380      6A6BE8F2 
 380      E898
 381 0c42 A9F4696A 		.ascii	"\251\364ij\230%j\2521j\2311<\334\030\036\372\341\214"
 381      98256AAA 
 381      316A9931 
 381      3CDC181E 
 381      FAE18C
 382 0c55 9953DF0F 		.ascii	"\231S\337\017\012\376\350\333\340Ph\177/\332\034m|\317"
 382      0AFEE8DB 
 382      E050687F 
 382      2FDA1C6D 
 382      7CCF
 383 0c67 18B6CC14 		.ascii	"\030\266\314\024*\230\011\215\012\003\256hc\250>\334"
 383      2A98098D 
 383      0A03AE68 
 383      63A83EDC 
 384 0c77 F875584C 		.ascii	"\370uXL\244Mo\373~\205\321\012f\335\355F\277\372\337"
 384      A44D6FFB 
 384      7E85D10A 
 384      66DDED46 
 384      BFFADF
 385 0c8a 1BB57E6F 		.ascii	"\033\265~o\015\325[m\341`\001,)W\256\260Z\334-\306\345"
 385      0DD55B6D 
 385      E160012C 
 385      2957AEB0 
 385      5ADC2DC6 
 386 0c9f 00D6DBFE 		.ascii	"\000\326\333\376\366{\006\017\330\270\025\006\327H\213"
 386      F67B060F 
 386      D8B81506 
 386      D7488B
 387 0cae DE16118E 		.ascii	"\336\026\021\216-\301\357s\226\231\234\005\356\301\234"
 387      2DC1EF73 
 387      96999C05 
 387      EEC19C
 388 0cbd 25C84318 		.ascii	"%\310C\030Q\233\301\266Ri\210\010\263\250\364\372\345"
 388      519BC1B6 
 388      52698808 
 388      B3A8F4FA 
 388      E5
 389 0cce 469B7E71 		.ascii	"F\233~q\310b\317\260\310\357\302\276\267\352M\321\221"
 389      C862CFB0 
 389      C8EFC2BE 
 389      B7EA4DD1 
 389      91
 390 0cdf 908CCF7E 		.ascii	"\220\214\317~\263\013@\026\250]\024\2620D\034\266(\253"
 390      B30B4016 
ARM GAS  C:\Users\user\AppData\Local\Temp\cc499dfK.s 			page 31


 390      A85D14B2 
 390      30441CB6 
 390      28AB
 391 0cf1 C9AA5F6E 		.ascii	"\311\252_n0\200+\300oe\374~\324tLt\244\331\360\215X"
 391      30802BC0 
 391      6F65FC7E 
 391      D4744C74 
 391      A4D9F08D 
 392 0d06 4E92464F 		.ascii	"N\222FO\006\2353;d\336b\335B\225n^\310<\335\322ys\203"
 392      069D333B 
 392      64DE62DD 
 392      42956E5E 
 392      C83CDDD2 
 393 0d1d 940B4366 		.ascii	"\224\013Cf\353\224\213\026\315\327\341\331sux.\374."
 393      EB948B16 
 393      CDD7E1D9 
 393      7375782E 
 393      FC2E
 394 0d2f 9EAF53CE 		.ascii	"\236\257S\316\236\037\242S\316\231?[\347\002\257\000"
 394      9E1FA253 
 394      CE993F5B 
 394      E702AF00 
 395 0d3f 3097E80B 		.ascii	"0\227\350\013\310M\0137\227\220\005\332\020\035\016"
 395      C84D0B37 
 395      979005DA 
 395      101D0E
 396 0d4e 59B058C5 		.ascii	"Y\260X\305j\347c\275\315M\370\305Z-\274\321\352\\f/"
 396      6AE763BD 
 396      CD4DF8C5 
 396      5A2DBCD1 
 396      EA5C662F 
 397 0d62 D46975CA 		.ascii	"\324iu\312\245_|\256S.\004\264\213v\361\222\205s\341"
 397      A55F7CAE 
 397      532E04B4 
 397      8B76F192 
 397      8573E1
 398 0d75 3E5BAB9B 		.ascii	">[\253\233\377{\342'S\310\020\365\001\251\240\020\355"
 398      FF7BE227 
 398      53C810F5 
 398      01A9A010 
 398      ED
 399 0d86 1CFD1750 		.ascii	"\034\375\027PN\2764P\207\330U\343M\377\005\331\243y"
 399      4EBE3450 
 399      87D855E3 
 399      4DFF05D9 
 399      A379
 400 0d98 1F       		.ascii	"\037"
 401              		.text
 402              		.section	.gnu.lto_.symtab.7a9438b6,"",%progbits
 403 0000 5356435F 		.ascii	"SVC_Handler\000"
 403      48616E64 
 403      6C657200 
 404 000c 00       		.ascii	"\000"
 405 000d 00       		.ascii	"\000"
 406 000e 00       		.ascii	"\000"
 407 000f 00000000 		.ascii	"\000\000\000\000\000\000\000\000"
 407      00000000 
ARM GAS  C:\Users\user\AppData\Local\Temp\cc499dfK.s 			page 32


 408 0017 B5000000 		.ascii	"\265\000\000\000"
 409 001b 5F706F72 		.ascii	"_port_irq_epilogue\000"
 409      745F6972 
 409      715F6570 
 409      696C6F67 
 409      756500
 410 002e 00       		.ascii	"\000"
 411 002f 00       		.ascii	"\000"
 412 0030 00       		.ascii	"\000"
 413 0031 00000000 		.ascii	"\000\000\000\000\000\000\000\000"
 413      00000000 
 414 0039 B7000000 		.ascii	"\267\000\000\000"
 415 003d 5F706F72 		.ascii	"_port_switch_from_isr\000"
 415      745F7377 
 415      69746368 
 415      5F66726F 
 415      6D5F6973 
 416 0053 00       		.ascii	"\000"
 417 0054 02       		.ascii	"\002"
 418 0055 00       		.ascii	"\000"
 419 0056 00000000 		.ascii	"\000\000\000\000\000\000\000\000"
 419      00000000 
 420 005e B1000000 		.ascii	"\261\000\000\000"
 421 0062 5F706F72 		.ascii	"_port_exit_from_isr\000"
 421      745F6578 
 421      69745F66 
 421      726F6D5F 
 421      69737200 
 422 0076 00       		.ascii	"\000"
 423 0077 02       		.ascii	"\002"
 424 0078 00       		.ascii	"\000"
 425 0079 00000000 		.ascii	"\000\000\000\000\000\000\000\000"
 425      00000000 
 426 0081 B3000000 		.ascii	"\263\000\000\000"
 427 0085 63685363 		.ascii	"chSchIsPreemptionRequired\000"
 427      68497350 
 427      7265656D 
 427      7074696F 
 427      6E526571 
 428 009f 00       		.ascii	"\000"
 429 00a0 02       		.ascii	"\002"
 430 00a1 00       		.ascii	"\000"
 431 00a2 00000000 		.ascii	"\000\000\000\000\000\000\000\000"
 431      00000000 
 432 00aa BF000000 		.ascii	"\277\000\000\000"
 433              		.text
 434              		.section	.gnu.lto_.opts,"",%progbits
 435 0000 272D666D 		.ascii	"'-fmath-errno' '-fsigned-zeros' '-ftrapping-math' '"
 435      6174682D 
 435      6572726E 
 435      6F272027 
 435      2D667369 
 436 0033 2D666E6F 		.ascii	"-fno-trapv' '-fno-openmp' '-fno-openacc' '-mcpu=cor"
 436      2D747261 
 436      70762720 
 436      272D666E 
 436      6F2D6F70 
ARM GAS  C:\Users\user\AppData\Local\Temp\cc499dfK.s 			page 33


 437 0066 7465782D 		.ascii	"tex-m4' '-mno-thumb-interwork' '-mthumb' '-ggdb' '-"
 437      6D342720 
 437      272D6D6E 
 437      6F2D7468 
 437      756D622D 
 438 0099 4F322720 		.ascii	"O2' '-fomit-frame-pointer' '-falign-functions=16' '"
 438      272D666F 
 438      6D69742D 
 438      6672616D 
 438      652D706F 
 439 00cc 2D666675 		.ascii	"-ffunction-sections' '-fdata-sections' '-fno-common"
 439      6E637469 
 439      6F6E2D73 
 439      65637469 
 439      6F6E7327 
 440 00ff 2720272D 		.ascii	"' '-flto'\000"
 440      666C746F 
 440      2700
 441              		.text
 442              		.comm	__gnu_lto_v1,1,1
 443              		.comm	__gnu_lto_slim,1,1
 444              		.ident	"GCC: (GNU Tools for ARM Embedded Processors 6-2017-q1-update) 6.3.1 20170215 (release) [AR
ARM GAS  C:\Users\user\AppData\Local\Temp\cc499dfK.s 			page 34


DEFINED SYMBOLS
                            *ABS*:00000000 chcore_v7m.c
                            *COM*:00000001 __gnu_lto_v1
                            *COM*:00000001 __gnu_lto_slim

NO UNDEFINED SYMBOLS
