ARM GAS  C:\Users\user\AppData\Local\Temp\ccsI3qMf.s 			page 1


   1              		.cpu cortex-m4
   2              		.eabi_attribute 20, 1
   3              		.eabi_attribute 21, 1
   4              		.eabi_attribute 23, 3
   5              		.eabi_attribute 24, 1
   6              		.eabi_attribute 25, 1
   7              		.eabi_attribute 26, 1
   8              		.eabi_attribute 30, 2
   9              		.eabi_attribute 34, 1
  10              		.eabi_attribute 18, 4
  11              		.file	"chdynamic.c"
  12              		.text
  13              	.Ltext0:
  14              		.section	.gnu.lto_.profile.7a9436c0,"",%progbits
  15 0000 789C6365 		.ascii	"x\234ce`b`a```d\3100\000\000\001\200\000\245"
  15      60626061 
  15      60606064 
  15      C8300000 
  15      018000A5 
  16              		.text
  17              		.section	.gnu.lto_.icf.7a9436c0,"",%progbits
  18 0000 789C6365 		.ascii	"x\234ce`b\340e@\000&\206\215\273;+\030\267L\\\367\225"
  18      6062E065 
  18      40002686 
  18      8DBB3B2B 
  18      18B74C5C 
  19 0016 89010026 		.ascii	"\211\001\000&l\005o"
  19      6C056F
  20              		.text
  21              		.section	.gnu.lto_.jmpfuncs.7a9436c0,"",%progbits
  22 0000 789C6365 		.ascii	"x\234ce`bX\312\200\000L\014l\214``\317X\017\002,\014"
  22      606258CA 
  22      80004C0C 
  22      6C8C6060 
  22      CF580F02 
  23 0016 8C8C1D4C 		.ascii	"\214\214\035L\323\231\031\267\0349\336\306\321\307<"
  23      D39919B7 
  23      1C39DEC6 
  23      D1C73C
  24 0025 9F1928C0 		.ascii	"\237\031(\300\270\234Q\206\201\021(\270\376\315\316"
  24      B89C5186 
  24      811128B8 
  24      FECDCE
  25 0034 9FBC2041 		.ascii	"\237\274 AFF\006\306\025@A\240~\006F\026\0066\246J\006"
  25      464606C6 
  25      154041A0 
  25      7E064616 
  25      0636A64A 
  26 0049 4620A712 		.ascii	"F \247\022H\200\025\316\332\375\345\024+H!\023#\007"
  26      488015CE 
  26      DAFDE514 
  26      2B482113 
  26      2307
  27 005b E34A9042 		.ascii	"\343J\220BFV\2605\362\250\266\034\375\377\375\000?\304"
  27      4656B035 
  27      F2A8B61C 
  27      FDFFFD00 
ARM GAS  C:\Users\user\AppData\Local\Temp\ccsI3qMf.s 			page 2


  27      3FC4
  28 006d 1626C655 		.ascii	"\026&\306U [\220\215e\202\030\313\000\000\206S \273"
  28      205B908D 
  28      658218CB 
  28      00008653 
  28      20BB
  29              		.text
  30              		.section	.gnu.lto_.inline.7a9436c0,"",%progbits
  31 0000 789C6365 		.ascii	"x\234ce`b\010g@\000&\006\011)#F\006&\211\025[\030\031"
  31      60620867 
  31      40002606 
  31      09292346 
  31      06268915 
  32 0017 D816C833 		.ascii	"\330\026\3103\201\004\231y\200\022\023\374\3004#\003"
  32      81049979 
  32      801213FC 
  32      C0342303 
  33 0027 2B1F5064 		.ascii	"+\037Pd\202\037\220\317\010Q+}\355\024#\003\373-5,j"
  33      821F90CF 
  33      08512B7D 
  33      ED142303 
  33      FB2D352C 
  34 003c C1249007 		.ascii	"\301$\220\007\000\374\215\012\357"
  34      00FC8D0A 
  34      EF
  35              		.text
  36              		.section	.gnu.lto_.pureconst.7a9436c0,"",%progbits
  37 0000 789C6365 		.ascii	"x\234ce`b`g`\000\222\273\030\031w1\002\000\005\355\001"
  37      60626067 
  37      600092BB 
  37      18197731 
  37      020005ED 
  38 0015 88       		.ascii	"\210"
  39              		.text
  40              		.section	.gnu.lto_chThdCreateFromHeap.7a9436c0,"",%progbits
  41 0000 789C8D95 		.ascii	"x\234\215\225mLSg\024\307\237s\237\333\336\013\005\024"
  41      6D4C5367 
  41      14C79F73 
  41      9FDBDE0B 
  41      0514
  42 0012 C79C23C6 		.ascii	"\307\234#\306\324dDM6\273%s\222eYb\3700\375@\266\210"
  42      D464444D 
  42      36BB2573 
  42      92655962 
  42      F830FD40 
  43 0028 C93ECCCC 		.ascii	"\311>\314\314`\351\244\211\265M\013\276\354\013\227"
  43      60E9A489 
  43      B54D0BBE 
  43      EC0B97
  44 0037 826F63BE 		.ascii	"\202oc\276n\"\264t\267\331\342\3241\024\231o\310\313"
  44      6E22B474 
  44      B7D9E2D4 
  44      3114996F 
  44      C8CB
  45 0049 3AF115DF 		.ascii	":\361\025\337\220\201SA\206\026t\210\222i\320mf\352"
  45      90815341 
  45      86167488 
ARM GAS  C:\Users\user\AppData\Local\Temp\ccsI3qMf.s 			page 3


  45      9269D06D 
  45      66EA
  46 005b CE795A08 		.ascii	"\316yZ\010\0243mB\350\275\317\377\177\316y\316\371="
  46      14336D42 
  46      E8BDCFFF 
  46      7FCE79CE 
  46      F93D
  47 006d 4F0D4C62 		.ascii	"O\015Lb\363T\306\346\000c\263\030c`` m>\317X\241*Ir"
  47      F354C6E6 
  47      0063B318 
  47      63606020 
  47      6D3ECF58 
  48 0085 33675A3C 		.ascii	"3gZ<?\321\314\230\226\300A\216\274\227\001\350\213\246"
  48      3FD1CC98 
  48      96C0418E 
  48      BC9701E8 
  48      8BA6
  49 0097 022B90B8 		.ascii	"\002+\220\270\014\005\260\211o\347p\261\270\272\202"
  49      0C05B089 
  49      6FE770B1 
  49      B8BA82
  50 00a6 6FE43A67 		.ascii	"o\344:g \343\343\275s\276p\022=\002\230\361\321\257"
  50      20E3E3BD 
  50      73BE7012 
  50      3D0298F1 
  50      D1AF
  51 00b8 B5AE5766 		.ascii	"\265\256Wf\354\3244\257\026\332\336f\364\327\264hq:"
  51      ECD434AF 
  51      16DADE66 
  51      F4D7B468 
  51      713A
  52 00ca 975839CA 		.ascii	"\227X9\312w\301d\330\011\223)\373n\230\201\342\375\003"
  52      77C164D8 
  52      099329FB 
  52      6E9881E2 
  52      FD03
  53 00dc 65F7E378 		.ascii	"e\367\343x:0\374\356\333\324\253\033\246\355\020\306"
  53      3A30FCEE 
  53      DBD4AB1B 
  53      A6ED10C6 
  54 00ec C16D5C7B 		.ascii	"\301m\\{M\347\034~\000>\322\210\257\030T\3024\224\177"
  54      4DE71C7E 
  54      003ED288 
  54      AF1854C2 
  54      34947F
  55 00ff 5BD87E26 		.ascii	"[\330~&\221\277/\254k\253\032\372\222\242\326\236\355"
  55      91BF2FAC 
  55      6BAB1AFA 
  55      92A2D69E 
  55      ED
  56 0110 C22AC38F 		.ascii	"\302*\303\217\261V\231A\225\260zo\034\274\004<CX\203"
  56      B1569941 
  56      95B07A6F 
  56      1CBC043C 
  56      435883
  57 0123 EDC11551 		.ascii	"\355\301\025Qg\227o\342\266\"m\256\316\015\260'\326"
  57      67976FE2 
ARM GAS  C:\Users\user\AppData\Local\Temp\ccsI3qMf.s 			page 4


  57      B6226DAE 
  57      CE0DB027 
  57      D6
  58 0134 8BCDDA2B 		.ascii	"\213\315\332+\274\225\336[w9\237+\274\353O?\016+Q\363"
  58      BC95DE5B 
  58      77399F2B 
  58      BCEB4F3F 
  58      0E2B51F3 
  59 0148 D9485A23 		.ascii	"\331HZ#T\307Z\215\014\366\011\353\331\333u\007T\236"
  59      54C75A8D 
  59      0CF609EB 
  59      D9DB7507 
  59      549E
  60 015a 29AC4F0F 		.ascii	")\254O\017\357xh\212Zo\372\246|-\362*P\023kV\030\374"
  60      EF78688A 
  60      5A6FFAA6 
  60      7C2DF22A 
  60      50136B56 
  61 0170 24CCFD5A 		.ascii	"$\314\375ZI\003\360\217\204\271\375\322\356\005CiKE"
  61      4903F08F 
  61      84B9FDD2 
  61      EE054369 
  61      4B45
  62 0182 5A15F6C7 		.ascii	"Z\025\366\307:U\006\007`\032\311\007\212{\273M\221y"
  62      3A550607 
  62      601AC907 
  62      8A7BBB4D 
  62      9179
  63 0194 4DC2C7EA 		.ascii	"M\302\307\352\372\342\273\321y\205\000\237\257\\\257"
  63      FAE2BBD1 
  63      7985009F 
  63      AF5CAF
  64 01a3 1F88E70B 		.ascii	"\037\210\347\013D\344\252\236\316\374\264\357\264\220"
  64      44E4AA9E 
  64      CEFCB4EF 
  64      B490
  65 01b1 A68506FC 		.ascii	"\246\205\006\374S\266j\332)M\326y\034\034\216D?\204"
  65      53B66ADA 
  65      294DD679 
  65      1C1C8E44 
  65      3F84
  66 01c3 D10F8AF9 		.ascii	"\321\017\212\3711R\207\372\303\2252\377X8\303\033\216"
  66      315287FA 
  66      C39532FF 
  66      5838C31B 
  66      8E
  67 01d4 6F92D14A 		.ascii	"o\222\321JE=\364M\330R\024\261\252pdtaQ\353\261\336"
  67      453DF44D 
  67      D85214B1 
  67      AA706474 
  67      6151EBB1 
  68 01e9 7F5B4DFC 		.ascii	"\177[M\374\023a-\254\364W$D\255\003\276\324!\253\004"
  68      13612DAC 
  68      F4572444 
  68      AD03BED4 
  68      21AB04
  69 01fc F5CFB4DE 		.ascii	"\365\317\264\336\330\367d[\242Q\206\006H\203:\374\253"
ARM GAS  C:\Users\user\AppData\Local\Temp\ccsI3qMf.s 			page 5


  69      D8F7645B 
  69      A2518606 
  69      48833AFC 
  69      AB
  70 020d 8534820B 		.ascii	"\2054\202\013\231j\004#\302\315G\256\354m\205\220\366"
  70      996A0423 
  70      C2CD47AE 
  70      EC6D8590 
  70      F6
  71 021e E4E95AEC 		.ascii	"\344\351Z\354r\352\300\340\203\344T\300\326H\0106Bd"
  71      72EAC0E0 
  71      83E454C0 
  71      D6480836 
  71      4264
  72 0230 00E2013B 		.ascii	"\000\342\001;\214Z\025h\276&\\\214O\004\232\3278\240"
  72      8C5A1568 
  72      BE265C8C 
  72      4F049AD7 
  72      38A0
  73 0242 C6270335 		.ascii	"\306'\00351\205QH\306\276\300,t J\020g\374\317\373a"
  73      31855148 
  73      C6BEC02C 
  73      74204A10 
  73      67FCCFFB 
  74 0257 4D30BC41 		.ascii	"M0\274A\241\274\001\256`i\265\265w:\224\202\307\232"
  74      A1BC01AE 
  74      6069B5B5 
  74      773A9482 
  74      C79A
  75 0269 AA735339 		.ascii	"\252sS9\307Z\340g(`\001.\007\270\201\010\257\033l6P"
  75      C75AE067 
  75      2860012E 
  75      07B88108 
  75      AF1B6C36 
  76 027e E71340C5 		.ascii	"\347\023@\305\336O\326y\"\353\005\257Y\024\216E`\020"
  76      DE4FD679 
  76      22EB05AF 
  76      59148E45 
  76      6010
  77 0290 D603C557 		.ascii	"\326\003\305W\233\316\373\023\242Aafd\337%\010>\236"
  77      9BCEFB13 
  77      A2416166 
  77      64DF2508 
  77      3E9E
  78 02a2 4EDE075E 		.ascii	"N\336\007^__C\330D\313\030qs\3517%\212\345\015B\026"
  78      5F5F43D8 
  78      44CB1871 
  78      73E93725 
  78      8AE50D42 
  79 02b7 375B465D 		.ascii	"7[F]`\360\013X\0028~\224\226\306\305\352\342#: \335"
  79      60F00B58 
  79      02387E94 
  79      96C6C5EA 
  79      E2233A20 
  80 02cc 51D229A8 		.ascii	"Q\322)\250+\252X\263\2416%\222\321\204\257\260Z\341"
  80      2BAA58B3 
  80      A1362592 
ARM GAS  C:\Users\user\AppData\Local\Temp\ccsI3qMf.s 			page 6


  80      D184AFB0 
  80      5AE1
  81 02de 7E56A268 		.ascii	"~V\242h\000\211\0024Q\000\023I}c\022\031#:1\227c\244"
  81      00890234 
  81      51001349 
  81      7D631219 
  81      233A3197 
  82 02f4 4B7CB64E 		.ascii	"K|\266N\211\350d\322\035'\335\270Q\272\301]\367:\200"
  82      89E864D2 
  82      1D27DDB8 
  82      51BAC15D 
  82      F73A80
  83 0307 746A4467 		.ascii	"tjDg \335\011\322%c\353$\342\341V\375\3326\340\237\012"
  83      20DD09D2 
  83      2563EB24 
  83      E2E156FD 
  83      DA36E09F 
  84 031c 940E345E 		.ascii	"\224\0164^.\213\217\242t\253b\272\257\350\314\227Z\320"
  84      2E8B8FA2 
  84      74AB62BA 
  84      AFE8CC97 
  84      5AD0
  85 032e 3B5EE749 		.ascii	";^\347Ipr,Lp\012\322\350\366\350\323\032d\032K\022\230"
  85      70722C4C 
  85      700AD2E8 
  85      F6E8D31A 
  85      641A4B12 
  86 0343 E134AEDD 		.ascii	"\3414\256\335\306\033\"\\Z\335\012\303\264\025k\370"
  86      C61B225C 
  86      5ADD0AC3 
  86      B4156BF8 
  87 0353 097D7558 		.ascii	"\011}uX\021\220\225s\211\305,55\232\0271h\2465\036\273"
  87      11909573 
  87      89C52C35 
  87      359A1731 
  87      68A6351E 
  88 0368 16AE98EE 		.ascii	"\026\256\230\356\347\224\213\301\031\022\310#(fp\026"
  88      E7948BC1 
  88      1912C823 
  88      28667016 
  89 0378 8C58C939 		.ascii	"\214X\3119B\027\330\367\022\335lz\315\337\361S\017I"
  89      4217D8F7 
  89      12DD6C7A 
  89      CDDFF153 
  89      0F49
  90 038a BA5666D6 		.ascii	"\272Vf\326\261\037t.\303u\232*c\323\341<L\025\247\340"
  90      B11F742E 
  90      C3759A2A 
  90      63D3E13C 
  90      4C15A7E0 
  91 039e CF3B6D1D 		.ascii	"\317;m\035\022\276\201\013 \213\242\031\264\210\353"
  91      12BE810B 
  91      208BA219 
  91      B488EB
  92 03ad 78576353 		.ascii	"xWcSo\302\324#Q\367x\322\336\337S\323n\022\356\213\344"
  92      6FC2D423 
  92      51F778D2 
ARM GAS  C:\Users\user\AppData\Local\Temp\ccsI3qMf.s 			page 7


  92      DEDF53D3 
  92      6E12EE8B 
  93 03c2 86569005 		.ascii	"\206V\220\005w\242\001\214\365Cqw\311\265&\210\000\220"
  93      77A2018C 
  93      F5437177 
  93      C9B52688 
  93      0090
  94 03d4 329AE3E4 		.ascii	"2\232\343\344r\3529\374\212\034\343\302\315-[\326s\\"
  94      72EA39FC 
  94      8A1CE3C2 
  94      CD2D5BD6 
  94      735C
  95 03e6 C04FF011 		.ascii	"\300O\360\021\350|\002M\205|\014\332\240@\347/Q\334"
  95      E87C024D 
  95      857C0CDA 
  95      A040E72F 
  95      51DC
  96 03f8 60AA00BA 		.ascii	"`\252\000\272\201\200N\241i\016\376\321\365\235\022"
  96      81804EA1 
  96      690EFED1 
  96      F59D12
  97 0407 1D68E9EA 		.ascii	"\035h\351\352\243\027\024j\266$\006\366\327\311\346"
  97      A317146A 
  97      B62406F6 
  97      D7C9E6
  98 0416 75093A04 		.ascii	"u\011:\004\012)\342D\235\247\240\005\332i;\270\270\243"
  98      0A29E244 
  98      9DA7A005 
  98      DA693BB8 
  98      B8A3
  99 0428 C7BB47B1 		.ascii	"\307\273G\261TQ6\334\312\313p\011t(\303\373\024\353"
  99      545136DC 
  99      CACB7009 
  99      7428C3FB 
  99      14EB
 100 043a F90D2CF4 		.ascii	"\371\015,\364\363q\354\344\032\225\202M\004\200\313"
 100      F371ECE4 
 100      1A95824D 
 100      0480CB
 101 0449 E8EA87D5 		.ascii	"\350\352\207\325\301\247\033\271\250h\364>^)'#\\\021"
 101      C1A71BB9 
 101      A868F43E 
 101      5E292723 
 101      5C11
 102 045b E791F6B8 		.ascii	"\347\221\366\270\367N\355?\211\344\235\204\215\277J"
 102      F74EED3F 
 102      89E49D84 
 102      8DBF4A
 103 046a 87F1D521 		.ascii	"\207\361\325!\242b(\012<\207\242\016A\321\360\306\222"
 103      A262280A 
 103      3C87A20E 
 103      41D1F0C6 
 103      92
 104 047b 305EE7FF 		.ascii	"0^\347\377Q\3242D\2212\012\204k\004\302\030\254\336"
 104      51D43244 
 104      91320A84 
 104      6B04C218 
ARM GAS  C:\Users\user\AppData\Local\Temp\ccsI3qMf.s 			page 8


 104      ACDE
 105 048d B333E822 		.ascii	"\2633\350\"\261:\026\253\267\003\234\2223\370},V\335"
 105      B13A16AB 
 105      B7039C92 
 105      33F87D2C 
 105      56DD
 106 049f 02ABEB23 		.ascii	"\002\253\353#\260z\242_o4\015\021\323)\210\271!\210"
 106      B07AA25F 
 106      6F340D11 
 106      D32988B9 
 106      2188
 107 04b1 89C5233C 		.ascii	"\211\305#<\214\007\005\027\227\217,\356\273>8\332)("
 107      8C070517 
 107      978F2CEE 
 107      BB3E38DA 
 107      2928
 108 04c3 A1A9A3B1 		.ascii	"\241\251\243\261\274;\264\325\220~P[\207$\3041\350\201"
 108      BC3BB4D5 
 108      907E505B 
 108      8724C431 
 108      E881
 109 04d5 7476173B 		.ascii	"tv\027;\030\020\327\313\003\034\011\016R\352j\361\247"
 109      1810D7CB 
 109      031C090E 
 109      52EA6AF1 
 109      A7
 110 04e6 63C7F9D5 		.ascii	"c\307\371\325G-\2007(P$\3145+\343\335\205\363\027|\230"
 110      472D8037 
 110      285024CC 
 110      352BE3DD 
 110      85F3177C 
 111 04fb B53023D7 		.ascii	"\2650#\327\276\330\236\225\227\237cw.\264\322w\247\347"
 111      BED89E95 
 111      979F6377 
 111      2EB4D277 
 111      A7E7
 112 050d ADD9EF58 		.ascii	"\255\331\357X\234\036\213;\317\342q[-\326\334\234U\313"
 112      9C1E8B3B 
 112      CFE2715B 
 112      2DD6DC9C 
 112      55CB
 113 051f B21D76EB 		.ascii	"\262\035v\353L+3\344\332\262].\331c\377\334&\343;\233"
 113      4C2B33E4 
 113      DAB25D2E 
 113      D963FFDC 
 113      26E33B9B 
 114 0533 EC72DB9D 		.ascii	"\354r\333\235\222\3533\236\355^\"\345\345\360\025\036"
 114      92EB339E 
 114      ED5E22E5 
 114      E5F0151E 
 115 0543 9794E732 		.ascii	"\227\224\3472,\317^\232o\313x~\006\253\323\341p.\263"
 115      2CCF5E9A 
 115      6FCB787E 
 115      06ABD3E1 
 115      702EB3
 116 0556 B89CEE3C 		.ascii	"\270\234\356<\217e\316\374\314\214\314\225\230\316\352"
 116      8F65CEFC 
ARM GAS  C:\Users\user\AppData\Local\Temp\ccsI3qMf.s 			page 9


 116      CC8CCC95 
 116      98CEEA
 117 0565 74DB162D 		.ascii	"t\333\026-\237\355\230\231\313>x\341\030\266\225y\226"
 117      9FED9899 
 117      CB3E78E1 
 117      18B69579 
 117      96
 118 0576 8CCCAC79 		.ascii	"\214\314\254yY\026\3732\353\322\374\034\233\305\352"
 118      5916FB32 
 118      EBD2FC1C 
 118      9BC5EA
 119 0585 F0D83D8B 		.ascii	"\360\330=\213\226X\255\030\347\305v;\354\314\365\254"
 119      9658AD18 
 119      E7C5763B 
 119      ECCCF5AC 
 120 0595 F2A06B7C 		.ascii	"\362\240k|f\326|\363\342l\217\015w\371\2729\355M&\271"
 120      66D67CF3 
 120      E26C8F0D 
 120      77F9BA39 
 120      ED4D26B9 
 121 05a9 99E2B039 		.ascii	"\231\342\2609\234\356U\354?\232\373\001\343"
 121      9CEE55EC 
 121      3F9AFB01 
 121      E3
 122              		.text
 123              		.section	.gnu.lto_chThdCreateFromMemoryPool.7a9436c0,"",%progbits
 124 0000 789C8D94 		.ascii	"x\234\215\224kLTW\020\307\317\334s\331\273\356\202\370"
 124      6B4C5457 
 124      10C7CFDC 
 124      73D9BBEE 
 124      82F8
 125 0012 A0D652DA 		.ascii	"\240\326R\332`R\2426\255\333&\265\322\307\2076\244\251"
 125      6052A236 
 125      ADDB26B5 
 125      D2C78736 
 125      A4A9
 126 0024 4D4A4CC4 		.ascii	"MJL\3044ibbp\241\262\211\353\222]\360\361\211\343\202"
 126      34696262 
 126      70A1B289 
 126      EB925DF0 
 126      F189E382 
 127 0038 554B5B1F 		.ascii	"UK[\037\215\310\202x7\022\242\202\002\322JA\036\335"
 127      8DC88278 
 127      3712A282 
 127      02D24A41 
 127      1EDD
 128 004a 8AF8C0F7 		.ascii	"\212\370\300\367V\250\012\"\270\200\242hjckk\252v\346"
 128      56A80A22 
 128      B880A268 
 128      6A636B6B 
 128      AA76E6
 129 005d EC426421 		.ascii	"\354Bd!*\037\226{\357\371\377g\346\314\374\316\211`"
 129      2A1F967B 
 129      EFF9FF67 
 129      E6CCFCCE 
 129      8960
 130 006f 0ADB6564 		.ascii	"\012\333ed\354=`l.c\014\"\030(\233\3170\266\326\250"
ARM GAS  C:\Users\user\AppData\Local\Temp\ccsI3qMf.s 			page 10


 130      EC3D606C 
 130      2E630C22 
 130      18289BCF 
 130      30B6D6A8 
 131 0083 286A1B67 		.ascii	"(j\033g\302\304\217\2661&\"9\250\301\357*\000=\010#"
 131      C2C48FB6 
 131      31262239 
 131      A8C1EF2A 
 131      003D0823 
 132 0097 B01C85AB 		.ascii	"\260\034\205\253\220\003\233\370v\016\347\363\252w\360"
 132      90039BF8 
 132      760EE7F3 
 132      AA77F0
 133 00a6 EFB9CE19 		.ascii	"\357\271\316\031\250\370z\367tQ`\"\275\002\304\343k"
 133      A8F87AF7 
 133      74516022 
 133      BD02C4E3 
 133      6B
 134 00b7 B1F06FD4 		.ascii	"\261\360o\324f\357\026\302-|\333\375\246\342\232sb\202"
 134      66EF16C2 
 134      2D7CDBFD 
 134      A6E29A73 
 134      6282
 135 00c9 CE15E641 		.ascii	"\316\025\346A\371\036\210\203\335\020G\331\367\302l"
 135      F91E8883 
 135      DD1047D9 
 135      F7C26C
 136 00d8 14DFA83B 		.ascii	"\024\337\250;\272\301\310\023\201\341so\317\335Wf\226"
 136      BAC1C813 
 136      81E1736F 
 136      CFDD5766 
 136      96
 137 00e9 495F5F01 		.ascii	"I__\001\027\257\351\234C9\360'}\370\211A\005\314D\265"
 137      17AFE99C 
 137      4339F027 
 137      7DF88941 
 137      05CC44B5 
 138 00fd FB5A6D07 		.ascii	"\373Zm\007\360\017\244\323\333\356]5\354\234\356\021"
 138      F00FA4D3 
 138      DBEE5D35 
 138      EC9CEE11 
 139 010d 3E55C762 		.ascii	">U\307b\367\205[U\006\373\245\265\302}\3756\347\037"
 139      F7855B55 
 139      06FBA5B5 
 139      C27DFD36 
 139      E71F
 140 011f 49EBC613 		.ascii	"I\353\306\023\017\003Z\310\333Q\036\273-W\314\327y\004"
 140      0F035AC8 
 140      DB511EBB 
 140      2D57CCD7 
 140      7904
 141 0131 54869BB1 		.ascii	"T\206\233\261YU\322|\352f\303A#\377D\232\037\327\225"
 141      5955D27C 
 141      EA66C341 
 141      23FF449A 
 141      1FD795
 142 0144 FD6D0E99 		.ascii	"\375m\016\231\273\266\313\222\015P\035n508 \255\267"
ARM GAS  C:\Users\user\AppData\Local\Temp\ccsI3qMf.s 			page 11


 142      BBB6CB92 
 142      0D501D6E 
 142      35303820 
 142      ADB7
 143 0156 447E13F0 		.ascii	"D~\023\360\371\322\332\336\261wQ\3109\024*Y\203\232"
 143      F9D2DADE 
 143      B17751C8 
 143      39142A59 
 143      839A
 144 0168 70ABC6E0 		.ascii	"p\253\306\340G\230I\372;y\375=\346`\317\247\343kuc\336"
 144      479849FA 
 144      3B79FD3D 
 144      E660CFA7 
 144      E36B7563 
 145 017d ED50CF7D 		.ascii	"\355P\317}\200\357\227z\033\357\230\370\3472\364\376"
 145      80EF977A 
 145      1BEF98F8 
 145      E732F4FE 
 146 018d BEAEEC84 		.ascii	"\276\256\354\204R\341\023\302w\247\342\325\255B\034"
 146      52E113C2 
 146      77A7E2D5 
 146      AD421C
 147 019c 1718DD08 		.ascii	"\027\030\335\010\265\301\350\0071\372Or\006\214\324"
 147      B5C1E807 
 147      31FA4F72 
 147      068CD4
 148 01ab BE5B810A 		.ascii	"\276[\201\012\225/\220\316\300w\255\233T\264RU\003\345"
 148      952F90CE 
 148      C077AD9B 
 148      54B45255 
 148      03E5
 149 01bd 53B6E406 		.ascii	"S\266\344\006\255\032\324\215.,d=\322\377\237\337\314"
 149      AD1AD48D 
 149      2E2C643D 
 149      D2FF9FDF 
 149      CC
 150 01ce 53A4756D 		.ascii	"S\244umE\361\216\310\220\265\273<v\330\252\300\241q"
 150      45F18EC8 
 150      90B5BB3C 
 150      76D8AAC0 
 150      A171
 151 01e0 ADD70E3C 		.ascii	"\255\327\016<\332\026eP\241\001\022\240\036\022JQ\361"
 151      DA166550 
 151      A10112A0 
 151      1E124A51 
 151      F1
 152 01f1 33241023 		.ascii	"3$\020#\210F#\030\220Q>\274H+U~\360\211G\217\327\343"
 152      88462318 
 152      90513EBC 
 152      482B557E 
 152      F089478F 
 153 0207 905E2F6A 		.ascii	"\220^/j\031\250T^\006l\217\202\200\"\015\330`\224i@"
 153      19A8545E 
 153      066C8F82 
 153      80220DD8 
 153      60946940 
 154 021b E335E1E7 		.ascii	"\3435\341\347\011f\3741E\001M,\032\250\371\223\201\372"
ARM GAS  C:\Users\user\AppData\Local\Temp\ccsI3qMf.s 			page 12


 154      0966FC31 
 154      45014D2C 
 154      1AA8F993 
 154      81FA
 155 022d 18C32824 		.ascii	"\030\303($c\337`\026\342:\037\251\304\377\374\026\344"
 155      63DF6016 
 155      E23A1FA9 
 155      C4FFFC16 
 155      E4
 156 023e 7903DB34 		.ascii	"y\003\3334\312[\302\015X]}\375P\247\226\363P\030un\366"
 156      CA5BC20D 
 156      585D7DFD 
 156      50A796F3 
 156      5018756E 
 157 0253 70AC059A 		.ascii	"p\254\005\232 \207\225p\334P$\353\007w\274,\021s\242"
 157      20879570 
 157      DC5024EB 
 157      0777BC2C 
 157      1173A2
 158 0266 9CF541DE 		.ascii	"\234\365A\336\345\2263\025\221!;\314\011n2\037Q\305"
 158      E5963315 
 158      91213BCC 
 158      096E321F 
 158      51C5
 159 0278 E3C407C1 		.ascii	"\343\304\007\301]4\330\324o\246e\014\275\271`g\276f"
 159      5D34D8D4 
 159      6FA6650C 
 159      BDB96067 
 159      BE66
 160 028a 799300C5 		.ascii	"y\223\000\305m\025\322~\0314\203\245\004g\215\322\202"
 160      6D15D27E 
 160      193483A5 
 160      04678DD2 
 160      82
 161 029b 09E13A53 		.ascii	"\011\341:SP\007\244\373\205t\006\322\035\032<\336?5"
 161      5007A4FB 
 161      857406D2 
 161      1D1A3CDE 
 161      3F35
 162 02ad 98D184EA 		.ascii	"\230\321\204\352\202u\207\317j\204\003\227\303\270\177"
 162      827587CF 
 162      6A840397 
 162      C3B87F
 163 02bc AC6D43A4 		.ascii	"\254mC\244\016%k\205\020\361:\217\302\312\021\2238\331"
 163      0E256B85 
 163      10F13A8F 
 163      C2CA1193 
 163      38D9
 164 02ce F9B23E77 		.ascii	"\371\262>w\245f\331/\202K\023\341W\320\241\020\033\201"
 164      A566D92F 
 164      824B13E1 
 164      57D0A110 
 164      1B81
 165 02e0 E10F8305 		.ascii	"\341\017\203\005c\347\356\370\372\313`d3&\303\370\262"
 165      63E7EEF8 
 165      FACB6064 
 165      3326C3F8 
ARM GAS  C:\Users\user\AppData\Local\Temp\ccsI3qMf.s 			page 13


 165      B2
 166 02f1 AEF1B610 		.ascii	"\256\361\266\020*M\316\254\205J3\223\264h\314\026\""
 166      2A4DCEAC 
 166      854A3393 
 166      B468CC16 
 166      22
 167 0302 823A9574 		.ascii	"\202:\225tGH\0275\276\316\020\324E\220\256\225t\321"
 167      47481735 
 167      BECE10D4 
 167      4590AE95 
 167      74D1
 168 0314 A374F7F6 		.ascii	"\243t\367\366\334\355\004\322iA\235\201tGI7\031\207"
 168      DCED04D2 
 168      69419D81 
 168      74474937 
 168      1987
 169 0326 A2D0E6AE 		.ascii	"\242\320\346\2567\256\277\000\374\013\331\204\203\315"
 169      37AEBF00 
 169      FC0BD984 
 169      83CD
 170 0334 170B4D21 		.ascii	"\027\013M!\"\257\027\317*\312=\371\255\360\272'\351"
 170      22AF17CF 
 170      2ACA3DF9 
 170      ADF0BA27 
 170      E9
 171 0345 3C1A8E8D 		.ascii	"<\032\216\215e\022\216C\002\232\326\017\212&\225\032"
 171      65128E43 
 171      029AD60F 
 171      8A26951A 
 172 0355 190DF170 		.ascii	"\031\015\361p\002\327n\342ESZP\355\207\021h\363\250"
 172      02D76EE2 
 172      45535A50 
 172      ED871168 
 172      F3A8
 173 0367 75BE1FEA 		.ascii	"u\276\037\352\314\022T\017WX\330RKS\374\022\006m\264"
 173      CC12540F 
 173      5758D852 
 173      4B53FC12 
 173      066DB4
 174 037a C6C3D702 		.ascii	"\306\303\327\002\305\263\2129\345bp\222\004\352\023"
 174      C5B38A39 
 174      E5627092 
 174      04EA13
 175 0389 8781C129 		.ascii	"\207\201\301)\300=\301i\302\037\330N\005\227v\3515\377"
 175      C03DC169 
 175      C21FD84E 
 175      059776E9 
 175      35FF
 176 039b 98665429 		.ascii	"\230fT)\272(\304iM\222\307;\320 \214*\016\014\316\300"
 176      BA28C469 
 176      4D92C73B 
 176      D0208C2A 
 176      0E0CCEC0 
 177 03af 0C39D23F 		.ascii	"\0149\322?\206.t*\370\005\316\202*\213fpN\336\314{\232"
 177      862E742A 
 177      F805CE82 
 177      2A8B6670 
ARM GAS  C:\Users\user\AppData\Local\Temp\ccsI3qMf.s 			page 14


 177      4EDECC7B 
 178 03c4 5BFA2367 		.ascii	"[\372#g\324\204\334\223I\373geM\273Y\272\317\223\033"
 178      D484DC93 
 178      49FB6765 
 178      4DBB59BA 
 178      CF931B
 179 03d7 FCA04AA2 		.ascii	"\374\240J\242e\003\030\303\243\320\223\177\245\025\202"
 179      650318C3 
 179      A3D0937F 
 179      A51582
 180 03e6 00C48C3E 		.ascii	"\000\304\214>\013S<4\033\370\015\317\002.\014l\331\262"
 180      0B533C34 
 180      1BF80DCF 
 180      022E0C6C 
 180      D9B2
 181 03f8 91E302FE 		.ascii	"\221\343\002\376y\037\200\316\247\322T\310\307\340\002"
 181      791F80CE 
 181      A7D254C8 
 181      C7E002
 182 0407 E4E83C86 		.ascii	"\344\350<\206\342zc\345Qi\240\243\022C\323\274w\243"
 182      E27A63E5 
 182      5169A0A3 
 182      1243D3BC 
 182      77A3
 183 0419 BB4C0B0D 		.ascii	"\273L\013\015t\204Ze\014\265\336i:\177\001-\320>.\266"
 183      74845A65 
 183      0CB5DE69 
 183      3A7F012D 
 183      D03E2EB6 
 184 042d D3A04362 		.ascii	"\323\240Cb\253\321\344~\007\013\012Z\037\337\367ES\260"
 184      ABD1E47E 
 184      070B0A5A 
 184      1FDFF745 
 184      53B0
 185 043f 1741818B 		.ascii	"\027A\201\213\350\222\007\357\352H\262\247F\277\322"
 185      E89207EF 
 185      EA48B2A7 
 185      46BFD2
 186 044e 14A8E523 		.ascii	"\024\250\345#\3215\270$\243\033)\372e\002L\305\306\254"
 186      D135B824 
 186      A31B29FA 
 186      65024CC5 
 186      C6AC
 187 0460 F396A292 		.ascii	"\363\226\242\222\3667\272+\323=D\"t\312\033\202:V5T"
 187      F637BA2B 
 187      D33D4422 
 187      74CA1B82 
 187      3A563554 
 188 0474 FF6F1455 		.ascii	"\377o\024U\362\022\216\261\013\342t\036;\314g\030\223"
 188      F2128EB1 
 188      0BE2741E 
 188      3BCC6718 
 188      93
 189 0485 25CF60F2 		.ascii	"%\317`\362\212dr\244M\321\030\257\373iL\372\207\231"
 189      8A6472A4 
 189      4DD118AF 
 189      FB694CFA 
ARM GAS  C:\Users\user\AppData\Local\Temp\ccsI3qMf.s 			page 15


 189      8799
 190 0497 D4466175 		.ascii	"\324Fau\225\260\032\003\351\2076\006=$6\216\205\364"
 190      95B01A03 
 190      E9873606 
 190      3D24368E 
 190      85F4
 191 04a9 9D124EC9 		.ascii	"\235\022N\311\031\364\216\205\364\232\2044\360\004\244"
 191      19F48E85 
 191      F49A8434 
 191      F004A4
 192 04b8 8FF4DE66 		.ascii	"\217\364\336f\3630\177\335\222\277>\311_8l\375#\260"
 192      F3307FDD 
 192      92BF3EC9 
 192      5F386CFD 
 192      23B0
 193 04ca 51707949 		.ascii	"QpyI\252\362\006\036\204\303]\2229b\010\215\236\036"
 193      AAF2061E 
 193      84C35D92 
 193      3962088D 
 193      9E1E
 194 04dc DFD688C4 		.ascii	"\337\326\210\304Z\261\001\27122\030\200Dv\033;X\"\257"
 194      5AB101B9 
 194      32321880 
 194      44761B3B 
 194      5822AF
 195 04ef C1BF0068 		.ascii	"\301\277\000hpJ\367\271\212D\3548\177p\350<\340\235"
 195      704AF7B9 
 195      8A44EC38 
 195      7F70E83C 
 195      E09D
 196 0501 0E140973 		.ascii	"\016\024\011s\315Mz\177\361\302E\013R\026'e\330\226"
 196      CD4D7A7F 
 196      F1C2450B 
 196      52162765 
 196      D896
 197 0513 DA52B2B2 		.ascii	"\332R\262\262\323l\216\305Vzv\270\336\236\367\256\305"
 197      D36C8EC5 
 197      567A76B8 
 197      DE9EF7AE 
 197      C5
 198 0524 E1B238B3 		.ascii	"\341\2628\263,.\247\325b\315H[\263\"\325n\263\316\261"
 198      2C2EA7D5 
 198      62CD485B 
 198      B322D56E 
 198      B3CEB1
 199 0537 32C59EA9 		.ascii	"2\305\236\251\342s\272\232\351\2649\224\314\257x\252"
 199      E273BA9A 
 199      E9B43994 
 199      CCAF78AA 
 200 0547 73999295 		.ascii	"s\231\222\225\306W\2712\225\254\314\210\225\251\313"
 200      C657B932 
 200      95ACCC88 
 200      95A9CB
 201 0556 B3D3939E 		.ascii	"\263\323\223\236\035\331\352\260\333\035+,\231\016g"
 201      1DD9EAB0 
 201      DB1D2B2C 
 201      990E67
ARM GAS  C:\Users\user\AppData\Local\Temp\ccsI3qMf.s 			page 16


 202 0565 96CBF2F1 		.ascii	"\226\313\362\361\302\344\244\344\325\230\306\352p\246"
 202      C2E4A4E4 
 202      D598C6EA 
 202      70A6
 203 0573 2F5939CF 		.ascii	"/Y9\317>'\203}\372\3341\322WgY\222\222S>K\261\330VX"
 203      3E27837D 
 203      FADC31D2 
 203      57675992 
 203      92533E4B 
 204 058b 9767A7A5 		.ascii	"\227g\247\245[\254v\227\315\265d\231\325\212q\236o\227"
 204      5BAC7697 
 204      CDB56499 
 204      D58A719E 
 204      6F97
 205 059d 23CE0CD7 		.ascii	"#\316\014\327\032\027\272&%\247,\214_\232\352J\307]"
 205      1A17BA26 
 205      25A72C8C 
 205      5F9AEA4A 
 205      C75D
 206 05af BE119FF0 		.ascii	"\276\021\237\360\026S\234L\263\247\333\035\3165\354"
 206      16539C4C 
 206      B3A7DB1D 
 206      CE35EC
 207 05be 7F18BA1E 		.ascii	"\177\030\272\036y"
 207      79
 208              		.text
 209              		.section	.gnu.lto_.symbol_nodes.7a9436c0,"",%progbits
 210 0000 789C55CE 		.ascii	"x\234U\316\261\015\2040\024\003P;!k0\013L\366\323\235"
 210      B10D8430 
 210      1403503B 
 210      216B300B 
 210      4CF6D39D 
 211 0014 44454DCD 		.ascii	"DEM\315\024\324\324\314@\221\031\200C\334\011\003\015"
 211      14D4D4CC 
 211      40911980 
 211      43DC0903 
 211      0D
 212 0025 F98DADE7 		.ascii	"\371\215\255\347\346\0078t\320\271\205\006\264\023\240"
 212      E6073874 
 212      D0B98506 
 212      B413A0
 213 0034 18622D59 		.ascii	"\030b-Yi\314\204;\315\335\002\304X\011\2764\237\301"
 213      69CC843B 
 213      CDDD02C4 
 213      5809BE34 
 213      9FC1
 214 0046 462B3238 		.ascii	"F+28h\341\015\036\005\372\371O\2576~~\245\327\003}\243"
 214      68E10D1E 
 214      05FAF94F 
 214      AF367E7E 
 214      A5D7037D 
 215 005b 64785C4B 		.ascii	"dx\\K\272\234\016I\216\023Y\245)\241"
 215      BA9C0E49 
 215      8E1359A5 
 215      29A1
 216              		.text
 217              		.section	.gnu.lto_.refs.7a9436c0,"",%progbits
ARM GAS  C:\Users\user\AppData\Local\Temp\ccsI3qMf.s 			page 17


 218 0000 789C6365 		.ascii	"x\234ce`b`d\000\002\000\000I\000\011"
 218      60626064 
 218      00020000 
 218      490009
 219              		.text
 220              		.section	.gnu.lto_.decls.7a9436c0,"",%progbits
 221 0000 789CB53A 		.ascii	"x\234\265:iTT\351\225\365\275\357\325BQ\200A\223cz8"
 221      695454E9 
 221      95F5BDEF 
 221      D5425180 
 221      4193637A 
 222 0015 673C7DCC 		.ascii	"g<}\314\204\223E\333t\307\356$s&\335\343L\222>3\235"
 222      849345DB 
 222      74C7EE24 
 222      7326DDE3 
 222      4C923E33 
 223 002a CE89E999 		.ascii	"\316\211\351\231?\316T\260\250\026\322l\251*\332v\376"
 223      3FCE54B0 
 223      A816D26C 
 223      A92ADA76 
 223      FE
 224 003b A4584405 		.ascii	"\244XD\005\025YdG\021\005Y\205vWP\021e\021\005\024T"
 224      15596447 
 224      11055985 
 224      76575011 
 224      65110514 
 225 0050 5C9055C0 		.ascii	"\\\220U\300\005P\301\226Ma\356\267T\275WE\225K2\303"
 225      0550C196 
 225      4D61EEB7 
 225      54BD5745 
 225      954B32C3 
 226 0064 E1D67BF7 		.ascii	"\341\326{\367{\367\273\373\275\337\367\026\245BP4,W"
 226      7BF7BBFB 
 226      BDDFF716 
 226      A5425034 
 226      2C57
 227 0076 28FEA851 		.ascii	"(\376\250Q(\356!\205b\016\376\260B\241(\007 G?\000\025"
 227      28EE2185 
 227      620EFEB0 
 227      42A12807 
 227      20473F00 
 228 008b C0A70AF6 		.ascii	"\300\247\012\366G\316\317\000\335u\200\333\000O\000"
 228      47CECF00 
 228      DD7580DB 
 228      004F00
 229 009a 26006690 		.ascii	"&\000f\220b\336\337_\200\301[p\364\005X\004`\006\232"
 229      62DEDF5F 
 229      80C15B70 
 229      F4055804 
 229      60069A
 230 00ad 52805638 		.ascii	"R\200V8\277\000P\003p\030\3403\200\2070\376\013\200"
 230      BF005003 
 230      7018E033 
 230      808730FE 
 230      0B80
 231 00bf E788C97A 		.ascii	"\347\210\311z\006\307Sp\234\205#\026\024\012\021@\011"
 231      06C75370 
ARM GAS  C:\Users\user\AppData\Local\Temp\ccsI3qMf.s 			page 18


 231      9C852316 
 231      140A1140 
 231      09
 232 00d0 F018700B 		.ascii	"\360\030p\013\300{\210\353&0\235n\001\256\206\343}8"
 232      C07B88EB 
 232      26309D6E 
 232      01AE86E3 
 232      7D38
 233 00e2 F603F401 		.ascii	"\366\003\364\001\334\005\030\002\030\004H\007\360\340"
 233      DC051802 
 233      18044807 
 233      F0E0
 234 00f0 BA137D3D 		.ascii	"\272\023}=`\236'\300\267\004f\003\261e!\234\177[\230"
 234      609E27C0 
 234      B7046603 
 234      B165219C 
 234      7F5B98
 235 0103 6F4739D8 		.ascii	"oG9\330\361wNv\264#\3276\020\335\211\035\337\001>\323"
 235      F1774E76 
 235      B423D736 
 235      10DD891D 
 235      DF013ED3 
 236 0117 70BCC2ED 		.ascii	"p\274\302\355}S[<d\266\264\272\261\347O\234\356:\367"
 236      7D535B3C 
 236      64B6B4BA 
 236      B1E74F9C 
 236      EE3AF7
 237 012a FFCB6C22 		.ascii	"\377\313l\"\341\371{'\333\3221:\272\355\374)\241\013"
 237      E1F97B27 
 237      DBD2313A 
 237      BAEDFC29 
 237      A10B
 238 013c 752242B2 		.ascii	"u\"B\262\200\216\"\304~\021\005\212\316\331\376\020"
 238      808E22C4 
 238      7E11058A 
 238      CED9FE10 
 239 014c A2E3302A 		.ascii	"\242\3430*\320_FH\207\220m\006\307\005\216\012\234%"
 239      D05F4648 
 239      87906D06 
 239      C7058E0A 
 239      9C25
 240 015e FDE79391 		.ascii	"\375\347\223\221\214#\273\314$\331\376\024\214\234i"
 240      8C23BBCC 
 240      24D9FE14 
 240      8C9C69
 241 016d A2A0DCD9 		.ascii	"\242\240\334\331l$H\002\020\222O\2201dj\363\353v\375"
 241      6C244802 
 241      10924F90 
 241      31646AF3 
 241      EB76FD
 242 0180 149271C8 		.ascii	"\024\222q\310f\375\223\314K\203\332nt\207\214\346}\210"
 242      66FD93CC 
 242      4B83DA6E 
 242      74878CE6 
 242      7D88
 243 0192 E8D8EE89 		.ascii	"\350\330\356\211\242\0315\026\0209\357\236*\372\325"
 243      A2193516 
ARM GAS  C:\Users\user\AppData\Local\Temp\ccsI3qMf.s 			page 19


 243      1039EF9E 
 243      2AFAD5
 244 01a1 B2322BFB 		.ascii	"\2622+\373\323,\223\334v\240l\246RK\302\210>\323\241"
 244      D32C93DC 
 244      76A06CA6 
 244      524BC288 
 244      3ED3A1
 245 01b4 B52219BA 		.ascii	"\265\"\031\272\022[\231\203\267c\344\253E\"a\335\234"
 245      125B9983 
 245      B763E4AB 
 245      452261DD 
 245      9C
 246 01c5 D5EF0DE8 		.ascii	"\325\357\015\350\"-Z\342zB\335\334D\215\017\233 \000"
 246      222D5AE2 
 246      7A42DDDC 
 246      448D0F9B 
 246      2000
 247 01d7 DAF6F852 		.ascii	"\332\366\370R\256'\233\260\000\320\341C\227\012\360"
 247      AE279BB0 
 247      00D0E143 
 247      970AF0
 248 01e6 E2342A39 		.ascii	"\3424*9\306\272@@\377\361\035T\211\374P\005\202LA_\243"
 248      C6BA4040 
 248      FFF11D54 
 248      89FC5005 
 248      824C415F 
 249 01fb C5F07B00 		.ascii	"\305\360{\000\211L\235\303\025\227r\265\272x\2535\332"
 249      894C9DC3 
 249      159772B5 
 249      BA78AB35 
 249      DA
 250 020c BA23C6EA 		.ascii	"\272#\306\352\361\033r\035\225\003u\031\245>\210t\250"
 250      F11B721D 
 250      95037519 
 250      A53E8874 
 250      A8
 251 021d 042D63B4 		.ascii	"\004-c\264\025\265\373\2065\370\357\211}\302\271\313"
 251      15B5FB86 
 251      35F8EF89 
 251      7DC2B9CB 
 252 022d 4DAD9E48 		.ascii	"M\255\236H\347\357f&:\202\374e\223\013\211.5s\261oG"
 252      E7EF6626 
 252      3A82FC65 
 252      930B892E 
 252      3573B16F 
 253 0242 6DB45A05 		.ascii	"m\264Z\005t\030.\034B\230_$t\\\300x\356\270HM%\024\245"
 253      74182E1C 
 253      42985F24 
 253      745CC078 
 253      EEB8484D 
 254 0259 881A7BA7 		.ascii	"\210\032{\247\261\270\224x\347\373ZD\202\344C\350\206"
 254      B1B89478 
 254      E7FB5A44 
 254      82E443E8 
 254      86
 255 026a 4F4C79B1 		.ascii	"OLy\261!B\321\2268\266O\215\003\250^\231M\035\265\""
 255      2142D196 
ARM GAS  C:\Users\user\AppData\Local\Temp\ccsI3qMf.s 			page 20


 255      38B64F8D 
 255      03A85E99 
 255      4D1DB522 
 256 027e F2D73289 		.ascii	"\362\3272\211C\271\377\2249f\265.AUH\213NH\022\277\257"
 256      43B9FF94 
 256      3966B52E 
 256      4155488B 
 256      4E4812BF 
 257 0293 85DFCD76 		.ascii	"\205\337\315v\325\025\222\336'Ao`K\350\320q\030<\006"
 257      D51592DE 
 257      27416F60 
 257      4BE8D071 
 257      183C06
 258 02a6 8320A278 		.ascii	"\203 \242x_R\276\012\337@TF\375\351\3337D\244\365w\311"
 258      5F52BE0A 
 258      DF405446 
 258      FDE9DB37 
 258      44A4F577 
 259 02bb E0B40B06 		.ascii	"\340\264\013\006L\231\326\352\267\353\251\371\247@\231"
 259      4C99D6EA 
 259      B7EBA9F9 
 259      A74099
 260 02ca 6A4919D0 		.ascii	"jI\031\320\215\231oM\235\331\355\205ki\002\011\326\201"
 260      8D996F4D 
 260      9DD9ED85 
 260      6B690209 
 260      D681
 261 02dc BA01C19D 		.ascii	"\272\001\301\235\220\263n\205t\334\\\2221M,\256\001"
 261      90B36E85 
 261      74DC5C92 
 261      314D2CAE 
 261      01
 262 02ed 21672421 		.ascii	"!g$!\247lBj\3164l\325Q\037\023\212\243\314\307\327&"
 262      A76C426A 
 262      CE346CD5 
 262      511F138A 
 262      A3CCC7D7 
 263 0302 4F4DEB70 		.ascii	"OM\353p&&\222\305\236\275c\017U\310\337\017!-@\241-"
 263      262692C5 
 263      9EBD630F 
 263      55C8DF0F 
 263      212D40A1 
 264 0317 8715A81E 		.ascii	"\207\025\250\036&\234C\330\326\003\262\254\240\333\343"
 264      269C43D8 
 264      D603B2AC 
 264      A0DBE3
 265 0326 BF9061E6 		.ascii	"\277\220a\346\313\307\371V\274X\201\336\365C\357\200"
 265      CBC7F956 
 265      BC5881DE 
 265      F543EF80 
 266 0336 8EE74147 		.ascii	"\216\347AGrI\201\032@\303:\3200\313\252\241# pG\363"
 266      7249811A 
 266      40C33AD0 
 266      30CBAAA1 
 266      23207047 
 267 034b 9E6C0F2D 		.ascii	"\236l\017-\237\265\371\245\263\200\372\361x\347UA\236"
 267      9FB5F9A5 
ARM GAS  C:\Users\user\AppData\Local\Temp\ccsI3qMf.s 			page 21


 267      B380FAF1 
 267      78E75541 
 267      9E
 268 035c A48DA089 		.ascii	"\244\215\240\211\224\244\027h\376\020\302\336\370\276"
 268      94A41768 
 268      FE10C2DE 
 268      F8BE
 269 036a FB4A6A1C 		.ascii	"\373Jj\034\214\241Z\307\004\372t~\002}\312\022h\337"
 269      8CA15AC7 
 269      04FA747E 
 269      027DCA12 
 269      68DF
 270 037c D4A3633A 		.ascii	"\324\243c:\274\213\232/\\95\322\253\261g\320\243\341"
 270      BC8B9A2F 
 270      5C3935D2 
 270      ABB167D0 
 270      A3E1
 271 038e B7ABBA88 		.ascii	"\267\253\272\210?[Ad\263\344\317O\335fP\013X\360)\217"
 271      3F5B4164 
 271      B3E4CF4F 
 271      DD66500B 
 271      58F0298F 
 272 03a2 CD2518BC 		.ascii	"\315%\030\274\310lh\370:\246\225\2251\341\324\304T\263"
 272      C86C68F8 
 272      3AA69595 
 272      31E1D4C4 
 272      54B3
 273 03b4 55AE2FAB 		.ascii	"U\256/\253\334\243\203\027\352\265\254\220\255\010\360"
 273      DCA38317 
 273      EAB5AC90 
 273      AD08F0
 274 03c3 ACAAA74D 		.ascii	"\254\252\247MJvY\003\350\261\321\322c^\354r\015\231"
 274      4A765903 
 274      E8B1D1D2 
 274      635EEC72 
 274      0D99
 275 03d5 7D62DC7A 		.ascii	"}b\334z\330\013'\212\324\206\363O\273\013u8\215!c]E"
 275      D80B278A 
 275      D486F34F 
 275      BB0B7538 
 275      8D21635D 
 276 03ea 251E389B 		.ascii	"%\0368\233!;:\247\252=\361\036\216\314\274\350Q\343"
 276      213B3AA7 
 276      AA3DF11E 
 276      8ECCBCE8 
 276      51E3
 277 03fc 42868C14 		.ascii	"B\206\214\024\264\034\364\000\206\376Z\364\027\231W"
 277      B41CF400 
 277      86FE5AF4 
 277      179957
 278 040b FC995772 		.ascii	"\374\231Wr\222\372\322=p\031%\025v\015\337\210\361\222"
 278      92FAD23D 
 278      70192515 
 278      760DDF88 
 278      F192
 279 041d D5D53FE4 		.ascii	"\325\325?\344\322\272\352\002[:%\257\370\333\275\222"
 279      D2BAEA02 
ARM GAS  C:\Users\user\AppData\Local\Temp\ccsI3qMf.s 			page 22


 279      5B3A25AF 
 279      F8DBBD92 
 280 042d 1763FD56 		.ascii	"\027c\375V\324\012\005\272\012\036h'n\271\003n\361\347"
 280      D40A05BA 
 280      0A1E6827 
 280      6EB9036E 
 280      F1E7
 281 043f 6EB90D83 		.ascii	"n\271\015\203\267\230[6\305\026%z\342cLH\335\355\270"
 281      B7985B36 
 281      C516257A 
 281      E2634C48 
 281      DDEDB8
 282 0452 2FED325A 		.ascii	"/\3552Z\253\177\322@\313\245\027dtK2\272\220{!=\256"
 282      AB7FD240 
 282      CBA51764 
 282      744B32BA 
 282      907B213D 
 283 0467 857455DC 		.ascii	"\205tU\334>/\342\032&\244-=\356\221\322.\245;\023\337"
 283      3E2FE21A 
 283      26A42D3D 
 283      EE91D22E 
 283      A53B13DF 
 284 047b 39079925 		.ascii	"9\007\231%\242\273 \246O\022\323\373\0221\375\256\305"
 284      A2BB20A6 
 284      4F12D3FB 
 284      1231FDAE 
 284      C5
 285 048c 14C45D1B 		.ascii	"\024\304]\033\362\306\011J\352\275\262\332\314&O\234"
 285      F2C6094A 
 285      EABDB2DA 
 285      CC264F9C 
 286 049c CE90FCA8 		.ascii	"\316\220\374\250k\027\275p\016C\272g\272\216`\274\207"
 286      6B17BD70 
 286      0E43BA67 
 286      BA8E60BC 
 286      87
 287 04ad 2125B34F 		.ascii	"!%\263O\233|p!Cn\357\252\277\257\303\207\031\"\365}"
 287      9B7C7021 
 287      436EEFAA 
 287      BFAFC387 
 287      1922F57D 
 288 04c1 C826D6F7 		.ascii	"\310&\326\367\357>\316x\350e\317\241\207,\207\256\226"
 288      EF3ECE78 
 288      E865CFA1 
 288      872C87AE 
 288      96
 289 04d2 D7152AE5 		.ascii	"\327\025*\345\355\036\226\011\251\335\217\320v?lk\367"
 289      ED1E9609 
 289      A9DD8FD0 
 289      763F6C6B 
 289      F7
 290 04e3 472EEDCE 		.ascii	"G.\355\316V\312+i\304\241\335\217\312\333\375\241\256"
 290      56CA2B69 
 290      C4A1DD8F 
 290      CADBFDA1 
 290      AE
 291 04f4 EDE7BCF0 		.ascii	"\355\347\274\360)\252\215\260\345^\337\000r\354\367"
ARM GAS  C:\Users\user\AppData\Local\Temp\ccsI3qMf.s 			page 23


 291      29AA8DB0 
 291      E55EDF00 
 291      72ECF7
 292 0503 F2A9E809 		.ascii	"\362\251\350\011\270d\324\251\337w\234\300\211{\251"
 292      B864D4A9 
 292      DF779CC0 
 292      897BA9
 293 0512 6F1FC395 		.ascii	"o\037\303\225G\222oGm\015?5\355F\211\017\336\256\242"
 293      47926F47 
 293      6D0D3F35 
 293      ED46890F 
 293      DEAEA2
 294 0525 06DBD63D 		.ascii	"\006\333\326=_\276\356\335;\223c+\006\262\312\025U\034"
 294      5FBEEEDD 
 294      3B93632B 
 294      06B2CA15 
 294      551C
 295 0537 E8F0C459 		.ascii	"\350\360\304Y\214\266t\"\366\210\017\336\305\020[]\370"
 295      8CB67422 
 295      F6880FDE 
 295      C5105B5D 
 295      F8
 296 0548 F2BA281A 		.ascii	"\362\272(\032\314\331\256c\370\007\304A\227\273\012"
 296      CCD9AE63 
 296      F807C441 
 296      97BB0A
 297 0557 30DEC768 		.ascii	"0\336\307h;\017m;\247\301\345\014\251:V]\317\353\353"
 297      3B0F6D3B 
 297      A7C1E50C 
 297      A93A565D 
 297      CFEBEB
 298 056a 1D4063EE 		.ascii	"\035@c\356\346\366z\343#\354Z}b\354V->M\021\241t\333"
 298      E6F67AE3 
 298      23EC5A7D 
 298      62EC562D 
 298      3E4D11A1 
 299 0580 E661B71D 		.ascii	"\346a\267\035\177\356%\315\370G\254\031\317B\270^\270"
 299      7FEE25CD 
 299      F847AC19 
 299      CF42B85E 
 299      B8
 300 0591 68C6D9E3 		.ascii	"h\306\331\343w\356{0\005\374\311*sr\274@\205\233\230"
 300      77EE7B30 
 300      05FCC92A 
 300      7372BC40 
 300      859B98
 301 05a4 02E7FBDB 		.ascii	"\002\347\373\333\033\225\270\235!y\265\275?\306w\331"
 301      1B95B89D 
 301      2179B5BD 
 301      3FC677D9 
 302 05b4 F9C99DD5 		.ascii	"\371\311\235\325#\032|\237!}s\263\177\302S\354|K\331"
 302      231A7C9F 
 302      217D73B3 
 302      7FC253EC 
 302      7C4BD9
 303 05c7 967A6F1C 		.ascii	"\226zo\034\245f)w\246jX\215\223\030R\364\240\3739\306"
 303      A5662977 
ARM GAS  C:\Users\user\AppData\Local\Temp\ccsI3qMf.s 			page 24


 303      A66A588D 
 303      931852F4 
 303      A0FB39C6 
 304 05db 790CE9ED 		.ascii	"y\014\351\355l\250\364\306\371\014\251\232\310\256\362"
 304      6CA8F4C6 
 304      F90CA99A 
 304      C8AEF2
 305 05ea C1C50C69 		.ascii	"\301\305\014i\356\237\033\323\342J\206\034\313\232\255"
 305      EE9F1BD3 
 305      E24A861C 
 305      CB9AAD
 306 05f9 11F13186 		.ascii	"\021\3611\206l\334V\236N\202\241b=TM\223q\372\250\310"
 306      6CDC569E 
 306      4E82A162 
 306      3D544D93 
 306      71FAA8C8 
 307 060d 8688B15F 		.ascii	"\206\210\261_\301Pnf\347\327\336\270\212N\021\206{\267"
 307      C1506E66 
 307      E7D7DEB8 
 307      8A4E1186 
 307      7BB7
 308 061f C46B641D 		.ascii	"\304kd\035ce\346c\342\212$A\213\022\005\273+T\274\312"
 308      6365E663 
 308      E28A2441 
 308      8B1205BB 
 308      2B54BCCA 
 309 0633 ACF3DCBA 		.ascii	"\254\363\334\272C\360'\274\251[\267\013~h\233@\213l"
 309      43F027BC 
 309      A95BB70B 
 309      7E689B40 
 309      8B6C
 310 0645 6CEAF161 		.ascii	"l\352\361a\021\3271\031\361\275c/|X\\\3463Hu\301\300"
 310      11D73119 
 310      F1BD632F 
 310      7C585CE6 
 310      334875C1 
 311 065a DE5A8ED0 		.ascii	"\336Z\216\320\326\222\002\312$K\312\200n|\035\261\316"
 311      D69202CA 
 311      244BCA80 
 311      6E7C1DB1 
 311      CE
 312 066b 64EA7033 		.ascii	"d\352p3\023RU\276w\263\326nH\307\315\367XL\323a\356"
 312      135255BE 
 312      77B3D66E 
 312      48C7CDF7 
 312      584CD361 
 313 0680 4E696E8A 		.ascii	"Nin\212\340\326\2224\327\226L\247\2348\342\211\333\231"
 313      E0D69234 
 313      D7964CA7 
 313      9C38E289 
 313      DB99
 314 0692 8313768E 		.ascii	"\203\023v\216\024z\343\233\014\231\271\227z\023\261"
 314      147AE39B 
 314      0C99B997 
 314      7A13B1
 315 06a1 B4D0011A 		.ascii	"\264\320\001\032]u3\311\207UB\017]5\2467\317\212x\220"
 315      5D7533C9 
ARM GAS  C:\Users\user\AppData\Local\Temp\ccsI3qMf.s 			page 25


 315      8755420F 
 315      5D35A637 
 315      CF8A7890 
 316 06b5 D1766C6D 		.ascii	"\321vlm\277\255\302\243L\325\251\007\215\345\236vU\233"
 316      BFADC2A3 
 316      4CD5A907 
 316      8DE59E76 
 316      559B
 317 06c7 16C3B28D 		.ascii	"\026\303\262\215v\203\236\271\257\245\347.\327z\326"
 317      76839EB9 
 317      AFA5E72E 
 317      D77AD6
 318 06d6 B7E68D6B 		.ascii	"\267\346\215k\360S&\356DR2$\3374C\2722\022\252<\361"
 318      F05326EE 
 318      44523224 
 318      DF3443BA 
 318      3212AA3C 
 319 06eb 360D454E 		.ascii	"6\015EN'\216\035\367\300\251\014\3314\331W\351\203s"
 319      278E1DF7 
 319      C0A90CD9 
 319      34D957E9 
 319      8373
 320 06fd 19F220A6 		.ascii	"\031\362 \246\246W\304\373\030R\261\361n\261\006\214"
 320      A657C4FB 
 320      1852B1F1 
 320      6EB1068C 
 321 070d F1834C42 		.ascii	"\361\203LB\262E\307\217-:\207k\306\313E\\Li\205\243"
 321      B245C78F 
 321      2D3A876B 
 321      C6CB455C 
 321      4C6985A3 
 322 0721 87EF6669 		.ascii	"\207\357fie)\264l\343&\022\265\022\260\250H\262\310"
 322      6529B46C 
 322      E32612B5 
 322      12B0A848 
 322      B2C8
 323 0733 CFDEA81D 		.ascii	"\317\336\250\0357 \305`\216\0377g?\230S\310\314)\336"
 323      3720C560 
 323      8E1F3767 
 323      3F9853C8 
 323      CC29DE
 324 0746 5D74DE0B 		.ascii	"]t\336\013\037b\0222w\236=\354-[r\336>D\363\242\034"
 324      1F621232 
 324      779E3DEC 
 324      2D5B72DE 
 324      3E44F3A2 
 325 075b 24944A12 		.ascii	"$\224J\022J\0047\"\312\\\213\210Ni/\363\300ULDo\315"
 325      4A043722 
 325      CA5C8B88 
 325      4E692FF3 
 325      C0554C44 
 326 0771 B9642C4B 		.ascii	"\271d,K\237\017:\250\021\225 \342\200$\242\334\235\210"
 326      9F0F3AA8 
 326      119520E2 
 326      8024A2DC 
 326      9D88
 327 0783 0AD72276 		.ascii	"\012\327\"vf\015.\306\347\230K\023\266\316V`|\201\211"
ARM GAS  C:\Users\user\AppData\Local\Temp\ccsI3qMf.s 			page 26


 327      660D2EC6 
 327      E7984B13 
 327      B6CE5660 
 327      7C8189
 328 0796 CB3D3D9D 		.ascii	"\313==\235(Y\324\247\376\020\035\006I\007_C\322!\327"
 328      2859D4A7 
 328      FE101D06 
 328      49075F43 
 328      D221D7
 329 07a9 92EEE43E 		.ascii	"\222\356\344>\032\027\361\025&j\337\271\212+j\334\301"
 329      1A17F115 
 329      266ADFB9 
 329      8A2B6ADC 
 329      C1
 330 07ba 44F5DF3F 		.ascii	"D\365\337?8)\355\011\036\200\250\343 \352\350k\210:"
 330      3829ED09 
 330      1E80A8E3 
 330      20EAE86B 
 330      883A
 331 07cc E65AD468 		.ascii	"\346Z\324h"
 332 07d0 EC400FDF 		.ascii	"\354@\017\337\016-&\005\222\232\361.\356a\202\213\036"
 332      0E2D2605 
 332      929AF12E 
 332      EE61828B 
 332      1E
 333 07e1 DDBFE02D 		.ascii	"\335\277\340-_\270\356:l\001\253\004\333\0260\272\357"
 333      5FB8EE3A 
 333      6C01AB04 
 333      DB1630BA 
 333      EF
 334 07f2 E8758487 		.ascii	"\350u\204\207\330\254\263\3151\305\236x\230!}/\366\334"
 334      D8ACB3CD 
 334      31C59E78 
 334      98217D2F 
 334      F6DC
 335 0804 55E33186 		.ascii	"U\3431\206Lf\\\330\347\205'\031\222\\v\271C\205\237"
 335      4C665CD8 
 335      E7852719 
 335      925C76B9 
 335      43859F
 336 0817 33A4EBC0 		.ascii	"3\244\353\300l\265\012\3171dw\347\223r5\216\366\240"
 336      6CB50ACF 
 336      316477E7 
 336      9372358E 
 336      F6A0
 337 0829 F69EBDB6 		.ascii	"\366\236\275\266\247\330\313q\015\204[+{\371\234\007"
 337      A7D8CB71 
 337      0D845B2B 
 337      7BF99C07 
 338 0839 A33E735C 		.ascii	"\243>s\\\001aw\321\334\277\211\254\200\347\004\330\217"
 338      016177D1 
 338      DCBF89AC 
 338      80E704D8 
 338      8F
 339 084a 4A9EF98C 		.ascii	"J\236\371\214/\200=\321\365\355\032\234\340\301\026"
 339      2F803DD1 
 339      F5ED1A9C 
ARM GAS  C:\Users\user\AppData\Local\Temp\ccsI3qMf.s 			page 27


 339      E0C116
 340 0859 C0D1ABCF 		.ascii	"\300\321\253\317a?\307\020\353\324\351[*\234\302\220"
 340      613FC710 
 340      EBD4E95B 
 340      2A9CC290 
 341 0869 DB3B277B 		.ascii	"\333;'{<p\032C\032\257%\234\021q&C\366_\354\261*q\016"
 341      3C701A43 
 341      1AAF259C 
 341      11712643 
 341      F65FECB1 
 342 0880 43AAE32F 		.ascii	"C\252\343/>\327\340\335\014\311:\271)Z\213\363\031R"
 342      3ED7E0DD 
 342      0CC93AB9 
 342      295A8BF3 
 342      1952
 343 0892 3A379EA8 		.ascii	":7\236\250\303\005\014\231\254\276\222/07/%[\220\232"
 343      C3050C99 
 343      ACBE922F 
 343      30372F25 
 343      5B909A
 344 08a5 8446CCDA 		.ascii	"\204F\314\332K\036,\264\236;\363\217\234\367FK\331\337"
 344      4B1E2CB4 
 344      9E3BF38F 
 344      9CF7464B 
 344      D9DF
 345 08b7 C2A5FE4B 		.ascii	"\302\245\376K\363\211\2755\255\007\224\367K\233\266"
 345      F389BD35 
 345      AD0794F7 
 345      4B9BB6
 346 08c6 5AF36A11 		.ascii	"Z\363j\021\265\246\001\254\351\020\026J\366_\241\221"
 346      B5A601AC 
 346      E910164A 
 346      F65FA191 
 347 08d6 2827BF0A 		.ascii	"('\277\0126\245\355\2773\2555\261\230\222\327;\223\237"
 347      36A5EDBF 
 347      33AD35B1 
 347      9892D73B 
 347      939F
 348 08e8 1008F90A 		.ascii	"\020\010\371\012\211\272VF\335\350\232\271\214\272O"
 348      89BA5646 
 348      DDE89AB9 
 348      8CBA4F
 349 08f7 467DD699 		.ascii	"F}\326\231z|\036\365\177I\324\227\234\251\227;\021?"
 349      7A7C1EF5 
 349      7F49D497 
 349      9CA9973B 
 349      113F
 350 0909 90115F74 		.ascii	"\220\021_tI,7rZF}\301\231\272]\346\223$\332s\255\326"
 350      492C3772 
 350      5A467DC1 
 350      99BA5DE6 
 350      9324DA73 
 351 091f 0F45D8BF 		.ascii	"\017E\330\277A\322\267\200\003P3\237\001y\201nB\002"
 351      41D2B780 
 351      0350339F 
 351      0179816E 
 351      4202
ARM GAS  C:\Users\user\AppData\Local\Temp\ccsI3qMf.s 			page 28


 352 0931 5D1596A2 		.ascii	"]\025\226\242k\0007\000\256\003\264\001\\\006\270\002"
 352      6B003700 
 352      AE03B401 
 352      5C06B802 
 353 0941 700BA05D 		.ascii	"p\013\240]XJo\276\230\3541\231\354&\327\262\251],\033"
 353      584A6FBE 
 353      98EC3199 
 353      EC26D7B2 
 353      A95D2C1B 
 354 0955 5B6E2F88 		.ascii	"[n/\210\262Z\021\241R\360D\224Xuu\371&\307X\033\337"
 354      B25A11A1 
 354      52F04494 
 354      587575F9 
 354      26C7581B 
 355 096a A1BCEA5C 		.ascii	"\241\274\352\\\007\213\331\001)\223\322\224\262]\224"
 355      078BD901 
 355      2993D294 
 355      B25D94
 356 0979 57A39C18 		.ascii	"W\243\234\030\366\304\366j\354\252\316\237\360\302\337"
 356      F6C4F66A 
 356      ECAACE9F 
 356      F0C2DF
 357 0988 D0BCC3AD 		.ascii	"\320\274\303\255\217r\252uh\351B\177&\021\212#k\340"
 357      8F72AA75 
 357      68E9427F 
 357      26118A23 
 357      6BE0
 358 099a 224B2898 		.ascii	"\"K(\230\201j@h\227\353\270$\361\345\212\270\316~\271"
 358      816A4068 
 358      97EBB824 
 358      F1E58AB8 
 358      CE7EB9
 359 09ad 93D313D7 		.ascii	"\223\323\023\327u\203\353\356p\327pc\213\231\261]\216"
 359      7583EBEE 
 359      70D77063 
 359      8B99B15D 
 359      8E
 360 09be C6925A88 		.ascii	"\306\222Z\210\036\032\3018\232\2557\017\007K\257\013"
 360      1E1AC138 
 360      9AAD370F 
 360      074BAF0B 
 361 09ce 7813BFE3 		.ascii	"x\023\277\343\351\256\355\342\333\261\363\004?\332\235"
 361      E9AEEDE2 
 361      DBB1F304 
 361      3FDA9D
 362 09dd BA45C72B 		.ascii	"\272E\307+\203<\231\031z\366\354\272\012'1\342Cs\305"
 362      833C9919 
 362      7AF6ECBA 
 362      0A2731E2 
 362      4373C5
 363 09f0 7118A733 		.ascii	"q\030\2473\344yA\353\015\015\316c\310\331\0277s\264"
 363      E47941EB 
 363      0D0DCE63 
 363      C8D91737 
 363      73B4
 364 0a02 B89822FF 		.ascii	"\270\230\"\377\330\033\277\037\366\254PGK\227\352\026"
 364      D81BBF1F 
ARM GAS  C:\Users\user\AppData\Local\Temp\ccsI3qMf.s 			page 29


 364      F6AC5047 
 364      4B97EA16 
 365 0a12 F27FC0A0 		.ascii	"\362\177\300\240\256\374\311\001~\027\261KPhKu:\370"
 365      AEFCC901 
 365      7E17B14B 
 365      50684B75 
 365      3AF8
 366 0a24 2127FC0F 		.ascii	"!'\374\017\256\372so\265\266(\357\325\2650oA\267C'\301"
 366      AEFA736F 
 366      B5B628EF 
 366      D5B5306F 
 366      41B74327 
 367 0a39 FAFBEE42 		.ascii	"\372\373\356B$O\265~H\265>\222j\275|\006\361\327n\354"
 367      244FB57E 
 367      48B53E92 
 367      6ABD7C06 
 367      F1D76EEC 
 368 0a4d 8F76E1A5 		.ascii	"\217v\341\245(\027 \007 \033 \013 \023\340\036\244Y"
 368      28172007 
 368      201B200B 
 368      2013E01E 
 368      A459
 369 0a5f 061CD301 		.ascii	"\006\034\323\001\322\000b\000^\300\3303\200o\000\206"
 369      D2006200 
 369      5EC0D833 
 369      806F0086 
 370 0a6f 011E023C 		.ascii	"\001\036\002<pH\305\266\337\262T\204\016x\327Y\265\011"
 370      7048C5B6 
 370      DFB25484 
 370      0E78D759 
 370      B509
 371 0a81 E772EC6A 		.ascii	"\347r\354j\366M\241\311F\236AL!'\362\311y\215d\366\322"
 371      F64DA1C9 
 371      469E414C 
 371      2127F2C9 
 371      798D64F6 
 372 0a96 22463F02 		.ascii	"\"F?\002\226O\273\246\247\354e)9\352\220\222#,%\345"
 372      964FBBA6 
 372      A7EC6529 
 372      39EA9092 
 372      232C25E5 
 373 0aaa 8E69838B 		.ascii	"\216i\203\213\244\255\240A\320w\224;&\037\034\263\007"
 373      A4ADA041 
 373      D077943B 
 373      261F1CB3 
 373      07
 374 0abb 0C1E0303 		.ascii	"\014\036\003\003\0379\030x\356\216r\366\240\325\272"
 374      1F391878 
 374      EE8E72F6 
 374      A0D5BA
 375 0aca 45851E83 		.ascii	"E\205\036\203\0227\020v\220\340P\3512-\2368h\361\370"
 375      12371076 
 375      90E050E9 
 375      322D9E38 
 375      68F1F8
 376 0add 255AEC05 		.ascii	"%Z\354\005\311\257\326\242/\035[\367-F\343\240\3023"
 376      C9AFD6A2 
ARM GAS  C:\Users\user\AppData\Local\Temp\ccsI3qMf.s 			page 30


 376      2F1D5BF7 
 376      2D46E3A0 
 376      C233
 377 0aef D72A38FB 		.ascii	"\327*8\373\341\251\203\006d\"\253\006\2279\222\007\202"
 377      E1A98306 
 377      6422AB06 
 377      97399207 
 377      82
 378 0b00 FFFF7204 		.ascii	"\377\377r\004r\270\261\230\3470\271%z\356\034\311\031"
 378      72B8B198 
 378      E730B925 
 378      7AEE1CC9 
 378      19
 379 0b11 C7C84319 		.ascii	"\307\310C\031\267\375[\024M\253\011 \213\342ye\277\017"
 379      B7FD5B14 
 379      4DAB0920 
 379      8BE27965 
 379      BF0F
 380 0b23 B7BA4979 		.ascii	"\267\272Iy;\301sh\013S\334\234\0318\237\006\225&\035"
 380      3BC17368 
 380      0B53DC9C 
 380      19389F06 
 380      95261D
 381 0b36 546A29E1 		.ascii	"Tj)\341\231E\034\023\003\002\246\3344{\227\374\243\371"
 381      99451C13 
 381      0302A6DC 
 381      347B97FC 
 381      A3F9
 382 0b48 04F7FC6B 		.ascii	"\004\367\374k\177\300\312b\234\347\314|\366\262\006"
 382      7FC0CA62 
 382      9CE7CC7C 
 382      F6B206
 383 0b57 3DCB7BD6 		.ascii	"=\313{\326\224c\317b\027'\036*\213\366&\223\275\004"
 383      9463CF62 
 383      17271E2A 
 383      8BF62693 
 383      BD04
 384 0b69 F145ACB4 		.ascii	"\361E\254\264\227 \3246w\201\207\313\354\036\006\262"
 384      9720D436 
 384      778187CB 
 384      EC1E06B2 
 385 0b79 8DCEA568 		.ascii	"\215\316\245h\025^\336T\243!\350V\314,\212\202\3639"
 385      155EDE54 
 385      A321E856 
 385      CC2C8A82 
 385      F339
 386 0b8b 476F15CB 		.ascii	"Go\025\313\274E\314!\244\257\333\257\343\004\354\222"
 386      BC45CC21 
 386      A4AFDBAF 
 386      E304EC92 
 387 0b9b 3533AF9E 		.ascii	"53\257\236\333\016\024.m\317\214\241\266\023\2436I\266"
 387      DB0E142E 
 387      6DCF8CA1 
 387      B613A336 
 387      49B6
 388 0bad 136A99ED 		.ascii	"\023j\231\355\273m\266\307\342Eh\263\263\355\343\262"
 388      BB6DB6C7 
ARM GAS  C:\Users\user\AppData\Local\Temp\ccsI3qMf.s 			page 31


 388      E24568B3 
 388      B3EDE3B2 
 389 0bbd EC4A76A1 		.ascii	"\354Jv\241\241\202N#\352\355\004\365R!\245S\000\222"
 389      A1824E23 
 389      EAED04F5 
 389      5221A553 
 389      0092
 390 0bcf 01B6036C 		.ascii	"\001\266\003l\003\330\004\020\007\260\021\313\275\362"
 390      03D80410 
 390      07B011CB 
 390      BDF2
 391 0bdd E0631663 		.ascii	"\340c\026c\222\322[@(\341\342vs1\332(ke\361\257\242"
 391      92D25B40 
 391      28E1E276 
 391      7331DA28 
 391      6B65F1AF 
 392 0bf2 EEFB2563 		.ascii	"\356\373%c\275\031\353P\202{bY\271o\301\362r\207y\316"
 392      BD19EB50 
 392      827B6259 
 392      B96FC1F2 
 392      728779CE 
 393 0c06 0D271B6A 		.ascii	"\015'\033j=\213\324z&\360\333\302\343\261\025\014N\000"
 393      3D8BD47A 
 393      26F0DBC2 
 393      E3B1150C 
 393      4E00
 394 0c18 C3E225C3 		.ascii	"\303\342%\303\210Gg\224\217\306\356Z\255\311:z\267\273"
 394      88476794 
 394      8FC6EE5A 
 394      ADC93A7A 
 394      B7BB
 395 0c2a 954F70D5 		.ascii	"\225Op\325p\330\204\007\337!\315\211\344g\006\247\265"
 395      70D88407 
 395      DF21CD89 
 395      E46706A7 
 395      B5
 396 0c3b 978A73AE 		.ascii	"\227\212s\256\017\306)\311\335\351\026\354\274\027a"
 396      0FC629C9 
 396      DDE916EC 
 396      BC1761
 397 0c4a 917CB89F 		.ascii	"\221|\270\237G\222\334\276\346\274\312M\317Nq\247&\202"
 397      4792DCBE 
 397      E6BCCA4D 
 397      CF4E71A7 
 397      2682
 398 0c5c 9FF25ECB 		.ascii	"\237\362^\313O;\200R\362S\"\363\223\233\266\211\222"
 398      4F3B8052 
 398      F25322F3 
 398      939BB689 
 398      92
 399 0c6d C03D52E7 		.ascii	"\300=R\347\264\347\344\326\230\004\222\223\204\325\036"
 399      B4E7E4D6 
 399      98049293 
 399      84D51E
 400 0c7c 2927C769 		.ascii	")'\307i\223\267w\274\326\006n\011\254\214\371/5\204"
 400      93B777BC 
 400      D6066E09 
ARM GAS  C:\Users\user\AppData\Local\Temp\ccsI3qMf.s 			page 32


 400      AC8CF92F 
 400      3584
 401 0c8e 5441355F 		.ascii	"TA5_\030\211\331{_E\335\364\013\226\035\204x\237{b\246"
 401      1889D97B 
 401      5F45DDF4 
 401      0B961D84 
 401      789F7B62 
 402 0ca3 EFF5932A 		.ascii	"\357\365\223*\342p\240\231\277\371{V\341;\036m\315x"
 402      E270A099 
 402      BFF97B56 
 402      E13B1E6D 
 402      CD78
 403 0cb5 87DE9516 		.ascii	"\207\336\225\026\360\272\341\367j\254j*e\253q\323\362"
 403      F0BAE1F7 
 403      6AAC6A2A 
 403      65AB71D3 
 403      F2
 404 0cc6 746B4D14 		.ascii	"tkM\024\2467\226_\273\"~W\266\227^\306h\311\235\341"
 404      A637965F 
 404      BB227E57 
 404      B6975EC6 
 404      68C99DE1 
 405 0cda 1157B4B2 		.ascii	"\021W\264\262(\316\226\361(\222\207\367\325\256\367"
 405      28CE96F1 
 405      289287F7 
 405      D5AEF7
 406 0ce9 37F2FB85 		.ascii	"7\362\373\205\037I\255\365\2243\365\374\233\221\351"
 406      1F49ADF5 
 406      9433F5FC 
 406      9B91E9
 407 0cf8 1F4AE4A7 		.ascii	"\037J\344\247]\223\313\\;Z\312\003Av\230g\234\311\333"
 407      5D93CB5C 
 407      3B5ACA03 
 407      41769867 
 407      9CC9DB
 408 0d0b E771EFE3 		.ascii	"\347q\357\343\334\311\206\246\3075\271\214\373\255\037"
 408      DCC986A6 
 408      C735B98C 
 408      FBAD1F
 409 0d1a 4AAB5A86 		.ascii	"J\253Z\206\363\2526/p\245\2543\336w\263*\314=%\217\243"
 409      F3AA362F 
 409      70A5AC33 
 409      DE77B32A 
 409      CC3D258F 
 410 0d2f 48BE0E48 		.ascii	"H\276\016HIx_\266(4\334QN\217\305\3222\266\011\034}"
 410      49785FB6 
 410      2834DC51 
 410      4E8FC5D2 
 410      32B6091C 
 411 0d44 99C0964D 		.ascii	"\231\300\226M\230d\312\250+y\203ijr\215lk\206$i\243"
 411      9864CAA8 
 411      2B798369 
 411      6A728D6C 
 411      6B862469 
 412 0d59 541A6C7D 		.ascii	"T\032l}/\227\344g\353p\242\216l}\027\347\346\357\353"
 412      2F97E467 
 412      EB70A28E 
ARM GAS  C:\Users\user\AppData\Local\Temp\ccsI3qMf.s 			page 33


 412      6C7D17E7 
 412      E6EFEB
 413 0d6c F441FE8B 		.ascii	"\364A\376\213\310\346WG\266\274\354\014\366\264\260"
 413      C8E65747 
 413      B6BCEC0C 
 413      F6B4B0
 414 0d7b ABF5E7EF 		.ascii	"\253\365\347\357W\022\324\271\375\333I\025UB\362\336"
 414      5712D4B9 
 414      FDDB4915 
 414      5542F2DE 
 415 0d8b 979E9116 		.ascii	"\227\236\221\026\342E\2666\235\007mz\261l\325\035\000"
 415      E245B636 
 415      9D076D7A 
 415      B16CD51D 
 415      00
 416 0d9c AA42DEA9 		.ascii	"\252B\336\251\217Ce\036\203\306\3655\300~\207\346\325"
 416      8F43651E 
 416      83C6F535 
 416      C07E87E6 
 416      D5
 417 0dad 95AD654E 		.ascii	"\225\255eN.\20264\310\247\270\260\331\325\302\256\240"
 417      2E823634 
 417      C8A7B8B0 
 417      D9D5C2AE 
 417      A0
 418 0dbe 9308FF6A 		.ascii	"\223\010\377j\340_\002\274\213\035:\376\365l\236\035"
 418      E05F02BC 
 418      8B1D3AFE 
 418      F56C9E1D 
 419 0dce E439FC10 		.ascii	"\3449\374\020b2\334\337\"\266d\363\304.\205Nq\317%\271"
 419      6232DCDF 
 419      22B664F3 
 419      C42E854E 
 419      71CF25B9 
 420 0de2 737B2A73 		.ascii	"s{*sh\343\245Nm\034\274\361\024.\222\012BU\240\341\001"
 420      68E3A54E 
 420      6D1CBCF1 
 420      142E920A 
 420      4255A0E1 
 421 0df7 AEED4938 		.ascii	"\256\355I8?\001\332V\000\224;x\343Y\216o\212\225\250"
 421      3F01DA56 
 421      00943B78 
 421      E3598E6F 
 421      8A95A8
 422 0e0a 4022F70D 		.ascii	"@\"\367\015\250@\246\330\367\236\262\364w)c\214Ox\271"
 422      A840A6D8 
 422      F79EB2F4 
 422      7729638C 
 422      4F78B9
 423 0e1d 8C3EBF2C 		.ascii	"\214>\277,k\015i\"\340\350k|\206\335\341\262\032p\031"
 423      6B0D6922 
 423      E0E86B7C 
 423      86DDE1B2 
 423      1A7019
 424 0e30 D40260FB 		.ascii	"\324\002`\373\352\240\316f\361\240\036\004\336\327\337"
 424      EAA0CE66 
 424      F1A01E04 
ARM GAS  C:\Users\user\AppData\Local\Temp\ccsI3qMf.s 			page 34


 424      DED7DF
 425 0e3f 34A807B9 		.ascii	"4\250\007\271\011G\201\377a\340}\310!\250\317\262dA"
 425      094781FF 
 425      61E07DC8 
 425      21A8CFB2 
 425      6441
 426 0e51 ED404C86 		.ascii	"\355@L\206\373\240\216f\361\240\036\301l/4\237\3349"
 426      FBA08E66 
 426      F1A01EC1 
 426      6C2F349F 
 426      DC39
 427 0e63 A895B2FE 		.ascii	"\250\225\262\376\254 \363du\225E\273\363\301y\313!\271"
 427      AC20F364 
 427      759545BB 
 427      F3C179CB 
 427      21B9
 428 0e75 5BCAF2DB 		.ascii	"[\312\362\333\023c\335\034\243\242\017\275n\272\267"
 428      1363DD1C 
 428      A3A20FBD 
 428      6EBAB7
 429 0e84 9AF78B2C 		.ascii	"\232\367\213,o\302\252\320U\243\277\236\303m$od\036"
 429      6FC2AAD0 
 429      55A3BF9E 
 429      C36D246F 
 429      641E
 430 0e96 F018B95D 		.ascii	"\360\030\271]2ZrX\3479\340jOV\237\2718\206\\$\231\272"
 430      325A7258 
 430      E739E06A 
 430      4F569FB9 
 430      38865C24 
 431 0eac 0FDBEBF6 		.ascii	"\017\333\353\366\000\335\221q\222ljT\021v\276\005\257"
 431      00DD9171 
 431      926C6A54 
 431      1176BE05 
 431      AF
 432 0ebd 2E886B11 		.ascii	".\210k\021\350\213,R\021\227\331\213\254\270\372\033"
 432      E88B2C52 
 432      1197D98B 
 432      ACB8FA1B 
 433 0ecd 0D2AF98B 		.ascii	"\015*\371\213,\322\251\2457Y\2471y\223u\012\3637Y\325"
 433      2CD2A9A5 
 433      3759A731 
 433      7993750A 
 433      F33759D5 
 434 0ee1 B7466285 		.ascii	"\267Fb\205\267\363\254y=\320\004\263\325%\375\365\260"
 434      B7F3AC79 
 434      3DD004B3 
 434      D525FDF5 
 434      B0
 435 0ef2 CAA20F09 		.ascii	"\312\242\017\011\031*\226\332H1y_\215\212P7B\373Q\027"
 435      192A96DA 
 435      4831795F 
 435      8D8A5037 
 435      42FB5117 
 436 0f06 52A033F8 		.ascii	"R\2403\370m\230]7XpL\205S\275\234\336\264\331\277\260"
 436      6D985D37 
 436      58704C85 
ARM GAS  C:\Users\user\AppData\Local\Temp\ccsI3qMf.s 			page 35


 436      53BD9CDE 
 436      B4D9BFB0 
 437 0f1a 70FC12E1 		.ascii	"p\374\022\341,\026\347\277:\257e\203\216\257\234\317"
 437      2C16E7BF 
 437      3AAF6583 
 437      8EAF9CCF 
 438 0f2a B1C18759 		.ascii	"\261\301\207Y\271\031\">\300\330g$\227\235@\370$E\304"
 438      B919223E 
 438      C0D86724 
 438      979D40F8 
 438      2445C4
 439 0f3d E3970FD7 		.ascii	"\343\227\017\327\251\220\016n\374eyq\301\241\330\033"
 439      A9900E6E 
 439      FC657971 
 439      C1A1D81B 
 440 0f4d 585EB080 		.ascii	"X^\260\200M\034WO=e[\260\006\236g\027\336`\317]\217"
 440      4D1C574F 
 440      3D655BB0 
 440      069E6717 
 440      DE60CF5D 
 441 0f62 193DC9FA 		.ascii	"\031=\311\372&\310\372F\354\260\347f\215\376\202s|\224"
 441      26C8FA46 
 441      ECB0E766 
 441      8DFE8273 
 441      7C94
 442 0f74 F975ED9B 		.ascii	"\371u\355\233\265h)h\311\037\376\265d\360d\267)\321"
 442      B5682968 
 442      C91FFEB5 
 442      64F064B7 
 442      29D1
 443 0f86 EC5A0946 		.ascii	"\354Z\011F=\230\341\224e\315nv\215\256\366\245\012J"
 443      3D98E194 
 443      65CD6E76 
 443      8DAEF6A5 
 443      0A4A
 444 0f98 4D146E01 		.ascii	"M\024n\001\205/B\231"
 444      852F4299 
 445 0fa0 B6025C72 		.ascii	"\266\002\\rT<\303\227&f\263\253r\271\236!\253\343:\354"
 445      543CC397 
 445      2666B3AB 
 445      72B99E21 
 445      ABE33AEC 
 446 0fb4 4A57FB83 		.ascii	"JW\373\203\254\266\264\272R5N\360\246\317wk\266\245"
 446      ACB6B4BA 
 446      52354EF0 
 446      A6CF776B 
 446      B6A5
 447 0fc6 ED11D042 		.ascii	"\355\021\320B\177\227\273\3456P\346\325\212=\313\240"
 447      7F97BBE5 
 447      3650E6D5 
 447      8A3DCBA0 
 448 0fd6 197F0508 		.ascii	"\031\177\005\010/K5\321\214\371\36280\2232\251\222?"
 448      2F4B35D1 
 448      8CF9F238 
 448      309332A9 
 448      923F
 449 0fe8 37BBE210 		.ascii	"7\273\342\020\371vl{nv\340\336p\222\007\315*\030C\347"
ARM GAS  C:\Users\user\AppData\Local\Temp\ccsI3qMf.s 			page 36


 449      F9766C7B 
 449      6E76E0DE 
 449      709207CD 
 449      2A1843E7 
 450 0ffc 59565514 		.ascii	"YVU\024"
 451 1000 C63C51BA 		.ascii	"\306<Q\272/\220k\264@\256\332\012\244\374da?\222\012"
 451      2F906BB4 
 451      40AEDA0A 
 451      A4FC6461 
 451      3F920A
 452 1013 A4788017 		.ascii	"\244x\200\027\010\220\241\032I78u,\220\353\264@\022"
 452      0890A11A 
 452      49373875 
 452      2C90EBB4 
 452      4012
 453 1025 2ACA06B5 		.ascii	"*\312\006\2658\223:\006\015?L\372\206\025\010\331i\262"
 453      38933A06 
 453      0D3F4CFA 
 453      861508D9 
 453      69B2
 454 1037 0A391C7D 		.ascii	"\0129\034}\255\312\207\216\321{A\246\341\316\354#\345"
 454      ADCA878E 
 454      D17B41A6 
 454      E1CEEC23 
 454      E5
 455 1048 C8EDA747 		.ascii	"\310\355\247G\267\250\2027m\012\356L\273\330K*\270\207"
 455      B7A88237 
 455      6D0AEE4C 
 455      BBD84B2A 
 455      B887
 456 105a EDF81B13 		.ascii	"\355\370\033\023A\301=\210\222\241\016I\301\016\314"
 456      41C13D88 
 456      92A10E49 
 456      C10ECC
 457 1069 BE3841B7 		.ascii	"\2768A\267\251b\311%\327[D\\\310\024kxV\276\333\007"
 457      A962C925 
 457      D75B445C 
 457      C8146B78 
 457      56BEDB07 
 458 107d 57336428 		.ascii	"W3d({[\236\026\3272\244t&\253_\207\033\030RY\035;\302"
 458      7B5B9E16 
 458      D732A474 
 458      26AB5F87 
 458      1B185259 
 459 1094 BFA8AA21 		.ascii	"\277\250\252!\357\234\036Z\023N!\334L/j\332\332\012"
 459      EF9C1E5A 
 459      134E21DC 
 459      4C2F6ADA 
 459      DA0A
 460 10a6 0755883E 		.ascii	"\007U\210>\352\266?\353\236\333\367\203\336\2028\353"
 460      EAB63FEB 
 460      9EDBF783 
 460      DE8238EB 
 461 10b6 8E00FAA8 		.ascii	"\216\000\372\250\255\013\224\031p\177\337Cv\271\337"
 461      AD0B9419 
 461      707FDF43 
 461      76B9DF
ARM GAS  C:\Users\user\AppData\Local\Temp\ccsI3qMf.s 			page 37


 462 10c5 65BB3F42 		.ascii	"e\273?B\335\355L\355b\345x+\331\376\364\213l\026]0\237"
 462      DDED4CED 
 462      62E5782B 
 462      D9FEF48B 
 462      6C165D30 
 463 10da FFD0A107 		.ascii	"\377\320\241\007\373\361=\360\000O\303{\344a\015\244"
 463      FBF13DF0 
 463      004FC37B 
 463      E4610DA4 
 464 10ea 603F401F 		.ascii	"`?@\037\300]\200!\200A\207em4\333\217I\203\346\326\353"
 464      C05D8021 
 464      80418765 
 464      6D34DB8F 
 464      4983E6D6 
 465 10ff ACDBFC6D 		.ascii	"\254\333\374mrK6W\2164\276;\256\351eK\304(\257\304\001"
 465      724B3657 
 465      8E34BE3B 
 465      AEE9654B 
 465      C428AFC4 
 466 1114 5795D892 		.ascii	"W\225\330\222\311E\3336\364\363\375\262\202\027bm\367"
 466      C945DB36 
 466      F4F3FDB2 
 466      8217626D 
 466      F7
 467 1125 E0498CAF 		.ascii	"\340I\214\257\260B\334\2248\265_t*D\233\371h\030\254"
 467      B042DC94 
 467      38B55F74 
 467      2A449BF9 
 467      6818AC
 468 1138 7E5D0FF0 		.ascii	"~]\017\360\242d\313\320C\230\364@\312\253\001[Q\316"
 468      A264CBD0 
 468      4398F440 
 468      CAAB015B 
 468      51CE
 469 114a C4475975 		.ascii	"\304GYu\013\271\254\315\356d)^*\210\274\257\037\272"
 469      0BB9ACCD 
 469      EE64295E 
 469      2A88BCAF 
 469      1FBA
 470 115c DCE1F091 		.ascii	"\334\341\360\221\322\210Cm\217\332k\273\323z\344\236"
 470      D288436D 
 470      8FDA6BBB 
 470      D37AE49E 
 471 116c 37AD1C18 		.ascii	"7\255\034\030\343\325TT\265w\322\323}i?\246\225\363"
 471      E3D55454 
 471      B577D2D3 
 471      7D693FA6 
 471      95F3
 472 117e C85639BB 		.ascii	"\310V9\273F[\342\275x\345\314\236z+)&\317\237\220\240"
 472      465BE2BD 
 472      78E5CC9E 
 472      7A2B2926 
 472      CF9F90A0 
 473 1192 4EC9BA4E 		.ascii	"N\311\272N[\325<\241U3\267\267\353\224\027\036\360~"
 473      5BD53CA1 
 473      5533B7B7 
 473      EB94171E 
ARM GAS  C:\Users\user\AppData\Local\Temp\ccsI3qMf.s 			page 38


 473      F07E
 474 11a4 BD2F4BC6 		.ascii	"\275/K\306Y5\217<\213\262j\355\253\364S6\330r2\325\333"
 474      59358F3C 
 474      8BB26AED 
 474      ABF45336 
 474      D87232D5 
 475 11b9 EDD726CF 		.ascii	"\355\327&\317\250\236\337\330\365\314\237\250\366\344"
 475      A89EDFD8 
 475      F5CC9FA8 
 475      F6E4
 476 11c7 7AC2467F 		.ascii	"z\302F\177s\001\257p Cc\222\256c6]'\250\256g\277\331"
 476      7301AF70 
 476      20436392 
 476      AE63365D 
 476      27A8AE67 
 477 11dd B24D8B27 		.ascii	"\262M\213'\231\256m\255\335[\224\366F\310\224=k}\324"
 477      99AE6DAD 
 477      DD5B94F6 
 477      46C8943D 
 477      6B7DD4
 478 11f0 EA5E8769 		.ascii	"\352^\207i\252\303\224M\207\242\214\224r\314u\030?\256"
 478      AAC3944D 
 478      87A28C94 
 478      72CC7518 
 478      3FAE
 479 1202 2E2B88AB 		.ascii	".+\210\253\371\035%B\223\222\006\2236\015f\250\006\263"
 479      F91D2542 
 479      93920693 
 479      360D66A8 
 479      06B3
 480 1214 0D89B71D 		.ascii	"\015\211\267\035>\212$\012K\241|\316BI\216@\034\177"
 480      3E8A240A 
 480      4BA17CCE 
 480      42498E40 
 480      1C7F
 481 1226 B4BD4BD4 		.ascii	"\264\275K\324J/\324\311\333\003\211\366\005&\337\262"
 481      4A2FD4C9 
 481      DB0389F6 
 481      0526DFB2 
 482 1236 2DA777BC 		.ascii	"-\247w\274@\274u\344J\206\316w\007\317\353%\210~S'\351"
 482      40BC75E4 
 482      4A86CE77 
 482      07CFEB25 
 482      887E5327 
 483 124b 3E8B7D6D 		.ascii	">\213}ms(B\"3S~\222\177\025\243\002t\242\"\257\305\313"
 483      73284222 
 483      33537E92 
 483      7F15A302 
 483      74A222AF 
 484 1261 AD34ABC8 		.ascii	"\2554\253\310\245\315a*\356i\374\306\011\376e\251Z\366"
 484      A5CD612A 
 484      EE69FCC6 
 484      09FE65A9 
 484      5AF6
 485 1273 61CC22F6 		.ascii	"a\314\"\366a\314\355\313e\365^\316\312D\213~(J$\314"
 485      61CCEDCB 
 485      65F55ECE 
ARM GAS  C:\Users\user\AppData\Local\Temp\ccsI3qMf.s 			page 39


 485      CA448B7E 
 485      284A24CC 
 486 1287 62445F1B 		.ascii	"bD_\033K\212\220R\351\357\275\243\221;\346\261\203c"
 486      4B8A9052 
 486      E9EFBDA3 
 486      913BE6B1 
 486      8363
 487 1299 6245E618 		.ascii	"bE\346\0308\222\257I:\333J\220\234\370\241CAl\344\304"
 487      3892AF49 
 487      3ADB4A90 
 487      9CF8A143 
 487      416CE4C4 
 488 12ad 1B29F193 		.ascii	"\033)\361\223\252\336\243^r\342[\016\234\3438q\034%"
 488      AADEA35E 
 488      72E25B0E 
 488      9CE33871 
 488      1C25
 489 12bf DEBAB124 		.ascii	"\336\272\261$J\215c}\330\333\314\250kg\265n\327\234"
 489      4A8D637D 
 489      D8DBCCA8 
 489      6B67B56E 
 489      D79C
 490 12d1 CD22C986 		.ascii	"\315\"\311\206\265<\031.\244\026\246\352 \031j\310\232"
 490      B53C192E 
 490      A416A6EA 
 490      20196AC8 
 490      9A
 491 12e2 785F3D9A 		.ascii	"x_=\232@^?EY?\374\015\241C\233D{B\300\251\343\252\270"
 491      405E3F45 
 491      593FFC0D 
 491      A1439B44 
 491      7B42C0A9 
 492 12f9 45248951 		.ascii	"E$\211Q81\231\340\215\3173\301\033_\214\365xsf\027\017"
 492      383199E0 
 492      8DCF33C1 
 492      1B5F8CF5 
 492      78736617 
 493 130e 284B0EC1 		.ascii	"(K\016\3016\015\014\210E\"\345\026/q\213w\346\226@\271"
 493      360D0C88 
 493      4522E516 
 493      2F718B77 
 493      E69640B9 
 494 1322 750CD606 		.ascii	"u\014\326\006\342\026\306\254\244|W\2457\356dHB\355"
 494      E216C6AC 
 494      A47C57A5 
 494      37EE6448 
 494      42ED
 495 1334 B91C1524 		.ascii	"\271\034\025$=\332F&\322\3668\325\275\200V\001\371v"
 495      3DDA4626 
 495      D2F638D5 
 495      BD805601 
 495      F976
 496 1346 9455C1F9 		.ascii	"\224U\301\371\312\322\027\336n\355\336A\355N\024\271"
 496      CAD217DE 
 496      6EEDDE41 
 496      ED4E14B9 
 497 1356 E183D969 		.ascii	"\341\203\331i\225\236\\\327\216\027\352\355\305]\314"
ARM GAS  C:\Users\user\AppData\Local\Temp\ccsI3qMf.s 			page 40


 497      959E5CD7 
 497      8E17EAED 
 497      C55DCC
 498 1365 F0468150 		.ascii	"\360F\201P\242\2556]\321vQ$\230\243\272IT\335\313\243"
 498      A2AD365D 
 498      D1765124 
 498      98A3BA49 
 498      54DDCBA3 
 499 1379 555B3DF1 		.ascii	"U[=\361\301\005\354}|\354\3669\225\344\311\370m\016"
 499      C105EC7D 
 499      7CECF639 
 499      95E4C9F8 
 499      6D0E
 500 138b 9E4C966C 		.ascii	"\236L\226lOvf\226B\231\365\354\036J\361\302\247\031"
 500      4F766696 
 500      4299F5EC 
 500      1E4AF1C2 
 500      A719
 501 139d B38BA7F7 		.ascii	"\263\213\247\367^SJ\236\274\345\344\311T\211[\2523\267"
 501      5E534A9E 
 501      BCE5E4C9 
 501      54895BAA 
 501      33B7
 502 13af 9D945BCA 		.ascii	"\235\224[\312\205\306\\\265<{\246\035\262'\215gO\032"
 502      85C65CB5 
 502      3C7BA61D 
 502      B2278D67 
 502      4F1A
 503 13c1 CD9EBAFE 		.ascii	"\315\236\272\376\343\007E\334\304D\017\015\355I\345"
 503      E30745DC 
 503      C4440F0D 
 503      ED49E5
 504 13d0 DF8ABD45 		.ascii	"\337\212\275E>vH9\233\253b\025r\231\354\024\3664\217"
 504      3E764839 
 504      9BAB6215 
 504      7299EC14 
 504      F6348F
 505 13e3 A769F10D 		.ascii	"\247i\361\015F\3734\375\322M\376\331\365w\001\315\177"
 505      46FB34FD 
 505      D24DFED9 
 505      F57701CD 
 505      7F
 506 13f4 71F66BF7 		.ascii	"q\366k\367\245\230c+\305l\221\226\342\325\027\361\335"
 506      A598632B 
 506      C56C9196 
 506      E2D517F1 
 506      DD
 507 1405 4AE762CB 		.ascii	"J\347b\313\204b\313\240\305\226K\213\215N\"\324\271"
 507      8462CBA0 
 507      C5964B8B 
 507      8D4E22D4 
 507      B9
 508 1416 83B5B30E 		.ascii	"\203\265\263\016\245\331\3702\352\316\376\221\"\335"
 508      A5D9F832 
 508      EACEFE91 
 508      22DD
 509 1424 F7F65A2F 		.ascii	"\367\366Z/\327\320\255\336\201\201XkT\034,\312\273D"
ARM GAS  C:\Users\user\AppData\Local\Temp\ccsI3qMf.s 			page 41


 509      D7D0ADDE 
 509      8181586B 
 509      541C2CCA 
 509      BB44
 510 1436 5F9405CE 		.ascii	"_\224\005\316\203-\235lr:\214\374\001\222k\267\370="
 510      832D9D6C 
 510      723A8CFC 
 510      01926BB7 
 510      F83D
 511 1448 C54243D0 		.ascii	"\305BC\320\037\202\002W\231\214\001\026\343\257L\341"
 511      1F820257 
 511      998C0116 
 511      E3AF4CE1 
 512 1458 A1BF3106 		.ascii	"\241\2771\006Dh~\375\333\317\226\254Z\261B\241\266|"
 512      44687EFD 
 512      DBCF96AC 
 512      5AB142A1 
 512      B67C
 513 146a 1E1966D0 		.ascii	"\036\031f\320[~\266\352\347k~\377\207OW\257Y\025\024"
 513      5B7EB6EA 
 513      E76B7EFF 
 513      874F57AF 
 513      591514
 514 147d BC3678B5 		.ascii	"\2746x\265%208|\215\201\234\207\233W\274\277ry\270y"
 514      25323038 
 514      7C8D819C 
 514      879B57BC 
 514      BF7279B8 
 515 1492 B9C9B23C 		.ascii	"\271\311\262<8\314\020\022\031h\\n\010\262\004\001\277"
 515      38CC1012 
 515      19685C6E 
 515      08B20401 
 515      BF
 516 14a3 40F3B220 		.ascii	"@\363\262 \205V\257\217\014\016\263\274\373\023\275"
 516      8556AF8F 
 516      0C0EB3BC 
 516      FB13BD
 517 14b2 E50BC3CF 		.ascii	"\345\013\303\317\327\230,\341f6\321\314\230X\302\303"
 517      D7982CE1 
 517      6636D1CC 
 517      9858C2C3 
 518 14c2 43CC6BD6 		.ascii	"C\314k\326\205E.\241gK\002L\241K\214\241k\215\201\201"
 518      85452EA1 
 518      674B024C 
 518      A14B8CA1 
 518      6B8D8181 
 519 14d6 C6C0352B 		.ascii	"\306\3005+\227\275\273\344'\357\254x\377\317+\326\300"
 519      97BDBBE4 
 519      27EFAC78 
 519      FFCF2BD6 
 519      C0
 520 14e7 F88FC3C2 		.ascii	"\370\217\303\302\303\214?6\006\254\015^\303%\255\011"
 520      C38C3F36 
 520      06AC0D5E 
 520      C325AD09 
 521 14f7 0D005E61 		.ascii	"\015\000^a\3065\372@\343\347\001\221!\026\275eC\204"
 521      C635FA40 
ARM GAS  C:\Users\user\AppData\Local\Temp\ccsI3qMf.s 			page 42


 521      E3E70191 
 521      2116BD65 
 521      4384
 522 1509 9188D5D8 		.ascii	"\221\210\325\330\204\376\361\377^\250y\203y\215\336"
 522      84FEF1FF 
 522      5EA87983 
 522      798DDE
 523 1518 6C090409 		.ascii	"l\011\004\011 Im\2110\005\207\353-\277}\265\213\014"
 523      20496D89 
 523      300587EB 
 523      2DBF7DB5 
 523      8B0C
 524 152a E1A1A1E1 		.ascii	"\341\241\241\341a\313#\302M\026\363\362\217~\377\311"
 524      61CB23C2 
 524      4D16F3F2 
 524      8F7EFFC9 
 525 153a AA4FBE22 		.ascii	"\252O\276\"c\021\301!F\223y\371\257W\255\"\236\343\006"
 525      6311C121 
 525      469379F9 
 525      AF57AD22 
 525      9EE306
 526 154d 8886A000 		.ascii	"\210\206\240\000\223\312\034\374?F\275%\370o\261!$x"
 526      93CA1CFC 
 526      3F46BD25 
 526      F86FB121 
 526      2478
 527 155f ED9A7506 		.ascii	"\355\232u\006\203\223-@\260l\205d\221\005f}\016RUA\020"
 527      83932D40 
 527      B06C8564 
 527      9105667D 
 527      0E525541 
 528 1574 36A349FC 		.ascii	"6\243I\374\334d4*#\002\326\031\315b\230\361+\2132 $"
 528      DC64342A 
 528      2302D619 
 528      CD6298F1 
 528      2B8B3220 
 529 1589 785D180F 		.ascii	"x]\030\017\345\312\367\364\026\215\355Dk\266|A/\352"
 529      E5CAF7F4 
 529      168DED44 
 529      6BB67C41 
 529      2FEA
 530 159b 2DBFFC2B 		.ascii	"-\277\374+\035\020d\0107\031A\266'\310\216\320s\005"
 530      1D106408 
 530      371941B6 
 530      27C88ED0 
 530      7305
 531 15ad 22CDC640 		.ascii	"\"\315\306@\221X/\222Q/\331%\020\036a\012\3772\030N"
 531      91582F92 
 531      512FD925 
 531      101E610A 
 531      FF32184E 
 532 15c1 75A1C6D0 		.ascii	"u\241\306\320uF\236\242\253^[|\270\031|\"KV\340bS\001"
 532      75469EA2 
 532      AB5E5B7C 
 532      B8197C22 
 532      4B56E062 
 533 15d7 4EC34D1B 		.ascii	"N\303M\033\210\244\010\034j\371J\031\276>\314h\322@"
ARM GAS  C:\Users\user\AppData\Local\Temp\ccsI3qMf.s 			page 43


 533      88A4081C 
 533      6AF94A19 
 533      BE3ECC68 
 533      D240
 534 15e9 2E879020 		.ascii	".\207\220 \253a(\004\374\2571F\030\303 \374\353<\215"
 534      AB612804 
 534      FCAF3146 
 534      18C320FC 
 534      EB3C8D
 535 15fc 5F1AC32C 		.ascii	"_\032\303,\241\001\346/@\253P\363\272?G\032#\215\013"
 535      A101E62F 
 535      40AB50F3 
 535      BA3F471A 
 535      238D0B
 536 160f 0C417A9E 		.ascii	"\014Az\236\377z: F\230\214_\3728\014\351-\352\365\001"
 536      FF7A3A20 
 536      46988C5F 
 536      FA380CE9 
 536      2DEAF501 
 537 1623 C11660E1 		.ascii	"\301\026`\341#\243&\274\275\345\210\336\202\"U\306\365"
 537      23A326BC 
 537      BDE588DE 
 537      822255C6 
 537      F5
 538 1634 44806ABD 		.ascii	"D\200j\275\005\244G\300\301l\014\215\300\2060\213\207"
 538      05A447C0 
 538      C16C0C8D 
 538      C086308B 
 538      87
 539 1645 5ECF735C 		.ascii	"^\317s\\\315\217J\030\205_*A\007|\2012 \"\010LS\233"
 539      CD8F4A18 
 539      855F2A41 
 539      077C8132 
 539      2022084C 
 540 165b 899AE675 		.ascii	"\211\232\346uJ\000 Xo\261\230\"|\231 \275\311\370\271"
 540      4A002058 
 540      6FB19822 
 540      7C9920BD 
 540      C9F8B9
 541 166e D1640C33 		.ascii	"\321d\0143\200N\300<|\355\237\"4\306\257\202-\206\360"
 541      804EC03C 
 541      7CED9F22 
 541      34C6AF82 
 541      2D86F0
 542 1681 40A3CA14 		.ascii	"@\243\312\024\270\001f\210@b\366`\301\377\000\244\331"
 542      B8016688 
 542      4062F660 
 542      C1FF00A4 
 542      D9
 543 1692 8E16320E 		.ascii	"\216\0262\016\354>\017\011XgV[Ba\006`f\0134\022\215"
 543      EC3E0F09 
 543      5867565B 
 543      42610660 
 543      660B3412 
 544 16a7 851E08CB 		.ascii	"\205\036\010\313\200\265\001f\243\030\026\020jT\206"
 544      80B50166 
 544      A3181610 
ARM GAS  C:\Users\user\AppData\Local\Temp\ccsI3qMf.s 			page 44


 544      6A5486
 545 16b6 8740D094 		.ascii	"\207@\320\224a\306\365F\0236X\276\022\314\021B\010\361"
 545      61C6F546 
 545      133658BE 
 545      12CC1142 
 545      08F1
 546 16c8 EE3AC84D 		.ascii	"\356:\310M\275\005\233V\254\000xG0\375L0} \230\336\027"
 546      BD059B56 
 546      AC007847 
 546      30FD4C30 
 546      7D2098DE 
 547 16dd 4C2B05D3 		.ascii	"L+\005\323O\005\323{\236$a\210\2610\351\365\303\354"
 547      4F05D37B 
 547      9E246188 
 547      B130E9F5 
 547      C3EC
 548 16ef 22CBF45F 		.ascii	"\"\313\364_\276\037\012a\326Q~\206\3600\013\344\266"
 548      BE1F0A61 
 548      D6517E86 
 548      F0300BE4 
 548      B6
 549 1700 4822EB61 		.ascii	"H\"\353a\217\20224\002\312I\303\235c\321\300\205\320"
 549      8F823234 
 549      02CA49C3 
 549      9D63D1C0 
 549      85D0
 550 1712 48A053D3 		.ascii	"H\240S\323_\275e\345\033vB\263!(\020D\376\364\015\247"
 550      5FBD65E5 
 550      1B7642B3 
 550      21281044 
 550      FEF40DA7 
 551 1726 41AC61D6 		.ascii	"A\254a\326\317\337T\330\006\263\255\177\274\251@\310"
 551      CFDF54D8 
 551      06B3AD7F 
 551      BCA940C8 
 552 1736 1598E525 		.ascii	"\025\230\345%+\000\275\345\303\277\272\244\310\374\327"
 552      2B00BDE5 
 552      C3BFBAA4 
 552      C8FCD7
 553 1745 56C26C32 		.ascii	"V\302l2\300\224\300\015\220#\301\206e\006\305w\235V"
 553      C094C00D 
 553      9023C186 
 553      6506C577 
 553      9D56
 554 1757 A44FA84E 		.ascii	"\244O\250N\277\203\260xBz\032\015\026=i\014\236$N\274"
 554      BF83B078 
 554      427A1A0D 
 554      163D690C 
 554      9E244EBC 
 555 176b 27FCCBDF 		.ascii	"'\374\313\337R\373\204\217Yf;\345k\201\372Ym\010\372"
 555      52FB848F 
 555      59663BE5 
 555      6B81FA59 
 555      6D08FA
 556 177e CF802F8C 		.ascii	"\317\200/\214\221\021\253\277-\323hu\244\231T\2771\360"
 556      9111ABBF 
 556      2DD36875 
ARM GAS  C:\Users\user\AppData\Local\Temp\ccsI3qMf.s 			page 45


 556      A49954BF 
 556      31F0
 557 1790 6325693C 		.ascii	"c%i<\021\342z\300\224\353I\226\343\000\323\272\205<"
 557      11E27AC0 
 557      94EB4996 
 557      E300D3BA 
 557      853C
 558 17a2 73028D66 		.ascii	"s\002\215f\203)8\302\022\016\015\313\327\020DV\325\217"
 558      832938C2 
 558      120E0DCB 
 558      D7104456 
 558      D58F
 559 17b4 4242C20D 		.ascii	"BB\302\015\037\221fi\014\3644\004\021\203\350\020$\337"
 559      1F916669 
 559      0CF43404 
 559      1183E810 
 559      24DF
 560 17c6 EA0DE67F 		.ascii	"\352\015\346\177\0177|\361\306A"
 560      0F377CF1 
 560      C641
 561 17d0 DB4014F7 		.ascii	"\333@\024\367\240\351\014\214\276\360\322C\315[\364"
 561      A0E90C8C 
 561      BEF0D243 
 561      CD5BF4
 562 17df FFFCD1EA 		.ascii	"\377\374\321\352\177\375\335\357?\366\012\010Y\037\260"
 562      7FFDDDEF 
 562      3FF60A08 
 562      591FB0
 563 17ee C10C8513 		.ascii	"\301\014\205\023\002k\344\257_\333GP\024\313W}\262\372"
 563      026BE4AF 
 563      5FDB4750 
 563      14CB577D 
 563      B2FA
 564 1800 E3D592A4 		.ascii	"\343\325\222\244Ps\260Y\017\253\010\351\221T\333\317"
 564      5073B059 
 564      0FAB08E9 
 564      9154DBCF 
 565 1810 C2883C56 		.ascii	"\302\210<V\230\221a\\6m\304\372e+\337{\357\247\032\033"
 565      9891615C 
 565      366DC4FA 
 565      652BDF7B 
 565      EFA71A1B 
 566 1824 F6BFD596 		.ascii	"\366\277\325\226u\200"
 566      7580
 567              		.text
 568              		.section	.gnu.lto_.symtab.7a9436c0,"",%progbits
 569 0000 63685468 		.ascii	"chThdCreateFromHeap\000"
 569      64437265 
 569      61746546 
 569      726F6D48 
 569      65617000 
 570 0014 00       		.ascii	"\000"
 571 0015 00       		.ascii	"\000"
 572 0016 00       		.ascii	"\000"
 573 0017 00000000 		.ascii	"\000\000\000\000\000\000\000\000"
 573      00000000 
 574 001f BF010000 		.ascii	"\277\001\000\000"
ARM GAS  C:\Users\user\AppData\Local\Temp\ccsI3qMf.s 			page 46


 575 0023 63685468 		.ascii	"chThdCreateFromMemoryPool\000"
 575      64437265 
 575      61746546 
 575      726F6D4D 
 575      656D6F72 
 576 003d 00       		.ascii	"\000"
 577 003e 00       		.ascii	"\000"
 578 003f 00       		.ascii	"\000"
 579 0040 00000000 		.ascii	"\000\000\000\000\000\000\000\000"
 579      00000000 
 580 0048 D6010000 		.ascii	"\326\001\000\000"
 581 004c 63685363 		.ascii	"chSchWakeupS\000"
 581      6857616B 
 581      65757053 
 581      00
 582 0059 00       		.ascii	"\000"
 583 005a 02       		.ascii	"\002"
 584 005b 00       		.ascii	"\000"
 585 005c 00000000 		.ascii	"\000\000\000\000\000\000\000\000"
 585      00000000 
 586 0064 DB010000 		.ascii	"\333\001\000\000"
 587 0068 63685468 		.ascii	"chThdCreateSuspendedI\000"
 587      64437265 
 587      61746553 
 587      75737065 
 587      6E646564 
 588 007e 00       		.ascii	"\000"
 589 007f 02       		.ascii	"\002"
 590 0080 00       		.ascii	"\000"
 591 0081 00000000 		.ascii	"\000\000\000\000\000\000\000\000"
 591      00000000 
 592 0089 F1010000 		.ascii	"\361\001\000\000"
 593 008d 63684865 		.ascii	"chHeapAllocAligned\000"
 593      6170416C 
 593      6C6F6341 
 593      6C69676E 
 593      656400
 594 00a0 00       		.ascii	"\000"
 595 00a1 02       		.ascii	"\002"
 596 00a2 00       		.ascii	"\000"
 597 00a3 00000000 		.ascii	"\000\000\000\000\000\000\000\000"
 597      00000000 
 598 00ab F7010000 		.ascii	"\367\001\000\000"
 599 00af 6368506F 		.ascii	"chPoolAlloc\000"
 599      6F6C416C 
 599      6C6F6300 
 600 00bb 00       		.ascii	"\000"
 601 00bc 02       		.ascii	"\002"
 602 00bd 00       		.ascii	"\000"
 603 00be 00000000 		.ascii	"\000\000\000\000\000\000\000\000"
 603      00000000 
 604 00c6 FB010000 		.ascii	"\373\001\000\000"
 605              		.text
 606              		.section	.gnu.lto_.opts,"",%progbits
 607 0000 272D666D 		.ascii	"'-fmath-errno' '-fsigned-zeros' '-ftrapping-math' '"
 607      6174682D 
 607      6572726E 
ARM GAS  C:\Users\user\AppData\Local\Temp\ccsI3qMf.s 			page 47


 607      6F272027 
 607      2D667369 
 608 0033 2D666E6F 		.ascii	"-fno-trapv' '-fno-openmp' '-fno-openacc' '-mcpu=cor"
 608      2D747261 
 608      70762720 
 608      272D666E 
 608      6F2D6F70 
 609 0066 7465782D 		.ascii	"tex-m4' '-mno-thumb-interwork' '-mthumb' '-ggdb' '-"
 609      6D342720 
 609      272D6D6E 
 609      6F2D7468 
 609      756D622D 
 610 0099 4F322720 		.ascii	"O2' '-fomit-frame-pointer' '-falign-functions=16' '"
 610      272D666F 
 610      6D69742D 
 610      6672616D 
 610      652D706F 
 611 00cc 2D666675 		.ascii	"-ffunction-sections' '-fdata-sections' '-fno-common"
 611      6E637469 
 611      6F6E2D73 
 611      65637469 
 611      6F6E7327 
 612 00ff 2720272D 		.ascii	"' '-flto'\000"
 612      666C746F 
 612      2700
 613              		.text
 614              		.comm	__gnu_lto_v1,1,1
 615              		.comm	__gnu_lto_slim,1,1
 616              		.ident	"GCC: (GNU Tools for ARM Embedded Processors 6-2017-q1-update) 6.3.1 20170215 (release) [AR
ARM GAS  C:\Users\user\AppData\Local\Temp\ccsI3qMf.s 			page 48


DEFINED SYMBOLS
                            *ABS*:00000000 chdynamic.c
                            *COM*:00000001 __gnu_lto_v1
                            *COM*:00000001 __gnu_lto_slim

NO UNDEFINED SYMBOLS
