ARM GAS  C:\Users\user\AppData\Local\Temp\ccUWX4to.s 			page 1


   1              		.cpu cortex-m4
   2              		.eabi_attribute 20, 1
   3              		.eabi_attribute 21, 1
   4              		.eabi_attribute 23, 3
   5              		.eabi_attribute 24, 1
   6              		.eabi_attribute 25, 1
   7              		.eabi_attribute 26, 1
   8              		.eabi_attribute 30, 2
   9              		.eabi_attribute 34, 1
  10              		.eabi_attribute 18, 4
  11              		.file	"chmemcore.c"
  12              		.text
  13              	.Ltext0:
  14              		.section	.gnu.lto_.profile.7a943aae,"",%progbits
  15 0000 789C6365 		.ascii	"x\234ce`b`a```d\320V\007\000\000\375\000_"
  15      60626061 
  15      60606064 
  15      D0560700 
  15      00FD005F 
  16              		.text
  17              		.section	.gnu.lto_.icf.7a943aae,"",%progbits
  18 0000 789C6365 		.ascii	"x\234ce`bPc@\0006\206\243\013O\037\345f\334\373\360"
  18      60625063 
  18      40003686 
  18      A30B4F1F 
  18      E566DCFB 
  19 0015 5D3B2B33 		.ascii	"];+3\230d\2357\343\321R>\266\223+\337>\346f\277>\345"
  19      98649D37 
  19      E3D1523E 
  19      B6932BDF 
  19      3EE666BF 
  20 002b F5621606 		.ascii	"\365b\026\006\000n\233\022\220"
  20      006E9B12 
  20      90
  21              		.text
  22              		.section	.gnu.lto_.jmpfuncs.7a943aae,"",%progbits
  23 0000 789C6365 		.ascii	"x\234ce`b\020c@\000\026 febdd\256\257g\203P\354@\021"
  23      60621063 
  23      40001620 
  23      66656264 
  23      64AEAF67 
  24 0019 0017A902 		.ascii	"\000\027\251\002>"
  24      3E
  25              		.text
  26              		.section	.gnu.lto_.inline.7a943aae,"",%progbits
  27 0000 789C6365 		.ascii	"x\234ce`b\250`@\000\026\006\006V\026F\006&\226\005\362"
  27      6062A860 
  27      40001606 
  27      06561646 
  27      06269605 
  28 0015 0C6C0BE4 		.ascii	"\014l\013\344\231@b\254\014\202\002\214L\214\012\214"
  28      994062AC 
  28      0C82028C 
  28      4C8C0A8C 
  29 0025 40368860 		.ascii	"@6\210`\021\2310\223\021\"\313\366A\217\207\201\351"
  29      11993093 
  29      1122CBF6 
ARM GAS  C:\Users\user\AppData\Local\Temp\ccUWX4to.s 			page 2


  29      418F8781 
  29      E9
  30 0036 023F0B48 		.ascii	"\002?\013H\035\033\203\260\020#\023X\011X1\213\304\206"
  30      1D1B83B0 
  30      10231358 
  30      0958318B 
  30      C486
  31 0048 1D68EA38 		.ascii	"\035h\3528@\352\330\031\330X\201V\000\305\340V0\000"
  31      40EAD819 
  31      D8588156 
  31      00C5E056 
  31      3000
  32 005a 0012AD0D 		.ascii	"\000\022\255\015z"
  32      7A
  33              		.text
  34              		.section	.gnu.lto_.pureconst.7a943aae,"",%progbits
  35 0000 789C6365 		.ascii	"x\234ce`b\340b```a\220`\225`\333\305\310\316\002\000"
  35      6062E062 
  35      60606061 
  35      90609560 
  35      DBC5C8CE 
  36 0016 05CE0117 		.ascii	"\005\316\001\027"
  37              		.text
  38              		.section	.gnu.lto__core_init.7a943aae,"",%progbits
  39 0000 789C6365 		.ascii	"x\234ce`bPeb`\210a``\220\006bFf\006F\246\011\347\030"
  39      60625065 
  39      62608861 
  39      60609006 
  39      62466606 
  40 0019 181A3998 		.ascii	"\030\0329\230\030\031A\214\006\016F\206z&\306z\306~"
  40      1819418C 
  40      060E4686 
  40      7A26C67A 
  40      C67E
  41 002b E6E9CC8C 		.ascii	"\346\351\314\214\207\332\237\355d\322\\\336\000\004"
  41      87DA9FED 
  41      64D25CDE 
  41      0004
  42 0039 07A6EF63 		.ascii	"\007\246\357ckkh\225\230\317\314\3000\023\210A\200q"
  42      6B6B6895 
  42      98CFCCC0 
  42      30138841 
  42      8071
  43 004b 39A32603 		.ascii	"9\243&\003P\331\327\256\317Oy\231\235\030A\354\005\373"
  43      50D9D7AE 
  43      CF4F7999 
  43      9D1841EC 
  43      05FB
  44 005d 0F9DE757 		.ascii	"\017\235\347W]\334\360\000\250\345\332,\221I\015\013"
  44      5DDCF000 
  44      A8E5DA2C 
  44      91490D0B 
  45 006d 6634B0CC 		.ascii	"f4\260\314gfd\\\301\310\014\325\007b2\200\324^\177\262"
  45      6766645C 
  45      C1C80CD5 
  45      07623280 
  45      D45E7FB2 
ARM GAS  C:\Users\user\AppData\Local\Temp\ccUWX4to.s 			page 3


  46 0081 652323B3 		.ascii	"e##\263?X\337\275\235\3536\262A\365\235\222jl8\324\250"
  46      3F58DFBD 
  46      9DEB36B2 
  46      41F59D92 
  46      6A6C38D4 
  47 0096 00D2B50A 		.ascii	"\000\322\265\012\241k\025T\327\243\215\377\246\362\262"
  47      A16B1554 
  47      D7A38DFF 
  47      A6F2B2
  48 00a5 B130AE66 		.ascii	"\2610\256fTe\\\311\250\012q\015\343\032F6F \275\376"
  48      54655CC9 
  48      A80A710D 
  48      E31A4636 
  48      4620BDFE 
  49 00b9 12E38186 		.ascii	"\022\343\201\206\177\377\333\033\016\374\223\\\277\345"
  49      7FFFDB1B 
  49      0EFC935C 
  49      BFE5
  50 00c7 BE200B03 		.ascii	"\276 \013\003C\027P\036\344\265nf&\020\315\374\222\261"
  50      4317501E 
  50      E4B56E66 
  50      2610CDFC 
  50      92B1
  51 00d9 E957FBDD 		.ascii	"\351W\373\335\2559 -@\343\246\265\036:\317\336\307<"
  51      AD39202D 
  51      40E3A6B5 
  51      1E3ACFDE 
  51      C73C
  52 00eb 9F9909EC 		.ascii	"\237\231\011\354\216\235;\337\334f\257\377\333\300\001"
  52      8E9D3BDF 
  52      DC66AFFF 
  52      DBC001
  53 00fa 14580C32 		.ascii	"\024X\0142\031(\366\352\314\325#\\\363\031\3472\316"
  53      1928F6EA 
  53      CCD5235C 
  53      F319E732 
  53      CE
  54 010b 6766665C 		.ascii	"gff\\\007\014\234\265\2142@+\3273\316gD6\200\005\335"
  54      070C9CB5 
  54      8C32402B 
  54      D733CE67 
  54      44368005 
  55 0120 0096C5CC 		.ascii	"\000\226\305\314\214\350\00602n\004\032\260\001d\000"
  55      8CE80630 
  55      326E041A 
  55      B0016400 
  56 0130 28B47EFD 		.ascii	"(\264~\375\274\312\003T\334\321\320\260\240\014d\302"
  56      BCCA0354 
  56      DCD1D0B0 
  56      A00C64C2 
  57 0140 26A09940 		.ascii	"&\240\231@\24373\3263\200\335\371\026\356NT\2071a:l"
  57      A33733D6 
  57      3380DDF9 
  57      16EE4E54 
  57      8731613A 
  58 0155 0BDC615B 		.ascii	"\013\334a[!\016Cu\0113\246K\266\341s\311v\210Kv\000"
  58      210E4375 
ARM GAS  C:\Users\user\AppData\Local\Temp\ccUWX4to.s 			page 4


  58      0933A64B 
  58      B6E173C9 
  58      76884B76 
  59 016a 5DF296B1 		.ascii	"]\362\226\261i\301\357^F\220C\300Q\321\005\364\0260"
  59      69C1EF5E 
  59      469043C0 
  59      51D105F4 
  59      1630
  60 017c 24816EB0 		.ascii	"$\201n\260w\266\212\011\012\361\017\216q\316\310L\312"
  60      77B68A09 
  60      0AF10F8E 
  60      71CEC84C 
  60      CA
  61 018d 0C2E294D 		.ascii	"\014.)M\311\314\217I\006\261\363\213\015\315\315\364"
  61      C9CC8F49 
  61      06B1F38B 
  61      0DCDCDF4 
  62 019d F38BF593 		.ascii	"\363\213\365\223\363ss\363\363\200\254\234\314$\375"
  62      F37373F3 
  62      F380AC9C 
  62      CC24FD
  63 01ac E2A264FD 		.ascii	"\342\242d\375\344\214\334\324\334\344\374\242T\275d"
  63      E48CDCD4 
  63      DCE4FCA2 
  63      54BD64
  64 01bb 069EF8F8 		.ascii	"\006\236\370\370\214\324\304\202\370\324\274\224\370"
  64      8CD4C482 
  64      F8D4BC94 
  64      F8
  65 01c8 785E2827 		.ascii	"x^(')\26185>\036\000\361}\334\264"
  65      29B13835 
  65      3E1E00F1 
  65      7DDCB4
  66              		.text
  67              		.section	.gnu.lto_chCoreAllocAlignedI.7a943aae,"",%progbits
  68 0000 789C8D53 		.ascii	"x\234\215SMHTQ\024>\347\335\367\346\0153\316\214\243"
  68      4D485451 
  68      143EE7DD 
  68      F7E60D33 
  68      CE8CA3
  69 0013 0441062E 		.ascii	"\004A\006.\022q\343\020\364\003m\202\\\324\246\202l"
  69      1271E310 
  69      F4036D82 
  69      5CD4A682 
  69      6C
  70 0024 13B8C949 		.ascii	"\023\270\311Ir\300q\302\251M\004>\035\0351\251\014j"
  70      72C071C2 
  70      A94D043E 
  70      1D1D31A9 
  70      0C6A
  71 0036 AC70184A 		.ascii	"\254p\030JB\315L\355W\027\342\220\021F\366'\0112!H\377"
  71      42CD4CED 
  71      5717E290 
  71      1146F627 
  71      09322148 
  72 004b 63191505 		.ascii	"c\031\025\005\205\315\3309\367M\226\272\351\301;\357"
  72      85CDD839 
ARM GAS  C:\Users\user\AppData\Local\Temp\ccUWX4to.s 			page 5


  72      F74D96BA 
  72      E9C13BEF 
  73 005b DEEF9EEF 		.ascii	"\336\357\236\357\334\357|\367>\015\024\230\026\000\273"
  73      DCEF7CF7 
  73      3E0D1498 
  73      1600BB
  74 006a 006023BD 		.ascii	"\000`#\275\250\001*\255\217\001\352\254\212\242\276"
  74      A8012AAD 
  74      8F01EAAC 
  74      8AA2BE
  75 0079 D7C1B089 		.ascii	"\327\301\260\211\256\373\000F\226@\325\304UD\036\030"
  75      AEFB0046 
  75      9640D5C4 
  75      55441E18 
  76 0089 56845A45 		.ascii	"V\204ZE\250X\213\247D\233\300g\015\375\355\342\244\210"
  76      A8588BA7 
  76      449BC067 
  76      0DFDEDE2 
  76      A488
  77 009b 094095A6 		.ascii	"\011@\225\246_\036]x\345\344)b>\257\316\276k\260\027"
  77      5F1E5D78 
  77      E5E42962 
  77      3EAFCEBE 
  77      6BB017
  78 00ae 751A46BD 		.ascii	"u\032F\275\021o\033\324\333B\215;bB\201\363\224\335"
  78      116F1BD4 
  78      DB428D3B 
  78      624281F3 
  78      94DD
  79 00c0 8579D889 		.ascii	"\205y\330\211y\274y7\026Q\356\245\272\311\207\016\261"
  79      79BC7937 
  79      1651EEA5 
  79      BAC9870E 
  79      B1
  80 00d1 0D81C64D 		.ascii	"\015\201\306M\275\303Ig\341e\311{~F\030\353bB\340\025"
  80      BDC34967 
  80      E165C97B 
  80      7E4618EB 
  80      6242E015 
  81 00e5 14FF1209 		.ascii	"\024\377\022\011\002\354\301BJo\235O\315\350b\273\244"
  81      02ECC142 
  81      4A6F9D4F 
  81      CDE862BB 
  81      A4
  82 00f6 862E2646 		.ascii	"\206.&F\324\014u<\"\251*^]NU\001{\261\220\363\307\343"
  82      D40C753C 
  82      22A92A5E 
  82      5D4E5501 
  82      7BB190F3 
  83 010c CD7D36B1 		.ascii	"\315}6\261Sr\323\023\311\317ZA\207\344~\212\256>\035"
  83      5372D313 
  83      C9CF5A41 
  83      87E47E8A 
  83      AE3E1D
  84 011f 32C60C35 		.ascii	"2\306\0145&4\274\266\224\317\017\245\277\034H\237uX"
  84      2634BCB6 
  84      94CF0FA5 
ARM GAS  C:\Users\user\AppData\Local\Temp\ccUWX4to.s 			page 6


  84      BF1C489F 
  84      7558
  85 0131 54ECC382 		.ascii	"T\354\303\202\0162\2232\250\231~\264 }\030\354\233\300"
  85      0E329332 
  85      A8997EB4 
  85      207D18EC 
  85      9BC0
  86 0143 B8915E68 		.ascii	"\270\221^h2\342o\327\376\370\226r\257B\332Y!khk\262"
  86      32E26FD7 
  86      FEF89672 
  86      AF42DA59 
  86      216B686B 
  87 0158 93B46B2C 		.ascii	"\223\264k,\305\302A\347`\225\015\331h\250\331y\236\305"
  87      C5C241E7 
  87      60950DD9 
  87      68A8D979 
  87      9EC5
  88 016a C1C1C1C9 		.ascii	"\301\301\301\311\301\005\\5\233\227\335<\317\341\220"
  88      C1055C35 
  88      9B97DD3C 
  88      CFE190
  89 0179 CB5380E3 		.ascii	"\313S\200\343\2649\237O\013\331K_\221\304P$\334;\\\311"
  89      B4399F4F 
  89      0BD94B5F 
  89      91C45024 
  89      DC3B5CC9 
  90 018d 7AA2428B 		.ascii	"z\242B\213\012\021\245\246%\212&\306051=\326\335#\017"
  90      0A11A5A6 
  90      258A26C6 
  90      3035313D 
  90      D6DD230F 
  91 01a1 50C5057A 		.ascii	"P\305\005z\\8@\015&\261~\352O\236N\\&\376\0127\013\023"
  91      5C38400D 
  91      26B17EEA 
  91      4F9E4E5C 
  91      26FE0A37 
  92 01b7 B14AB20E 		.ascii	"\261J\262\016o\260>_\366K\242\011eV$\371a\324ff\331"
  92      6FB03E5F 
  92      F64BA209 
  92      655624F9 
  92      61D46666 
  93 01cc A878A4F1 		.ascii	"\250x\244\361\356\023\235\213[\244\277CC\037_\350\265"
  93      EE139D8B 
  93      5BA4BF43 
  93      431F5FE8 
  93      B5
  94 01dd 29C34A40 		.ascii	")\303J@\207@i\342\354\370\344=[\014\243\310>\337\240"
  94      874069E2 
  94      ECF8E43D 
  94      5B0CA3C8 
  94      3EDFA0
  95 01f0 6B759D0D 		.ascii	"ku\235\015\306\233\030C.\370\265)#\303N\025\227\350"
  95      C69B1843 
  95      2EF8B529 
  95      23C34E15 
  95      97E8
  96 0202 CF923DD9 		.ascii	"\317\222=\331\227`\016\2023\015\220\336\014\350\224"
ARM GAS  C:\Users\user\AppData\Local\Temp\ccUWX4to.s 			page 7


  96      97600E82 
  96      330D90DE 
  96      0CE894
  97 0211 3D38CC6A 		.ascii	"=8\314j\373L\314E\360_\375\344*A\246\376\271\220\305"
  97      FB4CCC45 
  97      F05FFDE4 
  97      2A41A6FE 
  97      B990C5
  98 0224 4CC95E21 		.ascii	"L\311^!XY)\370\326\242\340\333\313\005\273\251\004\353"
  98      585929F8 
  98      D6A2E0DB 
  98      CB05BBA9 
  98      04EB
  99 0236 3817FEA9 		.ascii	"8\027\376\251\231H\216\004\235\360\032\033\246F7,z\231"
  99      99488E04 
  99      9DF01A1B 
  99      A646372C 
  99      7A99
 100 0248 23EF530B 		.ascii	"#\357S\013\271L\277\034\037\\{\370\304\3101s9WJ5\255"
 100      B94CBF1C 
 100      1F5C7BF8 
 100      C4C83173 
 100      39574A35 
 101 025d 7DB086B1 		.ascii	"}\260\206\261\377\261\361\316\242\252AREUd}U^\2149T"
 101      FFB1F1CE 
 101      A2AA4152 
 101      4555647D 
 101      555E8C39 
 102 0272 20CA24F8 		.ascii	" \312$\370\216\210\305yJb~\206R\\\"\221~\212t\215\220"
 102      8E88C579 
 102      4A627E86 
 102      525C2291 
 102      7E8A748D 
 103 0287 B3A8D3AD 		.ascii	"\263\250\323\255%[\312\366\354\335]ZVR\351+\367\225"
 103      255BCAF6 
 103      ECDD5D5A 
 103      5652E92B 
 103      F795
 104 0299 1E3E72C0 		.ascii	"\036>r\300\027(\363\3628\020\\\277y\223'\020\364x\003"
 104      1728F3F2 
 104      38105CBF 
 104      79932710 
 104      F47803
 105 02ac 7E7FA09A 		.ascii	"~\177\240\232FU\276rO\260\306\353\361V\372+\374\336"
 105      4655BE72 
 105      4FB0C6EB 
 105      F156FA2B 
 105      FCDE
 106 02be 404D45B1 		.ascii	"@ME\261\027\324\240\357h\205\266\277\312w\260\032\017"
 106      17D4A0EF 
 106      6885B6BF 
 106      CA77B01A 
 106      0F
 107 02cf FD068F37 		.ascii	"\375\006\2177H\013"
 107      480B
 108              		.text
 109              		.section	.gnu.lto_chCoreAllocAligned.7a943aae,"",%progbits
ARM GAS  C:\Users\user\AppData\Local\Temp\ccUWX4to.s 			page 8


 110 0000 789C8D54 		.ascii	"x\234\215TmL\233U\024\276\347\275o?h)0\376h\"?J\"a$"
 110      6D4C9B55 
 110      14BEE7BD 
 110      6F3F6829 
 110      30FE6822 
 111 0019 86AAD95C 		.ascii	"\206\252\331\\bL\214\362c\372\203,\001\377\230\220\020"
 111      624C8CF2 
 111      63FA832C 
 111      01FF9890 
 111      10
 112 002a E8EA6842 		.ascii	"\350\352hB)ia\331\214\011\357Z\006\"~\314\270\361%M"
 112      296961D9 
 112      8C09EF5A 
 112      06227ECC 
 112      B8F1254D 
 113 003e E7163310 		.ascii	"\347\0263\020\031\254sn8>:`\023\204\261\215\200!L\023"
 113      19AC736E 
 113      383E3A60 
 113      1384B18D 
 113      80214C13 
 114 0052 1C1256D8 		.ascii	"\034\022V\330\227\213\306\231\271\316s\356[\272\322"
 114      978BC699 
 114      B9CE73EE 
 114      5BBAD2
 115 0061 12C7FBE3 		.ascii	"\022\307\373\343\276\367\236{\236s\237\363\251a\022"
 115      BEF79E7B 
 115      9E739FF3 
 115      A96112
 116 0070 7B4FC7D8 		.ascii	"{O\307\330\313\300\330v\306\030h\030H\207\246\030;\240"
 116      CBC0D876 
 116      C6186818 
 116      4887A618 
 116      3BA0
 117 0082 9724F9A6 		.ascii	"\227$\371\246\216)\006\336q\2111%\231\203\254\312e\000"
 117      8E2906DE 
 117      71893125 
 117      9983ACCA 
 117      6500
 118 0094 DA287A60 		.ascii	"\332(z`5\022\227\241\006>\343\315\034\256\325\366\266"
 118      351297A1 
 118      063EE3CD 
 118      1CAED5F6 
 118      B6
 119 00a5 F34FB99F 		.ascii	"\363O\271\2373\220\361\370\307\345\266\305\024:\002"
 119      3390F1F8 
 119      C7E5B6C5 
 119      143A02
 120 00b4 98E97665 		.ascii	"\230\351ve\271\326\230sBQ<J\2609`h\366\036|\313\317"
 120      B9D69873 
 120      42513C4A 
 120      B0396068 
 120      F61E7CCB 
 121 00c9 25D68ADA 		.ascii	"%\326\212\332\035\220\001' \203\036\357\204\034\324"
 121      1D900127 
 121      20831EEF 
 121      841CD4
 122 00d8 3D766076 		.ascii	"=v`v\302\304\337\004\206\373\372\356\201PJ\366\327\002"
ARM GAS  C:\Users\user\AppData\Local\Temp\ccUWX4to.s 			page 9


 122      C2C4DF04 
 122      86FBFAEE 
 122      81504AF6 
 122      D702
 123 00ea 3779982B 		.ascii	"7y\230+\317\3739\207o\200\307\002Q\304\240\013\262Q"
 123      CFFB3987 
 123      6F80C702 
 123      51C4A00B 
 123      B251
 124 00fc FDD0C347 		.ascii	"\375\320\303G\013:\276S@\275_\315\017\311\021\350h\223"
 124      0B3ABE53 
 124      40BD5FCD 
 124      0FC911E8 
 124      6893
 125 010e 80CAF06D 		.ascii	"\200\312\360m<Tf\320\015\331\244?\031l\3501\360|\201"
 125      3C5466D0 
 125      0DD9A43F 
 125      196CE831 
 125      F07C81
 126 0121 FDE5C3F0 		.ascii	"\375\345\303\360Y9\353\270\300\376\334\231\376\271W"
 126      5939EBB8 
 126      C0FEDC99 
 126      FEB957
 127 0130 19536424 		.ascii	"\031Sd$\014'\327\343\351C\365\033\247\302GLZ\031z \213"
 127      0C27D7E3 
 127      E943F51B 
 127      A7C2474C 
 127      5A197A20 
 128 0145 5C424F7A 		.ascii	"\\BOzA\213\021\225\360\256\351\346\203\260.bj\2523\245"
 128      418B1195 
 128      F0AEE9E6 
 128      83B02E62 
 128      6AAA33A5 
 129 0159 5509D69A 		.ascii	"U\011\326\2327p\202>8\005Y\210\010O\207\356i\"\210;"
 129      3770823E 
 129      38055988 
 129      084F87EE 
 129      6922883B 
 130 016d BE67D71E 		.ascii	"\276g\327\036\327l\3648\004 \253g\032\202J\370q=\332"
 130      D76CF438 
 130      0420AB67 
 130      1A824AF8 
 130      713DDA
 131 0180 CFB9FBE7 		.ascii	"\317\271\373\347L\3723\022P80\362\350\231L>jh\321\322"
 131      4CFA3312 
 131      503830F2 
 131      E8994C3E 
 131      6A68D1D2 
 132 0194 A2138FE8 		.ascii	"\242\023\217\350q\253I\242\263\201\026#-\311\264\230"
 132      71AB49A2 
 132      B3811623 
 132      2DC9B498 
 133 01a4 84C114BA 		.ascii	"\204\301\024\272N\245s\032-[\350\230\316(_\354#\364"
 133      4EA5731A 
 133      2D5BE898 
 133      CE285FEC 
 133      23F4
ARM GAS  C:\Users\user\AppData\Local\Temp\ccUWX4to.s 			page 10


 134 01b6 8EB2DF88 		.ascii	"\216\262\337\210\007\374\363%\220(\000\313\375\3653"
 134      07FCF325 
 134      902800CB 
 134      FDF533
 135 01c5 C07789D8 		.ascii	"\300w\211\330\235\031\234k1D\350\337m\333\332\346\235"
 135      9D199C6B 
 135      3144E8DF 
 135      6DDBDAE6 
 135      9D
 136 01d6 F85839EA 		.ascii	"\370X9\352I\363s-\234\336\300\201\357\204\317\365!e"
 136      49F3732D 
 136      9CDEC081 
 136      EF84CFF5 
 136      2165
 137 01e8 40A672D1 		.ascii	"@\246r\321\202\031\316\340\335\012xn,\037\351\235\206"
 137      8219CEE0 
 137      DD0A786E 
 137      2C1FE99D 
 137      86
 138 01f9 68786B15 		.ascii	"hxk\025\374\202_\2343\210\350\266r`qW\023\375\346b\006"
 138      FC825F9C 
 138      3388E8B6 
 138      72607157 
 138      13FDE662 
 139 020e DFD39D14 		.ascii	"\337\323\235\024\177\267\332\266\365KNo18K\012<&m\014"
 139      7FB7DAB6 
 139      F54B4E6F 
 139      31384B0A 
 139      3C266D0C 
 140 0222 CE811699 		.ascii	"\316\201\026\231\364Q\316\320*e\355\230?\360\300\220"
 140      F451CED0 
 140      2A65ED98 
 140      3FF0C090 
 141 0232 D921F995 		.ascii	"\331!\371\225\026\314\226\216\264\273\027\317+z\031"
 141      16CC968E 
 141      B4BB17CF 
 141      2B7A19
 142 0241 63003F40 		.ascii	"c\000?@\246H\373\275[3\327%\224\300y\220\005i\006\375"
 142      A648FBBD 
 142      5B33D725 
 142      94C07990 
 142      056906FD 
 143 0255 A2F83B06 		.ascii	"\242\370;\006G\226\2223\273\"h=\351\336?\031\2305\012"
 143      47969233 
 143      BB22683D 
 143      E9DE3F19 
 143      98350A
 144 0268 F400A161 		.ascii	"\364\000\241a\020d\266\004\036\263\010\000\243\355B"
 144      1064B604 
 144      1EB30800 
 144      A3ED42
 145 0277 43BB46D4 		.ascii	"C\273F\324\015&\310\207\036\320-\235\021<\2768\274*"
 145      0D26C887 
 145      1ED02D9D 
 145      113CBE38 
 145      BC2A
 146 0289 25D45042 		.ascii	"%\324PB5\213x\016\021\232\263\020x\233\352\272\007\312"
ARM GAS  C:\Users\user\AppData\Local\Temp\ccUWX4to.s 			page 11


 146      358B780E 
 146      119AB310 
 146      789BEABA 
 146      07CA
 147 029b E2E270A7 		.ascii	"\342\342p\247\323@\032\364F$\214rl\001\007H\034\024"
 147      D3401AF4 
 147      46248C72 
 147      6C010748 
 147      1C14
 148 02ad D1B8005A 		.ascii	"\321\270\000Z\037\227\221H\2545U\252\301\013\004\375"
 148      1F979148 
 148      AC3555AA 
 148      C10B04FD 
 149 02bd 3AD6D925 		.ascii	":\326\331%:^\206\307\370\245\3020r\010\201g\256\016"
 149      3A5E86C7 
 149      F8A5C230 
 149      72088167 
 149      AE0E
 150 02cf 543D6D04 		.ascii	"T=m\004\372o]\003W%:\001\326\252\276]X\363UG\250\246"
 150      FA6F5D03 
 150      57253A01 
 150      D6AABE5D 
 150      58F35547 
 151 02e5 D0EA8841 		.ascii	"\320\352\210A\325\322S\333\034\034\276\242#\343I\"\317"
 151      D5D253DB 
 151      1C1CBEA2 
 151      23E34922 
 151      CF
 152 02f6 7D7DB7AE 		.ascii	"}}\267\256\353j\036)z\024\034\347j\327\255L\316\216"
 152      EB6A1E29 
 152      7A141CE7 
 152      6AD7AD4C 
 152      CE8E
 153 0308 1AFCE003 		.ascii	"\032\374\340\003\352\215Q\234C#\"\005\027\301\017d\360"
 153      EA8D519C 
 153      43232205 
 153      17C10F64 
 153      F0
 154 0319 7E7D8446 		.ascii	"~}\204F\022ZT=\210\010\014\310\013\305\353dF\024G\034"
 154      125A543D 
 154      88080CC8 
 154      0BC5EB64 
 154      4614471C 
 155 032d 40BE1161 		.ascii	"@\276\021a\262\360\301\250Z{W\225\231P\374\204\177\200"
 155      B2F0C1A8 
 155      5A7B5795 
 155      9950FC84 
 155      7F80
 156 033f F89B54FE 		.ascii	"\370\233T\376\267\275ZU%%\2010$\022\276\024%\374c<\341"
 156      B7BD5A55 
 156      25258130 
 156      2412BE14 
 156      25FC633C 
 157 0354 5434413C 		.ascii	"T4A<Z\352\376\321\250\2224!Lf\277C\355\334\310\266h"
 157      5AEAFED1 
 157      A8923421 
 157      4C66BF43 
ARM GAS  C:\Users\user\AppData\Local\Temp\ccUWX4to.s 			page 12


 157      EDDCC8B6 
 158 0369 2CD344CA 		.ascii	",\323D\312\0331\3128\2439\"\332\353>\031\372@\275\336"
 158      1B31CA38 
 158      A33922DA 
 158      EB3E19FA 
 158      40BDDE
 159 037c 22A8AAA1 		.ascii	"\"\250\252\241\035\177\216d\233\011\343X\224\3258\262"
 159      1D7F8E64 
 159      9B09E358 
 159      94D538B2 
 160 038c 422BC2BE 		.ascii	"B+\302\276\034\351u\317\321\277\017Gk\224E+\224**\346"
 160      1CE975CF 
 160      D1BF0F47 
 160      6B94452B 
 160      942A2AE6 
 161 03a0 145877EA 		.ascii	"\024Xw\352QO\322\006\243\301\367\224\321\360\223\030"
 161      514FD206 
 161      A3C1F794 
 161      D1F09318 
 162 03b0 0DD14AA0 		.ascii	"\015\321J\240\356\234\370\277\321\320\2776\0324\353"
 162      EE9CF8BF 
 162      D1D0BF36 
 162      1A34EB
 163 03bf BA7B92EA 		.ascii	"\272{\222\3529aV\274fgp\231\224\265\211\263b\233\217"
 163      396156BC 
 163      66677099 
 163      94B589B3 
 163      629B8F
 164 03d2 D3E30CA6 		.ascii	"\323\343\014\246\022g\305\025\321\035WcfE\330\377\333"
 164      1267C515 
 164      D11D5763 
 164      6645D8FF 
 164      DB
 165 03e3 A0716D0C 		.ascii	"\240qm\014L\210\340]\023c \276\347\247\243=O\306\331"
 165      4C88E05D 
 165      136320BE 
 165      E7A7A33D 
 165      4FC6D9
 166 03f6 6DECF9C6 		.ascii	"m\354\371\306\216\213Z\342\354\343\351\350\361_\220"
 166      8E8B5AE2 
 166      ECE3E9E8 
 166      F15F90
 167 0405 0EB919D2 		.ascii	"\016\271\031\322\374\303\005\014\275\211\317\207\257"
 167      FCC3050C 
 167      BD89CF87 
 167      AF
 168 0412 024E5CA0 		.ascii	"\002N\\\240\350\243\225\327\363^-*xgWaQ^\231\275\324"
 168      E8A395D7 
 168      F35E2D2A 
 168      78675761 
 168      515E99BD 
 169 0427 5E5855BD 		.ascii	"^XU\275\333\356,\262\322\336\351~i\307+\026\247\333"
 169      DBEE2CB2 
 169      D2DEE97E 
 169      69C72B16 
 169      A7DB
 170 0439 62753A1C 		.ascii	"bu:\034\316\012\334\225\333K-n\227\325b-s\330\034V\247"
ARM GAS  C:\Users\user\AppData\Local\Temp\ccUWX4to.s 			page 13


 170      CE0ADC95 
 170      DB4B2D6E 
 170      97D5622D 
 170      73D81C56 
 171 044e CB966B65 		.ascii	"\313\226ke\262\333\376\276MSRn\337S\001\225\232\275"
 171      B2DBFEBE 
 171      4D53526E 
 171      DF530195 
 171      9ABD
 172 0460 25E5D5B6 		.ascii	"%\345\325\266\274M\233\254t\272\252\334\2267\012\362"
 172      BC4D9BAC 
 172      74BAAADC 
 172      96370AF2 
 173 0470 F3F2F7A1 		.ascii	"\363\362\367\241U2Y\274w\207#\267\214\355\334\264\015"
 173      553259BC 
 173      778723B7 
 173      8CEDDCB4 
 173      0D
 174 0481 DBBE2A4B 		.ascii	"\333\276*K^~\341\333\205\026{\205\265\274z\267\315b"
 174      5E7EE1DB 
 174      85167B85 
 174      B5BC7AB7 
 174      CD62
 175 0493 75B8EDEE 		.ascii	"u\270\355\356\342=V+\332\331\376t;\256\252'\3102\367"
 175      E23D562B 
 175      DAD9FE74 
 175      3BAEAA27 
 175      C832F7
 176 04a6 7E37A2D2 		.ascii	"~7\242\322\362\013\013\314\245%n[\245\313\376\2029\353"
 176      F20B0BCC 
 176      A5256E5B 
 176      A5CBFE82 
 176      39EB
 177 04b8 4526B998 		.ascii	"E&\271\230\016}v\272\366\263\377\0003@\261\346"
 177      0E7D76BA 
 177      F6B3FF00 
 177      3340B1E6 
 178              		.text
 179              		.section	.gnu.lto_chCoreGetStatusX.7a943aae,"",%progbits
 180 0000 789C6550 		.ascii	"x\234eP;O\002a\020\334\275\357\216\003\022\371\003R"
 180      3B4F0261 
 180      10DCBDEF 
 180      8E0312F9 
 180      0352
 181 0012 D0D2486C 		.ascii	"\320\322Hl4\2611\206\316\306D,\2518I \021/\001\255\371"
 181      34B13186 
 181      CEC6442C 
 181      A9384920 
 181      112F01AD 
 182 0027 C4075113 		.ascii	"\304\007Q\023\265\021\360A\256\240@|\241v\024&\304h"
 182      B511F041 
 182      AEA0407C 
 182      A1761426 
 182      C468
 183 0039 E793C4CA 		.ascii	"\347\223\304\312N+\214\026\032K\005ws\304B\212\373n"
 183      4E2B8C16 
 183      1A4B0577 
ARM GAS  C:\Users\user\AppData\Local\Temp\ccUWX4to.s 			page 14


 183      73C4428A 
 183      FB6E
 184 004b 666EBF99 		.ascii	"fn\277\231\331\323@\201\034\002\214\000@/=(\000\225"
 184      D9D34081 
 184      1C028C00 
 184      402F3D28 
 184      0095
 185 005d 8D5B8039 		.ascii	"\215[\2009\247\202\310@:\021\322\012\246q]\344\005>"
 185      A782C840 
 185      3A11D20A 
 185      A6715DE4 
 185      053E
 186 006f 2C9CEC8A 		.ascii	",\234\354\2125a\321\230J\364\343f\373\305\303\024\321"
 186      3561D198 
 186      4AF4E366 
 186      FBC5C314 
 186      D1
 187 0080 47744736 		.ascii	"GtG6\226u\177Y\312\214\254\347\277\334\205\263{\351"
 187      96757F59 
 187      CA8CACE7 
 187      BFDC85B3 
 187      7BE9
 188 0092 B284025B 		.ascii	"\262\204\002[4\276\207^,\243\2273*\350\007\232~>mm\366"
 188      34BE875E 
 188      2CA39733 
 188      2AE8079A 
 188      7E3E6D6D 
 189 00a7 3854FE4A 		.ascii	"8T\376J\342>:\250\007T\033X\227\255vV\326\277K\330\036"
 189      E23E3AA8 
 189      07541B58 
 189      97AD7656 
 189      D6BF4BD8 
 190 00bc 752A6009 		.ascii	"u*`\011!\350PUF\032#\007\037:\2603\254\320e\256\271"
 190      21E85055 
 190      461A2307 
 190      1F3AB033 
 190      ACD065AE 
 191 00d1 4A84DEA2 		.ascii	"J\204\336\242\211\231\\\363\374\312\303~E\241PLn\361"
 191      89995CF3 
 191      FCCAC37E 
 191      45A1504C 
 191      6EF1
 192 00e3 E24EE78E 		.ascii	"\342N\347\216\032rj\255\366\366\244\247\177\244\223"
 192      1A726AAD 
 192      F6F6A4A7 
 192      7FA493
 193 00f2 84122793 		.ascii	"\204\022'\223\366z\375x\351\266\260\210\224\200\207"
 193      F67AFD78 
 193      E9B6B088 
 193      948087
 194 0101 B4EB0117 		.ascii	"\264\353\001\027\305#\264\020\310\3603\213\266\235 "
 194      C523B410 
 194      C8F0338B 
 194      B69D20
 195 0110 4716722E 		.ascii	"G\026r.\233\253]~\330\355w\374\347W\375\357\247\221"
 195      9BAB5D7E 
 195      D8ED77FC 
ARM GAS  C:\Users\user\AppData\Local\Temp\ccUWX4to.s 			page 15


 195      E757FDEF 
 195      A791
 196 0122 0509F385 		.ascii	"\005\011\363\205\245\216`gh\366PE\330\242N:\274c\306"
 196      A58E6067 
 196      68F65045 
 196      D8A24E3A 
 196      BC63C6
 197 0135 D7A1D499 		.ascii	"\327\241\324\231\326F^\227~\300pp(<>1\026\012\007c\361"
 197      D6465E97 
 197      7EC07070 
 197      283C3E31 
 197      160A0763 
 198 014a 483C3433 		.ascii	"H<43;\0317\303\006c3\325?8\0200S\001\303L$\314iBS\361"
 198      3B1937C3 
 198      066333D5 
 198      3F381030 
 198      5301C34C 
 199 0164 48209534 		.ascii	"H \2254\002F,\021M\030f2\332g\300/%7\223\224"
 199      02462C11 
 199      4D186632 
 199      DA67C02F 
 199      25379394 
 200              		.text
 201              		.section	.gnu.lto_.symbol_nodes.7a943aae,"",%progbits
 202 0000 789C55CB 		.ascii	"x\234U\313\333\011\200@\020C\321\233\031\246\017\261"
 202      DB098040 
 202      1043D19B 
 202      19A60FB1 
 203 0010 13FBB187 		.ascii	"\023\373\261\207\331\022\254\307\",\307\267\340\212"
 203      D912ACC7 
 203      222CC7B7 
 203      E08A
 204 001e 5F9B9FC0 		.ascii	"_\233\237\300!\011\214\221\032\333\2250-Pk.\003\304"
 204      21098C91 
 204      1ADB9530 
 204      2D506B2E 
 204      03C4
 205 0030 2A4A0F1E 		.ascii	"*J\017\036\267\324\325Il\262\037\036\371\007v(\325|"
 205      B7D4D549 
 205      6CB21F1E 
 205      F9077628 
 205      D57C
 206 0042 EC545A2B 		.ascii	"\354TZ+\227\322\033\341\005\\p\031V"
 206      97D21BE1 
 206      055C7019 
 206      56
 207              		.text
 208              		.section	.gnu.lto_.refs.7a943aae,"",%progbits
 209 0000 789C05C1 		.ascii	"x\234\005\301\261\021\300 \000\003\261\177\033H\221"
 209      B111C020 
 209      0003B17F 
 209      1B4891
 210 000f A3A1618A 		.ascii	"\243\241a\212\354\277^\244I\370\200\201\232h\223\221"
 210      ECBF5EA4 
 210      49F88081 
 210      9A689391 
 211 001f 4E5C74EB 		.ascii	"N\\t\353\351\302\227\036\275y\250X~\026\333\000\326"
ARM GAS  C:\Users\user\AppData\Local\Temp\ccUWX4to.s 			page 16


 211      E9C2971E 
 211      BD79A858 
 211      7E16DB00 
 211      D6
 212              		.text
 213              		.section	.gnu.lto_.decls.7a943aae,"",%progbits
 214 0000 789CAD56 		.ascii	"x\234\255VmPT\327\031\276\357\336e\027\226]d\210\323"
 214      6D5054D7 
 214      19BEEFDE 
 214      6517965D 
 214      6488D3
 215 0013 F1079D32 		.ascii	"\361\007\2352\314d\260?\002\022\033M\363\243\015eZu"
 215      CC64B03F 
 215      02121B4D 
 215      F3A30D65 
 215      5A75
 216 0025 A6D68C44 		.ascii	"\246\326\214D'?\266s\273,\033\331\010\273\226]\332\320"
 216      273FB673 
 216      BB2C1BD9 
 216      08BB965D 
 216      DAD0
 217 0037 3FB9A818 		.ascii	"?\271\250\030\006\021\211\361\003\321\310*\016\341S"
 217      061189F1 
 217      03D1C82A 
 217      0EE153
 218 0046 5028C40F 		.ascii	"P(\304\017t!B\025A\276D4*\240ALP\221/\003\210\204\276"
 218      74214215 
 218      41BE4434 
 218      2AA0414C 
 218      50912F03 
 219 005d E79CBBDC 		.ascii	"\347\234\273\334\353\012&3\355\035\336\345\234s\337"
 219      EB0A2633 
 219      ED1DDEE5 
 219      9C73DF
 220 006c F33CCFFB 		.ascii	"\363<\317\373\236\367\234s}8\025W\343\317qQ<\307\245"
 220      9EF79C73 
 220      7D381557 
 220      E3CF7151 
 220      3CC7A5
 221 007f 03C7CDE2 		.ascii	"\003\307\315\342\343\303q\\\031'?j\264\023hg\320\316"
 221      E3C3715C 
 221      19273F6A 
 221      B4136867 
 221      D0CE
 222 0091 A15D90C6 		.ascii	"\241]\220\306\232\320Z\320Z\321\332\271\027\237\277"
 222      9AD05AD0 
 222      5AD1DAB9 
 222      179FBF
 223 00a0 2216C1D9 		.ascii	"\"\026\301\331\210\326\214\326\201v\031\255Sz\017\022"
 223      88D68CD6 
 223      817619AD 
 223      537A0F12 
 224 00b0 E64FE124 		.ascii	"\346O\341$\243\243\026\377\007\241-F\333\200V\203\266"
 224      A3A316FF 
 224      07A12D46 
 224      DB805683 
 224      B6
ARM GAS  C:\Users\user\AppData\Local\Temp\ccUWX4to.s 			page 17


 225 00c1 4EC2EB50 		.ascii	"N\302\353P\340\021}\030\006wO\302l\365\302JA'\335+\260"
 225      E0117D18 
 225      06774FC2 
 225      6CF5C24A 
 225      4127DD2B 
 226 00d6 BE477B84 		.ascii	"\276G{\2046\242\300\325J1\217\241=E\233\226xf\320f\321"
 226      36A2C0D5 
 226      4A318FA1 
 226      3D459B96 
 226      7866D066 
 227 00eb 540B707D 		.ascii	"T\013p}\202\\\032\005W\215\304\361\236\227\346\013\022"
 227      825C1A05 
 227      578DC4F1 
 227      9E97E60B 
 227      12
 228 00fc 46AB84A3 		.ascii	"F\253\204\243|\016\360P\275\353b\255\252\007n\003\372"
 228      7C0EF050 
 228      BDEB62AD 
 228      AA076E03 
 228      FA
 229 010d 40209B05 		.ascii	"@ \233\005\354\027\250\321\356\254\347\001\240\3438"
 229      EC17A8D1 
 229      EEACE701 
 229      A0E338
 230 011c AAA2BFCC 		.ascii	"\252\242\277\314\221\016\201g\206\324WI]\225\004I\377"
 230      910E8167 
 230      86D45749 
 230      5D950449 
 230      FF
 231 012d A4C9A040 		.ascii	"\244\311\240@d\257\031\223\347a\332Y\203N\363\314\006"
 231      64AF1993 
 231      E761DA59 
 231      834EF3CC 
 231      06
 232 013e 954C00A0 		.ascii	"\225L\000\240\234\240\000d\262\245\367s\372898\360D"
 232      9CA00064 
 232      B2A5F773 
 232      FA383938 
 232      F044
 233 0150 3F72B079 		.ascii	"?r\260y@\327\013w\310\250\353]\240c\203'o\037\015\340"
 233      40D70B77 
 233      C8A8EB5D 
 233      A0638327 
 233      6F1F0DE0 
 234 0164 5540DABD 		.ascii	"U@\332\275S\205\177\012/\025\331\343\373K9m\015\263"
 234      53857F0A 
 234      2F15D9E3 
 234      FB4B396D 
 234      0DB3
 235 0176 13EE4559 		.ascii	"\023\356EY<\004\351@\205\335\216\341\346/\374\261\273"
 235      3C04E940 
 235      85DD8EE1 
 235      E62FFCB1 
 235      BB
 236 0187 580781D8 		.ascii	"X\007\201\330\235L\355\252\323-\331Ogm\023\003U\260"
 236      9D4CEDAA 
 236      D32DD94F 
ARM GAS  C:\Users\user\AppData\Local\Temp\ccUWX4to.s 			page 18


 236      676D1303 
 236      55B0
 237 0199 F117500A 		.ascii	"\361\027P\012\301P\002\301H^\006K\3607V\315\220\356"
 237      C15002C1 
 237      485E064B 
 237      F03756CD 
 237      90EE
 238 01ab B8BEACD4 		.ascii	"\270\276\254\324\204\272DW\237\350\236\270\027v\367"
 238      84BA4457 
 238      9FE89EB8 
 238      1776F7
 239 01ba 9428A6E1 		.ascii	"\224(\246\34145q\203\"\340\241\030\302\211dl\342o!\364"
 239      34357183 
 239      22E0A118 
 239      C289646C 
 239      E26F21F4 
 240 01ce 027C093D 		.ascii	"\002|\011=\030\320\011\010\305\351\025\035\351\227\003"
 240      18D00908 
 240      C5E9151D 
 240      E99703
 241 01dd F88D54ED 		.ascii	"\370\215T\355\211\322\351\012\235\232,\344:\035\301"
 241      89D2E90A 
 241      9D9A2CE4 
 241      3A1DC1
 242 01ec 27E8978A 		.ascii	"'\350\227\212Jx\024\206\003$7\213p\250\374\321\351)"
 242      4A781486 
 242      0324378B 
 242      70A8FCD1 
 242      E929
 243 01fe 031B221E 		.ascii	"\003\033\"\036\307\247\236\324\350\371\217h\273}{\305"
 243      C7A79ED4 
 243      E8F98F68 
 243      BB7D7BC5 
 244 020e 619E45A5 		.ascii	"a\236E\245&\331i\311\3756\200E\025r\200W\265\327>\276"
 244      26D969C9 
 244      FD368045 
 244      15728057 
 244      B5D73EBE 
 245 0222 EB0B4B75 		.ascii	"\353\013Ku\005$,w\353\221\320\263=\242\030\0025\240"
 245      05242C77 
 245      EB91D0B3 
 245      3DA21802 
 245      35A0
 246 0234 834A59E7 		.ascii	"\203JY\347:\262\001\322Eq\253\230\275M\364[\315\301"
 246      3AB201D2 
 246      4571AB98 
 246      BD4DF45B 
 246      CDC1
 247 0246 BF31F02A 		.ascii	"\2771\360*\014\034\252a)!%~p\012\007O\342 \262\364\017"
 247      0C1CAA61 
 247      2921257E 
 247      700A074F 
 247      E220B2F4 
 248 025b E73C3450 		.ascii	"\347<4P\325\004\251\002\250\356ke\015\005>\312\014n"
 248      D504A902 
 248      A8EE6B65 
 248      0D053ECA 
ARM GAS  C:\Users\user\AppData\Local\Temp\ccUWX4to.s 			page 19


 248      0C6E
 249 026d D02B3278 		.ascii	"\320+2x\232f\360+\220R\330\2617\347\231\016S\330GR\270"
 249      9A66F02B 
 249      9052D8B1 
 249      37E7990E 
 249      53D84752 
 250 0282 75E5084B 		.ascii	"u\345\010K\341V5\361\203rYZ\271w\012\317\320\024\216"
 250      E15635F1 
 250      8372595A 
 250      B9770ACF 
 250      D0148E
 251 0295 66E43F32 		.ascii	"f\344?2\360\267\200\246 sv\217k\221\204\325\364\353"
 251      F0B780A6 
 251      2073768F 
 251      6B9184D5 
 251      F4EB
 252 02a7 83A27B2B 		.ascii	"\203\242{+*PQ\244\2632\322Yo\244s\024\251|\244\342\220"
 252      2A5051A4 
 252      B332D259 
 252      6FA47314 
 252      A97CA4E2 
 253 02bc 961F6248 		.ascii	"\226\037bH\373\352\312S\265\312\020Hxr\014\347_\250"
 253      FBEACA53 
 253      B5CA1048 
 253      78720CE7 
 253      5FA8
 254 02ce 82DDF55D 		.ascii	"\202\335\365].^\252\202\353%\201\237m\023\013q\232K"
 254      2E5EAA82 
 254      EB25819F 
 254      6D130B71 
 254      9A4B
 255 02e0 45DCA056 		.ascii	"E\334\240V&\256\365&\276@\211\007w>\255T\361\263\214"
 255      26AEF526 
 255      BE408907 
 255      773EAD54 
 255      F1B38C
 256 02f3 B83CADBF 		.ascii	"\270<\255\277\310\027\227-\030\327\034\024\013\036\314"
 256      C817972D 
 256      18D71C14 
 256      0B1ECC
 257 0302 16BCCA3D 		.ascii	"\026\274\312=V\246\346?\245\005\256\252\256\352\317"
 257      56A6E63F 
 257      A505AEAA 
 257      AEEACF
 258 0311 D5C96BDA 		.ascii	"\325\311k\332\024\236\366)\011\267\001\245~-\263\006"
 258      149EF629 
 258      09B701A5 
 258      7E2DB306 
 259 0321 CFADE9F0 		.ascii	"\317\255\351\3601\221_\302\301\362`X\206+z\021W4XZ\321"
 259      31915FC2 
 259      C1F26058 
 259      862B7A11 
 259      5734585A 
 260 0336 7A8CAC8E 		.ascii	"z\214\254\216\255hQ^\341E\003?\303\030\016\356\253\253"
 260      AD68515E 
 260      E145033F 
 260      C3180EEE 
ARM GAS  C:\Users\user\AppData\Local\Temp\ccUWX4to.s 			page 20


 260      ABAB
 261 0348 0A986378 		.ascii	"\012\230cx\362]he\032a\270\204\014\2152\003\022\316"
 261      F25D6865 
 261      1A61B884 
 261      0C8D3203 
 261      12CE
 262 035a 4FF19FF9 		.ascii	"O\361\237\371):\247\367\214\250\364\031seF\361<\225"
 262      293AA7F7 
 262      8CA8F419 
 262      736546F1 
 262      3C95
 263 036c C6C165D0 		.ascii	"\306\301e\320K\033u0\313}R\377z\276(\326\223\355\365"
 263      4B1B7530 
 263      CB7D52FF 
 263      7ABE28D6 
 263      93EDF5
 264 037f AB22AC0D 		.ascii	"\253\"\254\015?\362\032\334\214\\1\311Ms\333\004\257"
 264      3FF21ADC 
 264      8C5C31C9 
 264      4D73DB04 
 264      AF
 265 0390 E3B4EEFE 		.ascii	"\343\264\356\376\252\223\300\017\3604cy\015]i~A\331"
 265      AA93C00F 
 265      F0346379 
 265      0D5D697E 
 265      41D9
 266 03a2 24806C52 		.ascii	"$\200lR\361\204\214\236%\315\0204w\"\334\272~\354\246"
 266      F1848C9E 
 266      25CD1034 
 266      7722DCBA 
 266      7EECA6
 267 03b5 3F12F561 		.ascii	"?\022\365a\224Ws\027\357\021]K\310{\270BP\2113m@\013"
 267      94577317 
 267      EF115D4B 
 267      C87BB842 
 267      5089336D 
 268 03cb 851FD977 		.ascii	"\205\037\331w\363s\236\037g\360\247\3622S\325\222\304"
 268      F3739E1F 
 268      67F0A7F2 
 268      3253D592 
 268      C4
 269 03dc C69CA03D 		.ascii	"\306\234\240=\333\304\325T\341\325\227\024^\245\020"
 269      DBC4D554 
 269      E1D59714 
 269      5EA510
 270 03eb AD14E269 		.ascii	"\255\024\342i\306\330}\003?\315 \306vT\324\372H\344"
 270      C6D87D03 
 270      3FCD20C6 
 270      7654D4FA 
 270      48E4
 271 03fd D715E46D 		.ascii	"\327\025\344m\036r\332\200v:\263\256\267k\227A\231;"
 271      1E72DA80 
 271      763AB3AE 
 271      B76B9741 
 271      993B
 272 040f 42269374 		.ascii	"B&\223t\260\334\221\377\350\234\337q_\004\2453\201\225"
 272      B0DC91FF 
ARM GAS  C:\Users\user\AppData\Local\Temp\ccUWX4to.s 			page 21


 272      E89CDF71 
 272      5F04A533 
 272      8195
 273 0421 9D3B25E7 		.ascii	"\235;%\347N\352|\240\272\241\331\300\247\253\251\246"
 273      4EEA7CA0 
 273      BAA1D9C0 
 273      A7ABA9A6 
 274 0431 91E75FD4 		.ascii	"\221\347_\324\370\261\303d1vgz\263\263\265\3540q\221"
 274      F8B1C364 
 274      3176677A 
 274      B3B3B5EC 
 274      307191
 275 0444 AA3CDA32 		.ascii	"\252<\3322\266_\307\357g\276\343\247w<\013`\276\257"
 275      B65FC7EF 
 275      67BEE3A7 
 275      773C0B60 
 275      BEAF
 276 0456 61B7247D 		.ascii	"a\267$}J\014\320\245\323\204S\322 \345\342\336$\331"
 276      4A0CD0A5 
 276      D38453D2 
 276      20E5E2DE 
 276      24D9
 277 0468 878860B8 		.ascii	"\207\210`\270\301j\241k\262\366\231\236\317\243H\352"
 277      C16AA16B 
 277      B2F6999E 
 277      CFA348EA 
 278 0478 BEFCD187 		.ascii	"\276\374\321\207\032X\032\014\240C+\360\034\335\034"
 278      1A581A0C 
 278      A0432BF0 
 278      1CDD1C
 279 0487 9EF13AF8 		.ascii	"\236\361:\370FJ\007>\271\"\302\017\177B\206\347+\273"
 279      464A073E 
 279      B922C20F 
 279      7F4286E7 
 279      2BBB
 280 0499 5B587677 		.ascii	"[Xvw(O\017\362\336F\242\\\321\227\216\220\245v\357,"
 280      284F0FF2 
 280      DE46A25C 
 280      D1978E90 
 280      A576EF2C 
 281 04ad F555D603 		.ascii	"\365U\326\003\301\276\216~]T_/\251\012\246\222xg\267"
 281      C1BE8E7E 
 281      5D545F2F 
 281      A90AA692 
 281      7867B7
 282 04c0 1C3DE4A7 		.ascii	"\034=\344\247\2238\322_\311\201\336\315\247\372\007"
 282      9338D25F 
 282      C981DECD 
 282      A7FA07
 283 04cf F54AECBE 		.ascii	"\365J\354\276Wa\337\273\321\276[\207\353\336\346\306"
 283      5761DFBB 
 283      D1BE5B87 
 283      EBDEE6C6 
 284 04df D239A249 		.ascii	"\3229\242Iu\271SC\340.\256P7\326\016\236n\212\231\327"
 284      75B95343 
 284      E02EAE50 
 284      37D60E9E 
ARM GAS  C:\Users\user\AppData\Local\Temp\ccUWX4to.s 			page 22


 284      6E8A99D7 
 285 04f3 70E47DBC 		.ascii	"p\344}\274\264\357\321\032\360\334\013a/\337\013a\354"
 285      B4EFD11A 
 285      F0DC0B61 
 285      2FDF0B61 
 285      EC
 286 0504 98E8D83D 		.ascii	"\230\350\330=z\\\313\037W\263M\334\324]\257V\034\023"
 286      7A5CCB1F 
 286      57B34DDC 
 286      D45DAF56 
 286      1C13
 287 0516 BF3B384A 		.ascii	"\277;8J\304=@m\367\345M\034\266\340\321?\200\241\206"
 287      C43D406D 
 287      F7E54D1C 
 287      B6E0D13F 
 287      80A186
 288 0529 49BBB81F 		.ascii	"I\273\270\037\007\277\225\016\212\343\237\035\323\360"
 288      07BF950E 
 288      8AE39F1D 
 288      D3F0
 289 0537 E58CA3F1 		.ascii	"\345\214\243\361\374\255\033j\320-\235\027`p\036\200"
 289      FCAD1B6A 
 289      D02D9D17 
 289      60701E80 
 290 0547 B913A591 		.ascii	"\271\023\245\221\236(\337\243\230\357d1\017h\216\310"
 290      9E28DFA3 
 290      98EF6431 
 290      0F688EC8 
 291 0557 28126554 		.ascii	"(\022eTw\366\250\027,\250\207\236\202ZFUe>n\317\321"
 291      77F6A817 
 291      2CA8879E 
 291      825A4655 
 291      653E6ECF 
 292 056c 7B2FAF7C 		.ascii	"{/\257|p?\242K\360\220\301c\207\\a\323eg\244\362\325"
 292      703FA24B 
 292      F090C163 
 292      875C61D3 
 292      6567A4F2 
 293 0581 6077A2DC 		.ascii	"`w\242\334u\325\260 \333\220\207\3551K\302xF\332\204"
 293      75D5B020 
 293      DB9087ED 
 293      314BC278 
 293      46DA84
 294 0594 74E96AB1 		.ascii	"t\351j\261[8p8K\317\366\311\333\244\326\332J\033\015"
 294      5B387038 
 294      4BCFF6C9 
 294      DBA4D6DA 
 294      4A1B0D
 295 05a7 DE628611 		.ascii	"\336b\206\021\354\011\005\033\241b\206\230\230\021*"
 295      EC09051B 
 295      A1628698 
 295      98112A
 296 05b6 2633AD38 		.ascii	"&3\2558U\313\177\3056\326\345\275\005{\365x\257\270"
 296      55CB7FC5 
 296      36D6E5BD 
 296      057BF578 
 296      AFB8
ARM GAS  C:\Users\user\AppData\Local\Temp\ccUWX4to.s 			page 23


 297 05c8 F15EE9CC 		.ascii	"\361^\351\314\341\207Jv\210mx\257\254\246_!0*\247k\324"
 297      E1874A76 
 297      886D78AF 
 297      ACA65F21 
 297      302AA76B 
 298 05dd FB6219A3 		.ascii	"\373b\031\243\027K\301\304\344\316\000~\222\201\245"
 298      174BC1C4 
 298      E4CE007E 
 298      9281A5
 299 05ec CD8CF605 		.ascii	"\315\214\366\005x\300\012\371\342\312~Q\304\223a;\260"
 299      78C00AF9 
 299      E2CA7E51 
 299      C493613B 
 299      B0
 300 05fd 8F957119 		.ascii	"\217\225q\031m\334\033\355)E\353\036\250\217\343\033"
 300      6DDC1BED 
 300      2945EB1E 
 300      A88FE31B 
 301 060d 7D285871 		.ascii	"}(Xq\331\221\212\000\376\032\353\354\254\377\372\260"
 301      D9918A00 
 301      FE1AEBEC 
 301      ACFFFAB0 
 302 061d 06BF0160 		.ascii	"\006\277\001`\202\356P\034\251\237\352\015\244\037\005"
 302      82EE501C 
 302      A99FEA0D 
 302      A41F05
 303 062c 6459D9B7 		.ascii	"dY\331\267\314\305\212\222\231\200\005\277\252\236\321"
 303      CCC58A92 
 303      998005BF 
 303      AA9ED1
 304 063b FB74CAF3 		.ascii	"\373t\312\363M0ph\177\205\277\244\265\373\034\237U\324"
 304      4D307068 
 304      7F85BFA4 
 304      B5FB1C9F 
 304      55D4
 305 064d 9329BA52 		.ascii	"\223)\272R\305w/\251\210'\374\340\321\012\223\250\376"
 305      C5772FA9 
 305      8827FCE0 
 305      D10A93A8 
 305      FE
 306 065e 076FB9D3 		.ascii	"\007o\271\323Tn\333\320\331L\177\276XC%\026n\317\232"
 306      546EDBD0 
 306      D94C7FBE 
 306      58432516 
 306      6ECF9A
 307 0671 D5780073 		.ascii	"\325x\000s\370\214]W\030\340j\032\373s9\366\347\336"
 307      F88C5D57 
 307      18E06A1A 
 307      FB7339F6 
 307      E7DE
 308 0683 603314AC 		.ascii	"`3\024\254/\357\301\347\006\276\232\201]9\237\337\345"
 308      2FEFC1E7 
 308      06BE9A81 
 308      5D399FDF 
 308      E5
 309 0694 2367F21B 		.ascii	"#g\362\033\257L\376(\243\375\350\2156\013\241\234N0"
 309      AF4CFE28 
ARM GAS  C:\Users\user\AppData\Local\Temp\ccUWX4to.s 			page 24


 309      A3FDE88D 
 309      360BA19C 
 309      4E30
 310 06a6 DB932C82 		.ascii	"\333\223,\202\325fu\372\256\372\313\206\220\350\310"
 310      D56675FA 
 310      AEFACB86 
 310      90E8C8
 311 06b5 48EEF7D1 		.ascii	"H\356\367\321\357\030\327\277\277.\306\030\035o\215"
 311      EF18D7BF 
 311      BF2EC618 
 311      1D6F8D
 312 06c4 B5C63893 		.ascii	"\265\3068\223\343\254v\243\231\264\355\216\310\225+"
 312      E3AC76A3 
 312      99B4ED8E 
 312      C8952B
 313 06d3 22EC8E08 		.ascii	"\"\354\216\010\263=1\321n\303V\20256\302\221d\2160\307"
 313      B33D31D1 
 313      6EC35682 
 313      3536C291 
 313      648E30C7 
 314 06e7 275A1209 		.ascii	"'Z\022\011T\270\231{\315\034\037\215\255\250\204\004"
 314      54B8997B 
 314      CD1C1F8D 
 314      ADA88404 
 315 06f7 BB392AC1 		.ascii	"\2739*\301\272\311f\211[\243qX\377e\021\234V\363;\306"
 315      BAC96689 
 315      5BA37158 
 315      FF65119C 
 315      56F33BC6 
 316 070b 24A7DDC1 		.ascii	"$\247\335\301\340\034\014\332i\267'8\214\233l\311!\264"
 316      E01C0CDA 
 316      69B72738 
 316      8C9B6CC9 
 316      21B4
 317 071d 15624A4A 		.ascii	"\025bJJ\014\261$\306Z\342\342,q\306\025\341\313C\336"
 317      0CB124C6 
 317      5AE2E22C 
 317      71C615E1 
 317      CB43DE
 318 0730 5C16B9F2 		.ascii	"\\\026\271\362\357\221F\3442n2\233\215\370\376\015\233"
 318      EF9146E4 
 318      326E329B 
 318      8DF8FE0D 
 318      9B
 319 0741 DD6679C3 		.ascii	"\335fy\303b\212\265\022\207\360H\243\325fNH\216\263"
 319      628AB512 
 319      87F048A3 
 319      D5664E48 
 319      8EB3
 320 0753 181D4E9C 		.ascii	"\030\035N\234\365ax<\027\364\262\210@6\264\312\342\214"
 320      F561783C 
 320      17F4B288 
 320      4036B4CA 
 320      E28C
 321 0765 719A9CC9 		.ascii	"q\232\234\311\216\017\2646\313\307N\324\355'\010\311"
 321      8E0FB436 
 321      CBC74ED4 
ARM GAS  C:\Users\user\AppData\Local\Temp\ccUWX4to.s 			page 25


 321      ED2708C9 
 322 0775 569BF36D 		.ascii	"V\233\363m\301\271\371\177\321\367\242.\217\242D\023"
 322      C1B9F97F 
 322      D1F7A22E 
 322      8FA24413 
 323 0785 62D92C46 		.ascii	"b\331,F\001u\231\222\023\234\2023e\213\305\201\012\265"
 323      01759992 
 323      139C8233 
 323      658BC581 
 323      0AB5
 324 0797 12E7DFFE 		.ascii	"\022\347\337\376\377\234\216\024\207Q\300T \001\022"
 324      FF9C8E14 
 324      8751C054 
 324      200112
 325 07a6 190421DE 		.ascii	"\031\004!\336b\332\"\304\232\034\026A\320Xlq\030\263"
 325      62DA22C4 
 325      9A1C1641 
 325      D0586C71 
 325      18B3
 326 07b8 5E1AC49E 		.ascii	"^\032\304\236 \240\307\207\3116\263 \204\257\370\315"
 326      20A0C787 
 326      C936B320 
 326      84AFF8CD 
 327 07c8 F2DFFA7A 		.ascii	"\362\337\372zzjs\274"
 327      7A6A73BC 
 328 07d0 2949C792 		.ascii	")I\307\222\263\374M\301\351\353i\370\231\343cR\034\177"
 328      B3FC4DC1 
 328      E9EB69F8 
 328      99E36352 
 328      1C7F
 329 07e2 B69B37BF 		.ascii	"\266\2337\277\365\323\265\222\344\214\220ta\225\240"
 329      F5D3B592 
 329      E48C9074 
 329      6195A0
 330 07f1 3254E4B7 		.ascii	"2T\344\267\305\236\344\024pe6G\377\354Z#S\034\021Q\353"
 330      C59EE414 
 330      70653647 
 330      FFEC5A23 
 330      531C1151 
 331 0806 D746AFFD 		.ascii	"\327F\257\375\030\201h\331\376ce\"\213\317aq\012\177"
 331      188168D9 
 331      FE636522 
 331      8BCF6171 
 331      0A7F
 332 0818 888AF9E3 		.ascii	"\210\212\371\343{\353\327\030L\011\3774\2458\260\244"
 332      7BEBD718 
 332      4C09FF34 
 332      A538B0A4 
 333 0828 1330EDAB 		.ascii	"\0230\355\253~6>\226BD\364\332\23051\262\332D\207\325"
 333      7E363E96 
 333      4244F4DA 
 333      983531B2 
 333      DA4487D5 
 334 083c 2160C521 		.ascii	"!`\305!\207?\215x\203\215h\366\247\352\223i\373\277"
 334      873F8D78 
 334      838D68F6 
 334      A7EA9369 
ARM GAS  C:\Users\user\AppData\Local\Temp\ccUWX4to.s 			page 26


 334      FBBF
 335 084e 51B0B5DA 		.ascii	"Q\260\265\332"
 336              		.text
 337              		.section	.gnu.lto_.symtab.7a943aae,"",%progbits
 338 0000 5F636F72 		.ascii	"_core_init\000"
 338      655F696E 
 338      697400
 339 000b 00       		.ascii	"\000"
 340 000c 00       		.ascii	"\000"
 341 000d 00       		.ascii	"\000"
 342 000e 00000000 		.ascii	"\000\000\000\000\000\000\000\000"
 342      00000000 
 343 0016 AE000000 		.ascii	"\256\000\000\000"
 344 001a 6368436F 		.ascii	"chCoreAllocAlignedI\000"
 344      7265416C 
 344      6C6F6341 
 344      6C69676E 
 344      65644900 
 345 002e 00       		.ascii	"\000"
 346 002f 00       		.ascii	"\000"
 347 0030 00       		.ascii	"\000"
 348 0031 00000000 		.ascii	"\000\000\000\000\000\000\000\000"
 348      00000000 
 349 0039 BA000000 		.ascii	"\272\000\000\000"
 350 003d 6368436F 		.ascii	"chCoreAllocAligned\000"
 350      7265416C 
 350      6C6F6341 
 350      6C69676E 
 350      656400
 351 0050 00       		.ascii	"\000"
 352 0051 00       		.ascii	"\000"
 353 0052 00       		.ascii	"\000"
 354 0053 00000000 		.ascii	"\000\000\000\000\000\000\000\000"
 354      00000000 
 355 005b BC000000 		.ascii	"\274\000\000\000"
 356 005f 6368436F 		.ascii	"chCoreGetStatusX\000"
 356      72654765 
 356      74537461 
 356      74757358 
 356      00
 357 0070 00       		.ascii	"\000"
 358 0071 00       		.ascii	"\000"
 359 0072 00       		.ascii	"\000"
 360 0073 00000000 		.ascii	"\000\000\000\000\000\000\000\000"
 360      00000000 
 361 007b BF000000 		.ascii	"\277\000\000\000"
 362 007f 5F5F6865 		.ascii	"__heap_base__\000"
 362      61705F62 
 362      6173655F 
 362      5F00
 363 008d 00       		.ascii	"\000"
 364 008e 02       		.ascii	"\002"
 365 008f 00       		.ascii	"\000"
 366 0090 00000000 		.ascii	"\000\000\000\000\000\000\000\000"
 366      00000000 
 367 0098 CD000000 		.ascii	"\315\000\000\000"
 368 009c 5F5F6865 		.ascii	"__heap_end__\000"
ARM GAS  C:\Users\user\AppData\Local\Temp\ccUWX4to.s 			page 27


 368      61705F65 
 368      6E645F5F 
 368      00
 369 00a9 00       		.ascii	"\000"
 370 00aa 02       		.ascii	"\002"
 371 00ab 00       		.ascii	"\000"
 372 00ac 00000000 		.ascii	"\000\000\000\000\000\000\000\000"
 372      00000000 
 373 00b4 D1000000 		.ascii	"\321\000\000\000"
 374              		.text
 375              		.section	.gnu.lto_.opts,"",%progbits
 376 0000 272D666D 		.ascii	"'-fmath-errno' '-fsigned-zeros' '-ftrapping-math' '"
 376      6174682D 
 376      6572726E 
 376      6F272027 
 376      2D667369 
 377 0033 2D666E6F 		.ascii	"-fno-trapv' '-fno-openmp' '-fno-openacc' '-mcpu=cor"
 377      2D747261 
 377      70762720 
 377      272D666E 
 377      6F2D6F70 
 378 0066 7465782D 		.ascii	"tex-m4' '-mno-thumb-interwork' '-mthumb' '-ggdb' '-"
 378      6D342720 
 378      272D6D6E 
 378      6F2D7468 
 378      756D622D 
 379 0099 4F322720 		.ascii	"O2' '-fomit-frame-pointer' '-falign-functions=16' '"
 379      272D666F 
 379      6D69742D 
 379      6672616D 
 379      652D706F 
 380 00cc 2D666675 		.ascii	"-ffunction-sections' '-fdata-sections' '-fno-common"
 380      6E637469 
 380      6F6E2D73 
 380      65637469 
 380      6F6E7327 
 381 00ff 2720272D 		.ascii	"' '-flto'\000"
 381      666C746F 
 381      2700
 382              		.text
 383              		.comm	__gnu_lto_v1,1,1
 384              		.comm	__gnu_lto_slim,1,1
 385              		.ident	"GCC: (GNU Tools for ARM Embedded Processors 6-2017-q1-update) 6.3.1 20170215 (release) [AR
ARM GAS  C:\Users\user\AppData\Local\Temp\ccUWX4to.s 			page 28


DEFINED SYMBOLS
                            *ABS*:00000000 chmemcore.c
                            *COM*:00000001 __gnu_lto_v1
                            *COM*:00000001 __gnu_lto_slim

NO UNDEFINED SYMBOLS
