ARM GAS  C:\Users\user\AppData\Local\Temp\cc0GnYcS.s 			page 1


   1              		.cpu cortex-m4
   2              		.eabi_attribute 20, 1
   3              		.eabi_attribute 21, 1
   4              		.eabi_attribute 23, 3
   5              		.eabi_attribute 24, 1
   6              		.eabi_attribute 25, 1
   7              		.eabi_attribute 26, 1
   8              		.eabi_attribute 30, 2
   9              		.eabi_attribute 34, 1
  10              		.eabi_attribute 18, 4
  11              		.file	"crt1.c"
  12              		.text
  13              	.Ltext0:
  14              		.section	.gnu.lto_.profile.604b0f62,"",%progbits
  15 0000 789C6365 		.ascii	"x\234ce`b`a```d\220\024\005\000\000\307\000;"
  15      60626061 
  15      60606064 
  15      90140500 
  15      00C7003B 
  16              		.text
  17              		.section	.gnu.lto_.icf.604b0f62,"",%progbits
  18 0000 789C6365 		.ascii	"x\234ce`bPc@\0006\206\336\326'\267\271\030\301$\023"
  18      60625063 
  18      40003686 
  18      DED627B7 
  18      B918C124 
  19 0015 98645EDF 		.ascii	"\230d^\337\262\367;\013\313\234I\377>\263\263^\374\266"
  19      B2F73B0B 
  19      CB9C49FF 
  19      3EB3B35E 
  19      FCB6
  20 0027 B1878F01 		.ascii	"\261\207\217\001\000Z\350\021\367"
  20      005AE811 
  20      F7
  21              		.text
  22              		.section	.gnu.lto_.jmpfuncs.604b0f62,"",%progbits
  23 0000 789C6365 		.ascii	"x\234ce`b\020d@\000V fd\000\0122030\260\0009\000\003"
  23      60621064 
  23      40005620 
  23      6664000A 
  23      32303330 
  24 0019 8C0028   		.ascii	"\214\000("
  25              		.text
  26              		.section	.gnu.lto_.inline.604b0f62,"",%progbits
  27 0000 789C6365 		.ascii	"x\234ce`b\210g@\000V\006\006f&F\240 \003\003\333\002"
  27      60628867 
  27      40005606 
  27      06662646 
  27      A0200303 
  28 0016 7910C5C0 		.ascii	"y\020\305\300\210!\302\204!\302\014\344ADX\300$\220"
  28      8821C284 
  28      21C20CE4 
  28      414458C0 
  28      2490
  29 0028 1279C509 		.ascii	"\022y\305\011\024Qj[4\223\021\256\214\001\000\001\274"
  29      14516A5B 
  29      349311AE 
ARM GAS  C:\Users\user\AppData\Local\Temp\cc0GnYcS.s 			page 2


  29      8C010001 
  29      BC
  30 0039 06A3     		.ascii	"\006\243"
  31              		.text
  32              		.section	.gnu.lto_.pureconst.604b0f62,"",%progbits
  33 0000 789C6365 		.ascii	"x\234ce`b\340f```e\220`\224`\222`6a\221\002\000\004"
  33      6062E066 
  33      60606065 
  33      90609460 
  33      92603661 
  34 0018 4600B8   		.ascii	"F\000\270"
  35              		.text
  36              		.section	.gnu.lto___core_init.604b0f62,"",%progbits
  37 0000 789C6365 		.ascii	"x\234ce`b\250d``\360\007bi fdf`d\232p\216\201\241\221"
  37      6062A864 
  37      6060F007 
  37      62692066 
  37      64666064 
  38 001a 83899111 		.ascii	"\203\211\221\021\304h\340`d\250gb\254g\354g\236\316"
  38      C468E060 
  38      64A86762 
  38      AC67EC67 
  38      9ECE
  39 002c CC78A8FD 		.ascii	"\314x\250\375\331N&\315\345\015@p`\372\006\256\266\206"
  39      D94E26CD 
  39      E50D4070 
  39      60FA06AE 
  39      B686
  40 003e 5689F9CC 		.ascii	"V\211\371\314\014\0143\201\030\004\030\2273j2\000\225"
  40      0C0C3381 
  40      18041897 
  40      336A3200 
  40      95
  41 004f 3DDAF86F 		.ascii	"=\332\370o*/\033\013D\234q\005#\033#\220^\177\211\361"
  41      2A2F1B0B 
  41      449C7105 
  41      231B2390 
  41      5E7F89F1 
  42 0063 40C3BFFF 		.ascii	"@\303\277\377\355\015\007\216,f\334\353\305\304\300"
  42      ED0D078E 
  42      2C66DCEB 
  42      C5C4C0
  43 0072 D0059406 		.ascii	"\320\005\224\006\331\321\315\314\004\242\231\33726)"
  43      D9D1CDCC 
  43      04A299DF 
  43      323629
  44 0081 805483CD 		.ascii	"\200T\203\315\352bf\004\011\002\225\371:[\305\004\205"
  44      EA626604 
  44      090295F9 
  44      3A5BC504 
  44      85
  45 0092 F807C738 		.ascii	"\370\007\3078gd&e\006\227\224\246d\346\307$\203\330"
  45      67642665 
  45      069794A6 
  45      64E6C724 
  45      83D8
  46 00a4 F9C586E6 		.ascii	"\371\305\206\346f\372\371\305\372\311\371\271\271\371"
ARM GAS  C:\Users\user\AppData\Local\Temp\cc0GnYcS.s 			page 3


  46      66FAF9C5 
  46      FAC9F9B9 
  46      B9F9
  47 00b2 79FAC525 		.ascii	"y\372\305%\211E%\245\005\372\216A\276\316\276\025 \321"
  47      894525A5 
  47      05FA8E41 
  47      BECEBE15 
  47      20D1
  48 00c4 82CC9CD4 		.ascii	"\202\314\234\324\242b}wgg\375\344\242\022C\275d\006"
  48      A2627D77 
  48      6767FDE4 
  48      A21243BD 
  48      6406
  49 00d6 00156143 		.ascii	"\000\025aC\350"
  49      E8
  50              		.text
  51              		.section	.gnu.lto___early_init.604b0f62,"",%progbits
  52 0000 789C6365 		.ascii	"x\234ce`b(g``\360\007bi fdf`d\232p\216\201\241\221\203"
  52      60622867 
  52      6060F007 
  52      62692066 
  52      64666064 
  53 001b 899111C4 		.ascii	"\211\221\021\304h\340`d\250gb\254g\354g\236\316\314"
  53      68E06064 
  53      A86762AC 
  53      67EC679E 
  53      CECC
  54 002d 78A8FDD9 		.ascii	"x\250\375\331N&\315\345\015@p`\3727\256\266\206V\211"
  54      4E26CDE5 
  54      0D407060 
  54      FA37AEB6 
  54      865689
  55 0040 F9CC0C0C 		.ascii	"\371\314\014\0143\201\030\004\030\2273j2\000\225=\332"
  55      33811804 
  55      1897336A 
  55      3200953D 
  55      DA
  56 0051 F86F2A2F 		.ascii	"\370o*/\033\013D\234q\005#\033#\220^\177\211\361@\303"
  56      1B0B449C 
  56      7105231B 
  56      23905E7F 
  56      89F140C3 
  57 0065 BFFFED0D 		.ascii	"\277\377\355\015\007\316(3310t\001%A6t\0039@\232\371"
  57      07CE2833 
  57      33313074 
  57      01254136 
  57      74033940 
  58 007b 2D639302 		.ascii	"-c\223\002H-\330\244.fF\220 P\231\257\263ULP\210\177"
  58      482DD8A4 
  58      2E664690 
  58      205099AF 
  58      B3554C50 
  59 0091 708C7346 		.ascii	"p\214sFfRfpIiJf~L2\210\235_lhn\246\237_\254\237\234"
  59      66526670 
  59      49694A66 
  59      7E4C3288 
  59      9D5F6C68 
ARM GAS  C:\Users\user\AppData\Local\Temp\cc0GnYcS.s 			page 4


  60 00ac 9F9B9B9F 		.ascii	"\237\233\233\237\247_\\\222XTRZ\240\357\030\344\353"
  60      A75F5C92 
  60      5854525A 
  60      A0EF18E4 
  60      EB
  61 00bd EC5B0112 		.ascii	"\354[\001\022-\310\314I-*\326wwv\326O.*1\324Kf\000\000"
  61      2DC8CC49 
  61      2D2AD677 
  61      7776D64F 
  61      2E2A31D4 
  62 00d5 506642AF 		.ascii	"PfB\257"
  63              		.text
  64              		.section	.gnu.lto___late_init.604b0f62,"",%progbits
  65 0000 789C6365 		.ascii	"x\234ce`b(g``\360\007bi fdf`d\232p\216\201\241\221\203"
  65      60622867 
  65      6060F007 
  65      62692066 
  65      64666064 
  66 001b 899111C4 		.ascii	"\211\221\021\304h\340`d\250gb\254g\354g\236\316\314"
  66      68E06064 
  66      A86762AC 
  66      67EC679E 
  66      CECC
  67 002d 78A8FDD9 		.ascii	"x\250\375\331N&\315\345\015@p`\372&\356\266\206V\211"
  67      4E26CDE5 
  67      0D407060 
  67      FA26EEB6 
  67      865689
  68 0040 F9CC0C0C 		.ascii	"\371\314\014\0143\201\030\004\030\2273j2\000\225=\332"
  68      33811804 
  68      1897336A 
  68      3200953D 
  68      DA
  69 0051 F86F2A2F 		.ascii	"\370o*/\033\013D\234q\005#\033#\220^\177\211\361@\303"
  69      1B0B449C 
  69      7105231B 
  69      23905E7F 
  69      89F140C3 
  70 0065 BFFFED0D 		.ascii	"\277\377\355\015\007\216(3310t\001%A6t\0039@\232\371"
  70      078E2833 
  70      33313074 
  70      01254136 
  70      74033940 
  71 007b 2D639302 		.ascii	"-c\223\002H-\330\244.fF\220 P\231\257\263ULP\210\177"
  71      482DD8A4 
  71      2E664690 
  71      205099AF 
  71      B3554C50 
  72 0091 708C7346 		.ascii	"p\214sFfRfpIiJf~L2\210\235_lhn\246\237_\254\237\234"
  72      66526670 
  72      49694A66 
  72      7E4C3288 
  72      9D5F6C68 
  73 00ac 9F9B9B9F 		.ascii	"\237\233\233\237\247_\\\222XTRZ\240\357\030\344\353"
  73      A75F5C92 
  73      5854525A 
  73      A0EF18E4 
ARM GAS  C:\Users\user\AppData\Local\Temp\cc0GnYcS.s 			page 5


  73      EB
  74 00bd EC5B0112 		.ascii	"\354[\001\022-\310\314I-*\326wwv\326O.*1\324Kf\000\000"
  74      2DC8CC49 
  74      2D2AD677 
  74      7776D64F 
  74      2E2A31D4 
  75 00d5 1D714264 		.ascii	"\035qBd"
  76              		.text
  77              		.section	.gnu.lto___default_exit.604b0f62,"",%progbits
  78 0000 789C6365 		.ascii	"x\234ce`b(c``\360\007bS fde`d\232p\216\201\241\221\203"
  78      60622863 
  78      6060F007 
  78      62532066 
  78      64656064 
  79 001b 899119C4 		.ascii	"\211\221\031\304`dfd\201\010\260@\004\034\031\031\352"
  79      60646664 
  79      8108B040 
  79      041C1919 
  79      EA
  80 002c 99985918 		.ascii	"\231\230Y\030\201\004\003\004\3643Ogf<\324\376l'\223"
  80      81040304 
  80      F4334F67 
  80      663CD4FE 
  80      6C2793
  81 003f E6F20620 		.ascii	"\346\362\006 80\375\016w[C\253\304|\240\202\231PE\214"
  81      3830FD0E 
  81      775B43AB 
  81      C47CA082 
  81      9950458C 
  82 0053 CB193519 		.ascii	"\313\0315\031\200\312\036m\3747\225\227\215\005\"\316"
  82      80CA1E6D 
  82      FC379597 
  82      8D0522CE 
  83 0063 B882918D 		.ascii	"\270\202\221\215\021H\257\277\304x\240\341\337\377\366"
  83      1148AFBF 
  83      C478A0E1 
  83      DFFFF6
  84 0072 86037716 		.ascii	"\206\003w\0263~\367\006\012u\001\245\031\201$\023\320"
  84      337EF706 
  84      0A7501A5 
  84      19812413 
  84      D0
  85 0083 FE2E6666 		.ascii	"\376.ff\006\240\305\214]\314,P\232\021l\244\257\263"
  85      06A0C58C 
  85      5DCC2C50 
  85      9A116CA4 
  85      AFB3
  86 0095 554C5088 		.ascii	"ULP\210\177p\214sFfRfpIiJf~L2\210\235_lhn\246\237_\254"
  86      7F708C73 
  86      46665266 
  86      7049694A 
  86      667E4C32 
  87 00b3 9F9C9F9B 		.ascii	"\237\234\237\233\233\237\247_\\\222XTRZ\240\357\030"
  87      9B9FA75F 
  87      5C925854 
  87      525AA0EF 
  87      18
ARM GAS  C:\Users\user\AppData\Local\Temp\cc0GnYcS.s 			page 6


  88 00c4 E4EBEC5B 		.ascii	"\344\353\354[\001\022-\310\314I-*\326wwv\326O.*1\324"
  88      01122DC8 
  88      CC492D2A 
  88      D6777776 
  88      D64F2E2A 
  89 00da 4B660000 		.ascii	"Kf\000\0008\034E "
  89      381C4520 
  90              		.text
  91              		.section	.gnu.lto___init_ram_areas.604b0f62,"",%progbits
  92 0000 789C9554 		.ascii	"x\234\225TMl\033U\020\236\331\267\336]\357:\266\253"
  92      4D6C1B55 
  92      109ED9B7 
  92      DE5DEF3A 
  92      B6AB
  93 0012 1809A1AA 		.ascii	"\030\011\241\252\312%\207^\260r)Uo\225\017p\211@m%8"
  93      CA25875E 
  93      B0722955 
  93      6F950F70 
  93      89406D25 
  94 0027 E4404991 		.ascii	"\344@I\221\210\240\330J\034\211\023\336$n\013\011\224"
  94      88A0D84A 
  94      1C8913DE 
  94      246E0B09 
  94      94
  95 0038 54409BB8 		.ascii	"T@\233\2706\216\250P\023L\352\364\007H]\322:\351O\232"
  95      368EA850 
  95      134CEAF4 
  95      07485DD2 
  95      3AE94F9A 
  96 004c A82DC407 		.ascii	"\250-\304\007\016UO\2046$\025\250\340\006\324\010\022"
  96      0E554F84 
  96      362415A8 
  96      E006D408 
  96      12
  97 005d E6CD7354 		.ascii	"\346\315sT7\341w%\373\2757?\337\314|\363\336x@\203\017"
  97      37E17725 
  97      FBBD373F 
  97      DFCC7CF3 
  97      DE784083 
  98 0072 0C801700 		.ascii	"\014\200\027\000\340\023\372\241\017P\353\275\001\320"
  98      E013FAA1 
  98      0F50EBBD 
  98      01D0
  99 0080 616928D4 		.ascii	"ai(\324F\240Gmt\265\031\267<\232\376\316$\200k\033I"
  99      46A0476D 
  99      74B519B7 
  99      3C9AFECE 
  99      24806B1B 
 100 0095 135C9F81 		.ascii	"\023\\\237\201\226\224\243\251\326q\313\322L\245\367"
 100      9694A3A9 
 100      D671CBD2 
 100      4CA5F7
 101 00a4 B2DEAB39 		.ascii	"\262\336\2539\352h\363\321Q\300\333mD\271\272\026BB"
 101      EA68F3D1 
 101      51C0DB6D 
 101      44B9BA16 
 101      4242
ARM GAS  C:\Users\user\AppData\Local\Temp\cc0GnYcS.s 			page 7


 102 00b6 13BAC730 		.ascii	"\023\272\3070-\257ccB\027\200E\035W\350\003\376<j\001"
 102      2DAF6363 
 102      42178045 
 102      1D57E803 
 102      FE3C6A01 
 103 00ca ABB2BE27 		.ascii	"\253\262\276'\216\010\2348p\347\254\266\371\270K_\361"
 103      8E089C38 
 103      70E7ACB6 
 103      F9B84B5F 
 103      F1
 104 00db 48AF7FBF 		.ascii	"H\257\177\277\273\357\361\254\000\350\027\312\006\217"
 104      BBEFF1AC 
 104      00E817CA 
 104      068F
 105 00e9 E36620B3 		.ascii	"\343f \263\231\344HZ\034\024Y\201\250\323\361\347\353"
 105      99E4485A 
 105      1C145981 
 105      A8D3F1E7 
 105      EB
 106 00fa A959BF3C 		.ascii	"\251Y\277<jXG\307dv0\257\213\347PZ~\372`\246[\324\037"
 106      6A5847C7 
 106      647630AF 
 106      8BE7505A 
 106      7EFA60A6 
 107 0111 73DD4EB7 		.ascii	"s\335N\267\370\355h\350\375.\367\252\253g\005)P\020"
 107      F8ED68E8 
 107      FD2EF7AA 
 107      AB670529 
 107      5010
 108 0123 2A0EE146 		.ascii	"*\016\341F\034\304\215\214N\346\337\235\\\376\260\306"
 108      1CC48D8C 
 108      4EE6DF9D 
 108      5CFEB0C6 
 109 0133 D03187F5 		.ascii	"\3201\207\365*(~\206\006\002\010)!\375\245\333\277\227"
 109      2A287E86 
 109      06020829 
 109      21FDA5DB 
 109      BF97
 110 0145 1CB18BA1 		.ascii	"\034\261\213\241;rG\323\276\012\364O\243\233\016U\240"
 110      3B7247D3 
 110      BE0AF44F 
 110      A39B0E55 
 110      A0
 111 0156 751C5E0F 		.ascii	"u\034^\017\215'\330\375Z\361\355\274-\236g\367\345\322"
 111      8D27D8FD 
 111      5AF1EDBC 
 111      2D9E67F7 
 111      E5D2
 112 0168 FC3D4FC5 		.ascii	"\374=O\305\375\227\255\375n1Y'\235\363\177\341<\202"
 112      FD97ADFD 
 112      6E315927 
 112      9DF37FE1 
 112      3C82
 113 017a F5F91216 		.ascii	"\365\371\022\026\335\345\225\003n\361\312\326\2613\267"
 113      DDE59503 
 113      6EF1CAD6 
 113      B133B7
ARM GAS  C:\Users\user\AppData\Local\Temp\cc0GnYcS.s 			page 8


 114 0189 6A1F4390 		.ascii	"j\037C\220)i\214,\330D\347\177\213\377m\226;\274\367"
 114      29698C2C 
 114      D844E77F 
 114      8BFF6D96 
 114      3BBCF7
 115 019c 01E1D6D0 		.ascii	"\001\341\326\320\237'\300\347 \3536Hi-\013B\014\005"
 115      9F27C0E7 
 115      20EB3648 
 115      692D0B42 
 115      0C05
 116 01ae D04D05CF 		.ascii	"\320M\005\317\000\364\010\215\026q\033;\007r\351mL\200"
 116      00F4088D 
 116      16711B3B 
 116      0772E96D 
 116      4C80
 117 01c0 2AFEF0BE 		.ascii	"*\376\360\276\211\257MI\263\301\005t-](\373\023\177"
 117      89AF4D49 
 117      B3C10574 
 117      2D5D28FB 
 117      137F
 118 01d2 B8D421E3 		.ascii	"\270\324!\343\230P\374M\245r\257f1\323\021\314\012\023"
 118      9850FC4D 
 118      A572AF66 
 118      31D311CC 
 118      0A13
 119 01e4 4F61024F 		.ascii	"Oa\002O\312\032H\261\262p\352\204\227\214\373\\w\340"
 119      CA1A48B1 
 119      B270EA84 
 119      978CFB5C 
 119      77E0
 120 01f6 634D429C 		.ascii	"cMB\234\306,\021\213g0\0012\246\200\244I15\316%#\020"
 120      C62C118B 
 120      67300132 
 120      A680A449 
 120      3135CE25 
 121 020c E6B1B330 		.ascii	"\346\261\2630\377\356\234Y\325\025J[\346\313M!\327\317"
 121      FFEE9C59 
 121      D5154A5B 
 121      E6CB4D21 
 121      D7CF
 122 021e D1C808BB 		.ascii	"\321\310\010\273:1\301\211\37569\375\226OfA\267h\340"
 122      3A31C189 
 122      FD3639FD 
 122      964F6641 
 122      B768E0
 123 0231 3C52A116 		.ascii	"<R\241\026\001\342\027\225T>\352\033-\373\303\303n\257"
 123      01E21795 
 123      543EEA1B 
 123      2DFBC3C3 
 123      6EAF
 124 0243 EB12E35E 		.ascii	"\353\022\343^\374\222\022\351\343\013\206\243\030\006"
 124      FC9212E9 
 124      E30B86A3 
 124      1806
 125 0251 59F79B12 		.ascii	"Y\367\233\022[\206#|Nd\350\240\251\3029k\361\013\377"
 125      5B86237C 
 125      4E64E8A0 
ARM GAS  C:\Users\user\AppData\Local\Temp\cc0GnYcS.s 			page 9


 125      A9C2396B 
 125      F10BFF
 126 0264 8A7F96F1 		.ascii	"\212\177\226\361Q\342\027\036\301\037\221\370\016\300"
 126      51E2171E 
 126      C11F91F8 
 126      0EC0
 127 0272 2262159D 		.ascii	"\"b\025\235\222\241\\\372\231UR\361\034&\264\222?#B"
 127      92A15CFA 
 127      995552F1 
 127      1C26B492 
 127      3F2342
 128 0285 4EEAEE38 		.ascii	"N\352\3568\022S:\320\273\023\224\325R\367p9\246\322"
 128      12533AD0 
 128      BB1394D5 
 128      52F77039 
 128      A6D2
 129 0297 AAA96641 		.ascii	"\252\251fA_\307\002\345ag\350u|%S\3041\311<\371\037"
 129      5FC702E5 
 129      6167E875 
 129      7C2553C4 
 129      31C93CF9 
 130 02ac 9E7A427A 		.ascii	"\236zBz\257\255h\023\033\213\212\361y2&|\262\357J\357"
 130      AFAD6813 
 130      1B8B8AF1 
 130      7932267C 
 130      B2EF4AEF 
 131 02c0 1F2BBFA8 		.ascii	"\037+\277\250\342\005\244\201\274\237TM\335\303b\002"
 131      E205A481 
 131      BC9F544D 
 131      DDC36202 
 132 02d0 CAEC7A79 		.ascii	"\312\354zy\2172\013\312\240\217\2301\247A\356\270\007"
 132      8F320BCA 
 132      A08F9831 
 132      A741EEB8 
 132      07
 133 02e1 6850A896 		.ascii	"hP\250\226\263\263\000\336\263\205\246\332\337?g+ \337"
 133      B3B300DE 
 133      B385A6DA 
 133      DF3F672B 
 133      20DF
 134 02f3 FA82FE91 		.ascii	"\372\202\376\221\363\013\314\271&\371+\022\347\337c"
 134      F30BCCB9 
 134      26F92B12 
 134      E7DF63
 135 0302 F2C6C55B 		.ascii	"\362\306\305[\250\260\004\301\311n/\242F\355\025\205"
 135      A8B004C1 
 135      C96E2FA2 
 135      46ED1585 
 136 0312 D9075460 		.ascii	"\331\007T`PO\315M\341\"\222\322\0217Y\024\320\227\356"
 136      504FCD4D 
 136      E12292D2 
 136      11375914 
 136      D097EE
 137 0325 30E186BC 		.ascii	"0\341\206\274\232dN\021)i\022\230\253\035\270\377\303"
 137      9A644E11 
 137      29691298 
 137      AB1DB8FF 
ARM GAS  C:\Users\user\AppData\Local\Temp\cc0GnYcS.s 			page 10


 137      C3
 138 0336 D0A4F1F7 		.ascii	"\320\244\361\367\034\352\025\016\307)\233\352\006\331"
 138      1CEA150E 
 138      C7299BEA 
 138      06D9
 139 0344 F4782748 		.ascii	"\364x'H\303d\015/V8\255\225\016\3539\255e\262,I\026"
 139      C3640D2F 
 139      5638AD95 
 139      0EEB39AD 
 139      65B22C49 
 140 0359 3E244B57 		.ascii	">$KW\004\015\256\022\264\341\177\022t\221\011\342\013"
 140      040DAE12 
 140      B4E17F12 
 140      749109E2 
 140      0B
 141 036a 76692D41 		.ascii	"vi-A:\301)\202hg\031@9\2307\027\230\012\257\244\202"
 141      3AC12982 
 141      68671940 
 141      39983717 
 141      980AAFA4 
 142 037f D3BEDCAE 		.ascii	"\323\276\334\256\214C\024\205\360K\367\256e\0345\221"
 142      8C431485 
 142      F04BF7AE 
 142      651C3591 
 143 038f 8378B9BA 		.ascii	"\203x\271\272\010~\316!\025\341\327\202!\337.\235\311"
 143      087ECE21 
 143      15E1D782 
 143      21DF2E9D 
 143      C9
 144 03a0 2575EEFE 		.ascii	"%u\356\376\264G\2728h\375\227q2Y5N\016M\037]\3604\344"
 144      B447BA38 
 144      68FD9771 
 144      3259354E 
 144      0E4D1F5D 
 145 03b7 6539030B 		.ascii	"e9\003\013H\265\342U*\010\257\250\211I\006=w\347\277"
 145      48B5E255 
 145      2A08AFA8 
 145      8949063D 
 145      77E7BF
 146 03ca 09ACCE1B 		.ascii	"\011\254\316\033\224\223a\012\033\250\330i\0367r\326"
 146      9493610A 
 146      1BA8D869 
 146      1E3772D6 
 147 03da 3970DAC0 		.ascii	"9p\332\300\036z\3374\353~\24479\233A5WX\213$\246\353"
 147      1E7ADF34 
 147      EB7EA437 
 147      399B4135 
 147      57588B24 
 148 03f0 D318D9D6 		.ascii	"\323\030\331\326\264c\327\263;\233\"\257\264\274\324"
 148      B463D7B3 
 148      3B9B22AF 
 148      B4BCD4
 149 03ff B233DEBE 		.ascii	"\2623\336\276\247%\332\324,\367\321\266\206\247\266"
 149      A725DAD4 
 149      2CF7D1B6 
 149      86A7B6
 150 040e 84A36DE1 		.ascii	"\204\243m\341\346\350\336\275\321\327\303m\361\335\255"
ARM GAS  C:\Users\user\AppData\Local\Temp\cc0GnYcS.s 			page 11


 150      E6E8DEBD 
 150      D1D7C36D 
 150      F1DDAD
 151 041d F1F65878 		.ascii	"\361\366Xx\373\216\306H\343\033R\032ky\355\345\326\266"
 151      FB8EC648 
 151      E31B521A 
 151      6B79EDE5 
 151      D6B6
 152 042f F0D39148 		.ascii	"\360\323\221H\270\2715\336\360d3\210\326\3351-\036\303"
 152      B8B935DE 
 152      F0643388 
 152      D6DD312D 
 152      1EC3
 153 0441 D89FF0DC 		.ascii	"\330\237\360\3349\275"
 153      39BD
 154              		.text
 155              		.section	.gnu.lto_ram_areas.604b0f62,"",%progbits
 156 0000 789C75D1 		.ascii	"x\234u\321\317K\024a\030\007\360\367\231\327u\315L\315"
 156      CF4B1461 
 156      1807F0F7 
 156      99D775CD 
 156      4CCD
 157 0012 524BD7FA 		.ascii	"RK\327\372\017\032\266C-\235\2229D\207E\320\216{\251"
 157      0F1AB643 
 157      2D9D9239 
 157      448745D0 
 157      8E7BA9
 158 0025 2D68211B 		.ascii	"-h!\033\331]A\272\354\034\014$\321kB\301\012\012V\376"
 158      D95D41BA 
 158      EC1C0C24 
 158      D16B42C1 
 158      0A0A56FE 
 159 0039 5AB3B4DD 		.ascii	"Z\263\264\335~\370#\267\324\254\324\362\344%P\004!\010"
 159      7EF823B7 
 159      D4ACD4F2 
 159      E4255004 
 159      2108
 160 004b 2259C8C2 		.ascii	"\"Y\310\302\336\331\357\034b\226g\016\363\035\236\347"
 160      DED9EF1C 
 160      6296670E 
 160      F31D9EE7 
 161 005b E5CB8777 		.ascii	"\345\313\207w<B\023\227=B4\011<\367%\245\323\3377\275"
 161      3C421397 
 161      3D423409 
 161      3CF725A5 
 161      D3DF37BD 
 162 006f 89BF5697 		.ascii	"\211\277V\227e}\353\336\225w\222R\014\310\202U\377\216"
 162      657DEBDE 
 162      95779252 
 162      0CC88255 
 162      FF8E
 163 0081 965F50E1 		.ascii	"\226_P\341\202\362\013\255`Q\225\237\313\374|og{\246"
 163      82F20BAD 
 163      6051959F 
 163      CBFC7C6F 
 163      677BA6
 164 0094 24306575 		.ascii	"$0eu\365[\027\223\222\372\244\240'\224\350\223D\217"
ARM GAS  C:\Users\user\AppData\Local\Temp\cc0GnYcS.s 			page 12


 164      F55B1793 
 164      92FAA4A0 
 164      2794E893 
 164      448F
 165 00a6 EDD0E891 		.ascii	"\355\320\350\221\035\222\206(a\037\377u\357nN\366\312"
 165      1D928628 
 165      611FFF75 
 165      EF6E4EF6 
 165      CA
 166 00b7 A45A785D 		.ascii	"\244Zx]\255\373\275\020\026qB\017',f\204^N\230\202p"
 166      ADFBBD10 
 166      1671420F 
 166      272C6684 
 166      5E4E9882 
 167 00cc 1CC23108 		.ascii	"\034\3021\010G!\334\336\037\315\224CX\354j\375\341\010"
 167      4721DCDE 
 167      1FCD9443 
 167      58EC6AFD 
 167      E108
 168 00de 4B38E121 		.ascii	"K8\341!NX\312\010\017s\302)\010\237C\370\014\302I\010"
 168      4E58CA08 
 168      0F73C229 
 168      089F43F8 
 168      0CC24908 
 169 00f2 9706337F 		.ascii	"\227\0063\177\312 \364\270Z\267\034a\031'<\302\011\313"
 169      CA20F4B8 
 169      5AB71C61 
 169      19273CC2 
 169      09CB
 170 0104 19610527 		.ascii	"\031a\005'|\005\341K\0103\020\246!\\\353L=t\376r\221"
 170      7C05E14B 
 170      083310A6 
 170      215CEB4C 
 170      3D74FE72 
 171 0119 AB75DA11 		.ascii	"\253u\332\021Vr\302\243\234\260\212\021\036\343\204"
 171      5672C2A3 
 171      9CB08A11 
 171      1EE384
 172 0128 F310CE41 		.ascii	"\363\020\316A8\013\341\014\204\363?SC\316\035JW\353"
 172      380BE10C 
 172      84F33F53 
 172      43CE1D4A 
 172      57EB
 173 013a B0233CCE 		.ascii	"\260#<\316\011\2539a\015#\254\345\204\213\020\276\207"
 173      09AB3961 
 173      0D23ACE5 
 173      848B10BE 
 173      87
 174 014b F01D8459 		.ascii	"\360\035\204Y\010\263\007\271\331\012\0105W\353A\017"
 174      08B307B9 
 174      D90A0835 
 174      57EB410F 
 175 015b 842738E1 		.ascii	"\204'8\341INX\307\010\3539\341'\010?B\270\002\341\007"
 175      494E58C7 
 175      08EB39E1 
 175      27083F42 
 175      B802E107 
ARM GAS  C:\Users\user\AppData\Local\Temp\cc0GnYcS.s 			page 13


 176 016f 08FFAFC9 		.ascii	"\010\377\257\3119$\037Gj\340H\247\030\322i\216\364\005"
 176      39241F47 
 176      6AE048A7 
 176      18D2698E 
 176      F405
 177 0181 A47590D6 		.ascii	"\244u\220\326@Z\005\251\363A\366\267\027\307-uu\222"
 177      405A05A9 
 177      F341F6B7 
 177      17C72D75 
 177      7592
 178 0193 FC3EFA4A 		.ascii	"\374>\372J\001:\353\243\317*\226\311GK*\027T\276U\371"
 178      013AEBA3 
 178      CF2A96C9 
 178      474B2A17 
 178      54BE55F9 
 179 01a7 46E56B95 		.ascii	"F\345k\225/TN\253|\252rB\345\210\312a\012\010\332P\257"
 179      2F544EAB 
 179      7CAA7242 
 179      E588CA61 
 179      0A08DA50 
 180 01bc A07121D4 		.ascii	"\240q!\324|\245\251%d\334\214\\\213\264\304\333\257"
 180      7CA5A925 
 180      64DC8C5C 
 180      8BB4C4DB 
 180      AF
 181 01cd 47CC50D8 		.ascii	"G\314P\330\3766c\376\363\347t3\246\207\315\326V\363"
 181      FE3663FE 
 181      F3E77433 
 181      A687CDD6 
 181      56F3
 182 01df B61E8B5F 		.ascii	"\266\036\213_\215\306\333\333\364\306\346\240\021\354"
 182      8DC6DBDB 
 182      F4C6E6A0 
 182      11EC
 183 01ed B0A76D91 		.ascii	"\260\247m\221[7\2421\375\222a\350\341h\334\177&,\376"
 183      5B37A231 
 183      FD9261E8 
 183      E168DC7F 
 183      262CFE
 184 0200 01253C15 		.ascii	"\001%<\025\271"
 184      B9
 185              		.text
 186              		.section	.gnu.lto_.symbol_nodes.604b0f62,"",%progbits
 187 0000 789C55CD 		.ascii	"x\234U\315WR\002Q\000D\321\2763<AE1g\021\334\011\213"
 187      57520251 
 187      0044D1BE 
 187      333C4145 
 187      316711DC 
 188 0016 711D6F90 		.ascii	"q\035o\220`V\3149\254\303E\270!E\035\372\207\232\257"
 188      6056CC39 
 188      ACC345B8 
 188      21451DFA 
 188      879AAF
 189 0029 5375ABAB 		.ascii	"Su\253\253:(\321\036\222\222\037Ei\360\245\021\237Y"
 189      3A28D11E 
 189      92921F45 
 189      69F0A511 
ARM GAS  C:\Users\user\AppData\Local\Temp\cc0GnYcS.s 			page 14


 189      9F59
 190 003b 2B2F4345 		.ascii	"+/CE\212\345W1)\226?\305t\\\232y\311\210\245\302&|K"
 190      8AE55731 
 190      29963FC5 
 190      745C9A79 
 190      C988A5C2 
 191 0052 D9AE9486 		.ascii	"\331\256\224\20664\362\253\260Ob;\244\266K\311\366\010"
 191      3634F2AB 
 191      B04F623B 
 191      A4B64BC9 
 191      F608
 192 0064 B6CF843D 		.ascii	"\266\317\204=\240l\017\251\330#&\3551S\366\204i{J\325"
 192      A06C0FA9 
 192      D82326ED 
 192      3153F684 
 192      697B4AD5 
 193 0078 9E3163CF 		.ascii	"\2361c\317\231\265\027\324\354\2009{\311\274\275b\301"
 193      99B517D4 
 193      EC80397B 
 193      C9BCBD62 
 193      C1
 194 0089 5EB3686F 		.ascii	"^\263hoX\262\267,\333;V\354=\253\366\2015\373\310\272"
 194      58B2B72C 
 194      DB3B56EC 
 194      3DABF681 
 194      35FBC8BA 
 195 009d 7D62C33E 		.ascii	"}b\303>\263i_\330\262\257l\3337\352\366\235\035\373"
 195      B3695FD8 
 195      B2AF6CDB 
 195      37EAF69D 
 195      1DFB
 196 00af 4163A4FE 		.ascii	"Ac\244\376\001K\2712\221"
 196      014BB932 
 196      91
 197              		.text
 198              		.section	.gnu.lto_.refs.604b0f62,"",%progbits
 199 0000 789C05C1 		.ascii	"x\234\005\301\007\022\202@\020\000\260\235\014\207 "
 199      07128240 
 199      1000B09D 
 199      0C8720
 200 000f 168A8A58 		.ascii	"\026\212\212XNl\257\341\377\377!I!\226\210PH\244<'\245"
 200      4E6CAFE1 
 200      FFFF2149 
 200      21968850 
 200      48A43C27 
 201 0024 8D4A6DAB 		.ascii	"\215Jm\253\261\263wp\324\352\364\006'g\027\243\253\311"
 201      B1B37770 
 201      D4EAF406 
 201      276717A3 
 201      ABC9
 202 0036 CDDDC353 		.ascii	"\315\335\303S\3662{\373\370\372\371\307\012}f\003\234"
 202      F6327BFB 
 202      F8FAF9C7 
 202      0A7D6603 
 202      9C
 203              		.text
 204              		.section	.gnu.lto_.decls.604b0f62,"",%progbits
ARM GAS  C:\Users\user\AppData\Local\Temp\cc0GnYcS.s 			page 15


 205 0000 789CAD96 		.ascii	"x\234\255\226kPT\311\025\307oO\0170\014#\030t\263\246"
 205      6B5054C9 
 205      15C76F4F 
 205      0F300C23 
 205      1874B3A6 
 206 0014 D45AD6B0 		.ascii	"\324Z\326\260\221\252-e\001\205\324~Hm\212\252\354~"
 206      91AA2D65 
 206      0185D47E 
 206      486D8AAA 
 206      EC7E
 207 0026 319BDADD 		.ascii	"1\233\332\335\354'\252&#Lv\311\36200\224Z\371\220+\010"
 207      EC27AA26 
 207      234C76C9 
 207      F2303094 
 207      5AF9902B 
 208 003b 828AA222 		.ascii	"\202\212\242\"/Q\001\037\013\210\017VA\001\301Q\024"
 208      2F51011F 
 208      0B880F56 
 208      4101C151 
 208      14
 209 004c 11F1018A 		.ascii	"\021\361\001\212\240\310C\021|\000\242\210\012\242\220"
 209      A0C84311 
 209      7C00A288 
 209      0AA290
 210 005b D3A7EF3C 		.ascii	"\323\247\357<\033\223/\2715\377\231\356\276\347\374"
 210      1B932FB9 
 210      35FF99EE 
 210      BEE7FC
 211 006a CEE9D3E7 		.ascii	"\316\351\323\347\336\032\027I%\375{\266$\265SIZ\257"
 211      DE1A1749 
 211      25FD7BB6 
 211      24B55349 
 211      5AAF
 212 007c 92A469B8 		.ascii	"\222\244i\270\334$I:,\331.\027\3201\320qP%\250\006T"
 212      DC24493A 
 212      2CD92E17 
 212      D031D071 
 212      5025A806 
 213 0091 0BFA1874 		.ascii	"\013\372\030t\017\324\007\352\007=\004=\006\015\202"
 213      0FD407EA 
 213      073D043D 
 213      060D82
 214 00a0 864123A0 		.ascii	"\206A#\240\347\240\027\240\227\240\327\240\011\320$"
 214      E7A017A0 
 214      97A0D7A0 
 214      09D024
 215 00af E81D681A 		.ascii	"\350\035h\032D\210$Q\220\013\310\015\344\016\362\000"
 215      44882451 
 215      900BC80D 
 215      E40EF200 
 216 00bf CD027981 		.ascii	"\315\002y\201~\005\232\003\372\000\364!\3507\240\371"
 216      7E059A03 
 216      FA00F421 
 216      E837A0F9 
 217 00cf A085A08F 		.ascii	"\240\205\240\217@\037\023\311\3412\300\234-}\257\314"
 217      401F13C9 
 217      E132C09C 
ARM GAS  C:\Users\user\AppData\Local\Temp\cc0GnYcS.s 			page 16


 217      2D7DAFCC 
 218 00df 8992BBF3 		.ascii	"\211\222\273\363\365\303\014v\307g\260\213\236\301\256"
 218      F5C30C76 
 218      C767B08B 
 218      9EC1AE
 219 00ee 7206BBD5 		.ascii	"r\006\273\3253\330\325\314`\367/\270\241S\354\274As"
 219      33D8D5CC 
 219      60F72FB8 
 219      A153ECBC 
 219      4173
 220 0100 418B60ED 		.ascii	"A\213`\355\032\374.\006\375\026\306\275\360\333\003"
 220      1AFC2E06 
 220      FD16C6BD 
 220      F0DB03
 221 010f F285F115 		.ascii	"\362\205\361\025\370\375\013H\015\272\015j\003\335\002"
 221      F8FD0B48 
 221      0DBA0D6A 
 221      03DD02
 222 011e B52B316A 		.ascii	"\265+1j\225\337{Nq\352\011\367\271\246\260X\234\336"
 222      95DF7B4E 
 222      71EA09F7 
 222      B9A6B058 
 222      9CDE
 223 0130 F770D8E5 		.ascii	"\367p\330\345#\361Z~\244\324v\276R\353\017\225\332\317"
 223      23F15A7E 
 223      A4D476BE 
 223      52EB0F95 
 223      DACF
 224 0142 51CEC24B 		.ascii	"Q\316\302K9\033\017\345\254\334\224\263cg\310\316\222"
 224      391B0FE5 
 224      ACDC94B3 
 224      6367C8CE 
 224      92
 225 0153 9D293B5B 		.ascii	"\235);[v\306\354\254\331\231\263\263g=\300z\201\365"
 225      76C6ECAC 
 225      D999B3B3 
 225      673DC07A 
 225      81F5
 226 0165 04EB0DD6 		.ascii	"\004\353\015\326#\254WX\317\260\336\351s\312?\233\222"
 226      23AC5758 
 226      CFB0DEE9 
 226      73CA3F9B 
 226      92
 227 0176 CAF4F3B5 		.ascii	"\312\364\363\265\252nr\227@[\222\331\274\252\204\177"
 227      AA6E7297 
 227      405B92D9 
 227      BCAA847F 
 228 0186 13140F68 		.ascii	"\023\024\017h\271\010\301uXUI\312aX\226\210\305C\231"
 228      B908C175 
 228      585549CA 
 228      61589688 
 228      C54399
 229 0199 AB94A94A 		.ascii	"\253\224\251JA\342Gq&vD~\233G\262\\\274\336|\200n\026"
 229      41E24771 
 229      2676447E 
 229      9B47B25C 
 229      BCDE7C80 
ARM GAS  C:\Users\user\AppData\Local\Temp\cc0GnYcS.s 			page 17


 230 01af 6FA2B205 		.ascii	"o\242\262\005 \304\336\301\016\310\323V\356[\363\223"
 230      20C4DEC1 
 230      0EC8D356 
 230      EE5BF393 
 231 01bf 6C9B2396 		.ascii	"l\233#\226\335?\317m\036\320\366\220.\266Z\360\005\301"
 231      DD3FCF6D 
 231      1ED0F690 
 231      2EB65AF0 
 231      05C1
 232 01d1 B59377B6 		.ascii	"\265\223w\266^t\245*\302\306W\356\016\227\271PO\034"
 232      5E74A52A 
 232      C2C657EE 
 232      0E97B950 
 232      4F1C
 233 01e3 1FCB7FDB 		.ascii	"\037\313\177\333\242Q\303\266K\011\345\336=\023\305"
 233      A251C3B6 
 233      4B09E5DE 
 233      3D13C5
 234 01f2 7F5A5A26 		.ascii	"\177ZZ&\363K\363\251\255\250\027\246_\233\275\266P\342"
 234      F34BF3A9 
 234      ADA817A6 
 234      5F9BBDB6 
 234      50E2
 235 0204 AD252A98 		.ascii	"\255%*\230\266>k\336\355\001\323\271Z2\033\246\343\353"
 235      B63E6BDE 
 235      ED01D3B9 
 235      5A321BA6 
 235      E3EB
 236 0216 DACE6AE7 		.ascii	"\332\316j\347e\241W\222<[E\276\37759B\026\220\303d\001"
 236      65A15792 
 236      3C5B45BE 
 236      FF353942 
 236      1690C364 
 237 022b A47694CC 		.ascii	"\244v\224\314\203\357\225jN\272\230\226[A\026\025\310"
 237      83EF956A 
 237      4EBA9896 
 237      5B411615 
 237      C8
 238 023c 0566D9FC 		.ascii	"\005f\331\3740\351w\367\177\221\345\344DYV33RB()#K\301"
 238      30E977F7 
 238      7F91E5E4 
 238      44595633 
 238      33524228 
 239 0254 FC1051B3 		.ascii	"\374\020Q\263\031\214\212I\017!?\223n\330\3611\262\210"
 239      198C8A49 
 239      0F213F93 
 239      6ED8F131 
 239      B288
 240 0266 6D7178EB 		.ascii	"mqx\353U/\372\217\367l\241\246\316\\\355\241\360\357"
 240      552FFA8F 
 240      F76CA1A6 
 240      CE5CEDA1 
 240      F0EF
 241 0278 7C9A2B9B 		.ascii	"|\232+\233\023\327\311\262\012\351\345V\372/@/w\246"
 241      13D7C9B2 
 241      0AE9E556 
 241      FA2F402F 
ARM GAS  C:\Users\user\AppData\Local\Temp\cc0GnYcS.s 			page 18


 241      77A6
 242 028a 1F47FAC8 		.ascii	"\037G\372\310\315g\335\224\256~\017}x\350F\232\213B"
 242      CD67DD94 
 242      AE7E0F7D 
 242      78E8469A 
 242      8B42
 243 029c 6F5AE240 		.ascii	"oZ\342@?a\245W\000\375\2043\275\022\351%\267_\236\363"
 243      3F61A557 
 243      00FD8433 
 243      BD12E925 
 243      B75F9EF3 
 244 02b0 A04904F1 		.ascii	"\240I\004\361{/\335/\324\321\355|\362\370\321\315N/"
 244      7B2FDD2F 
 244      D4D1ED7C 
 244      F2F8D1CD 
 244      4E2F
 245 02c2 16EB9425 		.ascii	"\026\353\224%V_Z\313iwKtRE\324l\261\350mR\226+K\340"
 245      565F5ACB 
 245      69774B74 
 245      5245D46C 
 245      B1E86D52 
 246 02da AC6C1E5D 		.ascii	"\254l\036]\352\220\300Ik\002\325\220\300I\347\004j0"
 246      EA90C049 
 246      6B02D590 
 246      C049E704 
 246      6A30
 247 02ec 81EB399B 		.ascii	"\201\3539\233R\010\335\305c&W\\(\366d\260^\331|\356"
 247      5208DDC5 
 247      6326575C 
 247      28F664B0 
 247      5ED97CEE 
 248 0300 F70C265B 		.ascii	"\367\014&[`\247-0\211\015\035I\265H\252\272\272\243"
 248      60A72D30 
 248      890D1D49 
 248      B548AABA 
 248      BAA3
 249 0312 DE939671 		.ascii	"\336\223\226qR\345\300\245\006-\357\017\231\300\374"
 249      52E5C0A5 
 249      062DEF0F 
 249      99C0FC
 250 0321 DDADC1F3 		.ascii	"\335\255\301\363\2047\210\254\201\371\330\306\344\327"
 250      843788AC 
 250      81F9D8C6 
 250      E4D7
 251 032f 94DF7783 		.ascii	"\224\337w\203i\313\372c\371\312T\315N\364J^\237'\267"
 251      69CBFA63 
 251      F9CA54CD 
 251      4EF44A5E 
 251      9F27B7
 252 0342 F681697B 		.ascii	"\366\201i{a\377\270V\233\312\272)#Iv\377\212\231\325"
 252      61FFB856 
 252      9BCABA29 
 252      234976FF 
 252      8A99D5
 253 0355 433B9DC3 		.ascii	"C;\235\303v:O\264\360\355\277\200\234\205)X\347\325"
 253      763A4FB4 
 253      F0EDBF80 
ARM GAS  C:\Users\user\AppData\Local\Temp\cc0GnYcS.s 			page 19


 253      9C852958 
 253      E7D5
 254 0367 8C35B970 		.ascii	"\2145\271p\026\213\264\341\305\371D5\255\344iu5\226"
 254      168BB4E1 
 254      C5F94435 
 254      ADE46975 
 254      3596
 255 0379 1C627116 		.ascii	"\034bq\026k\011{\220\274`\351\350P\325\304,\276\304"
 255      6B097B90 
 255      BC60E9E8 
 255      50D5C42C 
 255      BEC4
 256 038b 2C5AB78E 		.ascii	",Z\267\216\356w\243g\321\\\225\333\324~NM\374\264\007"
 256      EE77A367 
 256      D15C95DB 
 256      D47E4E4D 
 256      FCB407
 257 039e 5968F3C3 		.ascii	"Yh\363\303\252?\344\216\312\262\017\271L\264\344\222"
 257      AA3FE48E 
 257      CAB20FB9 
 257      4CB4E492 
 258 03ae AD1E8B21 		.ascii	"\255\036\213!\276\004\331%\362\354$kn\244\211\3701."
 258      BE04D925 
 258      F2EC246B 
 258      6EA489F8 
 258      312E
 259 03c0 B3238DB0 		.ascii	"\263#\215\260x\221gX\262\177[\221+=\205\017\240\252"
 259      78916758 
 259      B27F5B91 
 259      2B3D850F 
 259      A0AA
 260 03d2 A1AEB343 		.ascii	"\241\256\263CM\264~3\002\256\316\000\340\311\\\353X"
 260      4DB47E33 
 260      02AECE00 
 260      E0C95CEB 
 260      58
 261 03e3 D490CC0E 		.ascii	"\324\220\314\016\347\012$\323lK\3462\253\006\013\262"
 261      E70A24D3 
 261      6C4BE632 
 261      AB060BB2 
 262 03f3 E16EFF29 		.ascii	"\341n\377)\027\335F+\025\015mU\273Ft\312\243|\2719\275"
 262      17DD462B 
 262      150D6D55 
 262      BB4674CA 
 262      A37CB939 
 263 0408 CE8D1651 		.ascii	"\316\215\026Q\334~\306\323\374Z\017Z\306'\226\247\332"
 263      DC7EC6D3 
 263      FC5A0F5A 
 263      C62796A7 
 263      DA
 264 0419 9B3FD596 		.ascii	"\233?\325\2263\235\253\234\351\265\241\327\247\264\264"
 264      339DAB9C 
 264      E9B5A1D7 
 264      A7B4B4
 265 0428 066D5DDB 		.ascii	"\006m]\333\216\364\277\242\304\327\327\327\317wN\021"
 265      8EF4BFA2 
 265      C4D7D7D7 
ARM GAS  C:\Users\user\AppData\Local\Temp\cc0GnYcS.s 			page 20


 265      CF774E11 
 266 0438 0B6A7E58 		.ascii	"\013j~X?\277\032\036\3464W\026\213\\\207\024\357\220"
 266      3FBF1A1E 
 266      E6345716 
 266      8B5C8714 
 266      EF90
 267 044a 39B6ADF9 		.ascii	"9\266\255\371\263,\352Y.\022\267\177\223E\345\375\363"
 267      B32CEA59 
 267      2E12B77F 
 267      9345E5FD 
 267      F3
 268 045b D0B8C1D9 		.ascii	"\320\270\301\331\370\002\346\034`3>\227m5\2769\2631"
 268      F802E61C 
 268      60333E97 
 268      6D35BE39 
 268      B331
 269 046d 47F3620D 		.ascii	"G\363b\015\000Z\3260+I\251\223d%==\350\006\215\276\236"
 269      005AD630 
 269      2B49A993 
 269      64253D3D 
 269      E8068DBE 
 270 0482 22AB65C6 		.ascii	"\"\253e\306,1\3566l?Y\376B-\221\033p\273\025\2430c "
 270      2C31EE36 
 270      6C3F59FE 
 270      422D911B 
 270      70BB15A3 
 271 0499 920E38A8 		.ascii	"\222\0168\250\333\304\227\264\201n\201\332\211\257\345"
 271      DBC497B4 
 271      816E81DA 
 271      89AFE5
 272 04a8 5579ABA3 		.ascii	"Uy\253\243\245\301\2356b\231T\255\327\233\332]\311\034"
 272      A5C19D36 
 272      629954AD 
 272      D79BDA5D 
 272      C91C
 273 04ba BF9968F0 		.ascii	"\277\231h\360\222\366\373\237@\276\241\253!l?w\301\266"
 273      92F6FB9F 
 273      40BEA1AB 
 273      216C3F77 
 273      C1B6
 274 04cc D376F46C 		.ascii	"\323v\364l{\030\261\350U\3256W\357\014%\204\217\032"
 274      7B18B1E8 
 274      55D53657 
 274      EF0C2584 
 274      8F1A
 275 04de 0DCD10E5 		.ascii	"\015\315\020\345\014\346\334M\274-\217\015\263~T{s\247"
 275      0CE6DC4D 
 275      BC2D8F0D 
 275      B37E547B 
 275      73A7
 276 04f0 E71C25A1 		.ascii	"\347\034%\241\324\367%$\275o{'r/\264\270\330\007\353"
 276      D4F72524 
 276      BD6F7B27 
 276      722FB4B8 
 276      D807EB
 277 0503 F96FC1BA 		.ascii	"\371o\301\272S\272Rt\237\354\223\257\303\373r`\327\202"
 277      53BA5274 
ARM GAS  C:\Users\user\AppData\Local\Temp\cc0GnYcS.s 			page 21


 277      9FEC93AF 
 277      C3FB7260 
 277      D782
 278 0515 1DB2FC15 		.ascii	"\035\262\374\025\351%\336\244\216o\303\316\221\255|"
 278      E925DEA4 
 278      8E6FC3CE 
 278      91AD7C
 279 0524 072FBB7B 		.ascii	"\007/\273{\344\023\360\033\035K?\341E;x_\216LN}\015"
 279      E413F01B 
 279      1D4B3FE1 
 279      453B785F 
 279      8E4C4E7D 
 280 0539 8C5E38BD 		.ascii	"\214^8\275\206\034\357\355I\005\274\271\357+\014[\223"
 280      861CEFED 
 280      4905BCB9 
 280      EF2B0C5B 
 280      93
 281 054a DFC73755 		.ascii	"\337\3077U\037\022\236\244\267M{\321AN0_\314\2245\012"
 281      1F129EA4 
 281      B74D7BD1 
 281      414E305F 
 281      CC94350A 
 282 055e 62289366 		.ascii	"b(\223f\370\"\340\201\000x\200\200~\004\034\234\272"
 282      F822E081 
 282      00788080 
 282      7E041C9C 
 282      BA
 283 056f 59E94A27 		.ascii	"Y\351J'8\240e\244\263\301E\001<\310\262\000\006\004"
 283      38A065A4 
 283      B3C14501 
 283      3CC8B200 
 283      0604
 284 0581 C000021E 		.ascii	"\300\000\002\036\" \267t8WKS\325\010\330\374\370]\226"
 284      2220B774 
 284      38574B53 
 284      D508D8FC 
 284      F85D96
 285 0594 9705302F 		.ascii	"\227\0050/W\206\367\014#<\022\010\217\220\360\030\011"
 285      5786F70C 
 285      233C1208 
 285      8F90F018 
 285      09
 286 05a5 FDF58DF7 		.ascii	"\375\365\215\36744\207\023\312\213\036\334\327)\204"
 286      34348713 
 286      CA8B1EDC 
 286      D72984
 287 05b4 6EBB323C 		.ascii	"n\2732<\021\020O\0201\210\210\304g\331\345\036\364\020"
 287      11104F10 
 287      318888C4 
 287      67D9E51E 
 287      F410
 288 05c6 47746CAB 		.ascii	"Gtl\253\331\342.\224aH\000\014!`\030\001-\346\212R7"
 288      D9E22E94 
 288      6148000C 
 288      21601801 
 288      2DE68A52 
 289 05db 5AC5015D 		.ascii	"Z\305\001]\362\246\353Z\241\014O\005\300S\004\214 `"
ARM GAS  C:\Users\user\AppData\Local\Temp\cc0GnYcS.s 			page 22


 289      F2A6EB5A 
 289      A10C4F05 
 289      C053048C 
 289      2060
 290 05ed A06F73B9 		.ascii	"\240os\271+m\344\200\261\226\221\215T,\3033\201\360"
 290      2B6DE480 
 290      B196918D 
 290      542CC333 
 290      81F0
 291 05ff 0C09CF91 		.ascii	"\014\011\317\221pw\357\317\023:\332\301\011{6\224\177"
 291      7077EFCF 
 291      133ADAC1 
 291      097B3694 
 291      7F
 292 0610 A0005ED9 		.ascii	"\240\000^\331UaT \214\"\341\005\022\262\253\233O\272"
 292      55615420 
 292      8C22E105 
 292      12B2AB9B 
 292      4FBA
 293 0622 D1414E18 		.ascii	"\321AN\030/\255\3349K\250\302\230\000\030C\300K\004"
 293      2FADDC39 
 293      4BA8C298 
 293      001843C0 
 293      4B04
 294 0634 4C5FDD7B 		.ascii	"L_\335{EE'8\300\234\377\250\317S\250\302+\001\360\012"
 294      45452738 
 294      C09CFFA8 
 294      CF53A8C2 
 294      2B01F00A 
 295 0648 01AF11D0 		.ascii	"\001\257\021\320tz{\0154\203\013\002R\266\\\357\325"
 295      747A7B0D 
 295      34830B02 
 295      52B65CEF 
 295      D5
 296 0659 89551817 		.ascii	"\211U\030\027\010\343H\230@B\316\346\264\2054\207\003"
 296      08E34898 
 296      4042CEE6 
 296      B4853487 
 296      03
 297 066a 061F16EE 		.ascii	"\006\037\026\356\263\034\344\325\\[\025\336\010\204"
 297      B31CE4D5 
 297      5C5B15DE 
 297      0884
 298 0678 374898E4 		.ascii	"7H\230\344\217\304\221\252\012wz\210#\252n\277:\354"
 298      8FC491AA 
 298      0A777A88 
 298      23AA6EBF 
 298      3AEC
 299 068a 2154E1AD 		.ascii	"!T\341\255\000x\213\200w\010\230,\234(U\323*\016\270"
 299      00788B80 
 299      7708982C 
 299      9C2855D3 
 299      2A0EB8
 300 069d 965C7753 		.ascii	"\226\\wS|$\246\004\300\024\002\246\021\260+\177O\215"
 300      7C24A604 
 300      C01402A6 
 300      11B02B7F 
ARM GAS  C:\Users\user\AppData\Local\Temp\cc0GnYcS.s 			page 23


 300      4F8D
 301 06af 8E367240 		.ascii	"\2166r@b\353\231\022\265X\005Y\345L\200\025\370^\247"
 301      62EB9912 
 301      B5580559 
 301      E54C8015 
 301      F85EA7
 302 06c2 62842375 		.ascii	"b\204#u]\325\356\264\203\023\212k7\026YR\030\260+C\242"
 302      5DD5EEB4 
 302      83138A6B 
 302      37165952 
 302      18B02B43 
 303 06d7 80484444 		.ascii	"\200HDD\022\"\222\307Svi\350 G\254\253\033-\026\337"
 303      122292C7 
 303      537669E8 
 303      2047ACAB 
 303      1B2D16DF 
 304 06eb 0CEB05C0 		.ascii	"\014\353\005\300z\004$#\240!;\375\204\007\235\340\200"
 304      7A042423 
 304      A0213BFD 
 304      84079DE0 
 304      80
 305 06fc FE9CC143 		.ascii	"\376\234\301Cb\031R\004@\012\0026 \340\300X\306%5Mu"
 305      62195204 
 305      400A0236 
 305      20E0C058 
 305      C625354D 
 306 0711 45C0E4E5 		.ascii	"E\300\344\345V?\261\012\251\002 \025\001i\010H;{\260"
 306      563FB10A 
 306      A9022015 
 306      01690848 
 306      3B7BB0
 307 0724 444B7338 		.ascii	"DKs8`C\332\231'\256\012a\312\256\012\033\005\304FDl"
 307      6043DA99 
 307      27AE0A61 
 307      CAAE0A1B 
 307      05C44644 
 308 0739 424475F1 		.ascii	"BDu\361\321Qx1pD^\325\233\021\361\305\260Y\000lF@:\002"
 308      D1517831 
 308      70445ED5 
 308      9B11F1C5 
 308      B059006C 
 309 0751 4E0DDF19 		.ascii	"N\015\337\031w\245U\034\320\331\325)\213\217\304\026"
 309      77A5551C 
 309      D0D9D529 
 309      8B8FC416 
 310 0761 01B00501 		.ascii	"\001\260\005\001[\021\360\342r\006<\022\215\034\360"
 310      5B11F0E2 
 310      72063C12 
 310      8D1CF0
 311 0770 3269B04D 		.ascii	"2i\260M#\226!C d a\033\022jNO.\244\035\034\320\234Y"
 311      23962143 
 311      20642061 
 311      1B126A4E 
 311      4F2EA41D 
 312 0788 BFDBD2CF 		.ascii	"\277\333\322\317\267\362lU\330.\020\266#a\007\0222\216"
 312      B7F26C55 
 312      D82E10B6 
ARM GAS  C:\Users\user\AppData\Local\Temp\cc0GnYcS.s 			page 24


 312      23610712 
 312      328E
 313 079a 16BE855E 		.ascii	"\026\276\205^\340\210\374\332\252D\235P\205L\001\220"
 313      E088FCDA 
 313      AA449D50 
 313      854C0190 
 314 07aa 89809D7C 		.ascii	"\211\200\235|\0237\312\332g\321\011\016\270S6\235\""
 314      1337CADA 
 314      67D1090E 
 314      B853369D 
 314      22
 315 07bb F6429600 		.ascii	"\366B\226\000\310B@6\002z+*\217z\322T7^\306-\245"
 315      C8424036 
 315      027A2B2A 
 315      8F7AD254 
 315      375EC62D 
 316 07d0 E96E6215 		.ascii	"\351nb\025r\004B\016\022r\221p8\243/\333\215\346p\302"
 316      7204420E 
 316      12729170 
 316      38A32FDB 
 316      8DE670C2 
 317 07e4 E4CE63B7 		.ascii	"\344\316c\267-u|jW\206<\001\221\207\210]\210\310\273"
 317      2D757C6A 
 317      57863C01 
 317      9187885D 
 317      88C8BB
 318 07f7 915943E8 		.ascii	"\221YC\350!\2168\270\276$G,C\276\000\310G\300n\004\014"
 318      218E38B8 
 318      BE24472C 
 318      43BE00C8 
 318      47C06E04 
 319 080c 6DE8E986 		.ascii	"m\350\351\206f\340\200\312\241u\373\304f\330#\000\366"
 319      66E080CA 
 319      A175FBC4 
 319      66D82300 
 319      F6
 320 081d 20602F02 		.ascii	" `/\002\262_\274I\202f\340\200\251\274\307/fh\206\002"
 320      B25FBC49 
 320      8266E080 
 320      A9BCC72F 
 320      66688602 
 321 0831 81508084 		.ascii	"\201P\200\204B\236\302\341\003#:\373?\300=v\177\354"
 321      429EC2E1 
 321      03233AFB 
 321      3FC03D76 
 321      7FEC
 322 0843 2452A4C2 		.ascii	"$R\244\302?\300\354\027\214'\016T\016k\354\215\331\237"
 322      3FC0EC17 
 322      8C270E54 
 322      0E6BEC8D 
 322      D99F
 323 0855 129BF13E 		.ascii	"\022\233\361>\305x\037\032\267\336(\256P[\214S\337\367"
 323      C5781F1A 
 323      B7DE28AE 
 323      505B8C53 
 323      DFF7
 324 0867 D79AEC07 		.ascii	"\327\232\354\007'\017\275><6\316\250\217\214\2114\251"
ARM GAS  C:\Users\user\AppData\Local\Temp\cc0GnYcS.s 			page 25


 324      270FBD3E 
 324      3C36CEA8 
 324      8F8C8934 
 324      A9
 325 0878 571B0D3F 		.ascii	"W\033\015?i\276\374\363_}B\003\002\244\025\241\237\207"
 325      69BEFCF3 
 325      5F7D4203 
 325      02A415A1 
 325      9F87
 326 088a 7DF3DDD7 		.ascii	"}\363\335\327\337\206\205\376\030\2712\362[SBDdlX8\033"
 326      DF8685FE 
 326      18B932F2 
 326      5B534244 
 326      646C5838 
 327 089f C7C60784 		.ascii	"\307\306\007\204\004\373\307\306\373\207\307FG\307\306"
 327      04FBC7C6 
 327      FB87C746 
 327      47C7C6
 328 08ae F8C79B0C 		.ascii	"\370\307\233\014q\246\204U\376\177\374fE\350\2125lu"
 328      71A68455 
 328      FE7FFC66 
 328      45E88A35 
 328      6C75
 329 08c0 55649431 		.ascii	"Ud\2241.\336\377\313\320P\377\3608S\300\322pI\247\327"
 329      2EDEFFCB 
 329      D050FFF0 
 329      3853C0D2 
 329      7049A7D7 
 330 08d4 1B0D7151 		.ascii	"\033\015qQk1\020\004\2152\230xPO\275>\302\370wCB\224"
 330      6B311004 
 330      8D329878 
 330      504FBD3E 
 330      C2F87743 
 331 08ea 496F5C13 		.ascii	"Io\\\023i\322\304@6\246\204\270\230\331z\274\255\217"
 331      69D2C440 
 331      36A684B8 
 331      98D97ABC 
 331      AD8F
 332 08fc 3344EB0D 		.ascii	"3D\353\015qFC\274\273u\244\015\217\002\026\216\265z"
 332      714643BC 
 332      BB75A40D 
 332      8F02168E 
 332      B57A
 333 090e 7D42648C 		.ascii	"}Bd\214)(Po\372)\374\363\2608Sl<\3171\236\347k\212\215"
 333      2928506F 
 333      FA29FCF3 
 333      B038536C 
 333      3CCF319E 
 334 0926 8D8A0FFB 		.ascii	"\215\212\017\373!&\301\007G>\206\270h\037c\364JcD\204"
 334      2126C107 
 334      473E86B8 
 334      681F63F4 
 334      4A634484 
 335 093a 31222C78 		.ascii	"1\",xi\220O\340g\001!\377\014\010\203\365%1\2611\306"
 335      69904FE0 
 335      670121FF 
 335      0C0883F5 
ARM GAS  C:\Users\user\AppData\Local\Temp\cc0GnYcS.s 			page 26


 335      2531B131 
 336 094f 2546C3CA 		.ascii	"%F\303\312\310\260\310\230\360\250\204\010cX\264\001"
 336      C8B0C898 
 336      F0A88408 
 336      6358B401 
 337 095f 5831C630 		.ascii	"X1\3060k\206\246\265\253\214\361K\177\2244\226\240\177"
 337      6B86A6B5 
 337      AB8CF14B 
 337      7F943496 
 337      A07F
 338 0971 FBFF078D 		.ascii	"\373\377\007\215_\033\037\246\2177E@\004\210\344\216"
 338      5F1B1FA6 
 338      8F374540 
 338      0488E48E 
 339 0981 45605BF5 		.ascii	"E`[\365\304\221\311\270\206Ou1\261z\353=/V\033\353L"
 339      C491C9B8 
 339      864F7531 
 339      B17AEB3D 
 339      2F561BEB 
 340 0996 6FF2D6B3 		.ascii	"o\362\326\263\272}\246\267\271\350g\331/\351=\225\031"
 340      BA7DA6B7 
 340      B9E867D9 
 340      2FE93D95 
 340      19
 341 09a7 AFA4DE4B 		.ascii	"\257\244\336K\231\306\304\362\333\334?@\364\017p\360"
 341      99C6C4F2 
 341      DBDC3F40 
 341      F40F70F0 
 342 09b7 0F70F40F 		.ascii	"\017p\364\017p\362\017\024\375\003\035\374\003\035\375"
 342      70F20F14 
 342      FD031DFC 
 342      031DFD
 343 09c6 039DFC83 		.ascii	"\003\235\374\203D\377 \007\377 G\377 '\377e\242\377"
 343      44FF2007 
 343      FF2047FF 
 343      2027FF65 
 343      A2FF
 344 09d8 3207FF65 		.ascii	"2\007\377e\216\376\313\234\374\227\213\376\313\035\374"
 344      8EFECB9C 
 344      FC978BFE 
 344      CB1DFC
 345 09e7 973BFA2F 		.ascii	"\227;\372/w\362\017\026\375\203\035\374\203\035\375"
 345      77F20F16 
 345      FD831DFC 
 345      831DFD
 346 09f6 839DFC43 		.ascii	"\203\235\374CD\377\020\007\377\020G\377\020\253\377"
 346      44FF1007 
 346      FF1047FF 
 346      10ABFF
 347 0a05 7F00E9E3 		.ascii	"\177\000\351\343wF"
 347      7746
 348              		.text
 349              		.section	.gnu.lto_.symtab.604b0f62,"",%progbits
 350 0000 5F5F636F 		.ascii	"__core_init\000"
 350      72655F69 
 350      6E697400 
 351 000c 00       		.ascii	"\000"
ARM GAS  C:\Users\user\AppData\Local\Temp\cc0GnYcS.s 			page 27


 352 000d 01       		.ascii	"\001"
 353 000e 00       		.ascii	"\000"
 354 000f 00000000 		.ascii	"\000\000\000\000\000\000\000\000"
 354      00000000 
 355 0017 B0000000 		.ascii	"\260\000\000\000"
 356 001b 5F5F6561 		.ascii	"__early_init\000"
 356      726C795F 
 356      696E6974 
 356      00
 357 0028 00       		.ascii	"\000"
 358 0029 01       		.ascii	"\001"
 359 002a 00       		.ascii	"\000"
 360 002b 00000000 		.ascii	"\000\000\000\000\000\000\000\000"
 360      00000000 
 361 0033 B3000000 		.ascii	"\263\000\000\000"
 362 0037 5F5F6C61 		.ascii	"__late_init\000"
 362      74655F69 
 362      6E697400 
 363 0043 00       		.ascii	"\000"
 364 0044 01       		.ascii	"\001"
 365 0045 00       		.ascii	"\000"
 366 0046 00000000 		.ascii	"\000\000\000\000\000\000\000\000"
 366      00000000 
 367 004e B6000000 		.ascii	"\266\000\000\000"
 368 0052 5F5F6465 		.ascii	"__default_exit\000"
 368      6661756C 
 368      745F6578 
 368      697400
 369 0061 00       		.ascii	"\000"
 370 0062 01       		.ascii	"\001"
 371 0063 00       		.ascii	"\000"
 372 0064 00000000 		.ascii	"\000\000\000\000\000\000\000\000"
 372      00000000 
 373 006c BB000000 		.ascii	"\273\000\000\000"
 374 0070 5F5F696E 		.ascii	"__init_ram_areas\000"
 374      69745F72 
 374      616D5F61 
 374      72656173 
 374      00
 375 0081 00       		.ascii	"\000"
 376 0082 00       		.ascii	"\000"
 377 0083 00       		.ascii	"\000"
 378 0084 00000000 		.ascii	"\000\000\000\000\000\000\000\000"
 378      00000000 
 379 008c BD000000 		.ascii	"\275\000\000\000"
 380 0090 5F5F7261 		.ascii	"__ram0_init_text__\000"
 380      6D305F69 
 380      6E69745F 
 380      74657874 
 380      5F5F00
 381 00a3 00       		.ascii	"\000"
 382 00a4 02       		.ascii	"\002"
 383 00a5 00       		.ascii	"\000"
 384 00a6 00000000 		.ascii	"\000\000\000\000\000\000\000\000"
 384      00000000 
 385 00ae E3000000 		.ascii	"\343\000\000\000"
 386 00b2 5F5F7261 		.ascii	"__ram0_init__\000"
ARM GAS  C:\Users\user\AppData\Local\Temp\cc0GnYcS.s 			page 28


 386      6D305F69 
 386      6E69745F 
 386      5F00
 387 00c0 00       		.ascii	"\000"
 388 00c1 02       		.ascii	"\002"
 389 00c2 00       		.ascii	"\000"
 390 00c3 00000000 		.ascii	"\000\000\000\000\000\000\000\000"
 390      00000000 
 391 00cb E5000000 		.ascii	"\345\000\000\000"
 392 00cf 5F5F7261 		.ascii	"__ram0_clear__\000"
 392      6D305F63 
 392      6C656172 
 392      5F5F00
 393 00de 00       		.ascii	"\000"
 394 00df 02       		.ascii	"\002"
 395 00e0 00       		.ascii	"\000"
 396 00e1 00000000 		.ascii	"\000\000\000\000\000\000\000\000"
 396      00000000 
 397 00e9 E7000000 		.ascii	"\347\000\000\000"
 398 00ed 5F5F7261 		.ascii	"__ram0_noinit__\000"
 398      6D305F6E 
 398      6F696E69 
 398      745F5F00 
 399 00fd 00       		.ascii	"\000"
 400 00fe 02       		.ascii	"\002"
 401 00ff 00       		.ascii	"\000"
 402 0100 00000000 		.ascii	"\000\000\000\000\000\000\000\000"
 402      00000000 
 403 0108 E9000000 		.ascii	"\351\000\000\000"
 404 010c 5F5F7261 		.ascii	"__ram1_init_text__\000"
 404      6D315F69 
 404      6E69745F 
 404      74657874 
 404      5F5F00
 405 011f 00       		.ascii	"\000"
 406 0120 02       		.ascii	"\002"
 407 0121 00       		.ascii	"\000"
 408 0122 00000000 		.ascii	"\000\000\000\000\000\000\000\000"
 408      00000000 
 409 012a EB000000 		.ascii	"\353\000\000\000"
 410 012e 5F5F7261 		.ascii	"__ram1_init__\000"
 410      6D315F69 
 410      6E69745F 
 410      5F00
 411 013c 00       		.ascii	"\000"
 412 013d 02       		.ascii	"\002"
 413 013e 00       		.ascii	"\000"
 414 013f 00000000 		.ascii	"\000\000\000\000\000\000\000\000"
 414      00000000 
 415 0147 ED000000 		.ascii	"\355\000\000\000"
 416 014b 5F5F7261 		.ascii	"__ram1_clear__\000"
 416      6D315F63 
 416      6C656172 
 416      5F5F00
 417 015a 00       		.ascii	"\000"
 418 015b 02       		.ascii	"\002"
 419 015c 00       		.ascii	"\000"
ARM GAS  C:\Users\user\AppData\Local\Temp\cc0GnYcS.s 			page 29


 420 015d 00000000 		.ascii	"\000\000\000\000\000\000\000\000"
 420      00000000 
 421 0165 EF000000 		.ascii	"\357\000\000\000"
 422 0169 5F5F7261 		.ascii	"__ram1_noinit__\000"
 422      6D315F6E 
 422      6F696E69 
 422      745F5F00 
 423 0179 00       		.ascii	"\000"
 424 017a 02       		.ascii	"\002"
 425 017b 00       		.ascii	"\000"
 426 017c 00000000 		.ascii	"\000\000\000\000\000\000\000\000"
 426      00000000 
 427 0184 F1000000 		.ascii	"\361\000\000\000"
 428 0188 5F5F7261 		.ascii	"__ram2_init_text__\000"
 428      6D325F69 
 428      6E69745F 
 428      74657874 
 428      5F5F00
 429 019b 00       		.ascii	"\000"
 430 019c 02       		.ascii	"\002"
 431 019d 00       		.ascii	"\000"
 432 019e 00000000 		.ascii	"\000\000\000\000\000\000\000\000"
 432      00000000 
 433 01a6 F3000000 		.ascii	"\363\000\000\000"
 434 01aa 5F5F7261 		.ascii	"__ram2_init__\000"
 434      6D325F69 
 434      6E69745F 
 434      5F00
 435 01b8 00       		.ascii	"\000"
 436 01b9 02       		.ascii	"\002"
 437 01ba 00       		.ascii	"\000"
 438 01bb 00000000 		.ascii	"\000\000\000\000\000\000\000\000"
 438      00000000 
 439 01c3 F5000000 		.ascii	"\365\000\000\000"
 440 01c7 5F5F7261 		.ascii	"__ram2_clear__\000"
 440      6D325F63 
 440      6C656172 
 440      5F5F00
 441 01d6 00       		.ascii	"\000"
 442 01d7 02       		.ascii	"\002"
 443 01d8 00       		.ascii	"\000"
 444 01d9 00000000 		.ascii	"\000\000\000\000\000\000\000\000"
 444      00000000 
 445 01e1 F7000000 		.ascii	"\367\000\000\000"
 446 01e5 5F5F7261 		.ascii	"__ram2_noinit__\000"
 446      6D325F6E 
 446      6F696E69 
 446      745F5F00 
 447 01f5 00       		.ascii	"\000"
 448 01f6 02       		.ascii	"\002"
 449 01f7 00       		.ascii	"\000"
 450 01f8 00000000 		.ascii	"\000\000\000\000\000\000\000\000"
 450      00000000 
 451 0200 F9000000 		.ascii	"\371\000\000\000"
 452 0204 5F5F7261 		.ascii	"__ram3_init_text__\000"
 452      6D335F69 
 452      6E69745F 
ARM GAS  C:\Users\user\AppData\Local\Temp\cc0GnYcS.s 			page 30


 452      74657874 
 452      5F5F00
 453 0217 00       		.ascii	"\000"
 454 0218 02       		.ascii	"\002"
 455 0219 00       		.ascii	"\000"
 456 021a 00000000 		.ascii	"\000\000\000\000\000\000\000\000"
 456      00000000 
 457 0222 FB000000 		.ascii	"\373\000\000\000"
 458 0226 5F5F7261 		.ascii	"__ram3_init__\000"
 458      6D335F69 
 458      6E69745F 
 458      5F00
 459 0234 00       		.ascii	"\000"
 460 0235 02       		.ascii	"\002"
 461 0236 00       		.ascii	"\000"
 462 0237 00000000 		.ascii	"\000\000\000\000\000\000\000\000"
 462      00000000 
 463 023f FD000000 		.ascii	"\375\000\000\000"
 464 0243 5F5F7261 		.ascii	"__ram3_clear__\000"
 464      6D335F63 
 464      6C656172 
 464      5F5F00
 465 0252 00       		.ascii	"\000"
 466 0253 02       		.ascii	"\002"
 467 0254 00       		.ascii	"\000"
 468 0255 00000000 		.ascii	"\000\000\000\000\000\000\000\000"
 468      00000000 
 469 025d FF000000 		.ascii	"\377\000\000\000"
 470 0261 5F5F7261 		.ascii	"__ram3_noinit__\000"
 470      6D335F6E 
 470      6F696E69 
 470      745F5F00 
 471 0271 00       		.ascii	"\000"
 472 0272 02       		.ascii	"\002"
 473 0273 00       		.ascii	"\000"
 474 0274 00000000 		.ascii	"\000\000\000\000\000\000\000\000"
 474      00000000 
 475 027c 01010000 		.ascii	"\001\001\000\000"
 476 0280 5F5F7261 		.ascii	"__ram4_init_text__\000"
 476      6D345F69 
 476      6E69745F 
 476      74657874 
 476      5F5F00
 477 0293 00       		.ascii	"\000"
 478 0294 02       		.ascii	"\002"
 479 0295 00       		.ascii	"\000"
 480 0296 00000000 		.ascii	"\000\000\000\000\000\000\000\000"
 480      00000000 
 481 029e 03010000 		.ascii	"\003\001\000\000"
 482 02a2 5F5F7261 		.ascii	"__ram4_init__\000"
 482      6D345F69 
 482      6E69745F 
 482      5F00
 483 02b0 00       		.ascii	"\000"
 484 02b1 02       		.ascii	"\002"
 485 02b2 00       		.ascii	"\000"
 486 02b3 00000000 		.ascii	"\000\000\000\000\000\000\000\000"
ARM GAS  C:\Users\user\AppData\Local\Temp\cc0GnYcS.s 			page 31


 486      00000000 
 487 02bb 05010000 		.ascii	"\005\001\000\000"
 488 02bf 5F5F7261 		.ascii	"__ram4_clear__\000"
 488      6D345F63 
 488      6C656172 
 488      5F5F00
 489 02ce 00       		.ascii	"\000"
 490 02cf 02       		.ascii	"\002"
 491 02d0 00       		.ascii	"\000"
 492 02d1 00000000 		.ascii	"\000\000\000\000\000\000\000\000"
 492      00000000 
 493 02d9 07010000 		.ascii	"\007\001\000\000"
 494 02dd 5F5F7261 		.ascii	"__ram4_noinit__\000"
 494      6D345F6E 
 494      6F696E69 
 494      745F5F00 
 495 02ed 00       		.ascii	"\000"
 496 02ee 02       		.ascii	"\002"
 497 02ef 00       		.ascii	"\000"
 498 02f0 00000000 		.ascii	"\000\000\000\000\000\000\000\000"
 498      00000000 
 499 02f8 09010000 		.ascii	"\011\001\000\000"
 500 02fc 5F5F7261 		.ascii	"__ram5_init_text__\000"
 500      6D355F69 
 500      6E69745F 
 500      74657874 
 500      5F5F00
 501 030f 00       		.ascii	"\000"
 502 0310 02       		.ascii	"\002"
 503 0311 00       		.ascii	"\000"
 504 0312 00000000 		.ascii	"\000\000\000\000\000\000\000\000"
 504      00000000 
 505 031a 0B010000 		.ascii	"\013\001\000\000"
 506 031e 5F5F7261 		.ascii	"__ram5_init__\000"
 506      6D355F69 
 506      6E69745F 
 506      5F00
 507 032c 00       		.ascii	"\000"
 508 032d 02       		.ascii	"\002"
 509 032e 00       		.ascii	"\000"
 510 032f 00000000 		.ascii	"\000\000\000\000\000\000\000\000"
 510      00000000 
 511 0337 0D010000 		.ascii	"\015\001\000\000"
 512 033b 5F5F7261 		.ascii	"__ram5_clear__\000"
 512      6D355F63 
 512      6C656172 
 512      5F5F00
 513 034a 00       		.ascii	"\000"
 514 034b 02       		.ascii	"\002"
 515 034c 00       		.ascii	"\000"
 516 034d 00000000 		.ascii	"\000\000\000\000\000\000\000\000"
 516      00000000 
 517 0355 0F010000 		.ascii	"\017\001\000\000"
 518 0359 5F5F7261 		.ascii	"__ram5_noinit__\000"
 518      6D355F6E 
 518      6F696E69 
 518      745F5F00 
ARM GAS  C:\Users\user\AppData\Local\Temp\cc0GnYcS.s 			page 32


 519 0369 00       		.ascii	"\000"
 520 036a 02       		.ascii	"\002"
 521 036b 00       		.ascii	"\000"
 522 036c 00000000 		.ascii	"\000\000\000\000\000\000\000\000"
 522      00000000 
 523 0374 11010000 		.ascii	"\021\001\000\000"
 524 0378 5F5F7261 		.ascii	"__ram6_init_text__\000"
 524      6D365F69 
 524      6E69745F 
 524      74657874 
 524      5F5F00
 525 038b 00       		.ascii	"\000"
 526 038c 02       		.ascii	"\002"
 527 038d 00       		.ascii	"\000"
 528 038e 00000000 		.ascii	"\000\000\000\000\000\000\000\000"
 528      00000000 
 529 0396 13010000 		.ascii	"\023\001\000\000"
 530 039a 5F5F7261 		.ascii	"__ram6_init__\000"
 530      6D365F69 
 530      6E69745F 
 530      5F00
 531 03a8 00       		.ascii	"\000"
 532 03a9 02       		.ascii	"\002"
 533 03aa 00       		.ascii	"\000"
 534 03ab 00000000 		.ascii	"\000\000\000\000\000\000\000\000"
 534      00000000 
 535 03b3 15010000 		.ascii	"\025\001\000\000"
 536 03b7 5F5F7261 		.ascii	"__ram6_clear__\000"
 536      6D365F63 
 536      6C656172 
 536      5F5F00
 537 03c6 00       		.ascii	"\000"
 538 03c7 02       		.ascii	"\002"
 539 03c8 00       		.ascii	"\000"
 540 03c9 00000000 		.ascii	"\000\000\000\000\000\000\000\000"
 540      00000000 
 541 03d1 17010000 		.ascii	"\027\001\000\000"
 542 03d5 5F5F7261 		.ascii	"__ram6_noinit__\000"
 542      6D365F6E 
 542      6F696E69 
 542      745F5F00 
 543 03e5 00       		.ascii	"\000"
 544 03e6 02       		.ascii	"\002"
 545 03e7 00       		.ascii	"\000"
 546 03e8 00000000 		.ascii	"\000\000\000\000\000\000\000\000"
 546      00000000 
 547 03f0 19010000 		.ascii	"\031\001\000\000"
 548 03f4 5F5F7261 		.ascii	"__ram7_init_text__\000"
 548      6D375F69 
 548      6E69745F 
 548      74657874 
 548      5F5F00
 549 0407 00       		.ascii	"\000"
 550 0408 02       		.ascii	"\002"
 551 0409 00       		.ascii	"\000"
 552 040a 00000000 		.ascii	"\000\000\000\000\000\000\000\000"
 552      00000000 
ARM GAS  C:\Users\user\AppData\Local\Temp\cc0GnYcS.s 			page 33


 553 0412 1B010000 		.ascii	"\033\001\000\000"
 554 0416 5F5F7261 		.ascii	"__ram7_init__\000"
 554      6D375F69 
 554      6E69745F 
 554      5F00
 555 0424 00       		.ascii	"\000"
 556 0425 02       		.ascii	"\002"
 557 0426 00       		.ascii	"\000"
 558 0427 00000000 		.ascii	"\000\000\000\000\000\000\000\000"
 558      00000000 
 559 042f 1D010000 		.ascii	"\035\001\000\000"
 560 0433 5F5F7261 		.ascii	"__ram7_clear__\000"
 560      6D375F63 
 560      6C656172 
 560      5F5F00
 561 0442 00       		.ascii	"\000"
 562 0443 02       		.ascii	"\002"
 563 0444 00       		.ascii	"\000"
 564 0445 00000000 		.ascii	"\000\000\000\000\000\000\000\000"
 564      00000000 
 565 044d 1F010000 		.ascii	"\037\001\000\000"
 566 0451 5F5F7261 		.ascii	"__ram7_noinit__\000"
 566      6D375F6E 
 566      6F696E69 
 566      745F5F00 
 567 0461 00       		.ascii	"\000"
 568 0462 02       		.ascii	"\002"
 569 0463 00       		.ascii	"\000"
 570 0464 00000000 		.ascii	"\000\000\000\000\000\000\000\000"
 570      00000000 
 571 046c 21010000 		.ascii	"!\001\000\000"
 572              		.text
 573              		.section	.gnu.lto_.opts,"",%progbits
 574 0000 272D666D 		.ascii	"'-fmath-errno' '-fsigned-zeros' '-ftrapping-math' '"
 574      6174682D 
 574      6572726E 
 574      6F272027 
 574      2D667369 
 575 0033 2D666E6F 		.ascii	"-fno-trapv' '-fno-openmp' '-fno-openacc' '-mcpu=cor"
 575      2D747261 
 575      70762720 
 575      272D666E 
 575      6F2D6F70 
 576 0066 7465782D 		.ascii	"tex-m4' '-mno-thumb-interwork' '-mthumb' '-ggdb' '-"
 576      6D342720 
 576      272D6D6E 
 576      6F2D7468 
 576      756D622D 
 577 0099 4F322720 		.ascii	"O2' '-fomit-frame-pointer' '-falign-functions=16' '"
 577      272D666F 
 577      6D69742D 
 577      6672616D 
 577      652D706F 
 578 00cc 2D666675 		.ascii	"-ffunction-sections' '-fdata-sections' '-fno-common"
 578      6E637469 
 578      6F6E2D73 
 578      65637469 
ARM GAS  C:\Users\user\AppData\Local\Temp\cc0GnYcS.s 			page 34


 578      6F6E7327 
 579 00ff 2720272D 		.ascii	"' '-flto'\000"
 579      666C746F 
 579      2700
 580              		.text
 581              		.comm	__gnu_lto_v1,1,1
 582              		.comm	__gnu_lto_slim,1,1
 583              		.ident	"GCC: (GNU Tools for ARM Embedded Processors 6-2017-q1-update) 6.3.1 20170215 (release) [AR
ARM GAS  C:\Users\user\AppData\Local\Temp\cc0GnYcS.s 			page 35


DEFINED SYMBOLS
                            *ABS*:00000000 crt1.c
                            *COM*:00000001 __gnu_lto_v1
                            *COM*:00000001 __gnu_lto_slim

NO UNDEFINED SYMBOLS
