ARM GAS  C:\Users\user\AppData\Local\Temp\cc8VHiUM.s 			page 1


   1              		.cpu cortex-m4
   2              		.eabi_attribute 20, 1
   3              		.eabi_attribute 21, 1
   4              		.eabi_attribute 23, 3
   5              		.eabi_attribute 24, 1
   6              		.eabi_attribute 25, 1
   7              		.eabi_attribute 26, 1
   8              		.eabi_attribute 30, 2
   9              		.eabi_attribute 34, 1
  10              		.eabi_attribute 18, 4
  11              		.file	"hal.c"
  12              		.text
  13              	.Ltext0:
  14              		.section	.gnu.lto_.profile.7a94381d,"",%progbits
  15 0000 789C6365 		.ascii	"x\234ce`b`a```d0e\007\000\000\361\000I"
  15      60626061 
  15      60606064 
  15      30650700 
  15      00F10049 
  16              		.text
  17              		.section	.gnu.lto_.icf.7a94381d,"",%progbits
  18 0000 789C6365 		.ascii	"x\234ce`b\340`@\000F\206s\357\357|ec\000\000\021>\003"
  18      6062E060 
  18      40004686 
  18      73EFEF7C 
  18      65630000 
  19 0017 A5       		.ascii	"\245"
  20              		.text
  21              		.section	.gnu.lto_.jmpfuncs.7a94381d,"",%progbits
  22 0000 789C6365 		.ascii	"x\234ce`bPg@\000F\010\305\3048\235\231\261\371\327\376"
  22      60625067 
  22      40004608 
  22      C5C4389D 
  22      99B1F9D7 
  23 0015 CF7CF57F 		.ascii	"\317|\365\177\033$\34633,f\006I.g\254g`d\001\262\000"
  23      1B24E633 
  23      332C6606 
  23      492E67AC 
  23      67606401 
  24 002b B8140894 		.ascii	"\270\024\010\224"
  25              		.text
  26              		.section	.gnu.lto_.inline.7a94381d,"",%progbits
  27 0000 789C6365 		.ascii	"x\234ce`b\320c@\000F\006\006NSF\240 \003\003\333\002"
  27      6062D063 
  27      40004606 
  27      064E5346 
  27      A0200303 
  28 0016 7926B010 		.ascii	"y&\260\020\027\012\301\304\015R\005f2\000\0005\014\001"
  28      170AC1C4 
  28      0D520566 
  28      32000035 
  28      0C01
  29 0028 79       		.ascii	"y"
  30              		.text
  31              		.section	.gnu.lto_.pureconst.7a94381d,"",%progbits
  32 0000 789C6365 		.ascii	"x\234ce`b`f```d\220\000\000\000\204\000$"
  32      60626066 
ARM GAS  C:\Users\user\AppData\Local\Temp\cc8VHiUM.s 			page 2


  32      60606064 
  32      90000000 
  32      840024
  33              		.text
  34              		.section	.gnu.lto_halInit.7a94381d,"",%progbits
  35 0000 789C7590 		.ascii	"x\234u\220?H\302Q\020\307\357\373{\376\0132\032\032"
  35      3F48C251 
  35      10C7EFFB 
  35      7BFE0B32 
  35      1A1A
  36 0012 0A1B5A5D 		.ascii	"\012\033Z]\262\032\012Z\335Z\202lt)\033\224\002!k\376"
  36      B21A0A5A 
  36      DD5A826C 
  36      74291B94 
  36      02216BFE 
  37 0026 FDCC4230 		.ascii	"\375\314B0\250\2262\203x?\212\320\2624\333\234\372\341"
  37      A8963283 
  37      783F8AD0 
  37      B234DB9C 
  37      FAE1
  38 0038 D6525063 		.ascii	"\326RPcS\021\015Y\020\264\025j\3674\242\301\016\216"
  38      53110D59 
  38      10B4156A 
  38      F734A2C1 
  38      0E8E
  39 004a 77EFEEC3 		.ascii	"w\357\356\303\335\367\316N\032\231 \032!\"\017;\004"
  39      DDF7CE4E 
  39      1A99201A 
  39      21220F3B 
  39      04
  40 005b 41DBBA26 		.ascii	"A\333\272&\212\2734@\005\206\013\244k\320\261)\322\002"
  40      8ABB3440 
  40      05860BA4 
  40      6BD0B129 
  40      D202
  41 006d 95E47359 		.ascii	"\225\344sY\363f\0156+\375\336g\344,HA\224aW\206,\274"
  41      F3660D36 
  41      2BFDDE67 
  41      E42C4841 
  41      94615786 
  42 0083 C4D863A9 		.ascii	"\304\330c\251\276\355v\330Zy\344\340\340\021T\274\205"
  42      BEED76D8 
  42      5A79E4E0 
  42      E01154BC 
  42      85
  43 0094 65D41B49 		.ascii	"e\324\033I\303z:\300\335\204\223(\305e5c]h\352\025U"
  43      C37A3AC0 
  43      DD849328 
  43      C5653563 
  43      5D68EA15 
  44 00a9 24CC2F8F 		.ascii	"$\314/\217\342U\223r\371\365\336\251\327\014\227\024"
  44      E2559372 
  44      F9F5DEA9 
  44      D70C9714 
  45 00b9 C808EE80 		.ascii	"\310\010\356\200c\350$\231\255b\325<\352l\303\211\014"
  45      63E82499 
  45      AD62D53C 
ARM GAS  C:\Users\user\AppData\Local\Temp\cc8VHiUM.s 			page 3


  45      EA6CC389 
  45      0C
  46 00ca 570927CC 		.ascii	"W\011'\314qag\255r\343\334\020R\330\240\276\211\317"
  46      716167AD 
  46      72E3DC10 
  46      52D8A0BE 
  46      89CF
  47 00dc CB8F2EE6 		.ascii	"\313\217.\346z9q\250\204q\356j/?/\261\037\357\226\302"
  47      7A3971A8 
  47      8471EE6A 
  47      2F3F2FB1 
  47      1FEF96C2 
  48 00f0 8E53DE32 		.ascii	"\216S\3362\217\376f\241\361rQ\350`x\3270\006T\2033H"
  48      8FFE66A1 
  48      F17251E8 
  48      6078D730 
  48      06548333 
  49 0105 3407A200 		.ascii	"4\007\242\000]\012\007)\2555w{\255\334\034\305_\255"
  49      5D0A0729 
  49      AD35777B 
  49      ADDC1CC5 
  49      5FAD
  50 0117 09F3A1A7 		.ascii	"\011\363\241\247=gc\356\374\017W\373\207\2633W\372\341"
  50      3D6763EE 
  50      FC0F57FB 
  50      87B33357 
  50      FAE1
  51 0129 DEB06266 		.ascii	"\336\260bf\267[Z\224\245\3702|;^{\310?\036\234\232\236"
  51      B75B5A94 
  51      A5F8327C 
  51      3B5E7BC8 
  51      3F1E9C9A 
  52 013e 0C04FDE1 		.ascii	"\014\004\375\341\310l$\260\264<\027\211\006C*\216\306"
  52      C86C24B0 
  52      B43C1789 
  52      06432A8E 
  52      C6
  53 014f 86C7467D 		.ascii	"\206\307F}\321\230/<\263\340\213-\206\324;\030\242o"
  53      D1982F3C 
  53      B3E08B2D 
  53      86D43B18 
  53      A26F
  54 0161 787C99FA 		.ascii	"x|\231\372"
  55              		.text
  56              		.section	.gnu.lto_.symbol_nodes.7a94381d,"",%progbits
  57 0000 789C55C9 		.ascii	"x\234U\311\261\021\3020\020D\321\257\225D\035.\005*"
  57      B111C230 
  57      1044D1AF 
  57      95441D2E 
  57      052A
  58 0012 3B051440 		.ascii	";\005\024@\002X\220\252\012\307\216]\203\231\241\016"
  58      025890AA 
  58      0AC78E5D 
  58      8399A10E 
  59 0022 864311DA 		.ascii	"\206C\021\332\344\315\374\315\210\212OW\031\\6p\226"
  59      E4CDFCCD 
  59      888A4F57 
ARM GAS  C:\Users\user\AppData\Local\Temp\cc8VHiUM.s 			page 4


  59      195C3670 
  59      96
  60 0033 72823C8B 		.ascii	"r\202<\213\311\237\360\224\205\376@)G\017\017\231\206"
  60      C99FF094 
  60      85FE4029 
  60      470F0F99 
  60      86
  61 0044 50657108 		.ascii	"Peq\010wY\032\302M\226\377C\344@\333?!\222Y\273\211"
  61      77591AC2 
  61      4D96FF43 
  61      E440DB3F 
  61      219259BB 
  62 0059 7737727E 		.ascii	"w7r~\375\024\315\345\013vF%n"
  62      FD14CDE5 
  62      0B764625 
  62      6E
  63              		.text
  64              		.section	.gnu.lto_.refs.7a94381d,"",%progbits
  65 0000 789C6365 		.ascii	"x\234ce`b`c```d`bdb\000\000\000\275\000\024"
  65      60626063 
  65      60606064 
  65      60626462 
  65      000000BD 
  66              		.text
  67              		.section	.gnu.lto_.decls.7a94381d,"",%progbits
  68 0000 789CAD56 		.ascii	"x\234\255ViP\024G\024\2367\275,0`0j%\376\260R\224\205"
  68      69501447 
  68      149E37BD 
  68      2C306030 
  68      6A25FEB0 
  69 0017 253F1404 		.ascii	"%?\024\004-\265\374\221h\360\214\250\224\327\257\255"
  69      2DB5FC91 
  69      68F08CA8 
  69      94D7AFAD 
  70 0027 DA2CEC2A 		.ascii	"\332,\354*[\001v\263\273$Z\3713\012\036hD\361,\214\361"
  70      5B0176B3 
  70      BB245AF9 
  70      330A1E68 
  70      44F12C8C 
  71 003c 2E050F40 		.ascii	".\005\017@\274P\243\256(\207\010\212\032\017\344\024"
  71      BC50A3AE 
  71      2887088A 
  71      1A0FE414 
  72 004c 11151110 		.ascii	"\021\025\021\020\017 \036\344u\367\254\263\256\230\322"
  72      0F201EE4 
  72      75F7ACB3 
  72      AE98D2
  73 005b AA4CED9B 		.ascii	"\252L\355\233\236\327\375\365\367\276~\375zf\275\004"
  73      9ED7FDF5 
  73      F7BE7EFD 
  73      7A66BD04 
  74 006b 51689604 		.ascii	"Qh\226\004!\230\010\302\026A\020\272\361\022\261=\210"
  74      219808C2 
  74      164110BA 
  74      F112B13D 
  74      88
  75 007c 0668F502 		.ascii	"\006h\365\002\277\264h\217\320\036\243=AkE{\206\366"
ARM GAS  C:\Users\user\AppData\Local\Temp\cc8VHiUM.s 			page 5


  75      BFB4688F 
  75      D01EA33D 
  75      416B457B 
  75      86F6
  76 008e 42C17508 		.ascii	"B\301u\010\357_\327\261\323\033\333\271h\235h\017\321"
  76      EF5FD7B1 
  76      D31BDBB9 
  76      689D680F 
  76      D1
  77 009f BA14BEBB 		.ascii	"\272\024\276\273h\355\036\274/\024\276V\205\377\361"
  77      68ED1EBC 
  77      2F14BE56 
  77      85FFF1
  78 00ae 47783711 		.ascii	"Gx7\021\270\232\234\263\205\244\022\350#\201\006\335"
  78      B89A9CB3 
  78      85A412E8 
  78      238106DD 
  79 00be A7659BEF 		.ascii	"\247e\233\357}\201n?\011\002\321=PVT\245\214.\007\364"
  79      7D816E3F 
  79      0902D13D 
  79      505654A5 
  79      8C2E07F4 
  80 00d2 F34E3F09 		.ascii	"\363N?\011\347\356\000\364NV?u\372qp\035\035\355~T\261"
  80      E7EE00F4 
  80      4E563F75 
  80      FA71701D 
  80      1DED7E54 
  81 00e7 CB970FB7 		.ascii	"\313\227\017\267Q\356\025G\327\355\012 \"\320\347\226"
  81      51EE1547 
  81      D7ED0A20 
  81      22D0E796 
  82 00f7 E4FB757E 		.ascii	"\344\373u~|\254?\272\327\332J\377T\334\336\350V\245"
  82      7CAC3FBA 
  82      D7DA4AFF 
  82      54DCDEE8 
  82      56A5
  83 0109 2CDDAA25 		.ascii	",\335\252%\276\014Y]\234\271\237\306\034,\001\315_\000"
  83      BE0C595D 
  83      9CB99FC6 
  83      1C2C01CD 
  83      5F00
  84 011b 7665379F 		.ascii	"ve7\237\350\352\305\273(\242\266+cb\310\001\231_>\337"
  84      E8EAC5BB 
  84      28A2B62B 
  84      6362C801 
  84      995F3EDF 
  85 012f A88BB9B6 		.ascii	"\250\213\271\266\272}\2677\371\232\202\304\364\222["
  85      BA7DB737 
  85      F99A82C4 
  85      F4925B
  86 013e F91A0896 		.ascii	"\371\032\010\226\366P\220\363\326\363\301i\313dY\204"
  86      F65090F3 
  86      D6F3C169 
  86      CB645984 
  87 014e 6320C111 		.ascii	"c \301\021 p\030BhR\006\343n\011\313ey\261\274&I\366"
  87      20701842 
  87      685206E3 
ARM GAS  C:\Users\user\AppData\Local\Temp\cc8VHiUM.s 			page 6


  87      6E09CB65 
  87      79B1BC26 
  88 0164 9D2C4006 		.ascii	"\235,@\006\014\200\2750@\200\243\020L\343Q\034\344b"
  88      0C80BD30 
  88      4080A310 
  88      4CE3511C 
  88      E462
  89 0176 E721ECC4 		.ascii	"\347!\354\304\020\231\273\323vjI*\260\030\205g*ok@\012"
  89      1099BBD3 
  89      766A492A 
  89      B0188567 
  89      2A6F6B40 
  90 018b EE91E044 		.ascii	"\356\221\340D\017\004\\L\367\276\201\205K\250\230<\024"
  90      0F045C4C 
  90      F7BE8185 
  90      4BA8983C 
  90      14
  91 019c 735C1583 		.ascii	"s\\\025\203\332\370:\352OV-\022I'\013\002\233O=/\361"
  91      DAF83AEA 
  91      4F562D12 
  91      49270B02 
  91      9B4F3D2F 
  92 01b1 E2A9F241 		.ascii	"\342\251\362A\267u]A\231H^\363\261\306\333I\351Z\262"
  92      B7755D41 
  92      99485EF3 
  92      B1C6DB49 
  92      E95AB2
  93 01c4 98A778CD 		.ascii	"\230\247x\315\233\012YKVpgUk\347\016\015I\343NER\307"
  93      9B0A594B 
  93      56706755 
  93      6BE70E0D 
  93      49E34E45 
  94 01da CD5E6413 		.ascii	"\315^d\023s|\227f\347\035\361\207 z\365\015\012\012"
  94      737C9766 
  94      E71DF187 
  94      207AF50D 
  94      0A0A
  95 01ec DE49B53B 		.ascii	"\336I\265;\037\\\032R\334\336 \313k\375\231('\212*\204"
  95      1F5C1A52 
  95      DCDE20CB 
  95      6BFD9928 
  95      278A2A84 
  96 0200 BEEA62B2 		.ascii	"\276\352b\262\360&@\030\336\004>\341\237o\323eg2a\350"
  96      F0264018 
  96      DE043EE1 
  96      9F6FD365 
  96      673261E8 
  97 0214 B39EE850 		.ascii	"\263\236\350P\017p\323w*\370/O\360)F\235\001n\334n\360"
  97      0F70D377 
  97      2AF82F4F 
  97      F029469D 
  97      016EDC6E 
  98 0229 939EF06C 		.ascii	"\223\236\360lO%w\334\320\247{&g\3504\232\3735\262<V"
  98      4F2577DC 
  98      D0A77B26 
  98      67E8349A 
  98      FB35B23C 
ARM GAS  C:\Users\user\AppData\Local\Temp\cc8VHiUM.s 			page 7


  99 023e 23C07E1C 		.ascii	"#\300~\034\337\307\206(\032\323\017\027q\267\362!\010"
  99      DFC78628 
  99      1AD30F17 
  99      71B7F221 
  99      08
 100 024f 8AD00AD0 		.ascii	"\212\320\012\320\316\243]@+F;\007A\254\302x\274\022"
 100      CEA35D40 
 100      2B463B07 
 100      41ACC278 
 100      BC12
 101 0261 B778677A 		.ascii	"\267xgz\\\271\373ZJ&\253\350\234\236\327\302\341\274"
 101      5CB9FB5A 
 101      4A26ABE8 
 101      9C9ED7C2 
 101      E1BC
 102 0273 345ACEF4 		.ascii	"4Z\316\364Y$\313@a\202R\026Jm\237}\233\\\256%\017\331"
 102      5924CB40 
 102      61825216 
 102      4A6D9F7D 
 102      9B5CAE25 
 103 0289 1E8ABB57 		.ascii	"\036\212\273W\224\036\363\201\276\301=\255\011Jq)\237"
 103      941EF381 
 103      BEC13DAD 
 103      094A7129 
 103      9F
 104 029a B32C1EB9 		.ascii	"\263,\036\271\261X\213\207\011.\341\304\022\265$\251"
 104      B1588B87 
 104      092EE1C4 
 104      12B524A9 
 105 02aa 0E16FE7A 		.ascii	"\016\026\376z\343\216d\177^\205\345\324O]}\370\220D"
 105      E38E647F 
 105      5E85E5D4 
 105      4F5D7DF8 
 105      9044
 106 02bc 5EF1FACA 		.ascii	"^\361\372\312h\334\222\252\014\216F\367hY^\215\027Y"
 106      68DC92AA 
 106      0C8E46F7 
 106      68595E8D 
 106      1759
 107 02ce 4CD85855 		.ascii	"L\330XU\373\315e~$\205;\331\257\327\357\325\2225\334"
 107      FBCD657E 
 107      24853BD9 
 107      AFD7EFD5 
 107      9235DC
 108 02e1 799691BB 		.ascii	"y\226\221\273\325\207\317\312\240\257\217?\2279\217"
 108      D587CFCA 
 108      A0AF8F3F 
 108      97398F
 109 02f0 28AF13A7 		.ascii	"(\257\023\247\204\376\312%\253S\274\311&\006\366i\272"
 109      84FECA25 
 109      AB53BCC9 
 109      2606F669 
 109      BA
 110 0301 BC275D04 		.ascii	"\274']\004^\263\254hQraI\237u\262\\<\214\211\276\206"
 110      5EB3AC68 
 110      51726149 
 110      9F75B25C 
ARM GAS  C:\Users\user\AppData\Local\Temp\cc8VHiUM.s 			page 8


 110      3C8C89BE 
 111 0316 A22BB07D 		.ascii	"\242+\260}\227\206\367\212\020\321\365\323\026\261\235"
 111      9786F78A 
 111      10D1F5D3 
 111      16B19D
 112 0325 A0E01B9E 		.ascii	"\240\340\033\236\340\314\367\213\020\341\371\221*\374"
 112      E0CCF78B 
 112      10E1F991 
 112      2AFC
 113 0333 A027FC40 		.ascii	"\240'\374@\317e\3657\216_gC\025J\376\2531\37771\327"
 113      CF65F537 
 113      8E5F6743 
 113      154AFEAB 
 113      31FF3731 
 114 0348 95685568 		.ascii	"\225hUhw\320n\243\335RK\212J\233\252\306\272\354\031"
 114      77D06EA3 
 114      DD524B8A 
 114      4A9BAAC6 
 114      BAEC19
 115 035b ABEC0369 		.ascii	"\253\354\003i\365?\250\360\253\236\360\254\017W\342"
 115      F53FA8F0 
 115      AB9EF0AC 
 115      0F57E2
 116 036a C65EEE09 		.ascii	"\306^\356\011\277\242\256D\251\300\213\274\002+>\250"
 116      BFA2AE44 
 116      A9C08BBC 
 116      022B3EA8 
 117 037a C0735DCD 		.ascii	"\300s]\315K\002\310V\266\037\342\236\215\371\005\276"
 117      4B02C856 
 117      B61FE29E 
 117      8DF905BE 
 118 038a 1E15E85A 		.ascii	"\036\025\350Z>~\015\202?9\003<\352\315+\254\372jqR\215"
 118      3E7E0D82 
 118      3F39033C 
 118      EACD2BAC 
 118      FA6A7152 
 119 039f 5A7D15AE 		.ascii	"Z}\025\256\352\353\332\177\366\255O_%\326\362\217\305"
 119      EAEBDA7F 
 119      F6AD4F5F 
 119      25D6F28F 
 119      C5
 120 03b0 12FE3310 		.ascii	"\022\3763\020})>>\236\"\371\257x\367\266\206\273n\247"
 120      7D293E3E 
 120      9E22F9AF 
 120      78F7B686 
 120      BB6EA7
 121 03c3 51807AF0 		.ascii	"Q\200z\360\247@\332\"\370\330\252\013\247\305\032\244"
 121      A740DA22 
 121      F8D8AA0B 
 121      A7C51AA4 
 122 03d3 C22F38F4 		.ascii	"\302/8\364f\024\000\374\016\314\230\333\355\272\000"
 122      661400FC 
 122      0ECC98DB 
 122      EDBA00
 123 03e2 583FF68A 		.ascii	"X?\366\212\354\316\201\254\013\\3\024_T\\Q\241d?e2\270"
 123      ECCE81AC 
 123      0B5C3314 
ARM GAS  C:\Users\user\AppData\Local\Temp\cc8VHiUM.s 			page 9


 123      5F545C51 
 123      A1643F65 
 124 03f8 31F2611E 		.ascii	"1\362a\036\311u\361/9\177`\323\\\263AT\003\000\270O"
 124      C975F12F 
 124      397F60D3 
 124      5CB34154 
 124      0300B84F 
 125 040c 7023E4B2 		.ascii	"p#\344\262\225\361w\372\004uq\340J\325\323\364\322F"
 125      95F177FA 
 125      047571E0 
 125      4AD5D3F4 
 125      D246
 126 041e A916770F 		.ascii	"\251\026w\017{\266\217\005\326\327vX\256\227H\006?\275"
 126      7BB68F05 
 126      D6D77658 
 126      AE974806 
 126      3FBD
 127 0430 05DD1DCE 		.ascii	"\005\335\035\316\000~zE\267\017z?\376A\357\\t\343\234"
 127      007E7A45 
 127      B70F7A3F 
 127      FE41EF5C 
 127      74E39C
 128 0443 D47F23FB 		.ascii	"\324\177#\373B'\311\275E\230\373\025<\300D7\262D?\204"
 128      4227C9BD 
 128      4598FB15 
 128      3CC04437 
 128      B2443F84 
 129 0457 FE788FD6 		.ascii	"\376x\217\326(uU\276\352\2244p\273\274\275Nv\026\265"
 129      287555BE 
 129      EA943470 
 129      BBBCBD4E 
 129      7616B5
 130 046a 043EC895 		.ascii	"\004>\310\225e\374:\312\032\012\203\373j5\340#\336\033"
 130      65FC3ACA 
 130      1A0A83FB 
 130      6A35E023 
 130      DE1B
 131 047c B048E01E 		.ascii	"\260H\340\036V\211\000\217` N_\226\333R\353E\356rUi"
 131      5689008F 
 131      60204E5F 
 131      96DB52EB 
 131      45EE7255 
 132 0491 B9E5F504 		.ascii	"\271\345\365\004\271\352\260\246\212\336\214\336\234"
 132      B9EAB0A6 
 132      8ADE8CDE 
 132      9C
 133 049e D3202F97 		.ascii	"\323 /\227X@hR\231\232(\023}x\314\030J\033\253\177#"
 133      58406852 
 133      999A2813 
 133      7D78CC18 
 133      4A1BAB7F 
 134 04b3 DB358C20 		.ascii	"\3335\214 k\303\225Vo\205\340\372*\262\255R%hV\011\232"
 134      6BC39556 
 134      6F85E0FA 
 134      2AB2AD52 
 134      25685609 
 135 04c8 5D044F18 		.ascii	"]\004O\030A\347\211\365E\022y\306\031Z\312\367\337\366"
ARM GAS  C:\Users\user\AppData\Local\Temp\cc8VHiUM.s 			page 10


 135      41E789F5 
 135      451279C6 
 135      195ACAF7 
 135      DFF6
 136 04da 57182AB7 		.ascii	"W\030*\267\221\263\231K\235Q\234\240E%hq\021\2642\202"
 136      91B3994B 
 136      9D519CA0 
 136      45256871 
 136      11B43282 
 137 04ee 7D07D2EF 		.ascii	"}\007\322\357\373\222#^\214\240#u\345\227\032\221\327"
 137      FB92235E 
 137      8CA02375 
 137      E5971A91 
 137      D7
 138 04ff 214D1276 		.ascii	"!M\022v\355m8\274\323\373\243\351lg\351|\012J>\3637"
 138      ED6D38BC 
 138      D3FBA3E9 
 138      6C67E97C 
 138      0A4A3EF3 
 139 0514 E4756B14 		.ascii	"\344uk\024\001\367.\015\371}\027\023\200 hS\005\264"
 139      01F72E0D 
 139      F97D1713 
 139      80206853 
 139      05B4
 140 0526 B9043C63 		.ascii	"\271\004<c\002\322\267\256\316!$\237\013X\273\371\365"
 140      02D2B7AE 
 140      CE21249F 
 140      0B58BBF9 
 140      F5
 141 0537 65512178 		.ascii	"eQ!xu\202dt\2539x\2562<w1\274`\014\305\347\263^\372"
 141      75826474 
 141      AB3978AE 
 141      323C7731 
 141      BC600CC5 
 142 054f 918D5AC6 		.ascii	"\221\215Z\306P\366\307\311\262\200A\273\3446\231\376"
 142      50F6C7C9 
 142      B28041BB 
 142      E43699FE 
 143 055f B518BD32 		.ascii	"\265\030\2752\351\262,\357\020\331q{\311\031\334\336"
 143      E9B22CEF 
 143      10D9717B 
 143      C919DCDE 
 144 056f 952FD9BE 		.ascii	"\225/\331\276v\300 \372\327\256\363V\215\277\373\011"
 144      76C020FA 
 144      D7AEF356 
 144      8DBFFB09 
 145 057f A541D513 		.ascii	"\245A\325\023\332\211\031Q\302w\262C\232r:3'\300\035"
 145      DA891951 
 145      C277B243 
 145      9A723A33 
 145      27C01D
 146 0592 DFFE1EBE 		.ascii	"\337\376\036\276K9\321\264\325FM\030op\0304\206y\266"
 146      4B39D1B4 
 146      D5464D18 
 146      6F701834 
 146      8679B6
 147 05a5 389F49D3 		.ascii	"8\237I\323\347\004F\204\205\011\222^\237hNp\014\017"
ARM GAS  C:\Users\user\AppData\Local\Temp\cc8VHiUM.s 			page 11


 147      E7044684 
 147      8509925E 
 147      9F684E70 
 147      0C0F
 148 05b7 D73B7E8A 		.ascii	"\327;~\212\031\243\2639,v]L\2549\332lw$\032\315\026"
 148      19A3B339 
 148      2C765D4C 
 148      AC39DA6C 
 148      77241ACD 
 149 05cc 9DC36289 		.ascii	"\235\303b\211\263\353\346'$\006\262\247@\203->\320\024"
 149      B3EBE627 
 149      2406B2A7 
 149      40832D3E 
 149      D014
 150 05de 1F6D321A 		.ascii	"\037m2\032MF\335\310\220\341\201\341\303\302F\375\034"
 150      4D46DDC8 
 150      90E181E1 
 150      C3C246FD 
 150      1C
 151 05ef A6C3FEA1 		.ascii	"\246\303\376\241\011\226\004\323P\223!\332\2543'\304"
 151      099604D3 
 151      509321DA 
 151      AC3327C4 
 152 05ff C4251A4D 		.ascii	"\304%\032M\272x\003r%\230tz\243i\236!1\316\241w,\264"
 152      BA780372 
 152      2598747A 
 152      A3699E21 
 152      31CEA177 
 153 0615 9AEC21B1 		.ascii	"\232\354!\261\202\217+\350\217\377\177P\373B\273Now"
 153      828F2BE8 
 153      8FFF7F50 
 153      FB42BB4E 
 153      6F77
 154 0627 18310246 		.ascii	"\0301\002F\"\026\243\315\313\232h5\332\274-v\253\311"
 154      2216A3CD 
 154      CB9A6835 
 154      DABC2D76 
 154      ABC9
 155 0639 64B4692D 		.ascii	"d\264i-T\205\315+\336b4\331h6b\247F\214\321\315\234"
 155      5485CD2B 
 155      DE6234D9 
 155      683662A7 
 155      468CD1CD 
 156 064e 3D63962E 		.ascii	"=c\226.\202\212\230\305E0A\026{\330\250\221\241\026"
 156      828A98C5 
 156      45304116 
 156      7BD8A891 
 156      A116
 157 0660 7B68AC21 		.ascii	"{h\254!.\324j\2619\354\241\263fO\033\036\036\032\031"
 157      2ED46AB1 
 157      39ECA1B3 
 157      664F1B1E 
 157      1E1A19
 158 0673 393E7452 		.ascii	"9>tR\324\224\031\277\204\323!\275\025-.\316\210\361"
 158      D49419BF 
 158      84D321BD 
 158      152D2ECE 
ARM GAS  C:\Users\user\AppData\Local\Temp\cc8VHiUM.s 			page 12


 158      88F1
 159 0685 FAD81DF1 		.ascii	"\372\330\035\361\270\260\371V\263Eo79\022\255z\2076"
 159      B8B0F956 
 159      B3456F37 
 159      3912AD7A 
 159      8736
 160 0697 6A3C4DBC 		.ascii	"j<M\2746*\2027\337\363f\034o&\323\3067j\\d\204%a\236"
 160      362A8237 
 160      DFF3661C 
 160      6F26D3C6 
 160      376A5C64 
 161 06af 79BE37D2 		.ascii	"y\2767\322MI0;\206}\232&\273-\206\266!1\202\326\356"
 161      4D49303B 
 161      867D9A26 
 161      BB2D86B6 
 161      213182D6 
 162 06c4 A0F3467D 		.ascii	"\240\363F}\332<%YL\274\235\346\3117\332b\260\031)\303"
 162      DA3C2559 
 162      4CBC9DE6 
 162      C937DA62 
 162      B01929C3 
 163 06d8 E44F6360 		.ascii	"\344Oc`x\232\016\375\3649\021\221\023f\214\034\241\237"
 163      789A0EFD 
 163      F4391191 
 163      13668C1C 
 163      A19F
 164 06ea 386258D8 		.ascii	"8bX\330\314\011|\004)\275\255\277\306S\302\321\237/"
 164      CC097C04 
 164      29BDADBF 
 164      C653C2D1 
 164      9F2F
 165 06fc 09672241 		.ascii	"\011g\"A/W^\365f\244\361\217us&~\376\226\261\373\304"
 165      2F575EF5 
 165      66A4F18F 
 165      7573267E 
 165      FE96B1FB 
 166 0711 110B1684 		.ascii	"\021\013\026\204\306\252\273E\003\270\2123\206m\300"
 166      C6AABB45 
 166      03B88A33 
 166      866DC0
 167 0720 BF6C8736 		.ascii	"\277l\2076\001"
 167      01
 168              		.text
 169              		.section	.gnu.lto_.symtab.7a94381d,"",%progbits
 170 0000 68616C49 		.ascii	"halInit\000"
 170      6E697400 
 171 0008 00       		.ascii	"\000"
 172 0009 00       		.ascii	"\000"
 173 000a 00       		.ascii	"\000"
 174 000b 00000000 		.ascii	"\000\000\000\000\000\000\000\000"
 174      00000000 
 175 0013 E9000000 		.ascii	"\351\000\000\000"
 176 0017 70616C5F 		.ascii	"pal_default_config\000"
 176      64656661 
 176      756C745F 
 176      636F6E66 
 176      696700
ARM GAS  C:\Users\user\AppData\Local\Temp\cc8VHiUM.s 			page 13


 177 002a 00       		.ascii	"\000"
 178 002b 02       		.ascii	"\002"
 179 002c 00       		.ascii	"\000"
 180 002d 00000000 		.ascii	"\000\000\000\000\000\000\000\000"
 180      00000000 
 181 0035 F7000000 		.ascii	"\367\000\000\000"
 182 0039 7374496E 		.ascii	"stInit\000"
 182      697400
 183 0040 00       		.ascii	"\000"
 184 0041 02       		.ascii	"\002"
 185 0042 00       		.ascii	"\000"
 186 0043 00000000 		.ascii	"\000\000\000\000\000\000\000\000"
 186      00000000 
 187 004b EB000000 		.ascii	"\353\000\000\000"
 188 004f 626F6172 		.ascii	"boardInit\000"
 188      64496E69 
 188      7400
 189 0059 00       		.ascii	"\000"
 190 005a 02       		.ascii	"\002"
 191 005b 00       		.ascii	"\000"
 192 005c 00000000 		.ascii	"\000\000\000\000\000\000\000\000"
 192      00000000 
 193 0064 ED000000 		.ascii	"\355\000\000\000"
 194 0068 70776D49 		.ascii	"pwmInit\000"
 194      6E697400 
 195 0070 00       		.ascii	"\000"
 196 0071 02       		.ascii	"\002"
 197 0072 00       		.ascii	"\000"
 198 0073 00000000 		.ascii	"\000\000\000\000\000\000\000\000"
 198      00000000 
 199 007b EF000000 		.ascii	"\357\000\000\000"
 200 007f 5F70616C 		.ascii	"_pal_lld_init\000"
 200      5F6C6C64 
 200      5F696E69 
 200      7400
 201 008d 00       		.ascii	"\000"
 202 008e 02       		.ascii	"\002"
 203 008f 00       		.ascii	"\000"
 204 0090 00000000 		.ascii	"\000\000\000\000\000\000\000\000"
 204      00000000 
 205 0098 F3000000 		.ascii	"\363\000\000\000"
 206 009c 68616C5F 		.ascii	"hal_lld_init\000"
 206      6C6C645F 
 206      696E6974 
 206      00
 207 00a9 00       		.ascii	"\000"
 208 00aa 02       		.ascii	"\002"
 209 00ab 00       		.ascii	"\000"
 210 00ac 00000000 		.ascii	"\000\000\000\000\000\000\000\000"
 210      00000000 
 211 00b4 F5000000 		.ascii	"\365\000\000\000"
 212              		.text
 213              		.section	.gnu.lto_.opts,"",%progbits
 214 0000 272D666D 		.ascii	"'-fmath-errno' '-fsigned-zeros' '-ftrapping-math' '"
 214      6174682D 
 214      6572726E 
 214      6F272027 
ARM GAS  C:\Users\user\AppData\Local\Temp\cc8VHiUM.s 			page 14


 214      2D667369 
 215 0033 2D666E6F 		.ascii	"-fno-trapv' '-fno-openmp' '-fno-openacc' '-mcpu=cor"
 215      2D747261 
 215      70762720 
 215      272D666E 
 215      6F2D6F70 
 216 0066 7465782D 		.ascii	"tex-m4' '-mno-thumb-interwork' '-mthumb' '-ggdb' '-"
 216      6D342720 
 216      272D6D6E 
 216      6F2D7468 
 216      756D622D 
 217 0099 4F322720 		.ascii	"O2' '-fomit-frame-pointer' '-falign-functions=16' '"
 217      272D666F 
 217      6D69742D 
 217      6672616D 
 217      652D706F 
 218 00cc 2D666675 		.ascii	"-ffunction-sections' '-fdata-sections' '-fno-common"
 218      6E637469 
 218      6F6E2D73 
 218      65637469 
 218      6F6E7327 
 219 00ff 2720272D 		.ascii	"' '-flto'\000"
 219      666C746F 
 219      2700
 220              		.text
 221              		.comm	__gnu_lto_v1,1,1
 222              		.comm	__gnu_lto_slim,1,1
 223              		.ident	"GCC: (GNU Tools for ARM Embedded Processors 6-2017-q1-update) 6.3.1 20170215 (release) [AR
ARM GAS  C:\Users\user\AppData\Local\Temp\cc8VHiUM.s 			page 15


DEFINED SYMBOLS
                            *ABS*:00000000 hal.c
                            *COM*:00000001 __gnu_lto_v1
                            *COM*:00000001 __gnu_lto_slim

NO UNDEFINED SYMBOLS
