ARM GAS  C:\Users\user\AppData\Local\Temp\ccLHoUaf.s 			page 1


   1              		.cpu cortex-m4
   2              		.eabi_attribute 20, 1
   3              		.eabi_attribute 21, 1
   4              		.eabi_attribute 23, 3
   5              		.eabi_attribute 24, 1
   6              		.eabi_attribute 25, 1
   7              		.eabi_attribute 26, 1
   8              		.eabi_attribute 30, 2
   9              		.eabi_attribute 34, 1
  10              		.eabi_attribute 18, 4
  11              		.file	"hal_pal_lld.c"
  12              		.text
  13              	.Ltext0:
  14              		.section	.gnu.lto_.profile.7a941d12,"",%progbits
  15 0000 789C6365 		.ascii	"x\234ce`b`c```dX\311\270\234\021\000\004\244\001a"
  15      60626063 
  15      60606064 
  15      58C9B89C 
  15      110004A4 
  16              		.text
  17              		.section	.gnu.lto_.icf.7a941d12,"",%progbits
  18 0000 789C6365 		.ascii	"x\234ce`b\340c@\000&\206\377\377\317L\345a\274\376x"
  18      6062E063 
  18      40002686 
  18      FFFFCF4C 
  18      E561BCFE 
  19 0015 ED435606 		.ascii	"\355CV\006\0005\323\006\321"
  19      0035D306 
  19      D1
  20              		.text
  21              		.section	.gnu.lto_.jmpfuncs.7a941d12,"",%progbits
  22 0000 789C6365 		.ascii	"x\234ce`b\020`@\000&\006FF\306zFf \311^__\317\000\000"
  22      60621060 
  22      40002606 
  22      4646C67A 
  22      466620C9 
  23 001a 0D4C0227 		.ascii	"\015L\002'"
  24              		.text
  25              		.section	.gnu.lto_.inline.7a941d12,"",%progbits
  26 0000 789C45CE 		.ascii	"x\234E\316\261\015B1\014\004\320\363\345\243\3742\025"
  26      B10D4231 
  26      0C04D0F3 
  26      E5A3FC32 
  26      15
  27 0011 A274CB16 		.ascii	"\242t\313\026\031\205\011\230!\022\214\361\013F\240"
  27      19850998 
  27      21128CF1 
  27      0B46A0
  28 0020 445F4262 		.ascii	"D_Bb\002\020\035\005\364l\001\370R\340\342\335U\266"
  28      02101D05 
  28      F46C01F8 
  28      52E0E2DD 
  28      55B6
  29 0032 172066FC 		.ascii	"\027 f\374\207\300\013OX\206\033\222\313*7\262\231\342"
  29      87C00B4F 
  29      58861B92 
  29      CB2A37B2 
ARM GAS  C:\Users\user\AppData\Local\Temp\ccLHoUaf.s 			page 2


  29      99E2
  30 0044 D0E3D203 		.ascii	"\320\343\322\003eg\247O\306\372q$a\357<t\203Qu\014\212"
  30      6567A74F 
  30      C6FA7124 
  30      61EF3C74 
  30      8351750C 
  31 0059 6A095CD5 		.ascii	"j\011\\\325\203\252Z\203f\354!\373\252\306x\313p\305"
  31      83AA5A83 
  31      66EC21FB 
  31      AAC678CB 
  31      70C5
  32 006b 9966FC9D 		.ascii	"\231f\374\235C\332\356o\216\325tO\304r\2329\350\363"
  32      43DAEE6F 
  32      8ED5744F 
  32      C4729A39 
  32      E8F3
  33 007d 2F620320 		.ascii	"/b\003 \352"
  33      EA
  34              		.text
  35              		.section	.gnu.lto_.pureconst.7a941d12,"",%progbits
  36 0000 789C6365 		.ascii	"x\234ce`b`e`\000\222R\214R\000\001\005\000D"
  36      60626065 
  36      60009252 
  36      8C520001 
  36      050044
  37              		.text
  38              		.section	.gnu.lto__pal_lld_init.7a941d12,"",%progbits
  39 0000 789CA59A 		.ascii	"x\234\245\232iPT\331\025\200\337}\027\332\006\232\306"
  39      695054D9 
  39      1580DF7D 
  39      17DA069A 
  39      C6
  40 0011 0577545C 		.ascii	"\005wT\\\020\301\245\225T%)\377N\252RI&\231$N\376\244"
  40      10C1A595 
  40      542529FF 
  40      4EAA5249 
  40      2699244E 
  41 0027 4CA5324E 		.ascii	"L\2452N\305\241\312\012V4\371k\263\210\010* \213\242"
  41      C5A1CA0A 
  41      5634F96B 
  41      B388082A 
  41      208BA2
  42 003a B2CCE082 		.ascii	"\262\314\340\202:\200\212\250\3402\210\212\342\214\270"
  42      3A808AA8 
  42      E032888A 
  42      E28CB8
  43 0049 80A30E33 		.ascii	"\200\243\0163\216\240\200\355\006\212\273\003\344\236"
  43      8EA080ED 
  43      068ABB03 
  43      E49E
  44 0057 F3EEE5BE 		.ascii	"\363\356\345\276\026(\372\335X\305\221\206\307\367\276"
  44      1628FADD 
  44      58C59186 
  44      C7F7BE
  45 0066 7EEFF487 		.ascii	"~\357\364\207\242\376\232\256-\217\320\264\277j\232"
  45      A2FE9AAE 
  45      2D8FD0B4 
ARM GAS  C:\Users\user\AppData\Local\Temp\ccLHoUaf.s 			page 3


  45      BF6A9A
  46 0075 3699BD11 		.ascii	"6\231\275\021\252\021=\243A\323\342\355:!\360\216\333"
  46      AA113DA3 
  46      41D3E2ED 
  46      3A21F08E 
  46      DB
  47 0086 4EB4353A 		.ascii	"N\2645:YC\322\351\026Jj\327\265W\351Q{\334\354W\315"
  47      5943D2E9 
  47      164A6AD7 
  47      B557E951 
  47      7BDCEC57 
  48 009b 962E5BB2 		.ascii	"\226.[\262{\355\204B\252iy\354\015~\221=$\212\035u5"
  48      7BED8442 
  48      AA6979EC 
  48      0D7E913D 
  48      248A1D75 
  49 00b0 E9C00EBA 		.ascii	"\351\300\016\272\211\026RB\374\330\303\247\227\266\335"
  49      89165242 
  49      FCD8C3A7 
  49      97B6DD
  50 00bf 75C2439D 		.ascii	"u\302C\235\204\263\207\236\336\362\016?\372\007\242"
  50      84B3879E 
  50      DEF20E3F 
  50      FA07A2
  51 00ce B1F7F7DE 		.ascii	"\261\367\367\336\336\376\247\310]nw\202\273\346Q6u\317"
  51      DEFEA7C8 
  51      5D6E7782 
  51      BBE65136 
  51      75CF
  52 00e0 2AA494EC 		.ascii	"*\244\224\354#\224\361\310^\022FJH\230\306>\244\221"
  52      2394F1C8 
  52      5E12464A 
  52      4898C63E 
  52      A491
  53 00f2 FD24120E 		.ascii	"\375$\022\016o=\330\233\023l\3633\316G\276$6\302~/\277"
  53      6F3DD89B 
  53      136CF333 
  53      CE47BE24 
  53      36C27E2F 
  54 0107 466ADCBD 		.ascii	"Fj\334\275}\353\030b\027\271\372\333\277\351\354K\374"
  54      7DEB1862 
  54      17B9FADB 
  54      BFE9EC4B 
  54      FC
  55 0118 280C7F18 		.ascii	"(\014\177\0306\030v\002\210\000x7\020F\020\014\007\214"
  55      36187602 
  55      88007837 
  55      1046100C 
  55      078C
  56 012a 60184E18 		.ascii	"`\030N\030!0F\302\030\005c4\21410Ba\214\2051\016\306"
  56      213046C2 
  56      18056334 
  56      8C313042 
  56      618C8531 
  57 0140 78181360 		.ascii	"x\030\023`L\2041\011\306d\030\340\3527\005\306T\030"
  57      4C843109 
  57      C66418E0 
ARM GAS  C:\Users\user\AppData\Local\Temp\ccLHoUaf.s 			page 4


  57      EA3705C6 
  57      5418
  58 0152 D36084C3 		.ascii	"\323`\204\303\230\016c\006\214\2310f\301\210\2001\033"
  58      980E6306 
  58      8C993066 
  58      C1888031 
  58      1B
  59 0163 46248C39 		.ascii	"F$\21490\242`D\303\230\013c\036\214\3710\026\300p\301"
  59      30A26044 
  59      C3980B63 
  59      1E8CF930 
  59      16C070C1 
  60 0177 58086311 		.ascii	"X\010c\021\214\030\030\232\226\312.\005\334\2474\252"
  60      8C18189A 
  60      96CA2E05 
  60      DCA734AA 
  61 0187 C3EFD443 		.ascii	"\303\357\324Cj\253=7\317\004\302\325\311\247:\273h\271"
  61      6AAB3D37 
  61      CF04C2D5 
  61      C9A73ABB 
  61      68B9
  62 0199 6B6B2F8F 		.ascii	"kk/\217\200\313\357\217\227<)\377\\{\200\361\320\335"
  62      80CBEF8F 
  62      973C29FF 
  62      5C7B80F1 
  62      D0DD
  63 01ab 95E2861B 		.ascii	"\225\342\206\033\364\360\307wU\376\205$?\236\335\326"
  63      F4F0C777 
  63      55FE8524 
  63      3F9EDDD6 
  64 01bb F0426A23 		.ascii	"\360Bj#e\354\332\227\262k\017\307?\313\275r\307\341"
  64      65ECDA97 
  64      B26B0FC7 
  64      3FCBBD72 
  64      C7E1
  65 01cd 2A752791 		.ascii	"*u'\221B:\202\224\223B\262\025\35769@\\\232\207$\276"
  65      423A8294 
  65      9342B215 
  65      EF363940 
  65      5C9A8724 
  66 01e2 4E26C6B9 		.ascii	"N&\306\271\250q\272\254\235eU\301\300\367#\323\310A"
  66      A871BAAC 
  66      9D6555C1 
  66      C0F723D3 
  66      C841
  67 01f4 066146B9 		.ascii	"\006aF\271\001p\210\2653\035\222g\252 .\206\007P\365"
  67      017088B5 
  67      331D9267 
  67      AA202E86 
  67      0750F5
  68 0207 DE5BD438 		.ascii	"\336[\3248\233\2775\332a\244\301\272\220\312\367\274"
  68      9BBF35DA 
  68      61A4C1BA 
  68      90CAF7BC 
  69 0217 01F6FF88 		.ascii	"\001\366\377\210\036\221\350\243 j\323\332HBQq:\345"
  69      1E91E8A3 
  69      206AD3DA 
ARM GAS  C:\Users\user\AppData\Local\Temp\ccLHoUaf.s 			page 5


  69      48425171 
  69      3AE5
  70 0229 A81B5F9C 		.ascii	"\250\033_\234\312rF\227\340k\246\256Z\317+\262\027R"
  70      CA724697 
  70      E06BA6AE 
  70      5ACF2BB2 
  70      1752
  71 023b BBC65F30 		.ascii	"\273\306_0\307H\264\371\026Q\274E\257\316_Lq\360\223"
  71      C748B4F9 
  71      1651BC45 
  71      AFCE5F4C 
  71      71F093
  72 024e 33D06276 		.ascii	"3\320bv\247\003\362\251\235T\361\363\027l=\326\355d"
  72      A703F2A9 
  72      9D54F1F3 
  72      176C3DD6 
  72      ED64
  73 0260 E7CF40B7 		.ascii	"\347\317@\267@R\215\006\272\206\237\254<qv\361\232\036"
  73      40528D06 
  73      BA869FAC 
  73      3C7176F1 
  73      9A1E
  74 0272 F85C9193 		.ascii	"\370\\\221\223\235\210\034'.\020\321\310\011\262\006"
  74      9D881C27 
  74      2E10D1C8 
  74      09B206
  75 0281 CCC2B956 		.ascii	"\314\302\271VZ[I\274N\377\202'\354\274z:\221D\024\343"
  75      5A5B49BC 
  75      4EFF8227 
  75      ECBC7A3A 
  75      914414E3 
  76 0295 EBB06EBB 		.ascii	"\353\260n\273#\317]\223\304\300A\344\244\367K\021\215"
  76      23CF5D93 
  76      C4C041E4 
  76      A4F74B11 
  76      8D
  77 02a6 4F9108F6 		.ascii	"O\221\010\366\025\317\233[\033\010\030\007\021\267\233"
  77      15CF9B5B 
  77      1B081807 
  77      11B79B
  78 02b5 6D11F98A 		.ascii	"m\021\371\212}\336\373y\347\364\256\335\0238\000j\177"
  78      7DDEFB79 
  78      E7F4AEDD 
  78      1338006A 
  78      7F
  79 02c6 FFF58DD0 		.ascii	"\377\365\215\320\032\022\001\227\202\335\202\204jO\337"
  79      1A120197 
  79      82DD8284 
  79      6A4FDF
  80 02d5 EAFE977A 		.ascii	"\352\376\227z\222q\325\012lx\004;5\276\352\363\214\313"
  80      9271D50A 
  80      6C78043B 
  80      35BEEAF3 
  80      8CCB
  81 02e7 246A404E 		.ascii	"$j@N\263\247\247\221Z\270\231\363\314W\323\356u5\331"
  81      B3A7A791 
  81      5AB899F3 
ARM GAS  C:\Users\user\AppData\Local\Temp\ccLHoUaf.s 			page 6


  81      CC57D3EE 
  81      7535D9
  82 02fa CD72C055 		.ascii	"\315r\300U<3\360*\026\3655\262\303\203\311Y\274\220"
  82      3C33F02A 
  82      16F535B2 
  82      C383C959 
  82      BC90
  83 030c D4209273 		.ascii	"\324 \222s\270(\265\271\365\321\3006\203\203\020\034"
  83      B828B5B9 
  83      F5D1C036 
  83      8383101C 
  84 031c 5F792F33 		.ascii	"_y/3\320\000;\341\371\223:N\356y\335\222\031\002\373"
  84      D0003BE1 
  84      F9933A4E 
  84      EE79DD92 
  84      1902FB
  85 032f 11EF2EFA 		.ascii	"\021\357.\372\004V\344<r\271)\271\000[2\317x\256)g\234"
  85      0456E43C 
  85      72B929B9 
  85      005B32CF 
  85      78AE2967 
  86 0344 86F87CDF 		.ascii	"\206\370|\337L\303A\263\036q\376\034w\361}M\337\275"
  86      4CC341B3 
  86      1E71FE1C 
  86      77F17D4D 
  86      DFBD
  87 0356 BE46908D 		.ascii	"\276F\220\215\203\276\001\257\371\206\327z\341\265\300"
  87      83BE01AF 
  87      F986D77A 
  87      E1B5C0
  88 0365 82D725C4 		.ascii	"\202\327%\304\215\340\270\006u\257\313\010\262s\320"
  88      8DE0B806 
  88      75AFCB08 
  88      B273D0
  89 0374 15F05A60 		.ascii	"\025\360Z`x\245\012/\227\005\257\253\210\013\340\270"
  89      78A50A2F 
  89      9705AFAB 
  89      880BE0B8 
  90 0384 6BEA5E8D 		.ascii	"k\352^\215\010\012\344\240&\360r\031^i\302k\241\005"
  90      080AE4A0 
  90      26F07219 
  90      5E69C26B 
  90      A105
  91 0396 AFEB880B 		.ascii	"\257\353\210\013\342\270o\325\275n \310\301A7\301k\241"
  91      E2B86FD5 
  91      BD6E20C8 
  91      C14137C1 
  91      6BA1
  92 03a8 E1B54178 		.ascii	"\341\265Ax-\262\340u\013q\301\034\367\235\272W3\202"
  92      2DB2E075 
  92      0B71C11C 
  92      F79DBA57 
  92      3382
  93 03ba 9C1CF43D 		.ascii	"\234\034\364=x-2\2746\012\257\030\013^? .\204\343n\253"
  93      782D32BC 
  93      360AAF18 
  93      0B5E3F20 
ARM GAS  C:\Users\user\AppData\Local\Temp\ccLHoUaf.s 			page 7


  93      2E84E36E 
  94 03cf 7BFD88A0 		.ascii	"{\375\210\240\221\034t\007\274b\314\365\302\322\364"
  94      911C7407 
  94      BC62CCF5 
  94      C2D2F4
  95 03de C712DA83 		.ascii	"\307\022\332\203\217\212JC|iz\0136\335+\342\345\303"
  95      8F8A4A43 
  95      7C697A0B 
  95      36DD2BE2 
  95      E5C3
  96 03f0 47BC159D 		.ascii	"G\274\025\235F\015\036\361\273\"\342\367\274#n%\334"
  96      460D1EF1 
  96      BB22E2F7 
  96      BC236E25 
  96      DC
  97 0401 6D18EE6D 		.ascii	"m\030\356m\265\357\316\004\360p\247@\270\333y\270\313"
  97      B5EFCE04 
  97      F070A740 
  97      B8DB79B8 
  97      CB
  98 0412 95C2DDC1 		.ascii	"\225\302\335\301\262\3342d\270o\263p\303\021mC\204\373"
  98      B2DC3264 
  98      B86FB370 
  98      C3116D43 
  98      84FB
  99 0424 3E86DB03 		.ascii	">\206\333\003{\000nm\365Y\311\016#\334a\354aW\346\351"
  99      7B006E6D 
  99      F559C90E 
  99      23DC61EC 
  99      6157E6E9 
 100 0438 6E625A8B 		.ascii	"nbZ\213\007\374\312]L\337\231\347\360\016\367C\021n"
 100      07FCCA5D 
 100      4CDF99E7 
 100      F00EF743 
 100      116E
 101 044a 20924772 		.ascii	" \222Gr3<\370\214\022\256\347w\006\213\315h7mF\373\331"
 101      333CF88C 
 101      12AEE777 
 101      068BCD68 
 101      376D46FB 
 102 045f 75057EE6 		.ascii	"u\005~\346\315x,J\215\240'\260\031\021\262\324h:\333"
 102      CD782C4A 
 102      8DA027B0 
 102      1911B2D4 
 102      683ADB
 103 0472 3735DCD8 		.ascii	"75\334\330NQj\304u\251{=\025\245F\3203\360\232-K\215"
 103      4E516AC4 
 103      75A97B3D 
 103      15A546D0 
 103      33F09A2D 
 104 0488 5E9116BC 		.ascii	"^\221\026\274\272E\251\021\367\\\335\353\205(5\202^"
 104      BA45A911 
 104      F75CDDEB 
 104      85283582 
 104      5E
 105 0499 8257A42C 		.ascii	"\202W\244,5z\315\261\340\365J\224\032q\257\325\275\336"
 105      357ACDB1 
ARM GAS  C:\Users\user\AppData\Local\Temp\ccLHoUaf.s 			page 8


 105      E0F54A94 
 105      1A71AFD5 
 105      BDDE
 106 04ab 885223E8 		.ascii	"\210R#\350-x\315\221\245F\257(\013^\357D\251\021\367"
 106      2D78CD91 
 106      A546AF28 
 106      0B5EEF44 
 106      A911F7
 107 04be 93BA578F 		.ascii	"\223\272W\217(5\202z\301+J\226\032\275\242-x\365\211"
 107      2835827A 
 107      C12B4A96 
 107      1ABDA22D 
 107      78F589
 108 04d1 5223CEAD 		.ascii	"R#\316\255+{\305\353\274\324\010J\320\231W\264,5z\315"
 108      2B7BC5EB 
 108      BCD4084A 
 108      D09957B4 
 108      2C357ACD 
 109 04e5 B5E095A8 		.ascii	"\265\340\225\250\363R#.I\335k\255\316K\215\240d\360"
 109      F352232E 
 109      49DD6BAD 
 109      CE4B8DA0 
 109      64F0
 110 04f7 9A6BCE15 		.ascii	"\232k\316\025\246E\226\272C\224\272\312\247R\257\323"
 110      A64596BA 
 110      4394BACA 
 110      A752AFD3 
 111 0507 0794FAF8 		.ascii	"\007\224\372\370\360\245NA\247\321\203\227z\275\316"
 111      F0A54E41 
 111      A7D18397 
 111      7ABDCE
 112 0516 4B9DAA2B 		.ascii	"K\235\252+\227:M\207\032f\327\3465\005\363Rg@\2517\350"
 112      973A4D87 
 112      1A66D7E6 
 112      3505F352 
 112      6740A937 
 113 052b 46A98F2B 		.ascii	"F\251\217+\225z\243\036\001\317w\210R\277d\245\206#"
 113      957AA31E 
 113      01CF7788 
 113      52BF64A5 
 113      8623
 114 053d D8A9072D 		.ascii	"\330\251\007-\365&\035J\235\256\263=\230\012\245\276"
 114      F5261D4A 
 114      9DAEB33D 
 114      980AA5BE 
 115 054d 76E4BCD3 		.ascii	"v\344\274\323(\365/\341;\257\273y\227\371\033x\206n"
 115      28F52FE1 
 115      3BAFBB79 
 115      97F91B78 
 115      866E
 116 055f 5CB9F517 		.ascii	"\\\271\365\027\012\236\004y\227:S\347\245\006\"\331"
 116      0A9E0479 
 116      973A53E7 
 116      A50622D9 
 117 056f 2C3783B1 		.ascii	",7\203\261\341v\265\027\313\357\341\354\011\367o\306"
 117      E176B517 
 117      CBEFE1EC 
ARM GAS  C:\Users\user\AppData\Local\Temp\ccLHoUaf.s 			page 9


 117      09F76FC6 
 118 057f BEE71B2A 		.ascii	"\276\347\033*\002\314\233\221\245\363R#(\0336c\252,"
 118      02CC9B91 
 118      A5F35223 
 118      281B3663 
 118      AA2C
 119 0591 359A4EF3 		.ascii	"5\232N\363M\01576G\347\245F\\\256\272\327\026\235\227"
 119      4D0D3736 
 119      47E7A546 
 119      5CAEBAD7 
 119      169D97
 120 05a4 1A415BC1 		.ascii	"\032A[\301k\232,5z\205[\360\312\323y\251\021\267M\335"
 120      6B9A2C35 
 120      7A855BF0 
 120      CAD379A9 
 120      11B74DDD 
 121 05b8 6BBBCE4B 		.ascii	"k\273\316K\215\240\035\340\025.K\215^\323-x\345\353"
 121      8DA01DE0 
 121      152E4B8D 
 121      5ED32D78 
 121      E5EB
 122 05ca BCD4882B 		.ascii	"\274\324\210+P\367*\324y\251\021T\004^\323e\251\321"
 122      50F72AD4 
 122      79A91154 
 122      045ED365 
 122      A9D1
 123 05dc 6B8605AF 		.ascii	"k\206\005\257\317u^j\304}\241\356U\254\363R#h'x\315"
 123      CF755E6A 
 123      C47DA1EE 
 123      55ACF352 
 123      23682778 
 124 05f1 90A546AF 		.ascii	"\220\245F\257\231\026\274v\351\274\324\210\333\255\356"
 124      9916BC76 
 124      E9BCD488 
 124      DBADEE
 125 0600 B547941A 		.ascii	"\265G\224\032A%\3405S\226\032\275fY\360\332+J\215\270"
 125      4125E035 
 125      53961ABD 
 125      6659F0DA 
 125      2B4A8DB8 
 126 0614 7DEA5EFB 		.ascii	"}\352^\373E\251\021\364%x\3152\347\012\323\"K\275\221"
 126      45A911F4 
 126      2578CD32 
 126      E70AD322 
 126      4BBD91
 127 0627 3F2A6AF3 		.ascii	"?*j\363\251\324\245\003K\3351|\251\313\320i\314\340"
 127      A9D4A503 
 127      4BDD317C 
 127      A9CBD069 
 127      CCE0
 128 0639 A52E17A5 		.ascii	"\245.\027\245>\240^\352\203X\352\224\375\331\305\224"
 128      3EA05EEA 
 128      8358EA94 
 128      FDD9C594 
 129 0649 977A2B94 		.ascii	"\227z+\224\372\020/u\207R\251+X\207K\207,uC\241\015"
 129      FA102F75 
 129      8752A92B 
ARM GAS  C:\Users\user\AppData\Local\Temp\ccLHoUaf.s 			page 10


 129      58874B87 
 129      2C7543A1 
 130 065e 8F383844 		.ascii	"\21788D\251\017c\251+a\017\306\263\217\277\255(\363"
 130      A90F63A9 
 130      2B610FC6 
 130      B38FBFAD 
 130      28F3
 131 0670 F03F5337 		.ascii	"\360?S7\301q\215/*<\376\246\2758\302\367\342A\347\241"
 131      C1718D2F 
 131      2A3CFEA6 
 131      BD38C2F7 
 131      E241E7A1 
 132 0684 BA40EF54 		.ascii	"\272@\357T\037\025\251\006$9&W\243\022Wc{Zo\233M\254"
 132      1F15A906 
 132      24392657 
 132      A3125763 
 132      7B5A6F9B 
 133 069a C621D36A 		.ascii	"\306!\323j\\\357>\225n3\257F\225H5\202\252a5\306\313"
 133      5CEF3E95 
 133      6E33AF46 
 133      95483582 
 133      AA6135C6 
 134 06af 54A3EA04 		.ascii	"T\243\352\004\337\324pe\217\213T#\356\204\272\327I\221"
 134      DFD47065 
 134      8F8B5423 
 134      EE84BAD7 
 134      4991
 135 06c1 6A049D02 		.ascii	"j\004\235\002\257\0112\325\3505\321\202\327W\"\325\210"
 135      AF0932D5 
 135      E835D182 
 135      D75722D5 
 135      88
 136 06d2 AB51F73A 		.ascii	"\253Q\367:-R\215\240Z\360\232(S\215^\223,x\235\021\251"
 136      2D528DA0 
 136      5AF09A28 
 136      538D5E93 
 136      2C789D11 
 137 06e7 46DC5975 		.ascii	"F\334Yu\257s\"\325\010\252\003\257I2\325\3505\331\202"
 137      AF7322D5 
 137      08AA03AF 
 137      4932D5E8 
 137      35D982
 138 06fa D779916A 		.ascii	"\327y\221j\304]P\367\252\027\251F\320E\360\232,S\215"
 138      C45D50F7 
 138      AA17A946 
 138      D045F09A 
 138      2C538D
 139 070d 5E6116BC 		.ascii	"^a\026\274\276\026\251F\3347\352^\227D\252\021\324\000"
 139      BE16A946 
 139      DC37EA5E 
 139      9744AA11 
 139      D400
 140 071f 5E6132D5 		.ascii	"^a2\325\3505\305\202\327e\221j\304]Q\367\272*R\215\240"
 140      E835C582 
 140      D765916A 
 140      C45D51F7 
 140      BA2A528D 
ARM GAS  C:\Users\user\AppData\Local\Temp\ccLHoUaf.s 			page 11


 141 0734 6BE035C5 		.ascii	"k\3405\305\334+l\213Lu\205H\365S\237R\33580\325\335"
 141      DC2B6C8B 
 141      4C758548 
 141      F5539F52 
 141      DD3830D5 
 142 0749 C3A7BA09 		.ascii	"\303\247\272\011\235B\007O\365u\221\352o\325S}\003S"
 142      9D42074F 
 142      F57591EA 
 142      6FD5537D 
 142      0353
 143 075b DD5C7EE9 		.ascii	"\335\\~\351\241\235\247\272\010R}\223\247\272[)\325"
 143      A19DA7BA 
 143      08527D93 
 143      A7BA5B29 
 143      D5
 144 076c B758881B 		.ascii	"\267X\210\033\207Lu;K5\034qc\210T\177\207\251n\206="
 144      874C753B 
 144      4B351C71 
 144      6388547F 
 144      87A96E86 
 145 0781 18C93EDE 		.ascii	"\030\311>\336\022\177\371~\220\221\352.\274\012\007"
 145      127FF97E 
 145      9091EA2E 
 145      BC0A07
 146 0790 7736DA4D 		.ascii	"w6\332M{\361\275\330\013O\331=\233w\252\177\020\251"
 146      7BF1BDD8 
 146      0B4FD93D 
 146      9B77AA7F 
 146      10A9
 147 07a2 0624B92D 		.ascii	"\006$\271-W\243\031W\243\365Bj\377_\267n\2326\343\364"
 147      57A31957 
 147      A3F5426A 
 147      FF5FB76E 
 147      9A36E3F4 
 148 07b6 A6FBBB83 		.ascii	"\246\373\273\203\275~0&J\215\234;\260\031#e\251\321"
 148      BD7E3026 
 148      4A8D9C3B 
 148      B0192365 
 148      A9D1
 149 07c8 74946F66 		.ascii	"t\224of\270\261-\242"
 149      B8B12DA2 
 150 07d0 D4886B55 		.ascii	"\324\210kU\326\272+B\215\234{\2405J\206\032\265F[\320"
 150      D6BA2B42 
 150      8D9C7BA0 
 150      354A861A 
 150      B5465BD0 
 151 07e4 6A13A146 		.ascii	"j\023\241F\\\273\262V\207\3504r\356\203\326h\331i\324"
 151      5CBBB256 
 151      87E83472 
 151      EE83D668 
 151      D969D4
 152 07f7 1A6341CB 		.ascii	"\032cA\313#:\215\270\007\312Z\017E\246\221\363\010\264"
 152      233A8DB8 
 152      07CA5A0F 
 152      45A691F3 
 152      08B4
 153 0809 C6C84CA3 		.ascii	"\306\310L\243V\250\005\255\307\"\323\210{\242\254\325"
ARM GAS  C:\Users\user\AppData\Local\Temp\ccLHoUaf.s 			page 12


 153      56A805AD 
 153      C722D388 
 153      7BA2ACD5 
 154 0819 292A8D9C 		.ascii	")*\215\234.\320\012\225\225F\255\261\026\264\236\212"
 154      2ED00A95 
 154      9546ADB1 
 154      16B49E8A 
 155 0829 4A23EE99 		.ascii	"J#\356\231\262V\267\2104r\236\203\326X\031i\324\032"
 155      B256B788 
 155      34729E83 
 155      D6581969 
 155      D41A
 156 083b 6741EB85 		.ascii	"gA\353\205\2104\342^*k\275\022\215F\316k\320\032g\016"
 156      8834E25E 
 156      2A6BBD12 
 156      8D46CE6B 
 156      D01A670E 
 157 084f 15464536 		.ascii	"\025FE6\372\226hte\250/\215~3\260\321G\263\207m\364"
 157      FA966874 
 157      65A82F8D 
 157      7E33B0D1 
 157      47B3876D 
 158 0864 5B741A3B 		.ascii	"[t\032;x\243\337\211F\377\244\336\350\036l\364\271\303"
 158      78A3DF89 
 158      46FFA4DE 
 158      E81E6CF4 
 158      B9C3
 159 0876 FB9BFC79 		.ascii	"\373\233\374y\243\217A\243{y\243\217f\2534\272\217\025"
 159      A38F41A3 
 159      7B79A38F 
 159      66AB34BA 
 159      8F15
 160 0888 F8CD908D 		.ascii	"\370\315\220\215~Rb\303#z\206h\264\233B\243\343\341"
 160      7E5262C3 
 160      237A8668 
 160      B49B42A3 
 160      E3E1
 161 089a 5F8903D8 		.ascii	"_\211\003\330\307\313^\355\256'F\2437\020xv'\353\334"
 161      C7CB5EED 
 161      AE2746A3 
 161      37107876 
 161      27EBDC
 162 08ad 21A6B548 		.ascii	"!\246\265H\240\306\245\363\024o.}\357'\037\211\2247"
 162      A0C6A5F3 
 162      146F2E7D 
 162      EF271F89 
 162      9437
 163 08bf 1A902489 		.ascii	"\032\220$\211\366o\006\203\263\257x\364\356\244\247"
 163      F66F0683 
 163      B3AF78F4 
 163      EEA4A7
 164 08ce FFDB77AF 		.ascii	"\377\333w\257i5\022\313\232:\274\177&Fy\244\021\224"
 164      693512CB 
 164      9A3ABC7F 
 164      264679A4 
 164      1194
 165 08e0 4CD96A04 		.ascii	"L\331j\004\310H\243j\240oj\270\261\353(\2174\342R\324"
ARM GAS  C:\Users\user\AppData\Local\Temp\ccLHoUaf.s 			page 13


 165      C848A36A 
 165      A06F6AB8 
 165      B1EB288F 
 165      34E252D4 
 166 08f4 BDD6535E 		.ascii	"\275\326S^i\004\245\202W\240\2544z\005Y\360J\243\274"
 166      6904A582 
 166      57A0AC34 
 166      7A0559F0 
 166      4AA3BC
 167 0907 D288DBA0 		.ascii	"\322\210\333\240\356\265\221\362L#h\023x\005\311L\243"
 167      EEB591F2 
 167      4C236813 
 167      7805C94C 
 167      A3
 168 0918 97C38257 		.ascii	"\227\303\202W:\345\231F\\\206\272W&\345\235F\320f\360"
 168      3AE59946 
 168      5C86BA57 
 168      26E59D46 
 168      D066F0
 169 092b 72C84EA3 		.ascii	"r\310N\243W\260\005\257,\312;\215\270lu\257\034\312"
 169      57B005AF 
 169      2CCA3B8D 
 169      B86C75AF 
 169      1CCA
 170 093d 438DA05C 		.ascii	"C\215\240\\\360\012\226\241F/\247\005\257-\224\207\032"
 170      F00A96A1 
 170      462FA705 
 170      AF2D9487 
 170      1A
 171 094e 715BD5BD 		.ascii	"q[\325\275\362(/5\202\266\201\227S\226\032\275B,xm\247"
 171      F2282F35 
 171      82B68197 
 171      53961ABD 
 171      422C786D 
 172 0963 BCD488DB 		.ascii	"\274\324\210\333\241\356\225Oy\252\021T\000^!\346^a"
 172      A1EE954F 
 172      79AA1154 
 172      005E21E6 
 172      5E61
 173 0975 5B64AAFB 		.ascii	"[d\252\373\340\321c\370\307\306\034\374\037(X\251T\226"
 173      E0D163F8 
 173      C7C61CFC 
 173      1F2858A9 
 173      5496
 174 0987 9D8C064D 		.ascii	"\235\214\006M\327\264\337}\260x\351\237?\376h\311\322"
 174      D7B4DF7D 
 174      B078E99F 
 174      3FFE68C9 
 174      D2
 175 0998 0F3E8BFD 		.ascii	"\017>\213\375$v\311\352\377|\032\033\267t\031\274\037"
 175      2476C9EA 
 175      FF7C1A1B 
 175      B77419BC 
 175      1F
 176 09a9 B76AD12F 		.ascii	"\267j\321/~\356\212[\345\372\354\037+\\+\343\376\275"
 176      7EEE8A5B 
 176      E5FAEC1F 
ARM GAS  C:\Users\user\AppData\Local\Temp\ccLHoUaf.s 			page 14


 176      2B5C2BE3 
 176      FEBD
 177 09bb 7A956BC9 		.ascii	"z\225k\311\307\277\377Y\214\353\303\017\177\345\372"
 177      C7BFFF59 
 177      8CEBC30F 
 177      7FE5FA
 178 09ca F51F7FF3 		.ascii	"\365\037\177\363\321\177c\340S\177_\311\336V\254\370"
 178      D17F63E0 
 178      537F5FC9 
 178      DE56ACF8 
 179 09da 74C132CD 		.ascii	"t\3012\315\266,\356_\377\214]\356\277|el\334\312\377"
 179      B62CEE5F 
 179      FF8C5DEE 
 179      BF7C656C 
 179      DCCAFF
 180 09ed 012E8CDA 		.ascii	"\001.\214\332E"
 180      45
 181              		.text
 182              		.section	.gnu.lto__pal_lld_setgroupmode.7a941d12,"",%progbits
 183 0000 789CA557 		.ascii	"x\234\245W{P\224\327\025\277\347\273\337>Xv\301Gj\214"
 183      7B5094D7 
 183      15BFE7BB 
 183      DF3E5876 
 183      C1476A8C 
 184 0014 1243122D 		.ascii	"\022C\022-\321 \253\230(c\034u\242\216\217\240h\314"
 184      D120AB98 
 184      28631C75 
 184      A28E8FA0 
 184      68CC
 185 0026 1FF9C34E 		.ascii	"\037\371\303Nk\242\035\235B`\200d\332i\246]EW\304G\254"
 185      6BA21D9D 
 185      42608064 
 185      DA69A65D 
 185      4557C447 
 186 003b CFCA8481 		.ascii	"\317\312\204\20161F#>\002&`\265EP\021\0230D\323\004"
 186      36314623 
 186      3E022660 
 186      B5455011 
 186      133044D3 
 187 0050 88894F70 		.ascii	"\210\211Op5T\005\255Hx\364\234s\277e\037n\307a`\346"
 187      355405AD 
 187      4878F49C 
 187      73BF651F 
 187      6EC76160 
 188 0065 3BDCEFDC 		.ascii	";\334\357\334\337\357\334\363\273\367\334\373\3355\011"
 188      DFEFDCF3 
 188      BBF7DCFB 
 188      DD3509
 189 0074 4DBC3540 		.ascii	"M\2745@\210\315B\210\303\370@\244\000mS\215\020+\254"
 189      88CD4288 
 189      C3F840A4 
 189      006D538D 
 189      102BAC
 190 0087 1A48D590 		.ascii	"\032H\325\220\232\236\035#\\6;Y\273\256\231n\377\002"
 190      9A9E1D23 
 190      5C363B59 
 190      BBAE996E 
ARM GAS  C:\Users\user\AppData\Local\Temp\ccLHoUaf.s 			page 15


 190      FF02
 191 0099 DFC20A12 		.ascii	"\337\302\012\022\360\315\244\231\271\317\302}f\260*"
 191      F0CDA499 
 191      B9CFC27D 
 191      66B02A
 192 00a8 8AC5DBB0 		.ascii	"\212\305\333\260\202]5\3024\033\003\303\031h\363\272"
 192      825D35C2 
 192      341B03C3 
 192      1968F3BA 
 193 00b8 C3BD0DBB 		.ascii	"\303\275\015\273\026\261\312\202\375\216\365\225\002"
 193      16B1CA82 
 193      FD8EF595 
 193      02
 194 00c5 010E35F8 		.ascii	"\001\0165\370qk\004\0005\\V\020\177\326\244n2[\254a"
 194      716B0400 
 194      355C5610 
 194      7FD6A46E 
 194      325BAC61 
 195 00d9 B670BB23 		.ascii	"\266p\273#\002\360U\250\277\367\344\016\011\345k\032"
 195      02F055A8 
 195      BFF7E40E 
 195      09E56B1A 
 196 00e9 4BB591BB 		.ascii	"K\265\221\273]\370W\266\243\313\346v\255\036\234\217"
 196      5DF857B6 
 196      A3CBE676 
 196      AD1E9C8F 
 197 00f9 809D0608 		.ascii	"\200\235\006\010v\303HD\325\256:\370\276\334(\363%\200"
 197      76C34844 
 197      D5AE3AF8 
 197      BEDC28F3 
 197      2580
 198 010b 8EAF77AA 		.ascii	"\216\257w\252s\257D\320\253\006\321\370ZQ\323]b\223"
 198      73AF44D0 
 198      AB06D1F8 
 198      5A51D35D 
 198      6293
 199 011d F340607B 		.ascii	"\363@`{\345\337w\236p\304\354r\271V\272\312:\266J\327"
 199      E5DF779E 
 199      70C4EC72 
 199      B956BACA 
 199      3AB64AD7 
 200 0131 F07C2961 		.ascii	"\360|)a/H\014\010{ \012>\206(\201.\001\237@\014\302"
 200      2F480C08 
 200      7B200A3E 
 200      8628812E 
 200      019F400C 
 201 0146 BB3F3AB8 		.ascii	"\273?:\270\326*\0272\365\301\266\323y`PO\355\033\260"
 201      D62A1732 
 201      F5C1B6D3 
 201      7960504F 
 201      ED1BB0
 202 0159 2DCB352B 		.ascii	"-\3135+_\352\260/\230\254\013(drk\321\256-\341\362u"
 202      5FEAB02F 
 202      98AC0B28 
 202      64726BD1 
 202      AE2DE1F2 
 203 016e 267FB1F1 		.ascii	"&\177\261\361\330\353\006\267f\337\220\255\3145\301"
ARM GAS  C:\Users\user\AppData\Local\Temp\ccLHoUaf.s 			page 16


 203      D8EB06B7 
 203      66DF90AD 
 203      CC35C1
 204 017d FE60AE49 		.ascii	"\376`\256I\300\001\210!\302\372\025{.J\371+&_;w\345"
 204      C0018821 
 204      C2FA157B 
 204      2E4AF92B 
 204      265F3B77 
 205 0192 3A8CF840 		.ascii	":\214\370@\215\\8\370/Y\256\323.=_\232\341` \237\376"
 205      8D5C38F8 
 205      2F59AED3 
 205      2E3D5F9A 
 205      E160209F 
 206 01a7 10BEA7FB 		.ascii	"\020\276\247\373\354f\253\\\314\324\237\277\352p[\015"
 206      EC66AB5C 
 206      CCD49FBF 
 206      EA705B0D 
 207 01b7 6A7BEC4E 		.ascii	"j{\354NW\331\252h\"~\032\222xk\313\311jM\376\226\211"
 207      57D9AA68 
 207      227E1A92 
 207      786BCBC9 
 207      6A4DFE96 
 208 01cc 1BF3AB2F 		.ascii	"\033\363\253/E\030\304\026\037\2618$\261\361\273\254"
 208      4518C416 
 208      1FB13824 
 208      B1F1BBAC 
 209 01dc 9D6699CC 		.ascii	"\235f\231\314\304\033\033\213\317\331\014\342\015\037"
 209      C41B1B8B 
 209      CFD90CE2 
 209      0D1F
 210 01ea F1B390C4 		.ascii	"\361\263\220\304M\235u.\263\314dbmk\321^\335 ^\366\021"
 210      4D9D752E 
 210      B3CC6462 
 210      6D6BD15E 
 210      DD205EF6 
 211 01ff 4B421237 		.ascii	"KB\0227\334j\373\233.\377\310\304\312\357k\257{S\255"
 211      DC6AFB9B 
 211      2EFFC8C4 
 211      CAEF6BAF 
 211      7B53AD
 212 0212 F7118F84 		.ascii	"\367\021\217\204$^>\324\265\315a\326\341\0370\002J\361"
 212      245E3ED4 
 212      B5CD61D6 
 212      E11F3002 
 212      4AF1
 213 0224 F91C9FC3 		.ascii	"\371\034\237\303\370\024\341s\010F\250\312\202\243`"
 213      F814E173 
 213      0846A8CA 
 213      82A360
 214 0233 06216CFF 		.ascii	"\006!l\377\017\205q:=\207>\261\311\025\300\031|t\264"
 214      0F85713A 
 214      3D873EB1 
 214      C915C019 
 214      7C74B4
 215 0246 73833783 		.ascii	"s\2037\203\037\012\373m\356Y\240c\017\347\000\377d\376"
 215      1F0AFB6D 
 215      EE59A063 
ARM GAS  C:\Users\user\AppData\Local\Temp\ccLHoUaf.s 			page 17


 215      0FE700FF 
 215      64FE
 216 0258 364FE321 		.ascii	"6O\343!]\346(~K\327\251\037\275\013|~\213t}\350\322"
 216      5DE6287E 
 216      4BD7A91F 
 216      BD0B7C7E 
 216      8B747DE8 
 217 026d 88FDAF10 		.ascii	"\210\375\257\020\3542fo\270\371\336:\220\033\024\273"
 217      EC32666F 
 217      B8F9DE3A 
 217      901B14BB 
 218 027d C97D33CB 		.ascii	"\311}3\313n\260\357\372\330\307C\260\313\231\275\376"
 218      6EB0EFFA 
 218      D8C743B0 
 218      CB99BDFE 
 219 028d 52C1EE30 		.ascii	"R\301\3560\271I\261sJ\256\376\322;\364\326\036rE\010"
 219      B949B173 
 219      4AAEFED2 
 219      3BF4D61E 
 219      724508
 220 02a0 F2091871 		.ascii	"\362\011\030q\340k(suu\257\301*\216m(>?\360U\340b\327"
 220      E06B2873 
 220      7575AFC1 
 220      2A8E6D28 
 220      3E3FF055 
 221 02b7 04CD14E2 		.ascii	"\004\315\024\342q\256\260\374q\266\260\220q\276\314"
 221      71AEB0FC 
 221      71B6B090 
 221      71BECC
 222 02c6 8266CB06 		.ascii	"\202f\313\006T\324\341\214\261c\221[\034\014\214\240"
 222      54D4E18C 
 222      B163915B 
 222      1C0C8CA0 
 223 02d6 6624A3FB 		.ascii	"f$\243\373Q\263?S\006Ps\240\240\231~\014(\366 r<Nf0"
 223      51B33F53 
 223      065073A0 
 223      A0997E0C 
 223      28F62072 
 224 02ee 99277802 		.ascii	"\231'x\002\207`\323:\224g\203\266\215\345Iz\037\306"
 224      8760D33A 
 224      946783B6 
 224      8DE5497A 
 224      1FC6
 225 0300 FA9EA266 		.ascii	"\372\236\242f4g\3734\3206~\206\000\317\222\031Nf\004"
 225      3467FB34 
 225      D0367E86 
 225      00CF9219 
 225      4E6604
 226 0313 991832CF 		.ascii	"\231\0302\317\221\031If\024\231X2\243\311\304\221\031"
 226      91194966 
 226      14995832 
 226      A3C9C491 
 226      19
 227 0324 43662C99 		.ascii	"Cf,\231x2\343\310\274Hf<\231\011d\022\310L$\363\022"
 227      7832E3C8 
 227      BC48663C 
 227      99096412 
ARM GAS  C:\Users\user\AppData\Local\Temp\ccLHoUaf.s 			page 18


 227      C84C24F3 
 228 0339 99496426 		.ascii	"\231Id&\223\231Bf*\231\227\311L#3\235\314\01423\311"
 228      93994266 
 228      2A9997C9 
 228      4C23339D 
 228      CC0C3233 
 229 034e CC22339B 		.ascii	"\314\"3\233\314\0342\211<\217syb\346\361\234$\361t\314"
 229      CC1C3289 
 229      3C8F7379 
 229      62E6F19C 
 229      24F174CC 
 230 0362 E7595BC0 		.ascii	"\347Y[\300\363(D\016\026'\236\247\353\244\206\377\244"
 230      F328440E 
 230      16279EA7 
 230      EBA486FF 
 230      A4
 231 0373 07B23ADC 		.ascii	"\007\262:\334\307\352\322\250Z\363dx\236\264\321\201"
 231      C7EAD2A8 
 231      5AF36478 
 231      9EB4D181 
 232 0383 D97270B7 		.ascii	"\331rp\267\235\316>\013H8\211Kw\015VFs=c\034D\011d\265"
 232      9DCE3E0B 
 232      4838894B 
 232      770D5646 
 232      733D631C 
 233 039b B8ABEB0E 		.ascii	"\270\253\353\016JE\263+\332\311\356\373e\221D\263\202"
 233      4A45B32B 
 233      DAC9EEFB 
 233      659144B3 
 233      82
 234 03ac 06A790C6 		.ascii	"\006\247\220\306\301\253\014\220\003q\010*>Q\351\266"
 234      C1AB0C90 
 234      0371082A 
 234      3E51E9B6 
 235 03bc AAD80095 		.ascii	"\252\330\000\225\376\261K)\266C\305\276PWl\320\"06\304"
 235      FEB14B29 
 235      B643C5BE 
 235      50576CD0 
 235      223036C4 
 236 03d0 06C58A44 		.ascii	"\006\305\212D\177`b\237\0239R\221\233{\022\353\247\022"
 236      7F60629F 
 236      13395291 
 236      9B7B12EB 
 236      A712
 237 03e2 ABFAF048 		.ascii	"\253\372\360H\207]%f\202\323\301\211\365G\\`\260\303"
 237      875D2566 
 237      82D3C189 
 237      F5475C60 
 237      B0C3
 238 03f4 14ACBF0A 		.ascii	"\024\254\277\012\326Yw\321\300\015P\301\356\346\254"
 238      D65977D1 
 238      C00D50C1 
 238      EEE6AC
 239 0403 BE2F5530 		.ascii	"\276/U0\013T\005\007\033\2108\004\355o\271\273\337\254"
 239      0B540507 
 239      1B883804 
 239      ED6FB9BB 
ARM GAS  C:\Users\user\AppData\Local\Temp\ccLHoUaf.s 			page 19


 239      DFAC
 240 0415 5446C219 		.ascii	"TF\302\031\377\330E\024{ \275\027\\\032\304\036u\026"
 240      FFD84514 
 240      7B20BD17 
 240      5C1AC41E 
 240      7516
 241 0427 6C5F5D7E 		.ascii	"l_]~\326B\014<4\340\013\336.\353\360\033\202_8y\015"
 241      D6420C3C 
 241      34E00BDE 
 241      2EEBF01B 
 241      825F3879 
 242 043c 345EBB3C 		.ascii	"4^\273<i\026\334\346\374L\252\315\302u\325\346\031\224"
 242      6916DCE6 
 242      FC4CAACD 
 242      C275D5E6 
 242      1994
 243 044e AACD2BA5 		.ascii	"\252\315+\245\2516VE\236\004\225ha\303\273*\323A\350"
 243      A9365645 
 243      9E049568 
 243      61C3BB2A 
 243      D341E8
 244 0461 E205B80A 		.ascii	"\342\005\270\012\253\032*N\200\341\305T\016\374T\372"
 244      AB1A2A4E 
 244      80E1C554 
 244      0EFC54FA 
 245 0471 C0A19217 		.ascii	"\300\241\222\027\360\245\332\271\367\000\362\344c\232"
 245      F0A5DAB9 
 245      F700F2E4 
 245      639A
 246 047f C893898E 		.ascii	"\310\223\211\216\366+\265p\0174,\004\255\375\323K\350"
 246      F62BB570 
 246      0F342C04 
 246      ADFDD34B 
 246      E8
 247 0490 9FEF38D2 		.ascii	"\237\3578\322T\207.\211\353\247\345\026\221k\256\343"
 247      54872E89 
 247      EBA7E516 
 247      916BAEE3 
 248 04a0 4C237A74 		.ascii	"L#zt\\\024mo\021:\3469\332\033=\3501\341\314j\365\214"
 248      5C146D6F 
 248      113AE639 
 248      DA1B3DE8 
 248      31E1CC6A 
 249 04b6 4972E432 		.ascii	"Ir\3442\315Lz\265\334\317\310\267\300Q\337t\034P\272"
 249      CD4C7AB5 
 249      DCCFC8B7 
 249      C051DF74 
 249      1C50BA
 250 04c9 2EB26354 		.ascii	".\262cTu^h(\320\374\016]\334\271\264ei\233\322\376\344"
 250      755E6828 
 250      D0FC0E5D 
 250      DCB9B465 
 250      699BD2FE 
 251 04de 73160F96 		.ascii	"s\026\017\226j\312\376q\234\"\377%\262\340\022\325\250"
 251      6ACAFE71 
 251      9C22FF25 
 251      B2E012D5 
ARM GAS  C:\Users\user\AppData\Local\Temp\ccLHoUaf.s 			page 20


 251      A8
 252 04ef 25CA75D7 		.ascii	"%\312u\327\205)\320`\304\371\177\357-\240\303Y\005\272"
 252      8529D060 
 252      C4F97FEF 
 252      2DA0C359 
 252      05BA
 253 0501 ED5E6B52 		.ascii	"\355^kR\240'x)\007\253uC\017\015\213^\005jn\370\275"
 253      A0277829 
 253      07AB7543 
 253      0F0D8B5E 
 253      056A6EF8 
 254 0516 420D81E7 		.ascii	"B\015\201\347\243hU<\260\262e\315\036\251\234C\321\357"
 254      A368553C 
 254      B0B265CD 
 254      1EA99C43 
 254      D1EF
 255 0528 E395116F 		.ascii	"\343\225\021o\250\312\240\263\241\004\024&J%\332\263"
 255      A8CAA0B3 
 255      A1041426 
 255      4A25DAB3 
 256 0538 632CB863 		.ascii	"c,\270c\276\362\346\3401\002=\211u\217\320\300\350\303"
 256      BEF2E6E0 
 256      31023D89 
 256      758FD0C0 
 256      E8C3
 257 054a D0EF8B5E 		.ascii	"\320\357\213^N\321\207)\332\206\013\357*\310S\376\005"
 257      4ED18729 
 257      DA860BEF 
 257      2AC853FE 
 257      05
 258 055b 68C502AC 		.ascii	"h\305\002\254\205(\322\022\020'\032q\2768'(N4\"\312"
 258      8528D212 
 258      10271A71 
 258      BE382728 
 258      4E3422CA 
 259 056f 8F783CAB 		.ascii	"\217x<\253#\025\344\031\377\262\224|\320\337\257<\223"
 259      2315E419 
 259      FFB2947C 
 259      D0DFAF3C 
 259      93
 260 0580 6DCF87BC 		.ascii	"m\317\207\274\025x\227\302\017dX\236|\032\276\246\012"
 260      157897C2 
 260      0F64589E 
 260      7C1ABEA6 
 260      0A
 261 0591 C1BE6F5B 		.ascii	"\301\276o[Z*\354\316B\327\252\025\324e\203s\220\017"
 261      5A2AECCE 
 261      42D7AA15 
 261      D4658373 
 261      900F
 262 05a3 7FE53B16 		.ascii	"\177\345;\026\234\007'\215\336\345~`\254\301\263\306"
 262      9C07278D 
 262      DEE57E60 
 262      ACC1B3C6 
 263 05b3 9C74F4AC 		.ascii	"\234t\364\254\312p\034\017\375\344lsW\205+'\2253vQ^"
 263      CA701C0F 
 263      FDE46C73 
ARM GAS  C:\Users\user\AppData\Local\Temp\ccLHoUaf.s 			page 21


 263      57852B27 
 263      95337651 
 264 05c8 DBAB4693 		.ascii	"\333\253F\223/(\207\202\267\304#\262\370\306\227\305"
 264      2F288782 
 264      B7C423B2 
 264      F8C697C5 
 265 05d8 BFC18921 		.ascii	"\277\301\211!\225\310\033^\2211\275T\365-\307\003\212"
 265      95C81B5E 
 265      9131BD54 
 265      F52DC703 
 265      8A
 266 05e9 F79D57D5 		.ascii	"\367\235W\325Z#\335\347\214\265\350p{\014U#q\000\364"
 266      5A23DDE7 
 266      8CB5E870 
 266      7B0C5523 
 266      7100F4
 267 05fc 2B557506 		.ascii	"+Uu\006l\024nX\354\352\213\252:_\026\365\244j\224Ru"
 267      6C146E58 
 267      ECEA8BAA 
 267      3A5F16F5 
 267      A46A9452 
 268 0611 D3AB2AB6 		.ascii	"\323\253*\266\227\252\0328\236F\361\276gUt\244\031\032"
 268      97AA1A38 
 268      9E46F1BE 
 268      675574A4 
 268      191A
 269 0623 46B3B058 		.ascii	"F\263\260X\245\241\324\320\020\207\007\020v\365E\303"
 269      A5A1D4D0 
 269      10870710 
 269      76F545C3 
 270 0633 05DF983F 		.ascii	"\005\337\230?\220\2068:\211\352+\032\367\277\240\206"
 270      9086383A 
 270      89EA2B1A 
 270      F7BFA086 
 271 0643 08E71D21 		.ascii	"\010\347\035!\370 4\2116\233\304\356\263\025]\373\023"
 271      F8203489 
 271      369BC4EE 
 271      B3155DFB 
 271      13
 272 0654 54370D58 		.ascii	"T7\015Xuf\307\307vuhZ\340\307\036\264Y\0345I\236\220"
 272      7566C7C7 
 272      7675685A 
 272      E0C71EB4 
 272      591C3549 
 273 066a B65DC684 		.ascii	"\266]\306\204\214\351\345\204\\\344\344\370\036w\311"
 273      8CE9E584 
 273      5CE4E4F8 
 273      1E77C9
 274 0679 BBCCDE45 		.ascii	"\273\314\336E\035\253\266\212\337\024\305\343\000\350"
 274      1DABB68A 
 274      DF14C5E3 
 274      00E8
 275 0687 0F9CA271 		.ascii	"\017\234\242q|\212\304\253)\212\0135E\177z\324\024]"
 275      7C8AC4AB 
 275      298A0B35 
 275      457F7AD4 
 275      145D
ARM GAS  C:\Users\user\AppData\Local\Temp\ccLHoUaf.s 			page 22


 276 0699 F6657185 		.ascii	"\366eq\205\246h\034\313\263\364\310k\367\312{\261\227"
 276      A6681CCB 
 276      B3F4C86B 
 276      F7CA7BB1 
 276      97
 277 06aa F2AE7260 		.ascii	"\362\256r`\235\002_\013\2267\376!y\023p\000\364\007"
 277      9D025F0B 
 277      9637FE21 
 277      79137000 
 277      F407
 278 06bc CA4B6079 		.ascii	"\312K`y\023\372\"\257\321\227E\023\311K`yVZk\226\367"
 278      13FA22AF 
 278      D1974513 
 278      C94B6079 
 278      565A6B96 
 279 06d1 F34943DE 		.ascii	"\363IC\336\304^\312\273\316\201M\024\330\343-g\257\274"
 279      C45ECABB 
 279      CE814D14 
 279      D8E32D67 
 279      AFBC
 280 06e3 97B89C27 		.ascii	"\227\270\234'\006n\311I\370\255\304.%\306\031J\314;"
 280      066EC949 
 280      F8ADC42E 
 280      25C6194A 
 280      CC3B
 281 06f5 8F1273C3 		.ascii	"\217\022s\3037\346M\0223\211\305\204\211MQJLv\245!f"
 281      37E64D12 
 281      3389C584 
 281      894D514A 
 281      4C76A521 
 282 070a 722FC5FC 		.ascii	"r/\305\374\344\013\334\034,f\012\213\231\034(f*\213"
 282      E40BDC1C 
 282      2C660A8B 
 282      991C2866 
 282      2A8B
 283 071c 99D21731 		.ascii	"\231\322\0271\377\361\215y\213\304L\025\274\371jJ\274"
 283      FFF18D79 
 283      8BC44C15 
 283      BCF96A4A 
 283      BC
 284 072d 9BCF6FB7 		.ascii	"\233\317o\267\331Dv\204\222\230\263\333\220\370r/%\336"
 284      D9447684 
 284      9298B3DB 
 284      90F8722F 
 284      25DE
 285 073f F6D5F99D 		.ascii	"\366\325\371\235\340r\234\366P9N\307\001\320\037X\216"
 285      E0729CF6 
 285      50394EC7 
 285      01D01F58 
 285      8E
 286 0750 33B81CA7 		.ascii	"3\270\034\247\367\245\034[|Y\264\222\350\031,/\274G"
 286      F7A51C5B 
 286      7C59B492 
 286      E8192C2F 
 286      BC47
 287 0762 DE7AAFBC 		.ascii	"\336z\257\274\231\275\224w\327W\347\367\202\345\315"
 287      99BD9477 
ARM GAS  C:\Users\user\AppData\Local\Temp\ccLHoUaf.s 			page 23


 287      D757E7F7 
 287      82E5CD
 288 0771 7A48DE6C 		.ascii	"zH\336l\034\000\375\201\362\346\260\274\331}\221\367"
 288      1C00FD81 
 288      F2E6B0BC 
 288      D97D91F7 
 289 0781 5F5F16F7 		.ascii	"__\026\367I\336\034\226g\347+\246\272\352\336Y\246."
 289      49DE1C96 
 289      67E72BA6 
 289      BAEADE59 
 289      A62E
 290 0793 81897435 		.ascii	"\201\211t5|\336\357\322\312\027\310Du>\237*\035c\240"
 290      7CDEEFD2 
 290      CA17C844 
 290      753E9F2A 
 290      1D63A0
 291 07a6 FCAF073A 		.ascii	"\374\257\007:^\025\333zJ\302!\326Wr\320\333\356\302"
 291      5E15DB7A 
 291      4AC221D6 
 291      5772D0DB 
 291      EEC2
 292 07b8 56E3B7C5 		.ascii	"V\343\267\305\\\374\226\007\004\345\333\352\\uw9\326"
 292      5CFC9607 
 292      04E5DBEA 
 292      5C757739 
 292      D6
 293 07c9 9AA950F3 		.ascii	"\232\251P\363\360\333\310"
 293      F0DBC8
 294 07d0 BF1D026F 		.ascii	"\277\035\002o\366\363\024\254\2725Y\301\222\360\363"
 294      F6F314AC 
 294      BA3559C1 
 294      92F0F3
 295 07df 1308E33B 		.ascii	"\023\010\343;q\222\202}\223\241P\363q#\004\242\370V"
 295      7192827D 
 295      93A150F3 
 295      712304A2 
 295      F856
 296 07f1 3C9F50DB 		.ascii	"<\237P\333\335\315\255\277Q\260\005\352crx\315\227\207"
 296      DDCDADBF 
 296      51B005EA 
 296      637278CD 
 296      9787
 297 0803 6CEA6302 		.ascii	"l\352c\002\360\300\237\305w\357\005\254,\202~45\343"
 297      F0C09FC5 
 297      77EF05AC 
 297      2C827E34 
 297      35E3
 298 0815 E5BDE97D 		.ascii	"\345\275\351}\213\272y\012\372I\005\350\306/\331+\323"
 298      8BBA790A 
 298      FA4905E8 
 298      C62FD92B 
 298      D3
 299 0826 262E7AF5 		.ascii	"&.z\365\265\244\205\213\246-[\376\306\362\205\231o/"
 299      B5A4858B 
 299      A62D5BFE 
 299      C6F28599 
 299      6F2F
ARM GAS  C:\Users\user\AppData\Local\Temp\ccLHoUaf.s 			page 24


 300 0838 599EBAE8 		.ascii	"Y\236\272\350Mj\247f\214\2350\336\231\232\341\\\266"
 300      4D6AA766 
 300      8C9D30DE 
 300      999AE15C 
 300      B6
 301 0849 38D99996 		.ascii	"8\331\231\226\232\236\231\341\\\370\332\334q\361\316"
 301      9A9E99E1 
 301      5CF8DADC 
 301      71F1CE
 302 0858 C4C4E9CE 		.ascii	"\304\304\351\316\231\363g'\275\023O]\277N\303'9yI\334"
 302      99F36727 
 302      BD134F5D 
 302      BF4EC327 
 302      397949DC 
 303 086c 9B422794 		.ascii	"\233B'\224\236\2628\343wzJ\352\222\245\362\215\345\231"
 303      9EB238E3 
 303      777A4AEA 
 303      92A5F28D 
 303      E599
 304 087e FAE2E4CC 		.ascii	"\372\342\344\314tS\332\333iK\322-\251\031iK\227.I7\247"
 304      7453DADB 
 304      694BD22D 
 304      A919694B 
 304      972E4937 
 305 0893 66FE216D 		.ascii	"f\376!mi\272\211 \351V\352'\206\2262VK\211\327R^\370"
 305      69BA8920 
 305      E956EA27 
 305      86963256 
 305      4B89D752 
 306 08a9 1FC7D206 		.ascii	"\037\307\322\006\340"
 306      E0
 307              		.text
 308              		.section	.gnu.lto_.symbol_nodes.7a941d12,"",%progbits
 309 0000 789C6365 		.ascii	"x\234ce`bPc\000\002\246iL\365\014\014\023\31610\000"
 309      60625063 
 309      0002A669 
 309      4CF50C0C 
 309      13CE3130 
 310 0015 A95D0D8E 		.ascii	"\251]\015\216@\221\351L\365\214(\"\014\000\267\341\011"
 310      4091E94C 
 310      F58C2822 
 310      0C00B7E1 
 310      09
 311 0026 12       		.ascii	"\022"
 312              		.text
 313              		.section	.gnu.lto_.refs.7a941d12,"",%progbits
 314 0000 789C6365 		.ascii	"x\234ce`b`d\000\002\000\000I\000\011"
 314      60626064 
 314      00020000 
 314      490009
 315              		.text
 316              		.section	.gnu.lto_.decls.7a941d12,"",%progbits
 317 0000 789CCD59 		.ascii	"x\234\315Y{P\024W\272\357\323gf\030\306\001\275\350"
 317      7B501457 
 317      BAEFD367 
 317      6618C601 
 317      BDE8
ARM GAS  C:\Users\user\AppData\Local\Temp\ccLHoUaf.s 			page 25


 318 0012 4D65EB5A 		.ascii	"Me\353Z)\326\342FnU6\010f\223\255}\334\215\002\011\336"
 318      29D6E246 
 318      6E553608 
 318      6693AD7D 
 318      DC8D0209 
 319 0027 90480D6E 		.ascii	"\220H\015nn\335*\262s\211\214\221]dX\030\267\334\377"
 319      6EDD2AB2 
 319      73898C91 
 319      5D645818 
 319      B7DCFF
 320 003a 9A873C45 		.ascii	"\232\207<E\001\237D1\242\242\020\360\375\000\004\224"
 320      019F4431 
 320      A2A210F0 
 320      FD000494 
 321 004a 2022A220 		.ascii	" \"\242 \001\025E@@@|\361\214\012Hd\277sN\317t\3234"
 321      01154540 
 321      40407CF1 
 321      8C0A4864 
 321      BF734ECF 
 322 0061 9B6CDDFC 		.ascii	"\233l\335\374q\273\370\346\364w\316\357|\257\363\365"
 322      71BBF8E6 
 322      F477CEEF 
 322      7CAFF3F5 
 323 0071 395F375A 		.ascii	"9_7Z\216\347\026\274\301q\3635\034\027\2048n\012.\314"
 323      8EE716BC 
 323      C171F335 
 323      1C178438 
 323      6E0A2ECC 
 324 0085 71DC114E 		.ascii	"q\334\021N\272x\240G@^\210\233q\335\204\276\271\320"
 324      BA78A047 
 324      405E889B 
 324      71DD84BE 
 324      B9D0
 325 0097 7E0AE406 		.ascii	"~\012\344\006\264\000\250\027h1P\002\214\305\003\275"
 325      B400A817 
 325      68315002 
 325      8CC503BD 
 326 00a7 80FB4468 		.ascii	"\200\373Dh{\240M\202\366?\2006\002%\003-\006z\015\372"
 326      7BA04D82 
 326      F63F8036 
 326      0225032D 
 326      067A0DFA 
 327 00bb 3740FB27 		.ascii	"7@\373'\240;p_\007\3643\270\257\205\366\015hk\240]\004"
 327      A03B705F 
 327      07F433B8 
 327      AF85F60D 
 327      686BA05D 
 328 00d0 ED65683D 		.ascii	"\355eh=\240\275\012\355\277A[\015\355Bh/A\373sh;\240"
 328      A0BD0AED 
 328      BF415B0D 
 328      ED42682F 
 328      41FB7368 
 329 00e6 BD07D40E 		.ascii	"\275\007\324\016t\027\250Uf{\272\212\355f\030\234\243"
 329      7417A855 
 329      667BBA8A 
 329      ED66189C 
 329      A3
ARM GAS  C:\Users\user\AppData\Local\Temp\ccLHoUaf.s 			page 26


 330 00f7 B0FD2DC0 		.ascii	"\260\375-\300\215@\373\024\250L\364#\210cv\022?t\242"
 330      8D40FB14 
 330      A84CF423 
 330      88637612 
 330      3F74A2
 331 010a 6DC42E62 		.ascii	"m\304.b\023\261\203\330@\364\243Yb\264\023\243\263\351"
 331      13B183D8 
 331      40F4A359 
 331      62B413A3 
 331      B3E9
 332 011c D5157C07 		.ascii	"\325\025|\007jC\240\022\315\243\275\010\261_D\211\262"
 332      6A43A012 
 332      CDA3BD08 
 332      B15F4489 
 332      B2
 333 012d 53F60B21 		.ascii	"S\366\013!\332\017\275<'\012\266w!\373\014\221\347E"
 333      DA0FBD3C 
 333      270AB677 
 333      21FB0C91 
 333      E745
 334 013f 961745D2 		.ascii	"\226\027E\322?q2\222Id\303L\223\375\342\030\234Y\302"
 334      3F713292 
 334      4964C34C 
 334      93FDE218 
 334      9C59C2
 335 0152 51E96C36 		.ascii	"Q\351l6\342%\005\010\311'\310\0042\263\305q\207}\234"
 335      E2250508 
 335      C927C804 
 335      32B3C571 
 335      877D9C
 336 0165 E41CB27B 		.ascii	"\344\034\262{?\234}\255\317p\017\265\223\336}\357#\332"
 336      3F9C7DAD 
 336      CF700FB5 
 336      93DE7DEF 
 336      23DA
 337 0177 F7755176 		.ascii	"\367uQv\2573\346\021\271\2777\236\377\301\333E\002\273"
 337      AF33E611 
 337      B9BF379E 
 337      FFC1DB45 
 337      02BB
 338 0189 F49E52D8 		.ascii	"\364\236R\330\276M8\276\007o\306\310\315\2004DN\375"
 338      BE4D38BE 
 338      076FC6C8 
 338      CD803444 
 338      4EFD
 339 019b 97F75D81 		.ascii	"\227\367]\201]`@\356\300\026\325_n\023G\223\021\360"
 339      5D6040EE 
 339      C016D55F 
 339      6E134793 
 339      11F0
 340 01ad 25154F7D 		.ascii	"%\025O}\030\273\020\270s\355\303\225s\030\270\223\214"
 340      18BB10B8 
 340      73EDC395 
 340      7318B893 
 340      8C
 341 01be 4E3DBC73 		.ascii	"N=\274s\300\231\015\017\021\331\251g\266\036\230\213"
 341      C0990D0F 
ARM GAS  C:\Users\user\AppData\Local\Temp\ccLHoUaf.s 			page 27


 341      11D9A967 
 341      B61E988B 
 342 01ce 7F460D18 		.ascii	"\177F\015\030H\350\355\234\303\306^\007\266i\350Z\216"
 342      48E8ED9C 
 342      C3C65E07 
 342      B669E85A 
 342      8E
 343 01df C8CE03B6 		.ascii	"\310\316\003\266-%q\257\016\273Sd{mA!\321\271\330\200"
 343      2D2571AF 
 343      0EBB5364 
 343      7B6D4121 
 343      D1B9D880 
 344 01f3 4814E642 		.ascii	"H\024\346B\327\261'\245\343.\254\213 \232\266\214\034"
 344      D7B127A5 
 344      E32EAC8B 
 344      209AB68C 
 344      1C
 345 0204 74C2FF4E 		.ascii	"t\302\377N\356\371\354\272\226*\015\3624\034\"\216U"
 345      EEF9ECBA 
 345      962A0DF2 
 345      341C228E 
 345      55
 346 0215 5E7EBE38 		.ascii	"^~\27683I\020xT\212\014\250\030A\014\320\333$L\213\015"
 346      33491078 
 346      548A0CA8 
 346      18410CD0 
 346      DB244C8B 
 347 022a F09B2C08 		.ascii	"\360\233,\010qBF\274\340\034\300\241\"\264\020\025\242"
 347      714246BC 
 347      E01CC0A1 
 347      22B41015 
 347      A2
 348 023b 851C2A41 		.ascii	"\205\034*A\236D,\301\241\263\320y\006:AE\301\301\314"
 348      9E442CC1 
 348      A1B3D079 
 348      063A4145 
 348      C1C1CC
 349 024e FD3ABC07 		.ascii	"\375:\274\007Q\0355\347\357\336\326 \203\247\252\200"
 349      511D35E7 
 349      EFDED620 
 349      83A7AA80 
 350 025e 721501CC 		.ascii	"r\025\001\314\230\301\242E5\033\2111e`\3149\311\030"
 350      98C1A245 
 350      351B8931 
 350      6560CC39 
 350      C918
 351 0270 B08DC5BE 		.ascii	"\260\215\305\276\373\\[,\217\023\331\012}Y\366]\235"
 351      FB5C5B2C 
 351      8F13D90A 
 351      7D59F65D 
 351      9D
 352 0281 9645440F 		.ascii	"\226ED\017\354\340\326K\365<Nec}\267\343\263u8\2031"
 352      ECE0D64B 
 352      F53C4E65 
 352      637DB7E3 
 352      B3753883 
 353 0296 19DFDF11 		.ascii	"\031\337\337\021tx\027c\322\007\307r5\370+\306\334\211"
ARM GAS  C:\Users\user\AppData\Local\Temp\ccLHoUaf.s 			page 28


 353      74781763 
 353      D207C772 
 353      35F82BC6 
 353      DC89
 354 02a8 7F71CB05 		.ascii	"\177q\313\005\347Q\3069\361X\311i#\362 \327|\017\017"
 354      E751C639 
 354      F158C969 
 354      23F220D7 
 354      7C0F0F
 355 02bb CFFDC4F6 		.ascii	"\317\375\304\366\312\226\372\267jGz\004!\313H\215\272"
 355      CA96FAB7 
 355      6A477A04 
 355      21CB488D 
 355      BA
 356 02cc 08465D41 		.ascii	"\010F]A\363%gN\302\017\207\274\341\207c\023&\3763[\250"
 356      F325674E 
 356      C20F87BC 
 356      E1876313 
 356      26FE335B 
 357 02e1 4CC0145D 		.ascii	"L\300\024]\245D{)\300\217~/\201/(\301\347\251\350\""
 357      A5447B29 
 357      C08F7E2F 
 357      812F28C1 
 357      E7A9E822 
 358 02f5 24932D83 		.ascii	"$\223-\203W(\341\247\224\226\264\312\320\225\352\302"
 358      5728E1A7 
 358      9496B4CA 
 358      D095EAC2 
 359 0305 293A93C4 		.ascii	"):\223\304>C\020\336\327p\350\030\214\037\245C\004\015"
 359      3E4310DE 
 359      D770E818 
 359      8C1FA543 
 359      040D
 360 0317 E147D760 		.ascii	"\341G\327`\265.!\017T\007T\013T\003t\031\350*P5\362"
 360      B52E210F 
 360      5407540B 
 360      54037419 
 360      E82A5035 
 361 032c A04F05D3 		.ascii	"\240O\005\323W'\323\367\215\252\347r_\352\002$\364i"
 361      5727D3F7 
 361      8DAAE772 
 361      5FEA0224 
 361      F469
 362 033e 755F189C 		.ascii	"u_\030\234\245\306\300y\267XA@\004\306\211i!>\217\027"
 362      A5C6C079 
 362      B7584140 
 362      04C68969 
 362      213E8F17 
 363 0352 5E2534EA 		.ascii	"^%4\352\360s\272\206\374\301\324kg\365h\276\247\232"
 363      F073BA86 
 363      FCC1D46B 
 363      67F568BE 
 363      A79A
 364 0364 4FE83AB8 		.ascii	"O\350:\270\362\317\270\3054\367\325\352`\003@\0150\261"
 364      F2CFB8C5 
 364      34F7D5EA 
 364      6003400D 
ARM GAS  C:\Users\user\AppData\Local\Temp\ccLHoUaf.s 			page 29


 364      30B1
 365 0376 5E4A4962 		.ascii	"^JIb\007U\337\334\227\233`dY\330H\370\315[N\2350\340"
 365      0755DFDC 
 365      979B6064 
 365      59D848F8 
 365      CD5B4E9D 
 366 038c 144CF32B 		.ascii	"\024L\363+\277o\317fq\360W\300\236\251/\351\320\342"
 366      BF6FCF66 
 366      71F057C0 
 366      9EA92FE9 
 366      D0E2
 367 039e 0C36D636 		.ascii	"\0146\3266r+i\016\336\311\230c\223\333\016\353\360^"
 367      722B690E 
 367      DEC99863 
 367      93DB0EEB 
 367      F05E
 368 03b0 C68CE69F 		.ascii	"\306\214\346\237\334\253g\263\362\311.\221\223TyZ\334"
 368      DCAB67B3 
 368      F2C92E91 
 368      9354795A 
 368      DC
 369 03c1 352A0DC0 		.ascii	"5*\015\300\247m\334\222\342\204\363(X\377\250\341P6"
 369      A76DDC92 
 369      E284F328 
 369      58FFA8E1 
 369      5036
 370 03d3 8F58CED2 		.ascii	"\217X\316\322\244\005\223k\352\334\266\012B\355\022"
 370      A405936B 
 370      EADCB60A 
 370      42ED12
 371 03e2 6AF44D30 		.ascii	"j\364M0\272\015ZG\030\246%!\240\273?\216\245+A\300\267"
 371      BA0D5A47 
 371      18A62521 
 371      A0BB3F8E 
 371      A52B41C0 
 372 03f7 95E023D3 		.ascii	"\225\340#\323\223\020\340U\201\022\374\204\022~\\=\255"
 372      9310E055 
 372      8112FC84 
 372      127E5C3D 
 372      AD
 373 0408 5A60FC16 		.ascii	"Z`\374\026\035j\023\343\337\011\361\277\003\261\356"
 373      1D6A13E3 
 373      DF09F1BF 
 373      03B1EE
 374 0417 00BA07D4 		.ascii	"\000\272\007\324\016t\027\250UJ)b\332G\222\256o\225"
 374      0E7417A8 
 374      554A2962 
 374      DA4792AE 
 374      6F95
 375 0429 BA1A6798 		.ascii	"\272\032g\230\326\375_\022\374\206\022~r\246'2\351\315"
 375      D6FD5F12 
 375      FC86127E 
 375      72A62732 
 375      E9CD
 376 043b 4A7893E4 		.ascii	"Jx\223\344\211\230\201WX\006\266\315\310\300o\306\237"
 376      89988157 
 376      5806B6CD 
ARM GAS  C:\Users\user\AppData\Local\Temp\ccLHoUaf.s 			page 30


 376      C8C06FC6 
 376      9F
 377 044c 6C9C8B8B 		.ascii	"l\234\213\213\350z\360\207vT]rVd\240\335}t\037\274\376"
 377      E87AF087 
 377      76545D72 
 377      5664A0DD 
 377      7D741FBC 
 378 0461 B111605A 		.ascii	"\261\021`Zo]\247\331\327\015\223\272\244\354k\263g\337"
 378      6F5DA7D9 
 378      D70D93BA 
 378      A4EC6BB3 
 378      67DF
 379 0473 78E18557 		.ascii	"x\341\205W\372\371\242\256\344\331tq\377P\021\331\024"
 379      FAF9A2AE 
 379      E4D97471 
 379      FF5011D9 
 379      14
 380 0484 1F17A718 		.ascii	"\037\027\247\030\214\251\216\335\032\365\310\236F\016"
 380      8CA98EDD 
 380      1AF5C89E 
 380      460E
 381 0492 F522A308 		.ascii	"\365\"\243\010|\2619\355_4<\353B\237kH\327\245\251\027"
 381      7CB139ED 
 381      5F343CEB 
 381      429F6B48 
 381      D7A5A917 
 382 04a6 957359B6 		.ascii	"\225sY\266\362\262sj\001;\247\016\367\234\332\357\364"
 382      F2B2736A 
 382      013BA70E 
 382      F79CDAEF 
 382      F4
 383 04b7 FA0E7A8A 		.ascii	"\372\016z\212\306\013\363x\364\351k\250\037\004?\240"
 383      C60BF378 
 383      F4E96BA8 
 383      1F043FA0 
 384 04c7 821FA2D7 		.ascii	"\202\037\242\327\341\267\017i\230\364\236\352S\311\332"
 384      E1B70F69 
 384      98F49EEA 
 384      53C9DA
 385 04d6 45FB847D 		.ascii	"E\373\204}\235B\345\213\001\367\335E\211B#\314{\237"
 385      9D42E58B 
 385      01F7DD45 
 385      894223CC 
 385      7B9F
 386 04e8 025181E4 		.ascii	"\002Q\201\344?\334\302o>\270\203\016\203_\034z\204\026"
 386      3FDCC26F 
 386      3EB8830E 
 386      835F1C7A 
 386      8416
 387 04fa C1FCA779 		.ascii	"\301\374\247y\361[\347\3428\015}\212\276\256/\230\324"
 387      F15BE7E2 
 387      380D7D8A 
 387      BEAE2F98 
 387      D4
 388 050b E05D94E1 		.ascii	"\340]\224\341\323\253\366<1\316v \015\314z \265\324"
 388      D3ABF63C 
 388      31CE7620 
ARM GAS  C:\Users\user\AppData\Local\Temp\ccLHoUaf.s 			page 31


 388      0DCC7A20 
 388      B5D4
 389 051d 2FB97D43 		.ascii	"/\271}C\020\334\321S\330\245\236H\372\313\354\007\322"
 389      10DCD153 
 389      D8A59E48 
 389      FACBEC07 
 389      D2
 390 052e B92D7963 		.ascii	"\271-yc\230\006\204 X@\022\252\237g\272\340\\\246x\363"
 390      98068420 
 390      584012AA 
 390      9F67BAE0 
 390      5CA678F3 
 391 0542 A5CBE35A 		.ascii	"\245\313\343Z\307i;\261\222,\346\010@\207\224\302T-"
 391      C7693BB1 
 391      922CE608 
 391      408794C2 
 391      542D
 392 0554 1B563F6B 		.ascii	"\033V?k\237%\3656 \252\225\210\032DT\355\356\321\366"
 392      9F25F536 
 392      20AA9588 
 392      1A4454ED 
 392      EED1F6
 393 0567 87622DE1 		.ascii	"\207b-\341)\253K\334X]2\226\333\223\305\343\243,4\311"
 393      29AB4BDC 
 393      585D3296 
 393      DB93C5E3 
 393      A32C34C9 
 394 057b 459B2F62 		.ascii	"E\233/bC2Y\221\037s8\303\214\343S\333:]\360)6\375\310"
 394      43325991 
 394      1F7338C3 
 394      8CE353DB 
 394      3A5DF029 
 395 0592 D8BDB35A 		.ascii	"\330\275\263Z\\\302\230\364mUU\032\\\301\230\003\331"
 395      5CC298F4 
 395      6D55551A 
 395      5CC19803 
 395      D9
 396 05a3 99495A5C 		.ascii	"\231IZ\\\305\230\202\254\214\343\006\\\315\230]_\267"
 396      C59882AC 
 396      8CE3065C 
 396      CD985D5F 
 396      B7
 397 05b4 4C38E31A 		.ascii	"L8\343\032\306\344M\274\034\"\005\313\233\244`\301\262"
 397      C6E44DBC 
 397      1C2205CB 
 397      9BA460C1 
 397      B2
 398 05c5 72E54D56 		.ascii	"r\345MV\256\\\270z\345\220\021_c\021\314\310-Ls\266"
 398      AE5CB87A 
 398      E590115F 
 398      6311CCC8 
 398      2D4C73B6 
 399 05d9 2F1D58AC 		.ascii	"/\035X\254\365\344\034\031\204\342xO2\211\232;\005\235"
 399      F5E41C19 
 399      84E2784F 
 399      32899A3B 
 399      059D
ARM GAS  C:\Users\user\AppData\Local\Temp\ccLHoUaf.s 			page 32


 400 05eb AF1C4B77 		.ascii	"\257\034Kw\371\354\033\245\2020\017\305\362\006$\360"
 400      F9EC1BA5 
 400      82300FC5 
 400      F20624F0 
 401 05fb 8E60BF29 		.ascii	"\216`\277).\334\371\314\273}\006\334\302TL\306\357\030"
 401      2EDCF9CC 
 401      BB7D06DC 
 401      C2544CC6 
 401      EF18
 402 060d 944AA2C1 		.ascii	"\224J\242\301\"\237jZ\205l\204\251\361\322T\220d_'\245"
 402      229F6A5A 
 402      856C84A9 
 402      F1D25490 
 402      645F27A5 
 403 0621 19092A66 		.ascii	"\031\011*f\200\222\270\261\375\345z\334I\225hF\237o"
 403      8092B8B1 
 403      FDE57ADC 
 403      49956846 
 403      9F6F
 404 0633 6A352052 		.ascii	"j5 RY8\266\006\236\223=dI<\333\027RAV\012\357\201\222"
 404      5938B606 
 404      9E933D64 
 404      493CDB17 
 404      5241560A 
 405 064a 79F9E1DA 		.ascii	"y\371\341\332R\357Q1\322)\010\251Fj\326\367\220>d\202"
 405      52EF5131 
 405      D22908A9 
 405      466AD6F7 
 405      903E6482 
 406 065e C302BAA9 		.ascii	"\303\002\272\251\367\313\316\327\252\337\355\022*\343"
 406      F7CBCED7 
 406      AADFED12 
 406      2AE3
 407 066c 304527F2 		.ascii	"0E'\362jh\331\336\366\252\334@\022\0230\323\2676\315"
 407      6A68D9DE 
 407      F6AADC40 
 407      121330D3 
 407      B736CD
 408 067f 8D8E812C 		.ascii	"\215\216\201,\204<\026xz\260-\363V\205k,\025K\304M\202"
 408      843C1678 
 408      7AB02DF3 
 408      56856B2C 
 408      154BC44D 
 409 0694 119BF805 		.ascii	"\021\233\370\005j\345M\026u1\236\356~\222\213\004L\\"
 409      6AE54D16 
 409      75319EEE 
 409      7E928B04 
 409      4C5C
 410 06a6 4C071737 		.ascii	"L\007\0277\203\213i\274|\253\033(\177\235n\260\200\222"
 410      838B69BC 
 410      7CAB1B28 
 410      7F9D6EB0 
 410      8092
 411 06b8 5BC1DC79 		.ascii	"[\301\334y^\356\2665\236\034i\244^x9\273b\210\372H\371"
 411      5EEEB635 
 411      9E1C69A4 
 411      5E7839BB 
ARM GAS  C:\Users\user\AppData\Local\Temp\ccLHoUaf.s 			page 33


 411      6288FA48 
 412 06cd D56BFC02 		.ascii	"\325k\374\002\260 vV\013\270i\352\3113{\361\346\031"
 412      B0207656 
 412      0BB869EA 
 412      C9337BF1 
 412      E619
 413 06df 23EE61E9 		.ascii	"#\356a\351\331{\365X\234\036\3673fo\375\321\253Z\374"
 413      D97BF558 
 413      9C1EF733 
 413      666FFDD1 
 413      AB5AFC
 414 06f2 84316585 		.ascii	"\2041e\205G\233x<\302\230\242\322\2414\204'\0303\234"
 414      479B783C 
 414      C298A2D2 
 414      A1348427 
 414      18339C
 415 0705 74CC8663 		.ascii	"t\314\206c\265\364>!'\343:\317\036\275\267\200\335\221"
 415      B5F43E21 
 415      27E33ACF 
 415      1EBDB780 
 415      DD91
 416 0717 B2A75323 		.ascii	"\262\247S#\026\375d\207<y+\277L\217\223(\326%\243 \243"
 416      16FD6487 
 416      3C792BBF 
 416      4C8F9328 
 416      D625A320 
 417 072c D880C49A 		.ascii	"\330\200\304\232\223^p\206'\304\303\372\375\226\325"
 417      935E7086 
 417      27C4C3FA 
 417      FD96D5
 418 073b 472FC0DF 		.ascii	"G/\300\337m\260~9\374l\325\024AO\374NB\357R\242\277"
 418      6DB07E39 
 418      FC6CD514 
 418      414FFC4E 
 418      42EF52A2 
 419 0750 93578604 		.ascii	"\223W\206\004\375H\206\036C\012\3643%zD\206~\256\216"
 419      FD48861E 
 419      430AF433 
 419      257A4486 
 419      7EAE8E
 420 0763 66A6C88F 		.ascii	"f\246\310\217\274\235\374B\264\203'c9b^\347\301\242"
 420      BC9DFC42 
 420      B4832763 
 420      39625EE7 
 420      C1A2
 421 0775 E742D4B3 		.ascii	"\347B\324\263\201\366\002\355\007\332\007t\020\350\000"
 421      81F602ED 
 421      07DA0774 
 421      10E800
 422 0784 D05740BB 		.ascii	"\320W@\273\201\366\000}\351\310}b@\235,\024[\225\316"
 422      81F6007D 
 422      E9C87D62 
 422      409D2C14 
 422      5B95CE
 423 0797 9D579ADB 		.ascii	"\235W\232\333-3w\\i\356\364\"\200\300[e\3023\225\302"
 423      2D33775C 
 423      69EEF422 
ARM GAS  C:\Users\user\AppData\Local\Temp\ccLHoUaf.s 			page 34


 423      80C05B65 
 423      C23395C2 
 424 07ab 4F29854F 		.ascii	"O)\205O\374FBoW]\025\031\270I&:K\335n\207%\360TuT\030"
 424      FC46426F 
 424      575D1519 
 424      B849263A 
 424      4BDD6E87 
 425 07c5 187E0B24 		.ascii	"\030~\013$\351\204\272\3452\351}"
 425      E984BAE5 
 425      32E97D
 426 07d0 F6278288 		.ascii	"\366'\202\210\317P\267|Z\005]\306\352\227\034\345C\216"
 426      CF50B77C 
 426      5A055DC6 
 426      EA971CE5 
 426      438E
 427 07e2 2AEBC74E 		.ascii	"*\353\307Nkq\032MH\376\341\356\376B'E\375b_L\224\017"
 427      6B711A4D 
 427      48FEE1EE 
 427      FE422745 
 427      FD625F4C 
 428 07f8 6BF87F59 		.ascii	"k\370\177YOfI\315yZ\323\034\006A\207\244\355\225\330"
 428      4F6649CD 
 428      795AD31C 
 428      064187A4 
 428      ED95D8
 429 080b 45CD49AD 		.ascii	"E\315I\255k\335\342*/F\016\363\362b\244\2007\212S\000"
 429      6BDDE22A 
 429      2F460EF3 
 429      F262A480 
 429      378A5300 
 430 081f 5B9CB2EB 		.ascii	"[\234\262\353\201\013\336\305L\277\3310\\\352\212<\215"
 430      810BDEC5 
 430      4CBFD930 
 430      5CEA8A3C 
 430      8D
 431 0830 4C4B43EB 		.ascii	"LKC\353\274x\342o\021\301Kj`:4\263HG\205\340\3244\005"
 431      BC78E26F 
 431      11C14B6A 
 431      603A34B3 
 431      484785E0 
 432 0847 B9B7EFE7 		.ascii	"\271\267\357\347\270\322\243\226\310\031eGm\303\216"
 432      B8D2A396 
 432      C8196547 
 432      6DC38E
 433 0856 BC3A3C6B 		.ascii	"\274:<kQs\224'E\315\021^,j&\313\222\3724\216\242\346"
 433      51739427 
 433      45CD115E 
 433      2C6A26CB 
 433      92FA348E 
 434 086c B7855251 		.ascii	"\267\205RQ\003@\364X\252\003\036+\213\232c<)j&\363\373"
 434      0340F458 
 434      AA031E2B 
 434      8B9A633C 
 434      296A26F3 
 435 0881 5EC307D8 		.ascii	"^\303\007\330\316\222z\266\271CC\016nA4\036\266\030"
 435      CE927AB6 
 435      B943430E 
ARM GAS  C:\Users\user\AppData\Local\Temp\ccLHoUaf.s 			page 35


 435      6E41341E 
 435      B618
 436 0893 293227C8 		.ascii	")2'\310\001\005YH\022\221TS\327\217\237\232\353\226"
 436      01055948 
 436      12915453 
 436      D78F9F9A 
 436      EB96
 437 08a5 2182DD35 		.ascii	"!\202\3355t\353\224\320'y7\373\034\3725\250\357J\215"
 437      74EB94D0 
 437      277937FB 
 437      1CFA35A8 
 437      EF4A8D
 438 08b8 816D5A02 		.ascii	"\201mZ\002y\3518X\322\011\373\373\021\246\267\262f\323"
 438      79E93858 
 438      D209FBFB 
 438      11A6B7B2 
 438      66D3
 439 08ca 53844B18 		.ascii	"S\204K\030\223\334\225\324,\"\307\350\032\014\024\026"
 439      93DC95D4 
 439      2C22C7E8 
 439      1A0C1416 
 440 08da BB88AF27 		.ascii	"\273\210\257'\204\237\252zq\333\005\237\3771\026\227"
 440      849FAA7A 
 440      71DB059F 
 440      FF311697 
 441 08ea DA2D5E42 		.ascii	"\332-^B-\336^\261\375\214\253h\261`\267\270\030\222"
 441      2DDE5EB1 
 441      FD8CAB68 
 441      B160B7B8 
 441      1892
 442 08fc 8F3D2CE7 		.ascii	"\217=,\347\250\305\245v\213w\226v\017\271\342Z\246'"
 442      A8C5A576 
 442      8B779676 
 442      0FB9E25A 
 442      A627
 443 090e F3E2B3D1 		.ascii	"\363\342\263\3219\370\032c\332\366o\313\3230\013\373"
 443      39F81A63 
 443      DAF66FCB 
 443      D3300BFB 
 444 091e 099F3339 		.ascii	"\011\23739\231\240\301\337\262\301\270\262;\231b\275"
 444      99A0C1DF 
 444      B2C1B8B2 
 444      3B9962BD 
 445 092e DA49BF8D 		.ascii	"\332I\277\215\304m=\250\303w\331\340\313\201\303C:\334"
 445      C46D3DA8 
 445      C377D9E0 
 445      CB81C343 
 445      3ADC
 446 0940 CB98E2AE 		.ascii	"\313\230\342\256\355\027\304\212\3526\341/\216\356\031"
 446      ED17C48A 
 446      EA36E12F 
 446      8EEE19
 447 094f 36E24136 		.ascii	"6\342A6\270\361\340\215MNx\2341\243w\323k\2148^G\231"
 447      B8F1E08D 
 447      4D4E789C 
 447      31A377D3 
 447      6B8C385E 
ARM GAS  C:\Users\user\AppData\Local\Temp\ccLHoUaf.s 			page 36


 448 0965 EADAFBCD 		.ascii	"\352\332\373\315z\234\316\230\264Kgj\304\357A\265\204"
 448      7A9CCE98 
 448      B44B676A 
 448      C4EF41B5 
 448      84
 449 0976 8FED3F9E 		.ascii	"\217\355?\236\204\361N6h\217\234\233\030\271\341\306"
 449      84F14E36 
 449      688F9C9B 
 449      18B9E1C6 
 450 0986 8BA9CE38 		.ascii	"\213\251\3168\227\015\326\247d\301\016S\300\230\251"
 450      970DD6A7 
 450      64C10E53 
 450      C098A9
 451 0995 DD433946 		.ascii	"\335C9F|\2021\345\0076\026\350q\031c\312\212\313k\304"
 451      7C8231E5 
 451      073616E8 
 451      711963CA 
 451      8ACB6BC4 
 452 09a9 AF204BC8 		.ascii	"\257 K\310\331\323\220\336f\304\027\331\330\321\376"
 452      D9D390DE 
 452      66C417D9 
 452      D8D1FE
 453 09b8 A44A277C 		.ascii	"\244J'|U\234U?^\344\212\233E\346\356\031/\334\316\356"
 453      559C553F 
 453      5EE48A9B 
 453      45E6EE19 
 453      2FDCCEEE 
 454 09cc 73FB4BA1 		.ascii	"s\373K\241j\356cLW\373\203TW<\310\230\304\013\333+\234"
 454      6AEE634C 
 454      57FB8354 
 454      573CC898 
 454      C40BDB2B 
 455 09e1 F1B8E856 		.ascii	"\361\270\350Vg\007\302qN\364\376qj\345\035\036\2471"
 455      6707C271 
 455      4EF4FE71 
 455      6AE51D1E 
 455      A731
 456 09f3 A6A034BD 		.ascii	"\246\2404\275K\213\2671\346~q\302s\250\272\031S8\271"
 456      4B8BB731 
 456      E67E71C2 
 456      73A8BA19 
 456      5338B9
 457 0a06 B7D119E7 		.ascii	"\267\321\031\3470\246\361\\g\257+\316c\314hu\376\250"
 457      30A6F15C 
 457      67AF2BCE 
 457      63CC6875 
 457      FEA8
 458 0a18 B8081924 		.ascii	"\270\010\031$\333\352\222w/a)$8\003{\250\371\313a\035"
 458      DBEA9277 
 458      2F612924 
 458      38037BA8 
 458      F9CB611D 
 459 0a2c CEA7D845 		.ascii	"\316\247\330E_\225\224\276$G\244\375\200t\\\236\323"
 459      5F9594BE 
 459      2447A4FD 
 459      80745C9E 
 459      D3
ARM GAS  C:\Users\user\AppData\Local\Temp\ccLHoUaf.s 			page 37


 460 0a3d 59B62D5E 		.ascii	"Y\266-^\036\300)G\3526\011\373\252\020\335\031\317\300"
 460      1EC02947 
 460      EA3609FB 
 460      AA10DD19 
 460      CFC0
 461 0a4f A3DF356D 		.ascii	"\243\3375mg\344\225\247\341\037\245m\272N\211\276\302"
 461      67E495A7 
 461      E11FA56D 
 461      BA4E89BE 
 461      C2
 462 0a60 AB9F6FED 		.ascii	"\253\237o\355\220\225mt\254K\334\017G`\353\230\204\275"
 462      90956D74 
 462      AC4BDC0F 
 462      4760EB98 
 462      84BD
 463 0a72 EE21503F 		.ascii	"\356!P?\3200\3203\240\011\240\373@\257\200\004\354\201"
 463      D030D033 
 463      A009A0FB 
 463      40AF8004 
 463      EC81
 464 0a84 BAA11D00 		.ascii	"\272\241\035\000\032\003z\012\364\034h\024h\010\250"
 464      1A037A0A 
 464      F41C6814 
 464      6808A8
 465 0a93 13E805D0 		.ascii	"\023\350\005\320#\240\357\200\236\000\275\004\032\007"
 465      23A0EF80 
 465      9E00BD04 
 465      1A07
 466 0aa1 EA019A02 		.ascii	"\352\001\232\002z\0144\010\364\000\350\036P/P\037\320"
 466      7A0C3408 
 466      F400E81E 
 466      502F501F 
 466      D0
 467 0ab2 F7D3CECC 		.ascii	"\367\323\316\314\221\317$\247\232\224N=\233y\012\312"
 467      91CF24A7 
 467      9A944E3D 
 467      9B790ACA 
 468 0ac2 E03795F0 		.ascii	"\3407\225\360\031GO\267YBW*\321\027x\245\360\246\265"
 468      19474FB7 
 468      5942572A 
 468      D11778A5 
 468      F0A6B5
 469 0ad5 12FCB4FA 		.ascii	"\022\374\264\372r\310_\313[E8lP\350\270\022~d\332W."
 469      72C85FCB 
 469      5B45386C 
 469      50E8B812 
 469      7E64DA57 
 470 0aea F212BF96 		.ascii	"\362\022\277\226\275\304\303\346\200JD\264}\313@g\225"
 470      BDC4C3E6 
 470      804A44B4 
 470      7DCB4067 
 470      95
 471 0afb 6B3D1122 		.ascii	"k=\021\"\231rG){F)1\"C\267*\3213k0Y\036\325(\321\215"
 471      99724729 
 471      7B462931 
 471      2243B72A 
 471      D1336B30 
ARM GAS  C:\Users\user\AppData\Local\Temp\ccLHoUaf.s 			page 38


 472 0b15 3364CB62 		.ascii	"3d\313bX\256D\037W\242\353d\350j%\272J\351e\235\314"
 472      58AE441F 
 472      57A2EB64 
 472      E86A25BA 
 472      4AE9659D 
 473 0b2a 92EB4A74 		.ascii	"\222\353Jt\303\214\200O|&\205\360[e\010g\024\217\023"
 473      C38C804F 
 473      7C2685F0 
 473      5B650867 
 473      148F13
 474 0b3d 3253CAD4 		.ascii	"2S\312\324\015\227G\245[f\313U\365\247K&\274J\226\207"
 474      0D9747A5 
 474      5B66CB55 
 474      F5A74B26 
 474      BC4A9687 
 475 0b51 B7D5D747 		.ascii	"\267\325\327G^\323t\264\261\232\246kzM\303^\031::\334"
 475      5ED374B4 
 475      B19AA66B 
 475      7A4DC35E 
 475      193A3ADC 
 476 0b65 B21CAF0C 		.ascii	"\262\034\257\014\327\224\302\232fXZ%s\354\222\372\372"
 476      D794C29A 
 476      66585A25 
 476      73EC92FA 
 476      FA
 477 0b76 C9E17532 		.ascii	"\311\341u2S[fd\2652jM\2620\324\253\333\"K\352\221?J"
 477      535B6664 
 477      B5326A4D 
 477      B230D4AB 
 477      DB224BEA 
 478 0b8d 2B52AB5C 		.ascii	"+R\253\\\221\3133\202&\223\335\250\276\3342t\253\314"
 478      91CB3382 
 478      2693DDA8 
 478      BEDC3274 
 478      ABCC
 479 0b9f CD6FD41F 		.ascii	"\315o\324\037^\271\3352/o\251{)\377\252\333d\226\276"
 479      5EB9DD32 
 479      2F6FA97B 
 479      29FFAADB 
 479      6496BE
 480 0bb2 EA5E54CF 		.ascii	"\352^T\317Sy\014\037\311\036\260\273\252\017\230|\327"
 480      53790C1F 
 480      C91EB0BB 
 480      AA0F987C 
 480      D7
 481 0bc3 916D231D 		.ascii	"\221m#\035\352\373\202\334\224\356\317$Sn\250oi\362"
 481      EAFB82DC 
 481      94EECF24 
 481      536EA86F 
 481      69F2
 482 0bd5 87E09159 		.ascii	"\207\340\221Y\012\371ye\310+f\234\031\262\2604\253o"
 482      0AF97965 
 482      C82B669C 
 482      19B2B034 
 482      AB6F
 483 0be7 AFF6D7D1 		.ascii	"\257\366\327\321gEE\355s\360\024=\313\370\270\252+\275"
 483      674545ED 
ARM GAS  C:\Users\user\AppData\Local\Temp\ccLHoUaf.s 			page 39


 483      73F0143D 
 483      CBF8B8AA 
 483      2BBD
 484 0bf9 46E4395F 		.ascii	"F\3449_,\311\373i!\034\217\347\243X\354\250\003\273"
 484      2CC9FB69 
 484      211C8FE7 
 484      A358ECA8 
 484      03BB
 485 0c0b 6821AC76 		.ascii	"h!\254v\330\2408\354\371\377\356\274\001\027O\364<\213"
 485      D8A038EC 
 485      F9FFEEBC 
 485      01174FF4 
 485      3C8B
 486 0c1d D7C82B76 		.ascii	"\327\310+v\342\221T\345%`\372\371\220\264\344\2771I"
 486      E29154E5 
 486      2560FAF9 
 486      90B4E4BF 
 486      3149
 487 0c2f CD0F5CA6 		.ascii	"\315\017\\\246}\262T\373@\317\375\340\327y\020\365d"
 487      7DB254FB 
 487      40CFFDE0 
 487      D77910F5 
 487      64
 488 0c40 F2FA1527 		.ascii	"\362\372\025'\271\336\215\323\364&\212z\023\251\336"
 488      B9DE8DD3 
 488      F4268A7A 
 488      13A9DE
 489 0c4f 930DF9DB 		.ascii	"\223\015\371\333\235U\365r?^)J\302\363AV\377p_\366\034"
 489      9D55F572 
 489      3F5E294A 
 489      C2F34156 
 489      FF705FF6 
 490 0c64 83F8C92E 		.ascii	"\203\370\311.\371\007?\240\241dL\276\333\247&\016\266"
 490      F9073FA0 
 490      A1644CBE 
 490      DBA7260E 
 490      B6
 491 0c75 609CA6A7 		.ascii	"`\234\246\247\025\320WY\302\011\035}\261\000\363\304"
 491      15D05759 
 491      C2091D7D 
 491      B100F3C4 
 492 0c85 2F8713AD 		.ascii	"/\207\023\255;ohi\037y\007I\305\2643\255\271\250\300"
 492      3B6F6869 
 492      1F790749 
 492      C5B433AD 
 492      B9A8C0
 493 0c98 65D6978D 		.ascii	"e\326\227\215M\230\274l\244a\361e\343\330\266\272n\004"
 493      4D98BC6C 
 493      A461F165 
 493      E3D8B6BA 
 493      6E04
 494 0caa 2F1B95F4 		.ascii	"/\033\225\364e\343\235\226\003\364ec\337\373\024\210"
 494      65E39D96 
 494      03F46563 
 494      DFFB1488 
 495 0cba 52A42483 		.ascii	"R\244$\203\333\351/\033\351x\021\347b\216\012\2150G"
 495      DBE92F1B 
ARM GAS  C:\Users\user\AppData\Local\Temp\ccLHoUaf.s 			page 40


 495      E97811E7 
 495      628E0A8D 
 495      3047
 496 0ccc 448499C3 		.ascii	"D\204\231\303#\303m\372\017?\371\203\273\257\2677\247"
 496      23C36DFA 
 496      0F3FF983 
 496      BBAFB737 
 496      A7
 497 0cdd 0BF2F70B 		.ascii	"\013\362\367\013\265\205jB\327DG\030\314\346\365\341"
 497      B5856A42 
 497      D7444718 
 497      CCE6F5E1 
 498 0ced 91B6A53E 		.ascii	"\221\266\245>f\333\237W\377:$\332f\215\011Y\2756\374"
 498      66DB9F57 
 498      FF3A24DA 
 498      668D0959 
 498      BD36FC
 499 0d00 F3F018DB 		.ascii	"\363\360\030\333\372\260pk\210\315j\215\210\011\371"
 499      FAB0706B 
 499      88CD6A8D 
 499      8809F9
 500 0d0f 2272BD3B 		.ascii	"\"r\275;\275s\017\215^\347nY\367\271%,\314\022\026\362"
 500      BD730F8D 
 500      5EE76E59 
 500      F7B9252C 
 500      CC1216F2 
 501 0d23 EEDB4BDD 		.ascii	"\356\333K\335}\226x\277\367\027\357\020\350\377E\244"
 501      7D9678BF 
 501      F717EF10 
 501      E8FF45A4 
 502 0d33 35D2F20B 		.ascii	"5\322\362\013K\350\347\341!\341\221\253#\326\207YB\326"
 502      4BE8E7E1 
 502      21E191AB 
 502      23D68759 
 502      42D6
 503 0d45 8582AC48 		.ascii	"\205\202\254HK\2109\314\262&t}\204\315l\373[\224%\346"
 503      4B8839CC 
 503      B226747D 
 503      84CD6CFB 
 503      5B9425E6 
 504 0d59 EDB59CDE 		.ascii	"\355\265\234\336\256\364\177\177z\2451\177\213\0111"
 504      AEF47F7F 
 504      7AA5317F 
 504      8B0931
 505 0d68 C7D8C240 		.ascii	"\307\330\302@\003h\302\326\260hm\324\372\250\260h'k"
 505      0368C2D6 
 505      B0686DD4 
 505      FAA8B068 
 505      276B
 506 0d7a 4C94C512 		.ascii	"L\224\305\022\026\255\263\022+\242\265\353\254a\226"
 506      16ADB312 
 506      2BA2B5EB 
 506      AC6196
 507 0d89 681284B5 		.ascii	"h\022\204\265\037\371\376:\304\264jep\210/1\"\230\031"
 507      1FF9FE3A 
 507      C4B46A65 
 507      70882F31 
ARM GAS  C:\Users\user\AppData\Local\Temp\ccLHoUaf.s 			page 41


 507      229819
 508 0d9c 410DB2C6 		.ascii	"A\015\262\306x\277\367\256\2275\306kmh\204W\2245\332"
 508      78BFF7AE 
 508      9735C66B 
 508      6D688457 
 508      9435DA
 509 0daf 16E315BC 		.ascii	"\026\343\025\274\352\343\245>^\201\201~^\037\006\255"
 509      EAE3A53E 
 509      5E81817E 
 509      5E1F06AD 
 510 0dbf 58F9571F 		.ascii	"X\371W\0372d\2173\350s\213\261\255\003\307\276\210\012"
 510      32648F33 
 510      E8738BB1 
 510      AD03C7BE 
 510      880A
 511 0dd1 B79A632C 		.ascii	"\267\232c,\266\365Qf\233.\310\217\304[\027\344\313\232"
 511      B6F55166 
 511      9B2EC88F 
 511      C45B17E4 
 511      CB9A
 512 0de3 E5AC59C6 		.ascii	"\345\254Y\306\232\000\3228\007-\013\364\265F\256\011"
 512      9A00D238 
 512      072D0BF4 
 512      B546AE09 
 513 0df3 FFE2A7B3 		.ascii	"\377\342\247\263e5\367\257\216\365\007K\276\210\266"
 513      6535F7AF 
 513      8EF5074B 
 513      BE88B6
 514 0e02 AE8F223E 		.ascii	"\256\217\">\353\303\255\2441\333\214\341V\"f]h\314\237"
 514      EBC3ADA4 
 514      31DB8CE1 
 514      5622665D 
 514      68CC9F
 515 0e15 CD36CDB2 		.ascii	"\3156\315\262\017L\001\344'P\023\350\373\221I\263<\330"
 515      0F4C01E4 
 515      275013E8 
 515      FB9149B3 
 515      3CD8
 516 0e27 6442FF8D 		.ascii	"dB\377\215\002\264\253#,\241\321b\232x\277k\266\351"
 516      02B4AB23 
 516      2CA1D162 
 516      9A78BF6B 
 516      B6E9
 517 0e39 ED371884 		.ascii	"\3557\030\204\342\225~&\274\302\317\244\015\372C\220"
 517      E2957E26 
 517      BCC2CFA4 
 517      0DFA4390 
 518 0e49 9FC96965 		.ascii	"\237\311iep\220\277\277\237I\267r\325\377\004\371\233"
 518      7090BFBF 
 518      9F49B772 
 518      D5FF04F9 
 518      9B
 519 0e5a B41FAFF4 		.ascii	"\264\037\257\364\3637\341\345&\223Q\026\024\233\201"
 519      F337E1E5 
 519      26935116 
 519      149B81
 520 0e69 A90D0F33 		.ascii	"\251\015\0173\333\234M\376\301\376\246O\375\375\336"
ARM GAS  C:\Users\user\AppData\Local\Temp\ccLHoUaf.s 			page 42


 520      DB9C4DFE 
 520      C1FEA64F 
 520      FDFDDE
 521 0e78 33040506 		.ascii	"3\004\005\006\256\360\011\366\375\340C\22368\330\367"
 521      AEF009F6 
 521      FDE04393 
 521      3638D8F7 
 522 0e88 439363E8 		.ascii	"C\223c\350]\354\033\014\346\370\371J]\277t^\026\264"
 522      5DEC1B0C 
 522      E6F8F94A 
 522      5DBF745E 
 522      16B4
 523 0e9a DC2730C8 		.ascii	"\334'0\310\377\023\023\271\363fw\366\321w\234\227\005"
 523      FF1313B9 
 523      F36677F6 
 523      D1779C97 
 523      05
 524 0eab 2C5F2A8E 		.ascii	",_*\216\0068p\001J\334R'\"\005zH\353-\037\361q\"\022"
 524      06387001 
 524      4ADC5227 
 524      22057A48 
 524      EB2D1FF1 
 525 0ec2 E8488088 		.ascii	"\350H\200\210\010\230\216\360\326\223\271\246\340U&"
 525      08988EF0 
 525      D693B9A6 
 525      E05526
 526 0ed1 72E34D6E 		.ascii	"r\343Mn\034cK\364d6\033\013\260\203\002\030\010\373"
 526      1C634BF4 
 526      64361B0B 
 526      B0830218 
 526      08FB
 527 0ee3 AE306988 		.ascii	"\2560i\210\223N\340/iy_\223\223\237\357G\344\366\223"
 527      934EE02F 
 527      69795F93 
 527      939FEF47 
 527      E4F693
 528 0ef6 1F5EF9D5 		.ascii	"\037^\371\325\326u\353\254\221^\226\0156/\337\217\203"
 528      D675EBAC 
 528      915E960D 
 528      362FDF8F 
 528      83
 529 0f07 57044302 		.ascii	"W\004C\002\260\034\370\340\235\015\033\274h\220\327"
 529      B01CF8E0 
 529      9D0D1BBC 
 529      6890D7
 530 0f16 BCB3C47B 		.ascii	"\274\263\304{\203\005\022q\216\311\327\327\274\0122"
 530      83051271 
 530      8EC9D7D7 
 530      BC0A32
 531 0f25 DDCFB246 		.ascii	"\335\317\262FO\236\177\022\375\277\003C\224\251l"
 531      4F9E7F12 
 531      FDBF0343 
 531      94A96C
 532              		.text
 533              		.section	.gnu.lto_.symtab.7a941d12,"",%progbits
 534 0000 5F70616C 		.ascii	"_pal_lld_init\000"
 534      5F6C6C64 
ARM GAS  C:\Users\user\AppData\Local\Temp\ccLHoUaf.s 			page 43


 534      5F696E69 
 534      7400
 535 000e 00       		.ascii	"\000"
 536 000f 00       		.ascii	"\000"
 537 0010 00       		.ascii	"\000"
 538 0011 00000000 		.ascii	"\000\000\000\000\000\000\000\000"
 538      00000000 
 539 0019 EA000000 		.ascii	"\352\000\000\000"
 540 001d 5F70616C 		.ascii	"_pal_lld_setgroupmode\000"
 540      5F6C6C64 
 540      5F736574 
 540      67726F75 
 540      706D6F64 
 541 0033 00       		.ascii	"\000"
 542 0034 00       		.ascii	"\000"
 543 0035 00       		.ascii	"\000"
 544 0036 00000000 		.ascii	"\000\000\000\000\000\000\000\000"
 544      00000000 
 545 003e 2F010000 		.ascii	"/\001\000\000"
 546              		.text
 547              		.section	.gnu.lto_.opts,"",%progbits
 548 0000 272D666D 		.ascii	"'-fmath-errno' '-fsigned-zeros' '-ftrapping-math' '"
 548      6174682D 
 548      6572726E 
 548      6F272027 
 548      2D667369 
 549 0033 2D666E6F 		.ascii	"-fno-trapv' '-fno-openmp' '-fno-openacc' '-mcpu=cor"
 549      2D747261 
 549      70762720 
 549      272D666E 
 549      6F2D6F70 
 550 0066 7465782D 		.ascii	"tex-m4' '-mno-thumb-interwork' '-mthumb' '-ggdb' '-"
 550      6D342720 
 550      272D6D6E 
 550      6F2D7468 
 550      756D622D 
 551 0099 4F322720 		.ascii	"O2' '-fomit-frame-pointer' '-falign-functions=16' '"
 551      272D666F 
 551      6D69742D 
 551      6672616D 
 551      652D706F 
 552 00cc 2D666675 		.ascii	"-ffunction-sections' '-fdata-sections' '-fno-common"
 552      6E637469 
 552      6F6E2D73 
 552      65637469 
 552      6F6E7327 
 553 00ff 2720272D 		.ascii	"' '-flto'\000"
 553      666C746F 
 553      2700
 554              		.text
 555              		.comm	__gnu_lto_v1,1,1
 556              		.comm	__gnu_lto_slim,1,1
 557              		.ident	"GCC: (GNU Tools for ARM Embedded Processors 6-2017-q1-update) 6.3.1 20170215 (release) [AR
ARM GAS  C:\Users\user\AppData\Local\Temp\ccLHoUaf.s 			page 44


DEFINED SYMBOLS
                            *ABS*:00000000 hal_pal_lld.c
                            *COM*:00000001 __gnu_lto_v1
                            *COM*:00000001 __gnu_lto_slim

NO UNDEFINED SYMBOLS
