ARM GAS  C:\Users\user\AppData\Local\Temp\cce183t2.s 			page 1


   1              		.cpu cortex-m4
   2              		.eabi_attribute 20, 1
   3              		.eabi_attribute 21, 1
   4              		.eabi_attribute 23, 3
   5              		.eabi_attribute 24, 1
   6              		.eabi_attribute 25, 1
   7              		.eabi_attribute 26, 1
   8              		.eabi_attribute 30, 2
   9              		.eabi_attribute 34, 1
  10              		.eabi_attribute 18, 4
  11              		.file	"hal_pal.c"
  12              		.text
  13              	.Ltext0:
  14              		.section	.gnu.lto_.profile.7a941d24,"",%progbits
  15 0000 789C6365 		.ascii	"x\234ce`b`a```d\320\220\001\000\000\354\000Q"
  15      60626061 
  15      60606064 
  15      D0900100 
  15      00EC0051 
  16              		.text
  17              		.section	.gnu.lto_.icf.7a941d24,"",%progbits
  18 0000 789C6365 		.ascii	"x\234ce`b\020a@\000f\206\343\227n\235fc\334\276\377"
  18      60621061 
  18      40006686 
  18      E3976E9D 
  18      6663DCBE 
  19 0015 D00F76A6 		.ascii	"\320\017v\246u;\036\256\342e\000\000hQ\011\233"
  19      753B1EAE 
  19      E2650000 
  19      6851099B 
  20              		.text
  21              		.section	.gnu.lto_.jmpfuncs.7a941d24,"",%progbits
  22 0000 789C6365 		.ascii	"x\234ce`bPb@\000f\006FF\306zF&FF\346\372z&0\305\310"
  22      60625062 
  22      40006606 
  22      4646C67A 
  22      46264646 
  23 001b 069162AA 		.ascii	"\006\221b\252d\004Q\0009\324\002\300"
  23      64045100 
  23      39D402C0 
  24              		.text
  25              		.section	.gnu.lto_.inline.7a941d24,"",%progbits
  26 0000 789C6365 		.ascii	"x\234ce`b\370\316\200\000\314\014\014\234\034\214\314"
  26      6062F8CE 
  26      8000CC0C 
  26      0C9C1C8C 
  26      CC
  27 0011 0C0A8C20 		.ascii	"\014\012\214 &\210t\000\223\012\034l\037\364\030\330"
  27      26887400 
  27      930A1C6C 
  27      1FF418D8 
  28 0021 16C83331 		.ascii	"\026\310310\276`g\201\220 \202\003\314\344\000\021\002"
  28      30BE6067 
  28      81902082 
  28      03CCE400 
  28      1102
  29 0033 60A600C8 		.ascii	"`\246\000\310\030F\006>^F\026\210)\214@\022b\224\002"
ARM GAS  C:\Users\user\AppData\Local\Temp\cce183t2.s 			page 2


  29      1846063E 
  29      5E461688 
  29      298C4012 
  29      629402
  30 0046 C4406EA6 		.ascii	"\304@n\246\013\374\030F\001\305P\014aY /\001b)010\357"
  30      0BFC1846 
  30      01C5500C 
  30      6159202F 
  30      01622930 
  31 005d 10576000 		.ascii	"\020W`\000Zo\0012\231\211\201[\030\305}PC9\201r\304"
  31      5A6F0132 
  31      9989815B 
  31      18C57D50 
  31      43398172 
  32 0072 390F6893 		.ascii	"9\017h\223\004\310$\026^\240w'\370\201 \003\000\006"
  32      04C82416 
  32      5EA07727 
  32      F8812003 
  32      0006
  33 0084 0820CB   		.ascii	"\010 \313"
  34              		.text
  35              		.section	.gnu.lto_.pureconst.7a941d24,"",%progbits
  36 0000 789C6365 		.ascii	"x\234ce`b`g```f\220b\224b\222\004\000\001\307\000b"
  36      60626067 
  36      60606066 
  36      90629462 
  36      92040001 
  37              		.text
  38              		.section	.gnu.lto_palReadBus.7a941d24,"",%progbits
  39 0000 789C9591 		.ascii	"x\234\225\221\277k\024Q\020\307\347\373fowO\243\377"
  39      BF6B1451 
  39      10C7E7FB 
  39      666F774F 
  39      A3FF
  40 0012 8029AE08 		.ascii	"\200)\256\010\2044.\202\030H\033\260\025\214\345\201"
  40      84342E82 
  40      18481BB0 
  40      158CE581 
  41 0022 24679183 		.ascii	"$g\221\203\300\211k\352\274[\223\250\021\177 \211\227"
  41      C0896BEA 
  41      BC5B93A8 
  41      117F2089 
  41      97
  42 0033 A8972D34 		.ascii	"\250\227-4\304\250\371\351\217\"\325\221\010\202\340"
  42      C4A8F9E9 
  42      8F22D591 
  42      0882E0
  43 0042 8FA4B112 		.ascii	"\217\244\261\022Em\016\264\360\032\033\211\316\274K"
  43      456D0EB4 
  43      F01A1B89 
  43      CEBC4B
  44 0051 E00A9B14 		.ascii	"\340\012\233\024;o\346\315\314g\346\273/C\206bC\324"
  44      3B6FE6CD 
  44      CC67E6BB 
  44      2F438662 
  44      43D4
  45 0063 434447E4 		.ascii	"CDG\344\003\023\314\255wD\345\320\000\352\330\0204b"
ARM GAS  C:\Users\user\AppData\Local\Temp\cce183t2.s 			page 3


  45      0313CCAD 
  45      7744E5D0 
  45      00EAD810 
  45      3462
  46 0075 30829B5C 		.ascii	"0\202\233\\al\215\256\334\347\033\234J\231'\341\257"
  46      616C8DAE 
  46      DCE71B9C 
  46      4A9927E1 
  46      AF
  47 0086 B777BF1D 		.ascii	"\267w\277\035\326\020\310Ix\317n_\015\272\346\255Ml"
  47      D610C849 
  47      78CF6E5F 
  47      0DBAE6AD 
  47      4D6C
  48 0098 AD72DB9F 		.ascii	"\255r\333\237]\373`\263)\033\232\221\362Gh\307<\332"
  48      5DFB60B3 
  48      291B9A91 
  48      F24768C7 
  48      3CDA
  49 00aa 75C602BA 		.ascii	"u\306\002\272\244xl\2532\316\334\015\022\377\323\347"
  49      A4786CAB 
  49      32CEDC0D 
  49      12FFD3E7 
  50 00ba 2F0B61E7 		.ascii	"/\013a\347\234k|5\311\266#e\306cpk\243\\\021\236\240"
  50      9C6B7C35 
  50      C9B62365 
  50      C663706B 
  50      A35C119E 
  51 00cf 53EBBFAE 		.ascii	"S\353\277\256\356L\035\362\275\007L\312\026\344S\370"
  51      EE4C1DF2 
  51      BD074CCA 
  51      16E453F8 
  52 00df 9073791B 		.ascii	"\220sy\0335\273\363\367\262\255\375x\210\352\311\254"
  52      35BBF3F7 
  52      B2ADFD78 
  52      88EAC9AC 
  53 00ef 68900E96 		.ascii	"h\220\016\226^\317\023\223\311\210\361}\365\0025!\351"
  53      5ECF1393 
  53      C988F17D 
  53      F5023521 
  53      E9
  54 0100 76342108 		.ascii	"v4!\010\225zM\0029\271\216d\275~}\323Wj\225U\366\235"
  54      957A4D02 
  54      39B98E64 
  54      BD7E7DD3 
  54      576A9555 
  55 0116 B18DF781 		.ascii	"\261\215\367\201\352d\267\356\357\327o\256\264\245\250"
  55      EA64B7EE 
  55      EFD76FAE 
  55      B4A5A8
  56 0125 96ADB5B9 		.ascii	"\226\255\265\271\224\203*\033,\2526\311\315}O\226\202"
  56      94832A1B 
  56      2CAA36C9 
  56      CD7D4F96 
  56      82
  57 0136 68D13653 		.ascii	"h\3216S!\226\220bZw$,#\242:6\326\263M\260\327\012\016"
  57      21969062 
ARM GAS  C:\Users\user\AppData\Local\Temp\cce183t2.s 			page 4


  57      5A77242C 
  57      23A23A36 
  57      D6B34DB0 
  58 014d FF07CECA 		.ascii	"\377\007\316\312t\254\354\202?6\032\233m\002\036-k\352"
  58      74ACEC82 
  58      3F361A9B 
  58      6D021E2D 
  58      6BEA
  59 015f 00561D58 		.ascii	"\000V\035XUc\315\201\223=pf_+\036\3043G2Jz\356H\227"
  59      5563CD81 
  59      933D7066 
  59      5F2B1EC4 
  59      3347324A 
  60 0177 1AE368A2 		.ascii	"\032\343h\242tM\001\266\322\203}\321\015^8\272{\245"
  60      744D01B6 
  60      D2837DD1 
  60      0D5E38BA 
  60      7BA5
  61 0189 974DFA9F 		.ascii	"\227M\372\237=z\350\006\004\364\023In\367F\177\324\204"
  61      3D7AE806 
  61      04F41349 
  61      6EF7467F 
  61      D484
  62 019b A8927790 		.ascii	"\250\222w\220\205\216\367\366\344O\2379\325\227\357"
  62      858EF7F6 
  62      E44F9F39 
  62      D597EF
  63 01aa 1D2C0E14 		.ascii	"\035,\016\024\373.\016\237+\226\362\005\365K\361\261"
  63      FB2E0E9F 
  63      2B96F205 
  63      F54BF1B1 
  64 01ba EE135129 		.ascii	"\356\023Q)\216\006\373\207\242\370BA\317\263\347\373"
  64      8E06FB87 
  64      A2F84241 
  64      CFB3E7FB 
  65 01ca 878E1688 		.ascii	"\207\216\026\210\007\206\343\177\307\214\321s"
  65      0786E37F 
  65      C78CD173 
  66              		.text
  67              		.section	.gnu.lto_palWriteBus.7a941d24,"",%progbits
  68 0000 789C9553 		.ascii	"x\234\225SKh\023Q\024}g\336d>\311D]\012v\321\205\020"
  68      4B681351 
  68      147D67DE 
  68      643EC944 
  68      5D0A76D1 
  69 0016 BA7110C4 		.ascii	"\272q\020\304\202.\\\024\\*X\227\001i\342\242\201B\304"
  69      822E5C14 
  69      5C2A5897 
  69      0169E2A2 
  69      8142C4
  70 0029 B4EB4E62 		.ascii	"\264\353Nb\223J\213\037\220&U\032F\224Z\243\366\347"
  70      934A8B1F 
  70      9026551A 
  70      46945AA3 
  70      F6E7
  71 003b 3F5D4888 		.ascii	"?]H\210\213\202T\245]\350FQ\264\012]\010\265\010\272"
  71      8B8254A5 
ARM GAS  C:\Users\user\AppData\Local\Temp\cce183t2.s 			page 5


  71      5DE84651 
  71      B40A5D08 
  71      B508BA
  72 004e 90D47BDF 		.ascii	"\220\324{\3374Z\305M\037\274\373\336\375\235w\357\271"
  72      345AC54D 
  72      1FBCFBDE 
  72      FD9D77EF 
  72      B9
  73 005f 3321A189 		.ascii	"3!\241\211#R\210CB\210]\264!\005\264\213/\204\310Z\032"
  73      23528843 
  73      42885DB4 
  73      2105B48B 
  73      2F84C85A 
  74 0074 C017CF82 		.ascii	"\300\027\317\202\350\327\320\217\013\262$Q\037\374\\"
  74      E8D7D08F 
  74      0BB22451 
  74      1FFC5C
  75 0083 D5DA263C 		.ascii	"\325\332&<Z\265\3227\243\340\345w\372\224~\2316/L\240"
  75      5AB5D237 
  75      A3E0E577 
  75      FA947E99 
  75      362F4CA0 
  76 0097 8DA21607 		.ascii	"\215\242\026\007f\306\344y\351K@'\365\353\363+\037\267"
  76      66C6E479 
  76      E94B4027 
  76      F5EBF32B 
  76      1FB7
  77 00a9 B1AAA195 		.ascii	"\261\252\241\225\324\374b\251 e;\004\335\337\276{_\261"
  77      D4FC62A9 
  77      20653B04 
  77      DDDFBE7B 
  77      5FB1
  78 00bb 62E39E97 		.ascii	"b\343\236\227\363j\013\227\244\267\333\227\022\267 "
  78      F36A0B97 
  78      A4B7DB97 
  78      12B720
  79 00ca 091015B4 		.ascii	"\011\020\025\264\340&Z\004\231\004n#F\341\345\306\265"
  79      E0265A04 
  79      99046E23 
  79      46E1E5C6 
  79      B5
  80 00db F9883CA8 		.ascii	"\371\210<\250R\253\376X\305\330H}3\242Ru\334\3717U\027"
  80      52ABFE58 
  80      C5D8487D 
  80      33A25275 
  80      DCF93755 
  81 00f0 98448CE3 		.ascii	"\230D\214\343?\3146F\242\206~\275Y.\246`\200\316\351"
  81      3FCC3646 
  81      A2867EBD 
  81      592EA660 
  81      80CEE9
  82 0103 25D4BCC6 		.ascii	"%\324\274\306\372 \025p\003\353\207\267S\337\364\230"
  82      FA201570 
  82      03EB87B7 
  82      53DFF498 
  83 0113 A4DC900E 		.ascii	"\244\334\220\016N\016\321\3250X\230,,\022\246\315\""
  83      4E0ED1D5 
ARM GAS  C:\Users\user\AppData\Local\Temp\cce183t2.s 			page 6


  83      3058982C 
  83      2C12A6CD 
  83      22
  84 0124 CC6A8485 		.ascii	"\314j\204\205\303\"\312B\210!\002g\342\206\245\306\247"
  84      C322CA42 
  84      88210267 
  84      E286A5C6 
  84      A7
  85 0135 5C416E6E 		.ascii	"\\Ann\345I\222\237+K\346\260\230\257\2774\231\016\251"
  85      E549929F 
  85      2B4BE6B0 
  85      98AFBF34 
  85      990EA9
  86 0148 FAF83EFF 		.ascii	"\372\370>\377\354\254\343\243\234%N[}i\225\211\246i"
  86      ECACE3A3 
  86      9C254E5B 
  86      7D699589 
  86      A669
  87 015a AA9D7DE3 		.ascii	"\252\235}\343\313\271)\323\235\364\002\227\215\031\370"
  87      CBB929D3 
  87      9DF40297 
  87      8D19F8
  88 0169 18555C63 		.ascii	"\030U\\c\026\256 \350F\001\001r\250L\275\362[v\240\033"
  88      16AE20E8 
  88      46010172 
  88      A84CBDF2 
  88      5B76A01B 
  89 017d 5B82D671 		.ascii	"[\202\326qWA3!\270\247\240\317\374lB\233\012\335\330"
  89      57413321 
  89      B8A7A0CF 
  89      FC6C429B 
  89      0ADDD8
  90 0190 8C6E6D09 		.ascii	"\214nm\011=\214\373\012]c\364\007\001z\261\211n\007"
  90      3D8CFB0A 
  90      5D63F407 
  90      017AB189 
  90      6E07
  91 01a2 684BAB0B 		.ascii	"hK\253\013\345\010\263bb\007\036\022\014\305\2546c\302"
  91      E508B362 
  91      62071E12 
  91      0CC5AC36 
  91      63C2
  92 01b4 AA08FBAF 		.ascii	"\252\010\373\257\252\"\324pP\325\2378G\231-\266\375"
  92      AA22D470 
  92      50D59F38 
  92      47992DB6 
  92      FD
  93 01c5 68DAA22A 		.ascii	"h\332\242*\335![\275\250\252\337<\002\373\177# \010"
  93      DD215BBD 
  93      A8AADF3C 
  93      02FB7F23 
  93      2008
  94 01d7 89471B9D 		.ascii	"\211G\033\235\274^[{\352P'\003Yv9x\254:\341\031\220"
  94      BC5E5B7B 
  94      EA502703 
  94      59763978 
  94      AC3AE119 
ARM GAS  C:\Users\user\AppData\Local\Temp\cce183t2.s 			page 7


  95 01ec 7378F9D3 		.ascii	"sx\371\323\253\320og\024U\270\2434\006\352r\016.=-\276"
  95      ABD06F67 
  95      1455B8A3 
  95      3406EA72 
  95      0E2E3D2D 
  96 0201 207775FD 		.ascii	" wu\375\234\252D\375 C\3040}\024D\304\276\216\003\361"
  96      9CAA44FD 
  96      2043C430 
  96      7D1444C4 
  96      BE8E03F1 
  97 0215 63C78F76 		.ascii	"c\307\217v\306;\272S\211Tgo\337\311T:\236\344{:\263"
  97      C63BBA53 
  97      8954676F 
  97      DFC9543A 
  97      9EE47B3A 
  98 022a B77DBF9B 		.ascii	"\267}\277\233\316\270\335]=n\346t\222\317\023\247\272"
  98      CEB8DD5D 
  98      3D6EE674 
  98      92CF13A7 
  98      BA
  99 023b 7AF62485 		.ascii	"z\366$\205L\364e\364D\2527\363\013{\024\021\307"
  99      4CF465F4 
  99      44AA37F3 
  99      0B7B1411 
  99      C7
 100              		.text
 101              		.section	.gnu.lto_palSetBusMode.7a941d24,"",%progbits
 102 0000 789C9592 		.ascii	"x\234\225\222OhSA\020\306\347\333y\311{\261\255g\301"
 102      4F685341 
 102      10C6E7DB 
 102      79C97BB1 
 102      AD67C1
 103 0013 1E721042 		.ascii	"\036r\020B/>\004\261\240\007\017=x\024\254\007\017\001"
 103      2F3E04B1 
 103      A0070F3D 
 103      7814AC07 
 103      0F01
 104 0025 6913A181 		.ascii	"i\023\241\201J\304\330s\266\321\244R\241\025J\215\025"
 104      4AC4D873 
 104      B6D1A452 
 104      A1154A8D 
 104      15
 105 0036 C31324D4 		.ascii	"\303\023$\324\252\375gU\210\"\204^\004\377\322^\265"
 105      AAFD6755 
 105      8822845E 
 105      04FFD25E 
 105      B5
 106 0047 282A42D1 		.ascii	"(*B\321\202\342\301\213Vg6z\320[\027vwvw\276\337\316"
 106      82E2C18B 
 106      5667367A 
 106      D05B1776 
 106      777677BE 
 107 005d 7E6C8C0C 		.ascii	"~l\214\014e\015\321A\"\332)\035L0\027_\020\015\007\006"
 107      650DD141 
 107      22DA291D 
 107      4C30175F 
 107      100D0706 
ARM GAS  C:\Users\user\AppData\Local\Temp\cce183t2.s 			page 8


 108 0071 D0C006A0 		.ascii	"\320\300\006\240\242A\021\343\\e,\217|l\230\256i+\255"
 108      A24111E3 
 108      5C652C8F 
 108      7C6C98AE 
 108      692BAD
 109 0084 595DF52B 		.ascii	"Y]\365+\266\274#b\242)\351\3320\215.\311Z9\267p\225"
 109      B6BC2362 
 109      A229E9DA 
 109      308D2EC9 
 109      5A39B770 
 110 0099 C73862C0 		.ascii	"\3078b\300\223\345\327\347W\336o\327\245AR\226\345\225"
 110      93E5D7E7 
 110      57DE6FD7 
 110      A5415296 
 110      E595
 111 00ab 6A85B91B 		.ascii	"j\205\271\033$\361\332\233\2673A\252nm\3116_O\260\335"
 111      24F1DA9B 
 111      B73341AA 
 111      6E6DC936 
 111      5F4FB0DD 
 112 00bf 1531E326 		.ascii	"\0251\343&X\200\230A'n\240\223d\213p\013)I\377\266T"
 112      58809841 
 112      276EA093 
 112      648B700B 
 112      2949FFB6 
 113 00d4 9F68E303 		.ascii	"\237h\343\003N\372t\354\321\261?\312g\223N\351\341\366"
 113      4EFA74EC 
 113      D1B13FCA 
 113      67934EE9 
 113      E1F6
 114 00e6 FF4A8F30 		.ascii	"\377J\2170\213\224\246\277[\334\234\354\210{\327\377"
 114      8B94A6BF 
 114      5BDC9CEC 
 114      887BD7FF 
 115 00f6 568B39C4 		.ascii	"V\2139\304!\363\374*\232v\363\327\210m\376\250c\355"
 115      21F3FC2A 
 115      9A76F3D7 
 115      886DFEA8 
 115      63ED
 116 0108 50429E2D 		.ascii	"PB\236-w\261hc\236\014\361\230\014~\\#\037\216E\243"
 116      77B16863 
 116      9E0CF198 
 116      0C7E5C23 
 116      1F8E45A3 
 117 011c 2257672E 		.ascii	"\"Wg.\260\321\231\327Qz\260\276\221Q`\215\325\244K\345"
 117      B0D199D7 
 117      517AB0BE 
 117      9151608D 
 117      D5A44BE5 
 118 0130 E597BEBE 		.ascii	"\345\227\276\276\227]\241\337\037?9\337\036\2416,\246"
 118      975DA1DF 
 118      1F3F39DF 
 118      1EA1362C 
 118      A6
 119 0141 25230E6A 		.ascii	"%#\016j\342\303\274T\247g\365\017\2459?\234\265\255"
 119      E2C3BC54 
 119      A767F50F 
ARM GAS  C:\Users\user\AppData\Local\Temp\cce183t2.s 			page 9


 119      A5393F9C 
 119      B5AD
 120 0153 A3041610 		.ascii	"\243\004\026\020\341\2623\023\213\010I\321\211\026\330"
 120      E1B23313 
 120      8B0849D1 
 120      8916D8
 121 0162 DB12691B 		.ascii	"\333\022i\033\3568\222\276\020K\377\222b[\"\265\341"
 121      EE3892BE 
 121      104BFF92 
 121      625B22B5 
 121      E1
 122 0173 AE231925 		.ascii	"\256#\031%\335s\244\263_*h\241\264.\001\322'T\222\272"
 122      DD73A4B3 
 122      5F2A68A1 
 122      B42E01D2 
 122      275492BA 
 123 0187 A3F246E3 		.ascii	"\243\362F\343\363+\277\370\323\006\021\267Oi\001\270"
 123      F32BBFF8 
 123      D30611B7 
 123      4F6901B8 
 124 0197 8F228933 		.ascii	"\217\"\2113.\335\217\270\2036P\272\366p\3341\334\267"
 124      2EDD8FB8 
 124      833650BA 
 124      F670DC31 
 124      DCB7
 125 01a9 19953471 		.ascii	"\031\2254qR\256\330\333\263?}\344\350\341\336t\317@"
 125      52AED8DB 
 125      B33F7DE4 
 125      E8E1DE74 
 125      CF40
 126 01bb AE3FD77B 		.ascii	"\256?\327{f(\233\313\2473\032\347\013{\272\367\205\371"
 126      66289BCB 
 126      A7331AE7 
 126      0B7BBAF7 
 126      85F9
 127 01cd 4238D037 		.ascii	"B8\3207\030\026Ngt>~\252opw\206\270\177\250\340\235"
 127      18164E67 
 127      743E7EAA 
 127      6F707786 
 127      B87FA8E0 
 128 01e2 CC674FFC 		.ascii	"\314gO\374\006\323I\3179"
 128      06D349CF 
 128      39
 129              		.text
 130              		.section	.gnu.lto_.symbol_nodes.7a941d24,"",%progbits
 131 0000 789C6365 		.ascii	"x\234ce`b\010d\000\002\246\251L\365\014\014\023\316"
 131      60620864 
 131      0002A6A9 
 131      4CF50C0C 
 131      13CE
 132 0012 313000A9 		.ascii	"10\000\251]\015\216@\221iL\365\214\250\"\323\231\352"
 132      5D0D8E40 
 132      91694CF5 
 132      8CA822D3 
 132      99EA
 133 0024 99504418 		.ascii	"\231PD\030g1\3253\203E\030\030\032\032\034\030\030\230"
 133      6731D533 
ARM GAS  C:\Users\user\AppData\Local\Temp\cce183t2.s 			page 10


 133      83451818 
 133      1A1A1C18 
 133      1898
 134 0036 99981996 		.ascii	"\231\230\031\226<\374\307\310\000\000;c\023\370"
 134      3CFCC7C8 
 134      00003B63 
 134      13F8
 135              		.text
 136              		.section	.gnu.lto_.refs.7a941d24,"",%progbits
 137 0000 789C6365 		.ascii	"x\234ce`b`d\000\002\000\000I\000\011"
 137      60626064 
 137      00020000 
 137      490009
 138              		.text
 139              		.section	.gnu.lto_.decls.7a941d24,"",%progbits
 140 0000 789CB558 		.ascii	"x\234\265X{P\024G\032\237oz\027\227aA\013\274\234U1"
 140      7B501447 
 140      1A9F6F7A 
 140      17976141 
 140      0BBC9C55 
 141 0015 29CE42DD 		.ascii	")\316B\335\273\272\210\340U\264\362\250\362\242&\246"
 141      BBBA88E0 
 141      55B4F2A8 
 141      F2A226A6 
 142 0025 620E6B35 		.ascii	"b\016k5\311]\035U{\010k\244\202\254\307.W\225\277nx"
 142      C95D1D55 
 142      7B086BA4 
 142      82ACC72E 
 142      5795BF6E 
 143 003a 18DF026A 		.ascii	"\030\337\002j\020\361\021\036\242 *\304\370\"\200!\200"
 143      10F1111E 
 143      A2202AC4 
 143      F8228021 
 143      80
 144 004b 2F105022 		.ascii	"/\020P\"\362\020\004\337\032\015\362\212\"Q\271\257"
 144      F21004DF 
 144      1A0DF28A 
 144      2251B9AF 
 145 005b BB6777C6 		.ascii	"\273gw\306\315n*Uw7EOO\367\374\276\357\373}\217\356"
 145      CD6E2A55 
 145      7737454F 
 145      4FF7FCBE 
 145      EFFB7D8F 
 146 0070 E9452F88 		.ascii	"\351E/\210\202_\220 L&\202 \203 \214\342\245\023\004"
 146      825F9020 
 146      4C268220 
 146      83208CE2 
 146      A51304
 147 0083 E180A05E 		.ascii	"\341\200\240^t\354\207\357\306a\233\200\355e\020~v\375"
 147      74EC87EF 
 147      C6619B80 
 147      ED65107E 
 147      76FD
 148 0095 56140423 		.ascii	"V\024\004#\366\201\330\306c+\303f@\334\020\366S\261"
 148      F681D8C6 
 148      632BC366 
 148      40DC10F6 
ARM GAS  C:\Users\user\AppData\Local\Temp\cce183t2.s 			page 11


 148      53B1
 149 00a7 45601B83 		.ascii	"E`\033\203\343G\330\017`;\201\355\231\242\033p\376\036"
 149      E347D80F 
 149      603B81ED 
 149      99A21B70 
 149      FE1E
 150 00b9 5582BD08 		.ascii	"U\202\275\010\254c\366h\377\212\233\255\337\241\235"
 150      AC63F668 
 150      FF8A9BAD 
 150      DFA19D
 151 00c8 00EC3FD4 		.ascii	"\000\354?\324\330\242v\250=O\266\236)\366\332\025\233"
 151      D8A276A8 
 151      3D4FB69E 
 151      29F6DA15 
 151      9B
 152 00d9 7AC51EB5 		.ascii	"z\305\036\265C\015\364b\327\306\037\231\177\264\017"
 152      430DF462 
 152      D7C61F99 
 152      7FB40F
 153 00e8 77B319E6 		.ascii	"w\263\031\346\305f\220\027\377\312\024\2733p\374\022"
 153      C5669017 
 153      FFCA14BB 
 153      3370FC12 
 154 00f8 36E26613 		.ascii	"6\342f\023\325\271\342H\247^w\263\267\225\300\321\015"
 154      D5B9E248 
 154      A75E77B3 
 154      B795C0D1 
 154      0D
 155 0109 B595E215 		.ascii	"\265\225\342\025\350\004\304\30286\013\300\357\300\032"
 155      E804C4C2 
 155      38360BC0 
 155      EFC01A
 156 0118 1B8E3A2F 		.ascii	"\033\216:/\0006\217\263\242\240(uN\201SB\031\213\312"
 156      00368FB3 
 156      A2A02875 
 156      4E815342 
 156      198BCA
 157 012b 505454B2 		.ascii	"PTT\262?E\0304\032\371kn\311yq\372\374\201\2119\245"
 157      3F451834 
 157      1AF96B6E 
 157      C97971FA 
 157      FC818939 
 158 0140 41540D00 		.ascii	"AT\015\000h\0054\0129m\345\275\213\237\240:\007N\357"
 158      6805340A 
 158      396DE5BD 
 158      8B9FA03A 
 158      074EEF
 159 0153 FBB79DBB 		.ascii	"\373\267\235\273%uC\027\235\315\231\015l\356js\305S"
 159      25754317 
 159      9DCD990D 
 159      6CEE6A73 
 159      C553
 160 0165 03C110E2 		.ascii	"\003\301\020\342s\367\343\302\267\247\355\227\371ex"
 160      73F7E3C2 
 160      B7A7ED97 
 160      F96578
 161 0174 490DDB85 		.ascii	"I\015\333\205\324\322\035d#\201@\011tTOC\366\365\000"
ARM GAS  C:\Users\user\AppData\Local\Temp\cce183t2.s 			page 12


 161      D4D21D64 
 161      23814009 
 161      74544F43 
 161      F6F500
 162 0187 1C8E9720 		.ascii	"\034\216\227 \030\207\331\345Cuz\376\326\200\303\321"
 162      1887D9E5 
 162      43757AFE 
 162      D680C3D1 
 163 0197 3DA56B0C 		.ascii	"=\245k\014\344\005\246\261\353LQ1\025\234*\001%;\026"
 163      E405A6B1 
 163      EB4C5131 
 163      159C2A01 
 163      253B16
 164 01aa A74AEE97 		.ascii	"\247J\356\227=\366\347S\024\321\2346\260{\014y\221>"
 164      3DF6E753 
 164      14D19C36 
 164      B07B0C79 
 164      913E
 165 01bc 8BDBEA5A 		.ascii	"\213\333\352Z\253u`\222\366P\373U\217\206\246f\254\222"
 165      AB756092 
 165      F650FB55 
 165      8F86A666 
 165      AC92
 166 01ce 6511BE02 		.ascii	"e\021\276\002\011\276\004\002\373`\032\365f\252\204"
 166      09BE0402 
 166      FB601AF5 
 166      66AA84
 167 01dd F7D5B29C 		.ascii	"\367\325\262\234,\247\247\310\276\363\005\330\017\023"
 167      2CA7A7C8 
 167      BEF305D8 
 167      0F13
 168 01eb A118260A 		.ascii	"\241\030&\012p\010LT-\305A)N\226\340$\232(\332\235\221"
 168      70084C54 
 168      2DC54129 
 168      4E96E024 
 168      9A28DA9D 
 169 0200 E7433601 		.ascii	"\347C6\001\263q\352\304\3456\035H&\217\012\216zP\300"
 169      B371EAC4 
 169      E5361D48 
 169      268F0A8E 
 169      7A50C0
 170 0213 C974174F 		.ascii	"\311t\027O:\265\222\2229\202d\016\253d\220\033\017Q"
 170      3AB59292 
 170      3982640E 
 170      AB64901B 
 170      0F51
 171 0225 6AEDC30C 		.ascii	"j\355\303\014\177\362\204\033\331x\362\364c\275\313"
 171      7FF2841B 
 171      D978F2F4 
 171      63BDCB
 172 0234 91A6B36F 		.ascii	"\221\246\263o4]\224\345`(C\331c\252\354\021\360\352"
 172      345D94E5 
 172      602843D9 
 172      63AAEC11 
 172      F0EA
 173 0246 C971CF9E 		.ascii	"\311q\317\236\264\364\017d\006\220\026\236\255\355\203"
 173      B4F40F64 
ARM GAS  C:\Users\user\AppData\Local\Temp\cce183t2.s 			page 13


 173      0690169E 
 173      ADED83
 174 0255 5D777D79 		.ascii	"]w}y\330M\232\244\004\362\244\014\347\336\330$\222N"
 174      D84D9AA4 
 174      04F2A40C 
 174      E7DED824 
 174      924E
 175 0267 0E5DBD7F 		.ascii	"\016]\275\177c\015\221\320R\312\257r\031%JG\267\364"
 175      630D91D0 
 175      52CAAF72 
 175      19254A47 
 175      B7F4
 176 0279 F893AB5C 		.ascii	"\370\223\253\\\2747\365f\217\037W=\001\207\007\206\273"
 176      BC37F566 
 176      8F1F573D 
 176      01870786 
 176      BB
 177 028a 8FEAC92D 		.ascii	"\217\352\311-\376n\303\226\352j\035\271\307\007\371"
 177      FE6EC396 
 177      EA6A1DB9 
 177      C707F9
 178 0299 DB3256E9 		.ascii	"\3332V\351I\037\037\024mJ/\225\310\000\0374\367\235"
 178      491F1F14 
 178      6D4A2F95 
 178      C8001F34 
 178      F79D
 179 02ab DBE9C74B 		.ascii	"\333\351\307Kf\034\016O\216>\252\032\3135\2128\314\332"
 179      661C0E4F 
 179      8E3EAA1A 
 179      CB358A38 
 179      CCDA
 180 02bd D73AE24B 		.ascii	"\327:\342K\2068\264`\344\247>Z3Sh\315\020M\305L\341"
 180      8638B460 
 180      E4A73E5A 
 180      335368CD 
 180      104DC54C 
 181 02d2 15F34DFD 		.ascii	"\025\363M\375\331=F2\302\300bzn\361:_g:\321=\275I\200"
 181      D93D4632 
 181      C2C0627A 
 181      6EF13A5F 
 181      673AD13D 
 182 02e9 93E8C629 		.ascii	"\223\350\306)\352\3339\364m\212\342\333Y\234<\343J\347"
 182      EADB39F4 
 182      6D8AE2DB 
 182      599C3CE3 
 182      4AE7
 183 02fb A3C32F97 		.ascii	"\243\303/\227\311\3628\250\307\214\324\251\031\231\242"
 183      C9F238A8 
 183      C78CD4A9 
 183      1999A2
 184 030a 24F344C6 		.ascii	"$\363D\306\345[\022YI\230\211')\231\017\324\252\354"
 184      E55B1259 
 184      49988927 
 184      29990FD4 
 184      AAEC
 185 031c 2E0EAF65 		.ascii	".\016\257e\205\320\204\242\015\252h\275\232Lw\032\215"
 185      85D084A2 
ARM GAS  C:\Users\user\AppData\Local\Temp\cce183t2.s 			page 14


 185      0DAA68BD 
 185      9A4C771A 
 185      8D
 186 032d 1E68A091 		.ascii	"\036h\240\221\344\341\274\012\003u\024\007\272\301\207"
 186      E4E1BC0A 
 186      03751407 
 186      BAC187
 187 033c EB3B2408 		.ascii	"\353;$\010\012\0111eP3\351\262<[T\263$\300\005\010\242"
 187      0A093165 
 187      5033E9B2 
 187      3C5B54B3 
 187      24C00508 
 188 0351 0AE022EA 		.ascii	"\012\340\"\352\372\016B\240\031B\330\342\314\243\006"
 188      FA0E42A0 
 188      1942D8E2 
 188      CCA306
 189 0360 B1C2422A 		.ascii	"\261\302B*\007zdy\255\221\321:\215\264\250\200\213A"
 189      077A6479 
 189      AD91D13A 
 189      8DB4A880 
 189      8B41
 190 0372 28557192 		.ascii	"(Uq\222*R\004\252\337\314\222\253\222\011C\237\367\210"
 190      2A5204AA 
 190      DFCC92AB 
 190      9209439F 
 190      F788
 191 0384 0EA360EE 		.ascii	"\016\243`\356\362\263\012\011\267\003\212\021\024o\371"
 191      F2B30A09 
 191      B7038A11 
 191      146FF9
 192 0393 B6A0BB78 		.ascii	"\266\240\273x\245\027WU\310xSH\036\003^\252\014Hbj\251"
 192      A5175755 
 192      C8785348 
 192      1E035EAA 
 192      0C48626A 
 193 03a8 BA5A547B 		.ascii	"\272ZT{\011\306\253\225\246\252\335\304\\L\221g\353"
 193      09C6AB95 
 193      A6AADDC4 
 193      5C4C9167 
 193      EB
 194 03b9 B42E5230 		.ascii	"\264.R0u\261\025]lC\027[\024\0279\211\336\212\011I\262"
 194      75B1155D 
 194      6C43175B 
 194      14173989 
 194      DE8A0949 
 195 03ce 0C14A565 		.ascii	"\014\024\245e\301\335yX\021\2709E>3\235\255\316\032"
 195      C1DD7958 
 195      11B83945 
 195      3E339DAD 
 195      CE1A
 196 03e0 EF8631EA 		.ascii	"\357\2061\352\003\025\365\347\304\361\310 \311+\003"
 196      0315F5E7 
 196      C4F1C820 
 196      C92B03
 197 03ef E139F39A 		.ascii	"\3419\363\232\342\015\344\305\233Z\323r\304H6\261\304"
 197      E20DE4C5 
 197      9B5AD372 
ARM GAS  C:\Users\user\AppData\Local\Temp\cce183t2.s 			page 15


 197      C44836B1 
 197      C4
 198 0400 C1CDFA92 		.ascii	"\301\315\372\222d\003\311\344\203]\015\007\353\365$"
 198      6403C9E4 
 198      835D0D07 
 198      EBF524
 199 040f 9B0FCA8B 		.ascii	"\233\017\312\213\0176\213$\207\017\366\227\365\255\003"
 199      0F368B24 
 199      870FF697 
 199      F5AD03
 200 041e 52C807FD 		.ascii	"R\310\007\375\253J\034\244\204?\247\356Lo\022\271\356"
 200      AB4A1CA4 
 200      843FA7EE 
 200      4C6F12B9 
 200      EE
 201 042f 3FE23073 		.ascii	"?\3420s\315\216\036\035_'=te\034\272TXn G\030\326?\275"
 201      CD8E1E1D 
 201      5F273D74 
 201      651CBA54 
 201      586E2047 
 202 0447 28FD9804 		.ascii	"(\375\230\004!x\005\205\360\313\224'\247\246`:\337\330"
 202      21780585 
 202      F0CB9427 
 202      A7A6603A 
 202      DFD8
 203 0459 2657A562 		.ascii	"&W\245b\335\242\373\335\350\376\035\214\377\363\356"
 203      DDA2FBDD 
 203      E8FE1D8C 
 203      FFF3EE
 204 0468 EF57924F 		.ascii	"\357W\222O\321#o\252\350\353\356\350rpE\213\243\277"
 204      D1236FAA 
 204      E8EBEEE8 
 204      7270458B 
 204      A3BF
 205 047a D7A0BF71 		.ascii	"\327\240\277qGW\270\243\0074\350J\317hN\305U\346\230"
 205      4757B8A3 
 205      0734E84A 
 205      CF684EC5 
 205      55E698
 206 048d 816B08B8 		.ascii	"\201k\010\270\312\336\335Q\312\274\017k\340>&\341\006"
 206      CADEDD51 
 206      CABC0F6B 
 206      E03E26E1 
 206      06
 207 049e B6BBD87E 		.ascii	"\266\273\330~\300v\017\333\003l\275\330\276\307v\013"
 207      C0760FDB 
 207      036CBDD8 
 207      BEC7760B 
 208 04ae DB6D6C37 		.ascii	"\333ml7]K\201\022\250\323\204\342\212;\201\003\356t"
 208      5D4B8112 
 208      A8D384E2 
 208      8A3B8103 
 208      EE74
 209 04c0 AF69E87E 		.ascii	"\257i\350~\353\216\256\002\367\310uh\224w\272\303;\334"
 209      EB8EAE02 
 209      F7C87568 
 209      9477BAC3 
ARM GAS  C:\Users\user\AppData\Local\Temp\cce183t2.s 			page 16


 209      3BDC
 210 04d2 958FBCAE 		.ascii	"\225\217\274\256\242{<fE\003n\326\250\356\362\314\333"
 210      A27B3C66 
 210      45036ED6 
 210      A8EEF2CC 
 210      DB
 211 04e3 C50417D9 		.ascii	"\305\004\027\331\225J\211\343\333\261f\253=3\327h\277"
 211      954A89E3 
 211      DBB166AB 
 211      3D33D768 
 211      BF
 212 04f4 E55C2054 		.ascii	"\345\\ T\375e\317\314\271ze\265\225\007\262\325v\307"
 212      FD65CFCC 
 212      B97A65B5 
 212      9507B2D5 
 212      76C7
 213 0506 7DCD4355 		.ascii	"}\315CU\303\360a=)\343[\343\335\355w\212\307@\220\311"
 213      C3F0613D 
 213      29E35BE3 
 213      DDED778A 
 213      C74090C9 
 214 051a 53326110 		.ascii	"S2a\020s\370\337\344\22339u\302\207n>\003\250\250_\335"
 214      73F8DFE4 
 214      93333975 
 214      C2876E3E 
 214      03A8A85F 
 215 052f 6D292F46 		.ascii	"m)/Fgm]GZ\200q\255\353\033\312\200\352\212\036\002\243"
 215      676D5D47 
 215      5A8071AD 
 215      EB1BCA80 
 215      EA8A1E02 
 216 0544 2282D863 		.ascii	"\"\202\330ck\262n\373\223S\234zKc\177Y\000\230\214\334"
 216      6BB26EFB 
 216      93539C7A 
 216      4B637F59 
 216      00988CDC 
 217 0558 4A63C7B8 		.ascii	"Jc\307\270\024\352\357#\304\377\250\232Aq\354\274h\207"
 217      14EAEF23 
 217      C4FFA89A 
 217      4171ECBC 
 217      6887
 218 056a 87E8D473 		.ascii	"\207\350\324s\006~\272\263\245\035\370Z6\322\015\276"
 218      067EBAB3 
 218      A51DF85A 
 218      36D20DBE 
 219 057a BC3D63AC 		.ascii	"\274=c\254\262\226\351\353\241\315\035\335\001\344\002"
 219      B296E9EB 
 219      A1CD1DDD 
 219      01E402
 220 0589 79EE6414 		.ascii	"y\356d\024\361\363\223Q\004\377\316\335?\337\364\035"
 220      F1F39351 
 220      04FFCEDD 
 220      3FDFF41D 
 221 0599 90364EB7 		.ascii	"\2206N\267v\327\365C>\336\216-\243H$B\371\300<\301\311"
 221      76D7F543 
 221      3EDE8E2D 
 221      A3482442 
ARM GAS  C:\Users\user\AppData\Local\Temp\cce183t2.s 			page 17


 221      F9C03CC1 
 222 05ae 9F5CDFB9 		.ascii	"\237\\\337\271\007O\302\037\2623\3243\314\373S\325\261"
 222      074FC21F 
 222      B233D433 
 222      CCFB53D5 
 222      B1
 223 05bf 08FEA1D3 		.ascii	"\010\376\241\323_\254\254\313\322\323\035%\310\244|"
 223      5FACACCB 
 223      D2D31D25 
 223      C8A47C
 224 05ce 49B2C8F1 		.ascii	"I\262\310\361\202\306\365rN50\231\021\224I\021\275-"
 224      82C6F572 
 224      4E353099 
 224      11944911 
 224      BD2D
 225 05e0 212A31F0 		.ascii	"!*1\360{^\2104t_\273\243C\335\300\327\376\300\301\364"
 225      7B5E8834 
 225      745FBBA3 
 225      43DDC0D7 
 225      FEC0C1F4 
 226 05f4 2474D023 		.ascii	"$t\320#\370\347\273\303c|?\314\254R4\255\246T\321\004"
 226      F8E7BBC3 
 226      637C3FCC 
 226      AC5234AD 
 226      A654D104 
 227 0608 49620824 		.ascii	"Ib\010$c\223Em\265\\*\342u\213H\267\272}\\48D\310\210"
 227      6393456D 
 227      B55C2AE2 
 227      758B48B7 
 227      BA7D5C34 
 228 0620 8E9FCF7A 		.ascii	"\216\237\317z\207\263\015`\012R\222_\314Jl\025j_)\272"
 228      87B30D60 
 228      0A52925F 
 228      CC4A6C15 
 228      6A5F29BA 
 229 0634 42445578 		.ascii	"BDUx&\002\237\241\375_\342\202\346.\245o,\364\323\326"
 229      26029FA1 
 229      FD5FE282 
 229      E62EA56F 
 229      2CF4D3D6 
 230 0648 E52A515B 		.ascii	"\345*Q[\227\253E\243\002\374\272\355\336\015Q'\3629"
 230      97AB45A3 
 230      02FCBAED 
 230      DE0D5127 
 230      F239
 231 065a 58A2A373 		.ascii	"X\242\243s\353\322*w\373N\310d\307\360\024y\234\310"
 231      EBD22A77 
 231      FB4EC864 
 231      C7F01479 
 231      9CC8
 232 066c C2E5FC3C 		.ascii	"\302\345\374<\013\260V\234\200\3675\242\216kX\335y\374"
 232      0BB0569C 
 232      80F735A2 
 232      8E6B58DD 
 232      79FC
 233 067e 344CCA91 		.ascii	"4L\312\221sz\344\252\323\205dM\315iL\037\314\2460(R"
 233      737AE4AA 
ARM GAS  C:\Users\user\AppData\Local\Temp\cce183t2.s 			page 18


 233      D385644D 
 233      CD694C1F 
 233      CCA63028 
 234 0693 538E8F78 		.ascii	"S\216\217x/\304\357\003\354\305\235Q\200u\342$\224\336"
 234      2FC4EF03 
 234      ECC59D51 
 234      8075E224 
 234      94DE
 235 06a5 9B9552EF 		.ascii	"\233\225R\357G\216\350Y\311ewu\336\220\030\031j\221"
 235      478EE859 
 235      C9657775 
 235      DE901819 
 235      6A91
 236 06b7 93B9D075 		.ascii	"\223\271\320u\356\254\316Ep\203\310&\277+\337[e\320"
 236      EEACCE45 
 236      7083C826 
 236      BF2BDF5B 
 236      65D0
 237 06c9 32FCF005 		.ascii	"2\374\360\005\015\3014Fp\243\223`Kr}\031Q\010^\332n"
 237      0DC13446 
 237      70A39360 
 237      4B727D19 
 237      51085EDA 
 238 06de C40AC033 		.ascii	"\304\012\3003\022\326$\302`\275\032p||\236`:#\370\364"
 238      12D624C2 
 238      60BD1A70 
 238      7C7C9E60 
 238      3A23F8F4 
 239 06f2 CAF50191 		.ascii	"\312\365\001\221|\313\011\356k(z\242#Ml n\250\336q\337"
 239      7CCB09EE 
 239      6B287AA2 
 239      234D6C20 
 239      6EA8DE71 
 240 0707 E86D4D6C 		.ascii	"\350mMl\021\275\035\345\233\316Noc\307\361\315\242\004"
 240      11BD1DE5 
 240      9BCE4E6F 
 240      63C7F1CD 
 240      A204
 241 0719 9B44B7E3 		.ascii	"\233D\267\3438MIZ\3010a\036S\004\217B\267<p\237\270"
 241      384D495A 
 241      C130611E 
 241      53048F42 
 241      B73C709F 
 242 072e A2F0398F 		.ascii	"\242\3609\217\302\315\007#[\307x\215\302V\026\205Lg"
 242      C2CD0723 
 242      5BC7788D 
 242      C2561685 
 242      4C67
 243 0740 148E6FEF 		.ascii	"\024\216o\357\3345FM\323\335\232\233\262,\351(\0122"
 243      DC35464D 
 243      D3DD9A9B 
 243      B22CE928 
 243      0A32
 244 0752 541219EE 		.ascii	"T\022\031\356A\310bA\370\241 e\363X\322\306\203\340"
 244      41C86241 
 244      F8A12065 
 244      F358D2C6 
ARM GAS  C:\Users\user\AppData\Local\Temp\cce183t2.s 			page 19


 244      83E0
 245 0764 89DF8FAB 		.ascii	"\211\337\217\253n6\202+s\331\234_n\333\365\235\001l"
 245      6E36822B 
 245      73D99C5F 
 245      6EDBF59D 
 245      016C
 246 0776 922ECEED 		.ascii	"\222.\316\355|\2621\263\240\216x%\275\223\221\336\341"
 246      7CB231B3 
 246      A08E7825 
 246      BD9391DE 
 246      E1
 247 0787 24DD7FE1 		.ascii	"$\335\177\341\376\001\037$\335\303\343\266>\345\324"
 247      FE011F24 
 247      DDC3E3B6 
 247      3EE5D4
 248 0796 7A391718 		.ascii	"z9\027\030\014\266\251\254\267Q\326\364a\027c{\346\306"
 248      0CB6A9AC 
 248      B751D6F4 
 248      6117637B 
 248      E6C6
 249 07a8 B1663DE9 		.ascii	"\261f=\351\345l[\333S\313\224M\321\217n\302W?\377\306"
 249      E56C5BDB 
 249      53CB944D 
 249      D18F6EC2 
 249      573FFFC6 
 250 07bc 976F8A6D 		.ascii	"\227o\212m\214c\303`\246D\236p\354\323\276\363O\215"
 250      8C63C360 
 250      A6449E70 
 250      ECD3BEF3 
 250      4F8D
 251 07ce 1C2B     		.ascii	"\034+"
 252 07d0 5147934B 		.ascii	"QG\223K\273\365\364g\213\254,\"\234W\327\320n\021\363"
 252      BBF5F467 
 252      8BAC2C22 
 252      9C57D7D0 
 252      6E11F3
 253 07e3 859B06E4 		.ascii	"\205\233\006\344\213\374\307\321p\345\210\221\254\364"
 253      8BFCC7D1 
 253      70E58891 
 253      ACF4
 254 07f1 61E7E99E 		.ascii	"a\347\351\236\374\201{>`\232\010 a\333\343\374M\213"
 254      FC817B3E 
 254      609A0820 
 254      61DBE3FC 
 254      4D8B
 255 0803 A1C59015 		.ascii	"\241\305\220\025(t\361\312\226Q}\337\277\3514?\274\367"
 255      2874F1CA 
 255      96517DDF 
 255      BFE9343F 
 255      BCF7
 256 0815 E5C96482 		.ascii	"\345\311d\202\0003&\302t\254\242=XE\205\314N\2218\021"
 256      003326C2 
 256      74ACA23D 
 256      584585CC 
 256      4E913811 
 257 0829 F6A2A16C 		.ascii	"\366\242\241l\334)\350\014\032l\337\370\260S\027\230"
 257      DC29E80C 
ARM GAS  C:\Users\user\AppData\Local\Temp\cce183t2.s 			page 20


 257      1A6CDFF8 
 257      B0531798 
 258 0839 AEEC10C1 		.ascii	"\256\354\020\301\300t\347\".G\244\374\366\211\201N\226"
 258      C074E722 
 258      2E47A4FC 
 258      F689814E 
 258      96
 259 084a 149DDE90 		.ascii	"\024\235\336\220\273\335WRl\254\376E\033\210\256i\037"
 259      BBDD5752 
 259      6CACFE45 
 259      1B88AE69 
 259      1F
 260 085b AAF0D7EA 		.ascii	"\252\360\327\352.\376%\335\203\315?4\032&\347\313\347"
 260      2EFE25DD 
 260      83CD3F34 
 260      1A26E7CB 
 260      E7
 261 086c AB586DAD 		.ascii	"\253Xm\255\273\236*'}\206\333\340~1\020\3620M\270\324"
 261      BB9E2A27 
 261      7D86DBE0 
 261      7E3110F2 
 261      304DB8D4 
 262 0880 35C25FE0 		.ascii	"5\302_\340\314b\374uq@\234L\277\240w\012:\374\311Z\026"
 262      CC62FC75 
 262      71409C4C 
 262      BFA0770A 
 262      3AFCC95A 
 263 0895 3648AFEF 		.ascii	"6H\257\357\376\253\327\200\2278\003\236\3039&\015\346"
 263      FEABD780 
 263      9738039E 
 263      C339260D 
 263      E6
 264 08a6 DFF377F7 		.ascii	"\337\363w\367_\335\255K\031\307\022'\307\326\234\333"
 264      5FDDAD4B 
 264      19C71227 
 264      C7D69CDB 
 265 08b6 B546778F 		.ascii	"\265Fw\217\274\242\323*7t\372)\036]{1)\247*)\030\276"
 265      BCA2D32A 
 265      3774FA29 
 265      1E5D7B31 
 265      29A72A29 
 266 08cc 54BCC17D 		.ascii	"T\274\301}A#xP\361\346\020\363\346\314\351\352\026\242"
 266      41237850 
 266      F1E610F3 
 266      E6CCE9EA 
 266      16A2
 267 08de DD7769A5 		.ascii	"\335wi\245\252.|\305\367]\332#\370p\177\032\272\236"
 267      AA2E7CC5 
 267      F75DDA23 
 267      F8707F1A 
 267      BA9E
 268 08f0 C55D7FDA 		.ascii	"\305]\177\332\231\364L9\210\007\320\377b\334m\317W\352"
 268      99F44C39 
 268      8807D0FF 
 268      62DC6DCF 
 268      57EA
 269 0902 B48FFDB4 		.ascii	"\264\217\375\264\375\276\254F\371'\207?\016\237\325"
ARM GAS  C:\Users\user\AppData\Local\Temp\cce183t2.s 			page 21


 269      FDBEAC46 
 269      F927873F 
 269      0E9FD5
 270 0911 F6B5FA7B 		.ascii	"\366\265\372{\215\324qg\244\216\361H\245\265v%\373\272"
 270      8DD47167 
 270      A48EF148 
 270      A5B57625 
 270      FBBA
 271 0923 47EA2826 		.ascii	"G\352(&\344\010KH\031\363\375\270\323\367\332\213\251"
 271      E4084B48 
 271      19F3FDB8 
 271      D3F7DA8B 
 271      A9
 272 0934 97897BA4 		.ascii	"\227\211{\244\274\242[F\033\012}\224Hu\274\314#\365"
 272      BCA25B46 
 272      1B0A7D94 
 272      4875BCCC 
 272      23F5
 273 0946 B51229DC 		.ascii	"\265\022)\334<4\202\207\225H\225\213\223\005iET\234"
 273      3C348287 
 273      9548958B 
 273      93056945 
 273      549C
 274 0958 D91A15F3 		.ascii	"\331\032\025\363V\242\335\360\316_>\010\236\023\026"
 274      56A2DDF0 
 274      CE5F3E08 
 274      9E1316
 275 0967 26E89647 		.ascii	"&\350\226G\331?\221,\226\304\330x\307\214p\213\343\223"
 275      D93F912C 
 275      96C4D878 
 275      C78C708B 
 275      E393
 276 0979 E8D72213 		.ascii	"\350\327\"\023\0346{d\364\262\330%\261vGbL\254-\322"
 276      1C367B64 
 276      F4B2D825 
 276      B1764762 
 276      4CAC2DD2 
 277 098d 61B3C5D9 		.ascii	"a\263\305\331#?\216O\014fO\301Q\011\313\203\255\313"
 277      233F8E4F 
 277      0C664FC1 
 277      5109CB83 
 277      ADCB
 278 099f 97586362 		.ascii	"\227Xcb\2541\221\257N\233\021\034>=l\346?\303\"q\376"
 278      AC3191AF 
 278      4E9B111C 
 278      3E3D6CE6 
 278      3FC32271 
 279 09b4 95785BBC 		.ascii	"\225x[\274\365\025k\324\222\330\310\330\370\350\270"
 279      F5156BD4 
 279      92D8C8D8 
 279      F8E8B8
 280 09c3 C4186BE4 		.ascii	"\304\030k\344\362(\324\025o\215\264\304X\227F%\3069"
 280      F228D415 
 280      6F8DB4C4 
 280      58974625 
 280      C639
 281 09d5 2C8E4F57 		.ascii	",\216OWX\355\323\226\011\006\247\321\177\374\357\215"
ARM GAS  C:\Users\user\AppData\Local\Temp\cce183t2.s 			page 22


 281      58EDD396 
 281      0906A7D1 
 281      7FFCEF8D 
 282 09e5 DA3FB547 		.ascii	"\332?\265GZ\354\216\030\264\200\226\214\261\266\025"
 282      5AEC8E18 
 282      B480968C 
 282      B1B615
 283 09f4 B60407F5 		.ascii	"\266\004\007\365\325\342xo\316k\221\346\305\021\213"
 283      D5E2786F 
 283      CE6B91E6 
 283      C5118B
 284 0a03 22E7506B 		.ascii	"\"\347Pk\213\2705f\331f\017\233\371j\250\315\036\272"
 284      8BB83566 
 284      D9660F9B 
 284      F96AA8CD 
 284      1EBA
 285 0a15 2C2A2E94 		.ascii	",*.\224\012\330C\027-~\177Fx\350\202\005sC\337Y\370"
 285      0AD84317 
 285      2D7E7F46 
 285      78E88205 
 285      7343DF59 
 286 0a2a 6EC4BFC2 		.ascii	"n\304\277\302\351+\013\306\321\022\027\027\203\212}"
 286      E92B0BC6 
 286      D1121717 
 286      838A7D
 287 0a39 282A3646 		.ascii	"(*6F\367\347\267\315\363\351m\201n\301\234\367\314\272"
 287      F7E7B7CD 
 287      F3E96D81 
 287      6EC19CF7 
 287      CCBA
 288 0a4b B71699CD 		.ascii	"\267\026\231\315\360\021\314\327G\307Y\243\022\224\360"
 288      F011CCD7 
 288      47C759A3 
 288      1294F0
 289 0a5a 86BD6A71 		.ascii	"\206\275jq\030\234\017\304nu\220\210\271f\362\356\\"
 289      189C0FC4 
 289      6E759088 
 289      B966F2EE 
 289      5C
 290 0a6b B37EE107 		.ascii	"\263~\341\007\013\347\232\307D,Z8o\336\\\263O\304\342"
 290      0BE79AC7 
 290      442C5A38 
 290      6FDE5CB3 
 290      4FC4E2
 291 0a7e BF2D9C67 		.ascii	"\277-\234g\326\277\0371w\236\231\274e6\033\355\216\345"
 291      D6BF1F31 
 291      779E99BC 
 291      65361BED 
 291      8EE5
 292 0a90 18A58F57 		.ascii	"\030\245\217W\304\332,\016\211{\022\033cq\370\330\226"
 292      C4DA2C0E 
 292      897B121B 
 292      6371F8D8 
 292      96
 293 0aa1 2E452D46 		.ascii	".E-F\252\322\2624\312\356\230eq\374\375\377\020Ig\020"
 293      AAD2B234 
 293      CAEE9865 
ARM GAS  C:\Users\user\AppData\Local\Temp\cce183t2.s 			page 23


 293      71FCFDFF 
 293      10496710 
 294 0ab5 67FDBAB8 		.ascii	"g\375\272\270)r\316@\241\240\376\335\010,\271?\375:"
 294      2972CE40 
 294      A1A0FEDD 
 294      082CB93F 
 294      FD3A
 295 0ac7 717B42B4 		.ascii	"q{B\264K4Z\360\303\356\243\204X\207\025\025\370\343"
 295      4B345AF0 
 295      C3EEA384 
 295      58871515 
 295      F8E3
 296 0ad9 F322AB03 		.ascii	"\363\"\253\003\237\336\267\305X\015\261\266\345\330"
 296      9FDEB7C5 
 296      580DB1B6 
 296      E5D8
 297 0ae7 591CBF71 		.ascii	"Y\034\277q\246\303\202\301\3708\301\226\270\202\316"
 297      A6C382C1 
 297      F838C196 
 297      B882CE
 298 0af6 FB5B2C4B 		.ascii	"\373[,K\023\343\243-\226i3\247\207\31528G\272\350eQ"
 298      13E3A32D 
 298      966933A7 
 298      87CD3238 
 298      47BAE865 
 299 0b0b 09DA77E1 		.ascii	"\011\332w\3413\236\033\315\372\017\322\241k\212"
 299      339E1BCD 
 299      FA0FD2A1 
 299      6B8A
 300              		.text
 301              		.section	.gnu.lto_.symtab.7a941d24,"",%progbits
 302 0000 70616C52 		.ascii	"palReadBus\000"
 302      65616442 
 302      757300
 303 000b 00       		.ascii	"\000"
 304 000c 00       		.ascii	"\000"
 305 000d 00       		.ascii	"\000"
 306 000e 00000000 		.ascii	"\000\000\000\000\000\000\000\000"
 306      00000000 
 307 0016 0B010000 		.ascii	"\013\001\000\000"
 308 001a 70616C57 		.ascii	"palWriteBus\000"
 308      72697465 
 308      42757300 
 309 0026 00       		.ascii	"\000"
 310 0027 00       		.ascii	"\000"
 311 0028 00       		.ascii	"\000"
 312 0029 00000000 		.ascii	"\000\000\000\000\000\000\000\000"
 312      00000000 
 313 0031 10010000 		.ascii	"\020\001\000\000"
 314 0035 70616C53 		.ascii	"palSetBusMode\000"
 314      65744275 
 314      734D6F64 
 314      6500
 315 0043 00       		.ascii	"\000"
 316 0044 00       		.ascii	"\000"
 317 0045 00       		.ascii	"\000"
 318 0046 00000000 		.ascii	"\000\000\000\000\000\000\000\000"
ARM GAS  C:\Users\user\AppData\Local\Temp\cce183t2.s 			page 24


 318      00000000 
 319 004e 18010000 		.ascii	"\030\001\000\000"
 320 0052 5F70616C 		.ascii	"_pal_lld_setgroupmode\000"
 320      5F6C6C64 
 320      5F736574 
 320      67726F75 
 320      706D6F64 
 321 0068 00       		.ascii	"\000"
 322 0069 02       		.ascii	"\002"
 323 006a 00       		.ascii	"\000"
 324 006b 00000000 		.ascii	"\000\000\000\000\000\000\000\000"
 324      00000000 
 325 0073 1E010000 		.ascii	"\036\001\000\000"
 326              		.text
 327              		.section	.gnu.lto_.opts,"",%progbits
 328 0000 272D666D 		.ascii	"'-fmath-errno' '-fsigned-zeros' '-ftrapping-math' '"
 328      6174682D 
 328      6572726E 
 328      6F272027 
 328      2D667369 
 329 0033 2D666E6F 		.ascii	"-fno-trapv' '-fno-openmp' '-fno-openacc' '-mcpu=cor"
 329      2D747261 
 329      70762720 
 329      272D666E 
 329      6F2D6F70 
 330 0066 7465782D 		.ascii	"tex-m4' '-mno-thumb-interwork' '-mthumb' '-ggdb' '-"
 330      6D342720 
 330      272D6D6E 
 330      6F2D7468 
 330      756D622D 
 331 0099 4F322720 		.ascii	"O2' '-fomit-frame-pointer' '-falign-functions=16' '"
 331      272D666F 
 331      6D69742D 
 331      6672616D 
 331      652D706F 
 332 00cc 2D666675 		.ascii	"-ffunction-sections' '-fdata-sections' '-fno-common"
 332      6E637469 
 332      6F6E2D73 
 332      65637469 
 332      6F6E7327 
 333 00ff 2720272D 		.ascii	"' '-flto'\000"
 333      666C746F 
 333      2700
 334              		.text
 335              		.comm	__gnu_lto_v1,1,1
 336              		.comm	__gnu_lto_slim,1,1
 337              		.ident	"GCC: (GNU Tools for ARM Embedded Processors 6-2017-q1-update) 6.3.1 20170215 (release) [AR
ARM GAS  C:\Users\user\AppData\Local\Temp\cce183t2.s 			page 25


DEFINED SYMBOLS
                            *ABS*:00000000 hal_pal.c
                            *COM*:00000001 __gnu_lto_v1
                            *COM*:00000001 __gnu_lto_slim

NO UNDEFINED SYMBOLS
