ARM GAS  C:\Users\user\AppData\Local\Temp\ccHXaazk.s 			page 1


   1              		.cpu cortex-m4
   2              		.eabi_attribute 20, 1
   3              		.eabi_attribute 21, 1
   4              		.eabi_attribute 23, 3
   5              		.eabi_attribute 24, 1
   6              		.eabi_attribute 25, 1
   7              		.eabi_attribute 26, 1
   8              		.eabi_attribute 30, 2
   9              		.eabi_attribute 34, 1
  10              		.eabi_attribute 18, 4
  11              		.file	"hal_st_lld.c"
  12              		.text
  13              	.Ltext0:
  14              		.section	.gnu.lto_.profile.7a94331d,"",%progbits
  15 0000 789C6365 		.ascii	"x\234ce`b`a```d\260\224\001\000\001\016\000b"
  15      60626061 
  15      60606064 
  15      B0940100 
  15      010E0062 
  16              		.text
  17              		.section	.gnu.lto_.icf.7a94331d,"",%progbits
  18 0000 789C6365 		.ascii	"x\234ce`b\340c@\000&\206\216[\033z\331\030\177\234\372"
  18      6062E063 
  18      40002686 
  18      8E5B1B7A 
  18      D9187F9C 
  19 0015 F7809701 		.ascii	"\367\200\227\001\000.\262\006k"
  19      002EB206 
  19      6B
  20              		.text
  21              		.section	.gnu.lto_.jmpfuncs.7a94331d,"",%progbits
  22 0000 789C6365 		.ascii	"x\234ce`b0g@\000&0\311\310\300\300\3028\235\231\361"
  22      60623067 
  22      40002630 
  22      C9C8C0C0 
  22      C2389D99 
  23 0015 E9C9C96D 		.ascii	"\351\311\311m<}\314\363\231\031\030e\030\2273\312\000"
  23      3C7DCCF3 
  23      99191865 
  23      189733CA 
  23      00
  24 0026 6580A25D 		.ascii	"e\200\242]\277\256\367q@D9\030W\200D\031\0004\214\013"
  24      BFAEF771 
  24      40443918 
  24      57804419 
  24      00348C0B 
  25 003a 59       		.ascii	"Y"
  26              		.text
  27              		.section	.gnu.lto_.inline.7a94331d,"",%progbits
  28 0000 789C6365 		.ascii	"x\234ce`b\260b@\000&\006\006\036QF\006&\276{\001\014"
  28      6062B062 
  28      40002606 
  28      061E5146 
  28      0626BE7B 
  29 0016 6C0BE499 		.ascii	"l\013\344\231@b\214\\p\202AD\006()\363\340\026#\\\226"
  29      40628C5C 
  29      70824144 
ARM GAS  C:\Users\user\AppData\Local\Temp\ccHXaazk.s 			page 2


  29      062829F3 
  29      E016235C 
  30 002b 9907AC8B 		.ascii	"\231\007\254\213\001\000\261z\005d"
  30      0100B17A 
  30      0564
  31              		.text
  32              		.section	.gnu.lto_.pureconst.7a94331d,"",%progbits
  33 0000 789C6365 		.ascii	"x\234ce`b`c`\000\222\273\030\031\245\000\003\273\000"
  33      60626063 
  33      600092BB 
  33      1819A500 
  33      03BB00
  34 0013 E6       		.ascii	"\346"
  35              		.text
  36              		.section	.gnu.lto_VectorB0.7a94331d,"",%progbits
  37 0000 789C8D54 		.ascii	"x\234\215T_L[e\024?\347~\267\177\3262\231o>,Ky q\011"
  37      5F4C5B65 
  37      143FE77E 
  37      B77FD632 
  37      996F3E2C 
  38 0019 D9753A1D 		.ascii	"\331u:\035\361\315\324\304\220\320,\241<\222\020v\251"
  38      F1CDD4C4 
  38      90D02CA1 
  38      3C921076 
  38      A9
  39 002a B6494B97 		.ascii	"\266IK\227\336B\266'.\205Y7\215\3722\007hs\211$\016"
  39      DE42B627 
  39      2E855937 
  39      8DFA3207 
  39      68738924 
  40 003f A7FC193A 		.ascii	"\247\374\031:\265\260u\025\334P&,\342tKH\2269De\242"
  40      B5B07515 
  40      DC50262C 
  40      E2744B48 
  40      96394465 
  41 0054 CE49864B 		.ascii	"\316I\206K\024<\347kW\261M\204\233\364\336\373\235\337"
  41      143CE76B 
  41      57B14D84 
  41      9BF4DEFB 
  41      9DDF
  42 0066 F9F33BE7 		.ascii	"\371\363;\347wnm\240\300\3036\200\000\002\354\003\000"
  42      776E6DA0 
  42      C0C33680 
  42      0002EC03 
  42      00
  43 0077 B4012AAF 		.ascii	"\264\001*\257\317\002t8\025E\214\355\002\323\245~\253"
  43      CF027438 
  43      15458CED 
  43      02D3A57E 
  43      AB
  44 0088 81592650 		.ascii	"\201Y&P\315\231UD~1\235\010\355\212P\261\035_\023'\005"
  44      CD995544 
  44      7E319D08 
  44      ED8A50B1 
  44      1D5F1327 
  45 009d 4E247F48 		.ascii	"N$\177H+\273O\231teOf\312;\314\243\217X\002\240\207"
  45      2BBB4F99 
ARM GAS  C:\Users\user\AppData\Local\Temp\ccHXaazk.s 			page 3


  45      74654F66 
  45      CA3BCCA3 
  45      8F5802A0 
  46 00b2 7E7CE129 		.ascii	"~|\341)\334\015\344v\353\314\332\211\355v5g\307\001"
  46      DC0DE476 
  46      EBCCDA89 
  46      ED763567 
  46      C701
  47 00c4 B4535D18 		.ascii	"\264S]\030\236\303\254\271\266\2364\263+\375\270~\300"
  47      9EC3ACB9 
  47      B69E34B3 
  47      2BFDB87E 
  47      C0
  48 00d5 25C0A272 		.ascii	"%\300\242r|\0038N\216\\\357e\241\360S,\341\304\330\322"
  48      7C03384E 
  48      8E5CEF65 
  48      A1F0532C 
  48      E1C4D8D2 
  49 00e9 AF4937C7 		.ascii	"\257I7\307\246\004W~\343\350\304\025\307\253\302\022"
  49      A604577E 
  49      E3E8C415 
  49      C7ABC212 
  50 00f9 0A7285D9 		.ascii	"\012r\205\331\301\325;\256\334\221\311\250d\352\037"
  50      C1D53BAE 
  50      DC91C9A8 
  50      64EA1F
  51 0108 BA37E5B4 		.ascii	"\2727\345\2640\325Ag\217%\004\236\306\235\370.\356\004"
  51      30D54167 
  51      8F25049E 
  51      C69DF82E 
  51      EE04
  52 011a F63F3DB3 		.ascii	"\366?=\263\362\207C\0334\273:\030S\361=\264\260[\262"
  52      F287431B 
  52      34BB3A18 
  52      53F13DB4 
  52      B05BB2
  53 012d C6F75183 		.ascii	"\306\367Q\203%\354\374\353\305\036G\256\234\232\253"
  53      25ECFCEB 
  53      C51E47AE 
  53      9C9AAB
  54 013c 78717D35 		.ascii	"xq}5[\316%\020\025\034\244<\337c\327\374\344\276\274"
  54      5BCE2510 
  54      151CA43C 
  54      DF63D7FC 
  54      E4BEBC
  55 014f 0F390C2F 		.ascii	"\0179\014/\247\357o\3179\000\016q!\340\016\004\214\355"
  55      A7EF6FCF 
  55      39000E71 
  55      21E00E04 
  55      8CED
  56 0161 E206567E 		.ascii	"\342\006V~\372mJ6P\304\255\357\035\204\315\350\015\377"
  56      FA6D4A36 
  56      50C4ADEF 
  56      1D84CDE8 
  56      0DFF
  57 0173 4B6F04B5 		.ascii	"Ko\004\265\215\355\253T\353\014E-\242\302\201_u\215"
  57      8DEDAB54 
ARM GAS  C:\Users\user\AppData\Local\Temp\ccHXaazk.s 			page 4


  57      EB0C452D 
  57      A2C2815F 
  57      758D
  58 0185 BC25D86E 		.ascii	"\274%\330nC\246\364\373L\357\302C|\264\243\207\216?"
  58      43A6F4FB 
  58      4CEFC243 
  58      7CB4A387 
  58      8E3F
  59 0197 9E4B5E45 		.ascii	"\236K^EQ+'v6s\275\333U\331o\232\0113{\255\367\321\336"
  59      512B2776 
  59      3673BDDB 
  59      55D96F9A 
  59      09337BAD 
  60 01ae CECBAF98 		.ascii	"\316\313\257\230}\211\035\226p\340\207(H)\374\200\010"
  60      7D891D96 
  60      70E08728 
  60      4829FC80 
  60      08
  61 01bf 8DE6DBC0 		.ascii	"\215\346\333\300\263XIA\311%\363\274\312\371\034\350"
  61      B3584941 
  61      C925F3BC 
  61      CAF91CE8 
  62 01cf C18F08BB 		.ascii	"\301\217\010\273\215\211[\343'F\346\260\240rWn\031\356"
  62      8D895BE3 
  62      2746E6B0 
  62      A072576E 
  62      19EE
  63 01e1 96DBA4D2 		.ascii	"\226\333\244\322=\002\241\010[\035\257zI\007\374\230"
  63      3D02A108 
  63      5B1DAF7A 
  63      4907FC98 
  64 01f1 41A5185C 		.ascii	"A\245\030\\\230\366\204\001?aL\024c_\367V\321va\232"
  64      98F68401 
  64      3F614C14 
  64      635FF756 
  64      D176619A 
  65 0205 41B5189C 		.ascii	"A\265\030\234{S0I\3001\206m\033\327\016\307\321N-\234"
  65      7B533049 
  65      C031866D 
  65      1BD70EC7 
  65      D14E2D9C 
  66 0219 E3BD4398 		.ascii	"\343\275C\230V\010z\333\032\375\323U1\257Xf7\015\330"
  66      56087ADB 
  66      1AFDD355 
  66      31AF5866 
  66      370DD8
  67 022c C9DE830B 		.ascii	"\311\336\203\013\343\246SU\310\361<VH\025\356,_\235"
  67      E3A65355 
  67      C8F13C56 
  67      4815EE2C 
  67      5F9D
  68 023e 57C88219 		.ascii	"W\310\202\031Te\267\200\027\344X\0072\223\213e\0257"
  68      5465B780 
  68      17E45807 
  68      32938B65 
  68      1537
  69 0250 F2D1DBD8 		.ascii	"\362\321\333\330\367\356\320\3507n\031\235\345h\374"
ARM GAS  C:\Users\user\AppData\Local\Temp\ccHXaazk.s 			page 5


  69      F7EED0E8 
  69      376E199D 
  69      E568FC
  70 025f 94567911 		.ascii	"\224Vy\021\023\03699\200\237\261\363\346\375\324\350"
  70      131E3939 
  70      809FB1F3 
  70      E6FDD4E8 
  71 026f F3C5635A 		.ascii	"\363\305cZ)\214\311\376\037\306\023\222\361$Jk:\275"
  71      298CC9FE 
  71      1FC61392 
  71      F1244A6B 
  71      3ABD
  72 0281 3CEF68FF 		.ascii	"<\357h\377\333tZ\302\325C\243g\020?\303vZ\033\367\003"
  72      DB745AC2 
  72      D543A367 
  72      103FC376 
  72      5A1BF703 
  73 0295 E18BE44C 		.ascii	"\341\213\344Lm\"\347E)ga\213\0344\230K\377'\347\275"
  73      6D22E745 
  73      2967618B 
  73      1C34984B 
  73      FF27E7BD 
  74 02a9 024F67A9 		.ascii	"\002Og\251\234\325\307H\316)\006\267\225\312Y\335\002"
  74      9CD5C748 
  74      CE2906B7 
  74      95CA59DD 
  74      02
  75 02ba F83963AE 		.ascii	"\3709c\256R9\253\007\210\327\027\014\272\213\301\333"
  75      5239AB07 
  75      88D7170C 
  75      BA8BC1DB 
  76 02ca 29C12401 		.ascii	")\301$\001\247K\345\274,\207\363\345\0069\327\254\357"
  76      A74BE5BC 
  76      2C87F3E5 
  76      0639D7AC 
  76      EF
  77 02db 32EE074A 		.ascii	"2\356\007J]\222J\315H\245\212e\231-\310\302\311\345"
  77      5D924ACD 
  77      48A58A65 
  77      992DC8C2 
  77      C9E5
  78 02ed F7A9CA7F 		.ascii	"\367\251\312\177\030\026\350\330\232\374\342KG^F\221"
  78      1816E8D8 
  78      9AFCE24B 
  78      475E4691 
  79 02fd 57F2F3FE 		.ascii	"W\362\363\376\005\023}\353\026JG\276\216\323\202S\002"
  79      05137DEB 
  79      164A47BE 
  79      8ED38253 
  79      02
  80 030e 2A51E37D 		.ascii	"*Q\343}\272\241\256\376\200\277\301\033\014\035\014"
  80      BAA1AEFE 
  80      80BFC11B 
  80      0C1D0C
  81 031d F9E3ADCD 		.ascii	"\371\343\255\315\241h\203\316\357Qc\357\376\247\264"
  81      A16883CE 
  81      EF5163EF 
ARM GAS  C:\Users\user\AppData\Local\Temp\ccHXaazk.s 			page 6


  81      FEA7B4
  82 032c A8A1059B 		.ascii	"\250\241\005\233\302\332\241h,nh\376z\337\023\217k\265"
  82      C2DAA168 
  82      2C6E68FE 
  82      7ADF138F 
  82      6BB5
  83 033e B5CF6AF5 		.ascii	"\265\317j\3655\276\266\275\2144\032\361\306p\270y\217"
  83      35BEB6BD 
  83      8C341AF1 
  83      C670B879 
  83      8F
  84 034f 0EB6B6A6 		.ascii	"\016\266\266\246pk\300\273y>=\032\211D[\362)\237\251"
  84      706BC0BB 
  84      793E3D1A 
  84      89445BF2 
  84      299FA9
  85 0362 F3797D87 		.ascii	"\363y}\2075=\250Gc\201\306\266\375\221=Axn\3139\002"
  85      353DA847 
  85      6381C6B6 
  85      FD913D41 
  85      786ECB39 
  86 0377 87E39AD7 		.ascii	"\207\343\232\327\347\257\361k\241\026=\334\332\034\320"
  86      E7AFF16B 
  86      A1163DDC 
  86      DA1CD0
  87 0386 F4881132 		.ascii	"\364\210\0212\032_\320u\312\363\344\326z\213\032t\213"
  87      1A5FD075 
  87      CAF3E4D6 
  87      7A8B1A74 
  87      8B
  88 0397 C5E5736B 		.ascii	"\305\345skQ\344\\\250\0274\216\030\024\265\303\347\257"
  88      51E45CA8 
  88      17348E18 
  88      14B5C3E7 
  88      AF
  89 03a8 F31C6C32 		.ascii	"\363\034l2\002\207b\241*O\345c\240\304\300\021\011D"
  89      028762A1 
  89      2A4FE563 
  89      A0C4C011 
  89      0944
  90 03ba A2B123F0 		.ascii	"\242\261#\360\017fR%\254"
  90      0F665225 
  90      AC
  91              		.text
  92              		.section	.gnu.lto_st_lld_init.7a94331d,"",%progbits
  93 0000 789C9D94 		.ascii	"x\234\235\224]HSa\030\200\277\367|\333\331\3312\243"
  93      5D485361 
  93      1880BFF7 
  93      7CDBD9D9 
  93      32A3
  94 0012 AE8276D1 		.ascii	"\256\202v\321\255]tXAA\267v#)A\363R\220\322\013\007"
  94      AD5D7458 
  94      4141B776 
  94      232941F3 
  94      5290D20B 
  95 0027 C2A25997 		.ascii	"\302\242Y\227\355\230:\313@\205h\346\3058\003\241\245"
  95      ED983ACB 
ARM GAS  C:\Users\user\AppData\Local\Temp\ccHXaazk.s 			page 7


  95      408568E6 
  95      C53803A1 
  95      A5
  96 0038 A973A6E6 		.ascii	"\251s\246\346\346Osif\351\264.*\210~\010\022\227\005"
  96      E64F7369 
  96      66E9B42E 
  96      2A887E08 
  96      129705
  97 004b A25251E4 		.ascii	"\242RQ\344z\337\357\314M\352\312}p~\276\237\363<\357"
  97      7ADFEFCC 
  97      4DEACA7D 
  97      707EBE9F 
  97      F33CEF
  98 005e FBFD1C33 		.ascii	"\373\375\0343\223X\233\231\2613\214\261Cx\001g \265"
  98      93589B99 
  98      B1338CB1 
  98      43780167 
  98      20B5
  99 0070 2719AB57 		.ascii	"'\031\253W$\000z\321\024`^\011\274\320\306;8$\232\227"
  99      24007AD1 
  99      14605E09 
  99      BCD0C63B 
  99      38249A97 
 100 0084 A3525148 		.ascii	"\243RQH\303\022\357\0309\340\323\232\016\352\234\261"
 100      C312EF18 
 100      39E0D39A 
 100      0EEA9CB1 
 101 0094 4EBCA840 		.ascii	"N\274\250@\010\212\030\016\373\024\331\272\275W6\031"
 101      088A180E 
 101      FB14D9BA 
 101      BD573619 
 102 00a4 ED700F64 		.ascii	"\355p\017d\300g\370%\304\265\255t\263\026\237\356\202"
 102      C067F825 
 102      C4B5AD74 
 102      B3169FEE 
 102      82
 103 00b5 17CEFD12 		.ascii	"\027\316\375\022\3239\372\360f\246\233L7\306Z\360\023"
 103      D339FAF0 
 103      66A69B4C 
 103      37C65AF0 
 103      13
 104 00c6 F2DEE412 		.ascii	"\362\336\344\022=y\012\022\261T\267\213 \001.!\333\337"
 104      3D790A12 
 104      B154B78B 
 104      20012E21 
 104      DBDF
 105 00d8 9458B4B4 		.ascii	"\224X\264\264r\235K@\252\306\300\314\262\325\250jk\327"
 105      729D4B40 
 105      AAC6C0CC 
 105      B2D5A86A 
 105      6BD7
 106 00ea 351336AD 		.ascii	"5\0236\255~\370\0355\353\020\250\307(\017\353\234C\017"
 106      7EF81D35 
 106      EB10A8C7 
 106      280FEB9C 
 106      430F
 107 00fc D8A11BEC 		.ascii	"\330\241\033\354\214\306\257\373\227>\026\250}Z#\350"
ARM GAS  C:\Users\user\AppData\Local\Temp\ccHXaazk.s 			page 8


 107      8CC6AFFB 
 107      973E16A8 
 107      7D5A23E8 
 108 010c DC04F741 		.ascii	"\334\004\367A\207;\"x\350\005\225\245\240\341\247\017"
 108      873B2278 
 108      E80595A5 
 108      A0E1A70F 
 109 011c 0C173774 		.ascii	"\014\0277tC\323\263>\205\370\200\245\017!\030\220\337"
 109      43D3B33E 
 109      85F880A5 
 109      0F211890 
 109      DF
 110 012d 4A437667 		.ascii	"JCvg\352\317\231\302\240\"\236@\261\356^\253a3\357\314"
 110      EACF99C2 
 110      A0229E40 
 110      B1EE5EAB 
 110      6133EFCC 
 111 0141 CC2C326B 		.ascii	"\314,2ki\230\032T\214\252\026o\327\012\261i\351\375"
 111      69981A54 
 111      8CAA166F 
 111      D70AB169 
 111      E9FD
 112 0153 E82B5BCE 		.ascii	"\350+[\316'C\004}\003\031\337\310\306z[\3167(|4\357"
 112      2743047D 
 112      0319DFC8 
 112      C67A5BCE 
 112      37287C34 
 113 0168 F0E09FCC 		.ascii	"\360\340\237\314H\367_*\273@\017\345\320\303\224\212"
 113      48F75F2A 
 113      BB400FE5 
 113      D0C3948A 
 114 0178 4CA0CD95 		.ascii	"L\240\315\225\360\215\302\014+\233\210E$\222\354\373"
 114      F08DC20C 
 114      2B9B8845 
 114      2492ECFB 
 115 0188 B16633AA 		.ascii	"\261f3\252\264qh\211\272\372\277\317*\031[\360*\256"
 115      B4716889 
 115      BAFABFCF 
 115      2A195BF0 
 115      2AAE
 116 019a BC020FD1 		.ascii	"\274\002\017\3217\222\361\365,lnX\310WO\261\230`T\030"
 116      3792F1F5 
 116      2C6C6E58 
 116      C8574FB1 
 116      98605418 
 117 01ae 25324641 		.ascii	"%2FA\305\001_\222\251\200\230\033\023,N1\210\031\311"
 117      C5015F92 
 117      A980981B 
 117      132C4E31 
 117      8819C9
 118 01c1 6CAE8C66 		.ascii	"l\256\214fc\330\245aL\030\304v\035\027\206\325\361\201"
 118      63D8A561 
 118      4C18C476 
 118      1D1786D5 
 118      F181
 119 01d3 3766C390 		.ascii	"7f\303\220\306\262\017&\266\035\321|\035\223\302a\""
 119      C6B20F26 
ARM GAS  C:\Users\user\AppData\Local\Temp\ccHXaazk.s 			page 9


 119      B61DD17C 
 119      1D93C261 
 119      22
 120 01e4 C723E1C8 		.ascii	"\307#\341\310\316\223\011\030\304\267\371\261\374\370"
 120      CE930918 
 120      C4B7F9B1 
 120      FCF8
 121 01f2 5698127C 		.ascii	"V\230\022|<\315\324\231\366G\336\311\2160u\006\007\305"
 121      3CCDD499 
 121      F647DEC9 
 121      8E307506 
 121      07C5
 122 0204 B2254085 		.ascii	"\262%@\205#v\261\003\037\203#\347\033\3137\237i\341"
 122      2376B103 
 122      1F8323E7 
 122      1BCB379F 
 122      69E1
 123 0216 93093883 		.ascii	"\223\0118\203\354,p<_\340\023\001\264\020pv'p\"_\340"
 123      EC2C703C 
 123      5FE01301 
 123      B4107076 
 123      2770225F 
 124 022b 53015408 		.ascii	"S\001T\0108'f|\270y>b3f\034\340\3316\1772_\376s\301"
 124      3827667C 
 124      B8793E62 
 124      33661CE0 
 124      D9367F32 
 125 0243 B7127F1E 		.ascii	"\267\022\177\036\003&\340*4\005Cw9\361\350\213h\364"
 125      0326E02A 
 125      34054377 
 125      39F1E88B 
 125      68F4
 126 0255 EB5B8BF7 		.ascii	"\353[\213\367\217\246\350\334\326Ig\006\026\300K\035"
 126      8FA6E8DC 
 126      D6496706 
 126      16C04B1D 
 127 0265 9FE76EF9 		.ascii	"\237\347n\371\012(\222=\310O\202\235\016\374\257\327"
 127      0A28923D 
 127      C84F829D 
 127      0EFCAFD7 
 128 0275 AD8AD1A4 		.ascii	"\255\212\321\244\300\"\330u^\300\276\301\265`WH\034"
 128      C022D875 
 128      5EC0BEC1 
 128      B5605748 
 128      1C
 129 0286 5CF1876D 		.ascii	"\\\361\207mA\006\376\026\361(\224\024\237\2528W~\326"
 129      4106FE16 
 129      F1289414 
 129      9FAA3857 
 129      7ED6
 130 0298 59515CE3 		.ascii	"YQ\\\343\272\340r\326]\256v\271+\252\350\335\355q\234"
 130      BAE072D6 
 130      5DAE76B9 
 130      2BAAE8DD 
 130      ED719C
 131 02ab 3CA1BA3D 		.ascii	"<\241\272=j\315\371Z\365\242\373R\235Gu\226\227\035"
 131      6ACDF95A 
ARM GAS  C:\Users\user\AppData\Local\Temp\ccHXaazk.s 			page 10


 131      F5A2FB52 
 131      9D477596 
 131      971D
 132 02bd 3FA69696 		.ascii	"?\246\226\226\236V\313K\312\2568\250\247\322SWY[[}\264"
 132      9E56CB4B 
 132      CAAE38A8 
 132      A7D25357 
 132      595B5B7D 
 133 02d2 8AFD05E0 		.ascii	"\212\375\005\340\372\354\327"
 133      FAECD7
 134              		.text
 135              		.section	.gnu.lto_.symbol_nodes.7a94331d,"",%progbits
 136 0000 789C6365 		.ascii	"x\234ce`b(d\000\002\246\251L\365\014\014\023\31610\000"
 136      60622864 
 136      0002A6A9 
 136      4CF50C0C 
 136      13CE3130 
 137 0015 A95D0D8E 		.ascii	"\251]\015\216@\221iL\365\214(\"\214\323\231\352\231"
 137      4091694C 
 137      F58C2822 
 137      8CD399EA 
 137      99
 138 0026 C0220C0C 		.ascii	"\300\"\014\014\015\015\016@\201\031L\365\314(\0023\231"
 138      0D0D0E40 
 138      81194CF5 
 138      CC280233 
 138      99
 139 0037 EA599005 		.ascii	"\352Y\220\005\230\201\260\345\33016f\240=-\355o\344"
 139      9881B0E5 
 139      D8313666 
 139      A03D2DED 
 139      6FE4
 140 0049 99195918 		.ascii	"\231\031Y\030\236\000i\006\000\021\014\033A"
 140      9E006906 
 140      00110C1B 
 140      41
 141              		.text
 142              		.section	.gnu.lto_.refs.7a94331d,"",%progbits
 143 0000 789C6365 		.ascii	"x\234ce`b`d\000\002\000\000I\000\011"
 143      60626064 
 143      00020000 
 143      490009
 144              		.text
 145              		.section	.gnu.lto_.decls.7a94331d,"",%progbits
 146 0000 789CCD59 		.ascii	"x\234\315YiPTY\226\316\373n\262%\220\032\251SS\023\355"
 146      69505459 
 146      96CEFB6E 
 146      B225901A 
 146      A9535313 
 147 0015 4438354C 		.ascii	"D85LHGG\313buUEO\377P\023\024\242\245\312\310\244*&"
 147      484747CB 
 147      62755545 
 147      4FFF5013 
 147      14A2A5CA 
 148 002d 3AA8CE41 		.ascii	":\250\316A\310*\211f\251\002\254\261\246\177\314c\223"
 148      C82A8966 
 148      A902ACB1 
ARM GAS  C:\Users\user\AppData\Local\Temp\ccHXaazk.s 			page 11


 148      A67FCC63 
 148      93
 149 003e C5AD1437 		.ascii	"\305\255\0247\\\021\224EA\321*ED\004\023d\023(\004W"
 149      5C119445 
 149      41D12A45 
 149      44041364 
 149      13280457 
 150 0052 76101145 		.ascii	"v\020\021E\020\023\005\304\2059\367\336\227\371^>\322"
 150      101305C4 
 150      8539F7DE 
 150      97F95E3E 
 150      D2
 151 0063 AE9AE9E9 		.ascii	"\256\232\351\351\210y\341\311\367\316\275\337\375\356"
 151      8879E1C9 
 151      F7CEBDDF 
 151      FDEE
 152 0071 B9E7DCED 		.ascii	"\271\347\334\355\240\203\202S\344\374\243Bq\316A\241"
 152      A0838253 
 152      E4FCA342 
 152      71CE41A1 
 153 0081 08400AC5 		.ascii	"\010@\012\305,<X\241P\024\203\200\252(Q\260\007\252"
 153      2C3C58A1 
 153      50148380 
 153      AA2851B0 
 153      07AA
 154 0093 1517402E 		.ascii	"\025\027@.\202\\\002\271\014R\255\230\373|\015\215\334"
 154      825C02B9 
 154      0C52AD98 
 154      FB7C0D8D 
 154      DC
 155 00a4 E0FD19C8 		.ascii	"\340\375\031\310\022\020'\320\035A\032\340[\003\262"
 155      121027D0 
 155      1D411AE0 
 155      5B03B2
 156 00b3 50E07487 		.ascii	"P\340t\2072\015\310\002\220R\241\257g\244\\\350\347"
 156      320DC802 
 156      9052A1AF 
 156      67A45CE8 
 156      E7
 157 00c4 EFA0E0EF 		.ascii	"\357\240\340\357A\376\001\344\027 \377\004\362\317\210"
 157      41FE01E4 
 157      1720FF04 
 157      F2CF88
 158 00d3 F5FB2FF0 		.ascii	"\365\373/\360^\002\362K\220_!f\217\374\331\200\030\227"
 158      5E02F24B 
 158      905F2166 
 158      8FFCD980 
 158      1897
 159 00e5 C58E3F83 		.ascii	"\305\216?\203\376\237\202\035i\360NE\242m\267\241,\035"
 159      FE9F821D 
 159      69F04E45 
 159      A26DB7A1 
 159      2C1D
 160 00f7 31BB4C20 		.ascii	"1\273L *\220/A\347\211?\024\314\270IxaxO\301\333\014"
 160      2A902F41 
 160      E7893F14 
 160      CCB84978 
ARM GAS  C:\Users\user\AppData\Local\Temp\ccHXaazk.s 			page 12


 160      61784FC1 
 161 010d C2C1F704 		.ascii	"\302\301\367\004y\013>\261\347\213\275\030u\327\027"
 161      790B3EB1 
 161      E78BBD18 
 161      75D717
 162 011c 9EC4DB30 		.ascii	"\236\304\3330Z\242B\304\263\363\240\350\364\343\262"
 162      5AA242C4 
 162      B3F3A0E8 
 162      F4E3B2
 163 012b 17EEAC88 		.ascii	"\027\356\254\210 z_\024\254ZZ\304\263\307\231\023\233"
 163      207A5F14 
 163      AC5A5AC4 
 163      B3C79913 
 163      9B
 164 013c B66D371F 		.ascii	"\266m7\037s\302\256\024t=\271\344 \241\321\250\220\022"
 164      73C2AE14 
 164      743DB9E4 
 164      20A1D1A8 
 164      9012
 165 014e D4A7CDFB 		.ascii	"\324\247\315\373\357\251A]\250B\213\367b.\253\361\266"
 165      EFA9415D 
 165      A8428BF7 
 165      622EABF1 
 165      B6
 166 015f 49893C55 		.ascii	"I\211<Uy\204\242j\312\274dG*\317s\350\024R\241\023\010"
 166      7984A26A 
 166      CABC6447 
 166      2ACF73E8 
 166      1452A113 
 167 0174 A342B494 		.ascii	"\243B\264\224\214a\011\031V\032\317'\362\337%\361.\001"
 167      8C610919 
 167      561ACF27 
 167      F2DF25F1 
 167      2E01
 168 0186 0A548416 		.ascii	"\012T\204\026\241\223h\221\002\025#Ob\015\301\241\002"
 168      A1936891 
 168      0215234F 
 168      620DC1A1 
 168      02
 169 0197 28CC8742 		.ascii	"(\314\207B\350\245\360\330\216\034G\234\210\210\005"
 169      E8A5F0D8 
 169      8E1C479C 
 169      888805
 170 01a6 5CEDE5CE 		.ascii	"\\\355\345\316;J\244\362\264Kp\306\016\0013\246\267"
 170      3B4AA4F2 
 170      B44B70C6 
 170      0E0133A6 
 170      B7
 171 01b7 F0BDDA14 		.ascii	"\360\275\332\024bL\011\030sZ4\006l#/(\205\216\316o\255"
 171      624C0918 
 171      735A3406 
 171      6C232F28 
 171      858ECE6F 
 172 01cc A9E07A50 		.ascii	"\251\340zP\027\202\321\243\371t\374\010\261_D\205\252"
 172      1782D1A3 
 172      F974FC08 
 172      B15F4485 
ARM GAS  C:\Users\user\AppData\Local\Temp\ccHXaazk.s 			page 13


 172      AA
 173 01dd B3960721 		.ascii	"\263\226\007!Z\016\245\034\375e@Z\204,-\004\235\023"
 173      5A0EA51C 
 173      FD65405A 
 173      842C2D04 
 173      9D13
 174 01ef 544EA0A4 		.ascii	"TN\240\244\377\204\306H\302\310\252YO\226\207\305\235"
 174      FF84C648 
 174      C2C8AA59 
 174      4F9687C5 
 174      9D
 175 0200 7DD06696 		.ascii	"}\320f\226\326\210\023;@H\332@B\310\314\026\352\255"
 175      D688133B 
 175      4048DA40 
 175      42C8CC16 
 175      EAAD
 176 0212 F629C4C1 		.ascii	"\366)\304\301!K\234\237f5\015\251zQ7)\315^\216h\331"
 176      214B9C9F 
 176      66350DA9 
 176      7A513729 
 176      CD5E8E68 
 177 0227 E893C7F9 		.ascii	"\350\223\307\371j\374\230\272\036]\235\235\252\232\307"
 177      6AFC98BA 
 177      1E5D9D9D 
 177      AA9AC7
 178 0236 82CF9179 		.ascii	"\202\317\221y1\336t\310\225\005\177>\250\323\0117\257"
 178      31DE74C8 
 178      95057F3E 
 178      A8D30937 
 178      AF
 179 0247 A8DEDD43 		.ascii	"\250\336\335C\247O\022?\237C\237\275\203\316C\014\316"
 179      A74F123F 
 179      9F439FBD 
 179      83CE430C 
 179      CE
 180 0258 410C14A8 		.ascii	"A\014\024\250\024\275\013\277\353\224\254\253\335/\013"
 180      14BD0BBF 
 180      EB94ACAB 
 180      DD2F0B
 181 0267 725CDFCB 		.ascii	"r\\\337\313\346\263\373\370\252'\227\177W\221\263\211"
 181      E6B3FBF8 
 181      AA27977F 
 181      5791B389 
 182 0277 6F8566CB 		.ascii	"o\205f\313)\016\375 \206\007>\341\367{\324\213\320Y"
 182      290EFD20 
 182      86073EE1 
 182      F77BD48B 
 182      D059
 183 0289 D403965F 		.ascii	"\324\003\226_@\357\021S\267<\311\236\207+9jVM\346\241"
 183      40EF1153 
 183      B73CC99E 
 183      872B396A 
 183      564DE6A1 
 184 029d 014781AC 		.ascii	"\001G\201\254\247\301-\213\257J\344I\244\011U\231HU"
 184      A7C12D8B 
 184      AF4AE449 
 184      A4095599 
ARM GAS  C:\Users\user\AppData\Local\Temp\ccHXaazk.s 			page 14


 184      4855
 185 02af 26A7BA48 		.ascii	"&\247\272H\251z\307'\352\\\3615F\225\231\337\221\312"
 185      A97AC727 
 185      EA5CF135 
 185      469599DF 
 185      91CA
 186 02c1 01551F99 		.ascii	"\001U\037\231\276\235\236\257K\006\3714\0253\252\\d"
 186      BE9D9EAF 
 186      4B06F934 
 186      1533AA5C 
 186      64
 187 02d2 2A274CE4 		.ascii	"*'L\344\343\022eH/\255\336\212q\016\246\014\023u/S\234"
 187      E3126548 
 187      2FADDE8A 
 187      710EA60C 
 187      13752F53 
 188 02e7 05869131 		.ascii	"\005\206\2211\357\226\263|\262\003m_!\266\257\260\264"
 188      EF96B37C 
 188      B2036D5F 
 188      21B6AFB0 
 188      B4
 189 02f8 BF4CDB1F 		.ascii	"\277L\333\037\2701\220\313\341\021\326\336\364\242w"
 189      B83190CB 
 189      E111D6DE 
 189      F4A277
 190 0307 BE926333 		.ascii	"\276\222c3\222\270\013\2122\2167\314`kY\025\242\205"
 190      92B80B8A 
 190      328E37CC 
 190      606B5915 
 190      A285
 191 0319 D7AE9B6F 		.ascii	"\327\256\233o\273\275\325\333&\352\355+HpwQi\375-\265"
 191      BBBDD5DB 
 191      26EAED2B 
 191      48707751 
 191      69FD2DB5 
 192 032d 60D4BDD9 		.ascii	"`\324\275\331\217\262\250Q\200A\225\242Q\225\026\243"
 192      8FB2A851 
 192      804195A2 
 192      519516A3 
 193 033d AAA951A5 		.ascii	"\252\251Q\245\375\273+]X\254\357\020\212\375\345\317"
 193      FDBB2B5D 
 193      58ACEF10 
 193      8AFDE5CF 
 194 034d 1A1D98EE 		.ascii	"\032\035\230\356L\252\307N\226\272\263\330W\221\352"
 194      4CAAC74E 
 194      96BAB3D8 
 194      5791EA
 195 035c F6A1A3C9 		.ascii	"\366\241\243\311n\254\272\225\350\325\267\352\306\225"
 195      6EACBA95 
 195      E8D5B7EA 
 195      C695
 196 036a F8B2928E 		.ascii	"\370\262\222\216)\255h[5V\245\021C\177\316\202\205\026"
 196      29AD685B 
 196      3556A511 
 196      437FCE82 
 196      8516
 197 037c 4D4D2F9B 		.ascii	"MM/\233\035p\015k\276\371\352\271Za\317\251'\372\256"
ARM GAS  C:\Users\user\AppData\Local\Temp\ccHXaazk.s 			page 15


 197      1D700D6B 
 197      BEF9EAB9 
 197      5A61CFA9 
 197      27FAAE
 198 038f 8BD5E5AE 		.ascii	"\213\325\345\256\270\216U\336\313\030\250v\304ML\261"
 198      B88E55DE 
 198      CB18A876 
 198      C44D4CB1 
 199 039f 58A511AC 		.ascii	"X\245\021\254:\322\371\274\021\341VVY^z\251V\030\201"
 199      3AD2F9BC 
 199      11E15656 
 199      595E7AA9 
 199      561881
 200 03b2 B764F66A 		.ascii	"\267d\366j\330\354=?\324P\253b\003\342\021\350\025m"
 200      D8EC3D3F 
 200      D450AB62 
 200      03E211E8 
 200      156D
 201 03c4 5DCBF14D 		.ascii	"]\313\361M\326\322d.\311\027\006\207\311p\262\314\255"
 201      D6D2642E 
 201      C9170687 
 201      C970B2CC 
 201      AD
 202 03d5 F3C87078 		.ascii	"\363\310px6\034Rn\031\220\002\335$\033\012\362Z\204"
 202      361C526E 
 202      199002DD 
 202      241B0AF2 
 202      5A84
 203 03e7 6EB0A1DC 		.ascii	"n\260\241\334\235\276\332\341\240\371\216\242y~\261"
 203      9DBEDAE1 
 203      A0F98EA2 
 203      797EB1
 204 03f6 9206B10D 		.ascii	"\222\006\261\015\340\327)\374\026\322X\032\321%\266"
 204      E0D729FC 
 204      16D2581A 
 204      D125B6
 205 0405 7B4C2D05 		.ascii	"{L-\0057\374%\360\251\334\343{U\370.3\362\300D\367C"
 205      37FC25F0 
 205      A9DCE37B 
 205      55F82E33 
 205      F2C044F7 
 206 041a 21609EA0 		.ascii	"!`\236\240\346M\226'9\343nV\227y\371P\263\023\356g\212"
 206      E64D9627 
 206      39E36E56 
 206      9779F950 
 206      B313EE67 
 207 042f 65CFD6D0 		.ascii	"e\317\326\320=\033%\336^\211\357\263\232\312\035;\273"
 207      3D1B25DE 
 207      5E89EFB3 
 207      9ACA1D3B 
 207      BB
 208 0440 117EC894 		.ascii	"\021~\310\224\261\344\373}\202\177\336%+\366\332\310"
 208      B1E4FB7D 
 208      827FDE25 
 208      2BF6DAC8 
 209 0450 123CC6AA 		.ascii	"\022<\306\252\336\324W/\301\317\330w\355\371\202|\204"
 209      DED4572F 
ARM GAS  C:\Users\user\AppData\Local\Temp\ccHXaazk.s 			page 16


 209      C1CFD877 
 209      EDF9827C 
 209      84
 210 0461 679862DE 		.ascii	"g\230b\336_;\242\302o\230\222\335v\360\2023Np\240J\336"
 210      5F3BA2C2 
 210      6F9892DD 
 210      76F08233 
 210      4E70A04A 
 211 0476 F49E3C37 		.ascii	"\364\236<7\274\211)7\312n\246\271\342\315LI;sf\237+"
 211      BC892937 
 211      CA6EA6B9 
 211      E2CD4C49 
 211      3B73669F 
 212 048b DECE94C4 		.ascii	"\336\316\224\304\362\273;\204\035\246\217\350\203\307"
 212      F2BB3B84 
 212      1DA68FE8 
 212      83C7
 213 0499 07B35D84 		.ascii	"\007\263]\204\2508\222\245\320\3264\205p&\003g\234o"
 213      A83892A5 
 213      D0D63485 
 213      70260367 
 213      9C6F
 214 04ab EF51BE35 		.ascii	"\357Q\2765\016#\2268x\3230\354\256\330}N-\017C-\240"
 214      0E239638 
 214      78D330EC 
 214      AED87D4E 
 214      2D0F432D 
 215 04c0 AF52F463 		.ascii	"\257R\364c\352\331\021\213g[\357\347\036W\312\343\360"
 215      EAD9118B 
 215      675BEFE7 
 215      1E57CAE3 
 215      F0
 216 04d1 36F43B4F 		.ascii	"6\364;O2\256<wG\036\036\036\013<$\217'\375\315\341\223"
 216      32AE3C77 
 216      471E1E1E 
 216      0B3C248F 
 216      27FDCDE1 
 217 04e6 93F8AABA 		.ascii	"\223\370\252\272\223x\270\270e\013\237mB\224\352GXw"
 217      9378B8B8 
 217      650B9F6D 
 217      4294EA47 
 217      5877
 218 04f8 4FD10271 		.ascii	"O\321\002q\035\264P\336\"\362\253`M\006\242a#K\306\024"
 218      1DB450DE 
 218      22F2AB60 
 218      4D06A261 
 218      234BC614 
 219 050c 5E2F87D7 		.ascii	"^/\207\327\315\2017J\340\315r\3705\012\367!\350\035"
 219      CD81374A 
 219      E0CD72F8 
 219      350AF721 
 219      E81D
 220 051e C298962B 		.ascii	"\302\230\226+\025\350!\324\017\323*\202\2065\210\336"
 220      15E821D4 
 220      0FD32A82 
 220      863588DE 
 221 052e C0729C40 		.ascii	"\300r\234@\036\310\0142\0032\005\362\014$\221\363@\223"
ARM GAS  C:\Users\user\AppData\Local\Temp\ccHXaazk.s 			page 17


 221      1EC80C32 
 221      033205F2 
 221      0C2491F3 
 221      4093
 222 0540 F07E0D32 		.ascii	"\360~\0152\015\362\022d\026\204\207\362\027\360N\202"
 222      0DF21264 
 222      168487F2 
 222      17F04E82 
 223 0550 F718BCC7 		.ascii	"\367\030\274\307A^\201<\007y\002\222\300y\320M\205\331"
 223      415E813C 
 223      07790292 
 223      C079D04D 
 223      85D9
 224 0562 D81129DA 		.ascii	"\330\021)\3328$\267\321K>\2426\011\372\201]\264\217"
 224      3824B7D1 
 224      4B3EA236 
 224      09FA815D 
 224      B48F
 225 0574 08364BC0 		.ascii	"\0106K\300\367\344\340\353H\206\356\2208\253\321\276"
 225      F7E4E0EB 
 225      4886EE90 
 225      38ABD1BE 
 226 0584 6F256853 		.ascii	"o%hS\224\210\356\227\243{\345\350G\022K\006\345\350"
 226      9488EE97 
 226      A37BE5E8 
 226      47124B06 
 226      E5E8
 227 0596 AB73E2D6 		.ascii	"\253s\342\326&!\357\221\303\273\344\344f\011\372\216"
 227      2621EF91 
 227      C3BBE4E4 
 227      6609FA8E 
 228 05a6 1CDD2A47 		.ascii	"\034\335*G\017HL\271o\337\024\251S$\334\335\366-\261"
 228      0F484CB9 
 228      6FDF14A9 
 228      5324DCDD 
 228      F62DB1
 229 05b9 315CE2C3 		.ascii	"1\\\342\303&\373\023\316f~J\330\373\354;\221\301\331"
 229      26FB13CE 
 229      667E4AD8 
 229      FBEC3B91 
 229      C1D9
 230 05cb 75ADE5B1 		.ascii	"u\255\345\261&\201\347\021\201)\204\023J\234GC\243\232"
 230      2681E711 
 230      81298413 
 230      4A9C4743 
 230      A39A
 231 05dd CC24BEDE 		.ascii	"\314$\276\336\233\222u\312\311\356\316\211\210\244\353"
 231      9B9275CA 
 231      C9EECE89 
 231      88A4EB
 232 05ec 0EFB68AB 		.ascii	"\016\373h\253\245\011\000\217N\240\360Q\244A\217\004"
 232      A509008F 
 232      4EA0F051 
 232      A4418F04 
 233 05fc B865E9A3 		.ascii	"\270e\351\243\0329\371\214\304\307\003\366'\236\224"
 233      1A39F98C 
 233      C4C703F6 
ARM GAS  C:\Users\user\AppData\Local\Temp\ccHXaazk.s 			page 18


 233      279E94
 234 060b 7C268A91 		.ascii	"|&\212\221\337\006\362v\001n\331\337\205\00028\271\262"
 234      DF06F276 
 234      016ED9DF 
 234      85003238 
 234      B9B2
 235 061d 37DD2A50 		.ascii	"7\335*P\343~\272\331q\246\303\227\262\340j\275\200\271"
 235      E37EBAD9 
 235      71A6C397 
 235      B2E06ABD 
 235      80B9
 236 062f 6772CC11 		.ascii	"gr\314\021\356\350h\023\267\000%s\326#\2348\313\376"
 236      EEE86813 
 236      B7002573 
 236      D6239C38 
 236      CBFE
 237 0641 0A47299C 		.ascii	"\012G)\234\347\337|\221\223\223\341\341\366~\316-\303"
 237      E7DF7C91 
 237      9393E1E1 
 237      F67ECE2D 
 237      C3
 238 0652 7A35A716 		.ascii	"z5\247\026\212{r*\347F\257\030\360\006\360\315\351\212"
 238      8A7B722A 
 238      E746AF18 
 238      F006F0CD 
 238      E98A
 239 0664 19373C4A 		.ascii	"\0317<J\307\247\354\3135\2178\"\317E\010\251@\362,i"
 239      C7A7ECCB 
 239      358F3822 
 239      CF4508A9 
 239      40F22C69 
 240 0678 88026DE6 		.ascii	"\210\002m\346T(\215\303\226Tf?\017\033\376\370\177\221"
 240      54288DC3 
 240      9654663F 
 240      0F1BFEF8 
 240      7F91
 241 068a 6296438C 		.ascii	"b\226C\214\347\360\370]\005ZF7z\224\016\343$U\012\264"
 241      E7F0F85D 
 241      055A4637 
 241      7A940EE3 
 241      24550AB4 
 242 069e 855B8432 		.ascii	"\205[\2042\270E\320\300\231\226@\207[F\257\357s\023"
 242      B845D0C0 
 242      99964087 
 242      5B46AFEF 
 242      7313
 243 06b0 777544B9 		.ascii	"wuD\271\305K\323VN\334\325\211B\316\237\227\305\027"
 243      C54BD356 
 243      4EDCD589 
 243      42CE9F97 
 243      C517
 244 06c2 85B3921C 		.ascii	"\205\263\222\034?S\247\263[\334\337z\342l\347\204\023"
 244      3F53A7B3 
 244      5BDCDF7A 
 244      E26CE784 
 244      13
 245 06d3 671B478F 		.ascii	"g\033G\217\234g\031)S\302\275\305\011\324\202\241\203"
ARM GAS  C:\Users\user\AppData\Local\Temp\ccHXaazk.s 			page 19


 245      9C671929 
 245      53C2BDC5 
 245      09D482A1 
 245      83
 246 06e4 DBDCD859 		.ascii	"\333\334\330Y\366\021\250\235\255E\265\356rcv\200\321"
 246      F611A89D 
 246      AD45B5EE 
 246      72637680 
 246      D1
 247 06f5 DF71846C 		.ascii	"\337q\204l'5\206RR\205\334T\247o\367\270I\235K\256\225"
 247      27358652 
 247      5285DC54 
 247      A76FF7B8 
 247      499D4BAE 
 248 070a 62F7999C 		.ascii	"b\367\231\234\233e\"dR\377>\310\347\247\324\330\314"
 248      9B652264 
 248      52FF3EC8 
 248      E7A7D4D8 
 248      CC
 249 071b 0ECBF433 		.ascii	"\016\313\3643\355\364\306]En\334\3658\375LIC\002\277"
 249      EDF4C65D 
 249      456EDCF5 
 249      38FD4C49 
 249      4302BF
 250 072e 30D98592 		.ascii	"0\331\205\222\354\022\347\320.NvK\336\315\221\353\340"
 250      EC12E7D0 
 250      2E4E764B 
 250      DECD91EB 
 250      E0
 251 073f F8E4B51D 		.ascii	"\370\344\265\035\030\227;R\256\243\215'\356a\201kd\354"
 251      18973B52 
 251      AEA38D27 
 251      EE61816B 
 251      64EC
 252 0751 A391B33C 		.ascii	"\243\221\263<\017\251\025d~\204k\217\310\265G\316\265"
 252      0FA91564 
 252      7E846B8F 
 252      C8B547CE 
 252      B5
 253 0762 9772554F 		.ascii	"\227rUO\336*v\302M\214k\323\256\3027\016\002\327D\247"
 253      DE2A76C2 
 253      4D8C6BD3 
 253      AEC2370E 
 253      02D744A7 
 254 0776 C7915C9A 		.ascii	"\307\221\\\232\011d\007\260K\367>\221l\237\234,\213"
 254      096407B0 
 254      4BF73E91 
 254      6C9F9C2C 
 254      8B
 255 0787 92E54D4D 		.ascii	"\222\345MMoV\343^F\226\362\332\334\247\026\310\332\366"
 255      6F56E35E 
 255      4696F2DA 
 255      DCA716C8 
 255      DAF6
 256 0799 6396091C 		.ascii	"c\226\011\034e\231\300~\221j\277\234\352\000\245\272"
 256      6599C07E 
 256      916ABF9C 
ARM GAS  C:\Users\user\AppData\Local\Temp\ccHXaazk.s 			page 20


 256      EA00A5BA 
 257 07a9 3D640AC7 		.ascii	"=d\012\307\017\031\323\211\342\303%j<\305\224\315\246"
 257      0F19D389 
 257      E2C3256A 
 257      3CC594CD 
 257      A6
 258 07ba EA838E70 		.ascii	"\352\203\216p\001G\207\350<\264\177K\257)9\371Z\375"
 258      014787E8 
 258      3CB47F4B 
 258      AF2939F9 
 258      5AFD
 259 07cc D60B7936 		.ascii	"\326\013y6"
 260 07d0 472EE447 		.ascii	"G.\344G8\341B>t`O\2115\032\303x[a\017\334\015\022\370"
 260      38E1423E 
 260      74604F89 
 260      351AC378 
 260      5B610FDC 
 261 07e7 E5F51C41 		.ascii	"\345\365\034A\242\203\026[\321aNI4[s\217Rs\247\237_"
 261      A283165B 
 261      D1614E49 
 261      345B738F 
 261      5273A79F 
 262 07fc B9E28C9B 		.ascii	"\271\342\214\233\235\250\211\025\347G\333\221\030\336"
 262      9DA88915 
 262      E747DB91 
 262      18DE
 263 080a EDDF4BC3 		.ascii	"\355\337K\303\233#\016=G\316\225K\271r\356\334=\353"
 263      9B230E3D 
 263      47CE954B 
 263      B972EEDC 
 263      3DEB
 264 081c 88FB1957 		.ascii	"\210\373\031W\323\201\315\023.\002\327@\272\255\027"
 264      D381CD13 
 264      2E02D740 
 264      BAAD17
 265 082b 8F8954C7 		.ascii	"\217\211T\307\344T\307)\325\256\343u\351J<\311\250\032"
 265      E454C729 
 265      D5AEE375 
 265      E94A3CC9 
 265      A81A
 266 083d 2A674E39 		.ascii	"*gN9Xg\212\347\230\315L\311\023\271\362\344\\\371\224"
 266      58678AE7 
 266      98CD4CC9 
 266      13B9F2E4 
 266      5CF994
 267 0850 AB61B0D8 		.ascii	"\253a\260\330\244\306\351\316\224+\253cd\237\213u\246"
 267      A4C6E9CE 
 267      942BAB63 
 267      649F8B75 
 267      A6
 268 0861 7817D8CE 		.ascii	"x\027\330\316\224\002\221\254@NVH\311\372\216<\310t"
 268      940291AC 
 268      404E5648 
 268      C9FA8E3C 
 268      C874
 269 0873 C78719D9 		.ascii	"\307\207\031\331\265\313\2717-\206\265\035\262\035\343"
 269      B5CBB937 
ARM GAS  C:\Users\user\AppData\Local\Temp\ccHXaazk.s 			page 21


 269      2D86B51D 
 269      B21DE3
 270 0882 0991EA84 		.ascii	"\011\221\352\204\234\352$\245*j\256\353\022Vv\032I\026"
 270      9CEA24A5 
 270      2A6AAEEB 
 270      1256761A 
 270      4916
 271 0894 5E150CBD 		.ascii	"^\025\014\275\203O8\377\214[\351)\313\036\341E\267\210"
 271      834F38FF 
 271      8C5BE929 
 271      CB1EE145 
 271      B788
 272 08a6 C11F4BBE 		.ascii	"\301\037K\276\237'l\002I\226[\251\210>M7\001\332F!\311"
 272      9F276C02 
 272      49965BA9 
 272      883E4D37 
 272      01DA4621 
 273 08bb 5134428E 		.ascii	"Q4B\216r\354B\337+\204\177`\375V\325n\031E\270\222)"
 273      72EC42DF 
 273      2B847F60 
 273      FD56D56E 
 273      1945B892 
 274 08d0 69FDA9ED 		.ascii	"i\375\251\355\002r\232\350\263\246\251;\356\370*\253"
 274      02729AE8 
 274      B3A6A93B 
 274      EEF82AAB 
 275 08e0 9C7D7837 		.ascii	"\234}x7W\310\024\306\211\276\267l`\\\215\177d\225;\252"
 275      57C814C6 
 275      89BEB76C 
 275      605C8D7F 
 275      64953BAA 
 276 08f4 9F4FB8E2 		.ascii	"\237O\270\342v\246t\345\354:\256d\310a\242\037z\365"
 276      76A674E5 
 276      EC3AAE64 
 276      C861A21F 
 276      7AF5
 277 0906 2A5989EF 		.ascii	"*Y\211\357\260\312\266\304\314c\216x\200)/\307\362\307"
 277      B0CAB6C4 
 277      CC638E78 
 277      80292FC7 
 277      F2C7
 278 0918 1DF163A6 		.ascii	"\035\361c\246TO\034|\352\206'\231\222r\354\306\026'"
 278      544F1C7C 
 278      EA862799 
 278      9272ECC6 
 278      1627
 279 092a CCBBB0EC 		.ascii	"\314\273\260\354\270sk\255\033\316`JM\375\275vg\274"
 279      B8736BAD 
 279      1BCE604A 
 279      4DFDBD76 
 279      67BC
 280 093c 8B2909C3 		.ascii	"\213)\011\303%\251\030\037f\312\323\326\352\014\027"
 280      25A9181F 
 280      66CAD3D6 
 280      EA0C17
 281 094b 5CC094E6 		.ascii	"\\\300\224\346\364\235\2739\\\302\024\313&\252a\233"
 281      F49DBB39 
ARM GAS  C:\Users\user\AppData\Local\Temp\ccHXaazk.s 			page 22


 281      5CC214CB 
 281      26AA619B 
 282 095b E8EC81F1 		.ascii	"\350\354\201\361Cn\370\002\253\273\224\233R\350\214"
 282      436EF802 
 282      ABBB949B 
 282      52E88C
 283 096a 4D4C496E 		.ascii	"MLIn\331\332\345\206\033\231rj8\265\312\011\267\011"
 283      D9DAE586 
 283      1B99726A 
 283      38B5CA09 
 283      B709
 284 097c B0E61745 		.ascii	"\260\346\027Ej\334!(\235\347\274\360 \373>:\\\2269\017"
 284      6ADC2128 
 284      9DE7BCF0 
 284      20FB3E3A 
 284      5C96390F 
 285 0990 8F32A5BF 		.ascii	"\2172\245\277\373A\206\032O2eS\345\356\012\027\314\263"
 285      FB41861A 
 285      4F326553 
 285      E5EE0A17 
 285      CCB3
 286 09a2 BF93D5F4 		.ascii	"\277\223\325\364\301=-\235}\217dT\335\345\360N\246\024"
 286      C13D2D9D 
 286      7D8F6454 
 286      DDE5F04E 
 286      A614
 287 09b4 966DED77 		.ascii	"\226m\355w\300\007\230r\2574yR\211\2170\345\344\253"
 287      C0079872 
 287      AF347952 
 287      898F30E5 
 287      E4AB
 288 09c6 C3AD2EF8 		.ascii	"\303\255.\370\030SZ/\366\335W\343\"\246L\324\024L\010"
 288      18535A2F 
 288      F6DD57E3 
 288      22A64CD4 
 288      144C08
 289 09d9 09CF7724 		.ascii	"\011\317w$\244\215i\007\274\205|\307\205\354n\355\373"
 289      A48D6907 
 289      BC857CC7 
 289      85EC6EED 
 289      FB
 290 09ea 9F3AE2D3 		.ascii	"\237:\342\323\024\373\336\221\013e/UH\226e\210\231\206"
 290      14FBDE91 
 290      0B652F55 
 290      48966588 
 290      9986
 291 09fc F5611793 		.ascii	"\365a\027\223\331\026\207\364\342F1\3458\013\263\372"
 291      D91687F4 
 291      E24631E5 
 291      380BB3FA 
 292 0a0c 8EE43446 		.ascii	"\216\3444F%\234\374\236\364G\361*sE\216\226&(\322\033"
 292      259CFC9E 
 292      F447F12A 
 292      73458E96 
 292      2628D21B 
 293 0a20 C60D38B1 		.ascii	"\306\0158\261\332)\023\201\223\353\305C8\202'\340\252"
 293      DA291381 
ARM GAS  C:\Users\user\AppData\Local\Temp\ccHXaazk.s 			page 23


 293      93EBC543 
 293      388227E0 
 293      AA
 294 0a31 D007D20B 		.ascii	"\320\007\322\0132\014\362\030\344)H\007\310s\220)\220"
 294      320CF218 
 294      E4294807 
 294      C8739029 
 294      90
 295 0a42 BB20F741 		.ascii	"\273 \367A\236\200\014\202\214\202<\002y\000r\233\\"
 295      9E800C82 
 295      8C823C02 
 295      7900729B 
 295      5C
 296 0a53 3540FA41 		.ascii	"5@\372AF@\356\201\230A\306A:\3115\005d\000d\010\244"
 296      4640EE81 
 296      9841C641 
 296      3AC93505 
 296      64006408 
 297 0a68 07E41648 		.ascii	"\007\344\026H\027H7\3103\233\234\303\374\2718\250\006"
 297      174837C8 
 297      339B9CC3 
 297      FCB938A8 
 297      06
 298 0a79 F9A0E6DE 		.ascii	"\371\240\346\336j;$\360&9|\316]\177\300 \242/\312\321"
 298      6A3B24F0 
 298      26397CCE 
 298      5D7FC020 
 298      A22FCAD1 
 299 0a8d C373AFCC 		.ascii	"\303s\257\314\353E\370\031\373\341\260\300\311%\257"
 299      EB45F819 
 299      FBE1B0C0 
 299      C925AF
 300 0a9c 4380C32E 		.ascii	"C\200\303.\200\212\345\360\"i\364\010\332\264\236\335"
 300      808AE5F0 
 300      2269F408 
 300      DAB49EDD 
 301 0aac 2C213745 		.ascii	",!7E?\010h\353\265\365{y\254gBDSZ\345\334sR\003\263"
 301      3F0868EB 
 301      B5F57B79 
 301      AC674244 
 301      535AE5DC 
 302 0ac4 047D5D8E 		.ascii	"\004}]\216\236\223\270\315H\346Q\245\034='\2732K|X*"
 302      9E93B8CD 
 302      48E651A5 
 302      1C3D27BB 
 302      324B7C58 
 303 0ad9 479F93DB 		.ascii	"G\237\223\333\335(AW\310\321s.\347\215\022Kj\345\350"
 303      DD284157 
 303      C8D1732E 
 303      E78D124B 
 303      6AE5E8
 304 0aec 562477F8 		.ascii	"V$w\370\314\347\242\013\353\345.\234\223V\314HL9o\337"
 304      CCE7A20B 
 304      EBE52E9C 
 304      9356CC48 
 304      4C396FDF 
 305 0b00 709B7C5E 		.ascii	"p\233|^b\213\311\376\352\222\346\234\222y\370\243\375"
ARM GAS  C:\Users\user\AppData\Local\Temp\ccHXaazk.s 			page 24


 305      628BC9FE 
 305      EA92E69C 
 305      9279F8A3 
 305      FD
 306 0b11 F848D3A5 		.ascii	"\370H\323\245\236.\226.\001\3146]\202\273bUO\217f'M"
 306      9E2E962E 
 306      01CC365D 
 306      82BB6255 
 306      4F8F6627 
 307 0b26 97C8E152 		.ascii	"\227\310\341R#'\253\236c\251I2\260\313\366\343g\223"
 307      2327AB9E 
 307      63A94932 
 307      B0CBF6E3 
 307      6793
 308 0b38 D9494C6D 		.ascii	"\331ILm\221\303\347\244\336m\0227\\\265o\213dR\233\377"
 308      91C3E7A4 
 308      DE6D1237 
 308      5CB56F8B 
 308      64529BFF 
 309 0b4c 2846A44A 		.ascii	"(F\244J\036\221ks\234&\341\256\263\037ni\276+\031f\271"
 309      1E916B73 
 309      9C26E1AE 
 309      B31F6E69 
 309      BE2B1966 
 310 0b61 FDC52BB5 		.ascii	"\375\305+\265[2\312f\373\243\264N%\360y\233@N\\~\311"
 310      5B32CA66 
 310      FBA3B44E 
 310      25F0799B 
 310      404E5C7E 
 311 0b76 FE3C95FA 		.ascii	"\376<\225\372\360\221d\201\265\331]`\322]G\262\215\334"
 311      F0916481 
 311      B5D95D60 
 311      D25D47B2 
 311      8DDC
 312 0b88 B4BF2F48 		.ascii	"\264\277/HM\031\370\\4\345\232\375-M\272\010\036\031"
 312      4D19F85C 
 312      34E59AFD 
 312      2D4DBA08 
 312      1E19
 313 0b9a 449797C9 		.ascii	"D\227\227\311]~a\316\231!qK\243\375\355\325GHg\237\027"
 313      5D7E61CE 
 313      9921714B 
 313      A3FDEDD5 
 313      4748679F 
 314 0baf 1575BBE2 		.ascii	"\025u\273\342M\364\377\221\270DS\303}7k:;6L\323\331"
 314      4DF4FF91 
 314      B84453C3 
 314      7D376B3A 
 314      3B364CD3 
 315 0bc4 19683C2D 		.ascii	"\031h<-^\276\310d\266\177\330\240\027p\306\374\177;"
 315      5EBEC864 
 315      B67FD8A0 
 315      1770C6FC 
 315      7F3B
 316 0bd6 6F608867 		.ascii	"o`\210g\006\237')\245\031\332\214M\372\373RH\177_\322"
 316      069F2729 
 316      A519DA8C 
ARM GAS  C:\Users\user\AppData\Local\Temp\ccHXaazk.s 			page 25


 316      4DFAFB52 
 316      487F5FD2 
 317 0bea F4EC45DB 		.ascii	"\364\354E\333\266\024\007\274\223\375\277ZuwI\2113\316"
 317      B61407BC 
 317      93FDBF5A 
 317      75774989 
 317      33CE
 318 0bfc 62CAEBC1 		.ascii	"b\312\353\301\312>\027\234M\025\307\352\343mej8\365"
 318      CA3E179C 
 318      4D15C7EA 
 318      E36D656A 
 318      38F5
 319 0c0e 3D17584E 		.ascii	"=\027XN\366\226K\302z&N\177\003\376J\304\177\361OL\246"
 319      F6964BC2 
 319      7A264E7F 
 319      03FE4AC4 
 319      7FF14F4C 
 320 0c23 DF89317A 		.ascii	"\337\2111ze\037\356#n%C\345l+\001\224t+\221\206A\374"
 320      651FEE23 
 320      6E2543E5 
 320      6C2B0194 
 320      742B9186 
 321 0c39 8334A122 		.ascii	"\2034\241\"1H\300\236(\011{\240d\020\036d\326\346\014"
 321      3148C09E 
 321      28097BA0 
 321      64101E64 
 321      D6E60C
 322 0c4c 9E2C9718 		.ascii	"\236,\227\030\374Zn\201|z\317\374\253\355Z\230\013\266"
 322      FC5A6E81 
 322      7C7ACFFC 
 322      ABED5A98 
 322      0BB6
 323 0c5e FE8564DF 		.ascii	"\376\205d\337\340\353>\204\363\331\224\312\252\276r"
 323      E0EB3E84 
 323      F3D994CA 
 323      AABE72
 324 0c6d 8AB34EA9 		.ascii	"\212\263N\251[\227\224dJ\245B\343\024l\235RdP\366\307"
 324      5B979464 
 324      4AA542E3 
 324      146C9D52 
 324      6450F6C7 
 325 0c81 8236C110 		.ascii	"\2026\301\020~j8\320e}\336\366\011,\015q*\226\2068\015"
 325      7E6A38D0 
 325      657DDEF6 
 325      092C0D71 
 325      2A968638 
 326 0c96 B310C31B 		.ascii	"\263\020\303\033\300\217\273\3166\330\314\007\223M\306"
 326      C08FBBCE 
 326      36D8CC07 
 326      934DC6
 327 0ca5 9E2E80C9 		.ascii	"\236.\200\311\333y\365\307\237.\326\372\370(T\006\303"
 327      DB79F5C7 
 327      9F2ED6FA 
 327      F8285406 
 327      C3
 328 0cb6 8688E8F8 		.ascii	"\206\210\350\370e\276\206\370?\205\3756$6>&.$l}\304"
 328      65BE86F8 
ARM GAS  C:\Users\user\AppData\Local\Temp\ccHXaazk.s 			page 26


 328      3F85FD36 
 328      24363E26 
 328      2E246C7D 
 329 0ccb BA88B8F8 		.ascii	"\272\210\270\370\015\341\0211!\36111\221q!_FoXL\277"
 329      0DE11131 
 329      21F13131 
 329      9171215F 
 329      466F584C 
 330 0ce0 1687C646 		.ascii	"\026\207\306F-6F\2553\206\207\033\303C>X\272l\261\257"
 330      2D3646AD 
 330      3386871B 
 330      C3433E58 
 330      BA6CB1AF 
 331 0cf4 B7CF875F 		.ascii	"\267\317\207_\373\204@\371\257\243c\242\215\2776\206"
 331      FB8440F9 
 331      AFA363A2 
 331      8DBF3686 
 332 0d04 AE8B0889 		.ascii	"\256\213\010\211\210\016\213\334\020n\014\211\012\005"
 332      880E8BDC 
 332      106E0C89 
 332      0A05
 333 0d12 AE686388 		.ascii	"\256hc\210!\334\370E\350\206\310xC\374\267_\031\343"
 333      21DCF845 
 333      E886C878 
 333      43FCB75F 
 333      19E3
 334 0d24 96AE5738 		.ascii	"\226\256W8[:\375\367\377\373N\343\276\215\0131\304\305"
 334      5B3AFDF7 
 334      FFFB4EE3 
 334      BE8D0B31 
 334      C4C5
 335 0d36 87430FA4 		.ascii	"\207C\017\244\247\317\214a\3611\261+\275\003\265\277"
 335      A7CF8C61 
 335      F131B12B 
 335      BD03B5BF 
 336 0d46 0DD1057F 		.ascii	"\015\321\005\177\242\017\321\222\236\364\254'\332kL"
 336      A20FD192 
 336      9EF4AC27 
 336      DA6B4C
 337 0d55 9CCF871F 		.ascii	"\234\317\207\037x\305\304y\255\017\215\364\372*&6>\316"
 337      78C5C479 
 337      AD0F8DF4 
 337      FA2A2636 
 337      3ECE
 338 0d67 4B1F1CB4 		.ascii	"K\037\034\264\314\327k\315\032?\257\340\300\240o|H\015"
 338      CCD76BCD 
 338      1A3FAFE0 
 338      C0A06F7C 
 338      480D
 339 0d79 501A2223 		.ascii	"P\032\"#\303\227\206)\\\331\227!\":\"^c \015\014\021"
 339      C3978629 
 339      5CD99721 
 339      223A225E 
 339      63200D0C 
 340 0d8e B15F1B8C 		.ascii	"\261_\033\214_ED\306|\271\301\250\375\351\216\302b\242"
 340      5F4544C6 
 340      7CB9C1A8 
ARM GAS  C:\Users\user\AppData\Local\Temp\ccHXaazk.s 			page 27


 340      FDE98EC2 
 340      62A2
 341 0da0 A262A285 		.ascii	"\242b\242\205\276V\350\202\264A\033\275\302\326\207"
 341      BE56E882 
 341      B4411BBD 
 341      C2D687
 342 0daf C5C41A0D 		.ascii	"\305\304\032\015\337|\030\005Vk\302\326\353\277\215"
 342      DF7C1805 
 342      566BC2D6 
 342      EBBF8D
 343 0dbe 0B8E8832 		.ascii	"\013\216\2102\306\006\204F\207G\032c\003\177\363\323"
 343      C6068446 
 343      87471A63 
 343      037FF3D3 
 344 0dce B4B1F15E 		.ascii	"\264\261\361^\202\023\200\015\334\000D\363\243\277\211"
 344      8213800D 
 344      DC0044F3 
 344      A3BF89
 345 0ddd 08F38F0E 		.ascii	"\010\363\217\016]\027id\216X\361?q\203`\247`!\241\002"
 345      5D176964 
 345      8E58F13F 
 345      718360A7 
 345      6021A102 
 346 0df1 4A07AD36 		.ascii	"J\007\2556H\267\214\373D\247\364\013Z\241\303~Z\235"
 346      48B78CFB 
 346      44A7F40B 
 346      5AA1C37E 
 346      5A9D
 347 0e03 72A55FB0 		.ascii	"r\245_\260\016k\265:\254\003Y\241\323\341\265z-\326"
 347      0E6BB53A 
 347      AC0359A1 
 347      D3E1B57A 
 347      2DD6
 348 0e15 7E1CACD4 		.ascii	"~\034\254\324j\375u\024\357K\177}\260\377j\035\247\207"
 348      6AFD7514 
 348      EF4B7F7D 
 348      B0FF6A1D 
 348      A787
 349 0e27 9681FE3A 		.ascii	"\226\201\376:\245>\010\320Z\235/\210\017 \377M\027\360"
 349      A53E08D0 
 349      5A9D2F88 
 349      0F20FF4D 
 349      17F0
 350 0e39 D784282E 		.ascii	"\327\204(.>\212L\250\010\342>W\253b\210W\206\255\017"
 350      3E8A4CA8 
 350      08E23E57 
 350      AB628857 
 350      86AD0F
 351 0e4c 8DD5C4C4 		.ascii	"\215\325\304\304\205F\202G\327\304\204\375iUlLT\240"
 351      85468247 
 351      D7C484FD 
 351      69556C4C 
 351      54A0
 352 0e5e 5EF733FC 		.ascii	"^\3673\374I:#\015\211c\311\233\370\223\006FB\243\241"
 352      493A230D 
 352      8963C99B 
 352      F8930646 
ARM GAS  C:\Users\user\AppData\Local\Temp\ccHXaazk.s 			page 28


 352      42A3A1
 353 0e71 F18F8402 		.ascii	"\361\217\204\002\303\027Pb\210\210\213u\261\026\271"
 353      C3175062 
 353      88888B75 
 353      B116B9
 354 0e80 1B0C71C6 		.ascii	"\033\014q\306x\303\312\025z\377\265\272@\367\320\310"
 354      78C3CA15 
 354      7AFFB5BA 
 354      40F7D0C8 
 355 0e90 FF08FD36 		.ascii	"\377\010\3756\016\346M$,\212\325?{\232\0307\306{i\203"
 355      0EE64D24 
 355      2C8AD53F 
 355      7B9A1837 
 355      C67B6983 
 356 0ea4 F4817A31 		.ascii	"\364\201z1\272Qq\021q\206/\303H8\026\020\313>\261\235"
 356      BA517111 
 356      71862FC3 
 356      48381610 
 356      CB3EB19D 
 357 0eb8 2B0B85E1 		.ascii	"+\013\205\341~\032\035)\261\224\232nS\264\220Z\272!"
 357      7E1A1D29 
 357      B1949A6E 
 357      53B4905A 
 357      BA21
 358 0eca DAC67C57 		.ascii	"\332\306|WI\241\213\316_\357\257\373\314\337\357C\325"
 358      49A18BCE 
 358      5FEFAFFB 
 358      CCDFEF43 
 358      D5
 359 0edb DA356B02 		.ascii	"\3325k\002}\365\332U\253u\016z\275v\265\316Z\365\001"
 359      7DF5DA55 
 359      AB750E7A 
 359      BD76B5CE 
 359      5AF501
 360 0eee D6EAC914 		.ascii	"\326\352\311\024\320\212E\277qY\261v\245\357\232\265"
 360      D08A45BF 
 360      7159B176 
 360      A5EF9AB5 
 361 0efe FE1FEBC8 		.ascii	"\376\037\353\310\227\017\373\262\324\276\357\262\"`"
 361      970FFBB2 
 361      D4BEEFB2 
 361      2260
 362 0f0c E532A136 		.ascii	"\3452\2416\300\212\013\220\343\2269\021\026(!o\037i"
 362      C08A0B90 
 362      E3963911 
 362      1628216F 
 362      1F69
 363 0f1e 8DAF1361 		.ascii	"\215\257\023a\2405\001\002\"\300\026\341\343L\332\352"
 363      A0350102 
 363      22C016E1 
 363      E34CDAEA 
 364 0f2e F4C13AF2 		.ascii	"\364\301:\362\341C>\254u\336\316\2445\253\013\260\200"
 364      E1433EAC 
 364      75DECEA4 
 364      35AB0BB0 
 364      80
 365 0f3f 0218086B 		.ascii	"\002\030\010k\003uJ2H'\030/ysZ\235\223\237\366\367\344"
ARM GAS  C:\Users\user\AppData\Local\Temp\ccHXaazk.s 			page 29


 365      03754A32 
 365      4827182F 
 365      79735A9D 
 365      939FF6F7 
 366 0f54 F3E3FF45 		.ascii	"\363\343\377E\304\364\301l\242\256z\177\343F6E\277x"
 366      C4F4C16C 
 366      A2AE7A7F 
 366      E3463645 
 366      BF78
 367 0f66 DFDB67A3 		.ascii	"\337\333g\243\221LR\235Vk\010\206\015\321\317\370\205"
 367      914C529D 
 367      566B0886 
 367      0DD1CFF8 
 367      85
 368 0f77 233172D5 		.ascii	"#1r\325\037\034\003\375\264\237\370\371\023\315w\325"
 368      1F1C03FD 
 368      B49FF8F9 
 368      13CD77D5 
 369 0f87 1FD47E2B 		.ascii	"\037\324~+W\007i?\265`\376\033\3447Z\274"
 369      5707693F 
 369      B560FE1B 
 369      E4375ABC 
 370              		.text
 371              		.section	.gnu.lto_.symtab.7a94331d,"",%progbits
 372 0000 56656374 		.ascii	"VectorB0\000"
 372      6F724230 
 372      00
 373 0009 00       		.ascii	"\000"
 374 000a 00       		.ascii	"\000"
 375 000b 00       		.ascii	"\000"
 376 000c 00000000 		.ascii	"\000\000\000\000\000\000\000\000"
 376      00000000 
 377 0014 B8000000 		.ascii	"\270\000\000\000"
 378 0018 73745F6C 		.ascii	"st_lld_init\000"
 378      6C645F69 
 378      6E697400 
 379 0024 00       		.ascii	"\000"
 380 0025 00       		.ascii	"\000"
 381 0026 00       		.ascii	"\000"
 382 0027 00000000 		.ascii	"\000\000\000\000\000\000\000\000"
 382      00000000 
 383 002f BA000000 		.ascii	"\272\000\000\000"
 384 0033 5F706F72 		.ascii	"_port_irq_epilogue\000"
 384      745F6972 
 384      715F6570 
 384      696C6F67 
 384      756500
 385 0046 00       		.ascii	"\000"
 386 0047 02       		.ascii	"\002"
 387 0048 00       		.ascii	"\000"
 388 0049 00000000 		.ascii	"\000\000\000\000\000\000\000\000"
 388      00000000 
 389 0051 BC000000 		.ascii	"\274\000\000\000"
 390 0055 63685379 		.ascii	"chSysTimerHandlerI\000"
 390      7354696D 
 390      65724861 
 390      6E646C65 
ARM GAS  C:\Users\user\AppData\Local\Temp\ccHXaazk.s 			page 30


 390      724900
 391 0068 00       		.ascii	"\000"
 392 0069 02       		.ascii	"\002"
 393 006a 00       		.ascii	"\000"
 394 006b 00000000 		.ascii	"\000\000\000\000\000\000\000\000"
 394      00000000 
 395 0073 BE000000 		.ascii	"\276\000\000\000"
 396 0077 6E766963 		.ascii	"nvicEnableVector\000"
 396      456E6162 
 396      6C655665 
 396      63746F72 
 396      00
 397 0088 00       		.ascii	"\000"
 398 0089 02       		.ascii	"\002"
 399 008a 00       		.ascii	"\000"
 400 008b 00000000 		.ascii	"\000\000\000\000\000\000\000\000"
 400      00000000 
 401 0093 C3000000 		.ascii	"\303\000\000\000"
 402              		.text
 403              		.section	.gnu.lto_.opts,"",%progbits
 404 0000 272D666D 		.ascii	"'-fmath-errno' '-fsigned-zeros' '-ftrapping-math' '"
 404      6174682D 
 404      6572726E 
 404      6F272027 
 404      2D667369 
 405 0033 2D666E6F 		.ascii	"-fno-trapv' '-fno-openmp' '-fno-openacc' '-mcpu=cor"
 405      2D747261 
 405      70762720 
 405      272D666E 
 405      6F2D6F70 
 406 0066 7465782D 		.ascii	"tex-m4' '-mno-thumb-interwork' '-mthumb' '-ggdb' '-"
 406      6D342720 
 406      272D6D6E 
 406      6F2D7468 
 406      756D622D 
 407 0099 4F322720 		.ascii	"O2' '-fomit-frame-pointer' '-falign-functions=16' '"
 407      272D666F 
 407      6D69742D 
 407      6672616D 
 407      652D706F 
 408 00cc 2D666675 		.ascii	"-ffunction-sections' '-fdata-sections' '-fno-common"
 408      6E637469 
 408      6F6E2D73 
 408      65637469 
 408      6F6E7327 
 409 00ff 2720272D 		.ascii	"' '-flto'\000"
 409      666C746F 
 409      2700
 410              		.text
 411              		.comm	__gnu_lto_v1,1,1
 412              		.comm	__gnu_lto_slim,1,1
 413              		.ident	"GCC: (GNU Tools for ARM Embedded Processors 6-2017-q1-update) 6.3.1 20170215 (release) [AR
ARM GAS  C:\Users\user\AppData\Local\Temp\ccHXaazk.s 			page 31


DEFINED SYMBOLS
                            *ABS*:00000000 hal_st_lld.c
                            *COM*:00000001 __gnu_lto_v1
                            *COM*:00000001 __gnu_lto_slim

NO UNDEFINED SYMBOLS
