ARM GAS  C:\Users\user\AppData\Local\Temp\ccOlxOzN.s 			page 1


   1              		.cpu cortex-m4
   2              		.eabi_attribute 20, 1
   3              		.eabi_attribute 21, 1
   4              		.eabi_attribute 23, 3
   5              		.eabi_attribute 24, 1
   6              		.eabi_attribute 25, 1
   7              		.eabi_attribute 26, 1
   8              		.eabi_attribute 30, 2
   9              		.eabi_attribute 34, 1
  10              		.eabi_attribute 18, 4
  11              		.file	"hal_st.c"
  12              		.text
  13              	.Ltext0:
  14              		.section	.gnu.lto_.profile.7a943b20,"",%progbits
  15 0000 789C6365 		.ascii	"x\234ce`b`a```d\220\342\001\000\000\300\0003"
  15      60626061 
  15      60606064 
  15      90E20100 
  15      00C00033 
  16              		.text
  17              		.section	.gnu.lto_.icf.7a943b20,"",%progbits
  18 0000 789C6365 		.ascii	"x\234ce`bP`@\000V\206\205??\354\345a\274\366\357\375"
  18      60625060 
  18      40005686 
  18      853F3FEC 
  18      E561BCF6 
  19 0016 136EA67D 		.ascii	"\023n\246}\027\036\254ga\276\263\265\373\0203\313\261"
  19      171EAC67 
  19      61BEB3B5 
  19      FB1033CB 
  19      B1
  20 0027 BFE7B7B3 		.ascii	"\277\347\267\2631\000\000\032\271\020\215"
  20      3100001A 
  20      B9108D
  21              		.text
  22              		.section	.gnu.lto_.jmpfuncs.7a943b20,"",%progbits
  23 0000 789C6365 		.ascii	"x\234ce`b\020c@\000V\020\301\010\004\365L\014\014\314"
  23      60621063 
  23      40005610 
  23      C10804F5 
  23      4C0C0CCC 
  24 0014 209A0528 		.ascii	" \232\005(\000\000\016\012\0011"
  24      00000E0A 
  24      0131
  25              		.text
  26              		.section	.gnu.lto_.inline.7a943b20,"",%progbits
  27 0000 789C6365 		.ascii	"x\234ce`bHe@\000V\006\006\026\036F\240 \003\003\333"
  27      60624865 
  27      40005606 
  27      06161E46 
  27      A0200303 
  28 0015 027910C5 		.ascii	"\002y\020\305\300\310\005\"\030\330X\201\302l\037\364"
  28      C0C80522 
  28      18D85881 
  28      C26C1FF4 
  29 0025 E0E24C0C 		.ascii	"\340\342L\014,\314@!\246\013\374p!fL!\026L!\006\000"
  29      2CCC4021 
ARM GAS  C:\Users\user\AppData\Local\Temp\ccOlxOzN.s 			page 2


  29      A60BFC70 
  29      21664C21 
  29      164C2106 
  30 003a 9CEB0870 		.ascii	"\234\353\010p"
  31              		.text
  32              		.section	.gnu.lto_.pureconst.7a943b20,"",%progbits
  33 0000 789C6365 		.ascii	"x\234ce`b\340f```e\220`\224b\222b\226b\221\002\000\004"
  33      6062E066 
  33      60606065 
  33      90609462 
  33      92629662 
  34 0018 1000A2   		.ascii	"\020\000\242"
  35              		.text
  36              		.section	.gnu.lto_stInit.7a943b20,"",%progbits
  37 0000 789C6365 		.ascii	"x\234ce`bX\314\300\300`\012\304\322@\314\310\314\300"
  37      606258CC 
  37      C0C0600A 
  37      C4D240CC 
  37      C8CCC0
  38 0013 C834E11C 		.ascii	"\3104\341\034\003C#\007\023##\210\321\300\301\310P\317"
  38      03432307 
  38      13232388 
  38      D1C0C1C8 
  38      50CF
  39 0025 C458CFD8 		.ascii	"\304X\317\330\317<\235\231\361P\373\263\235L\232\313"
  39      CF3C9D99 
  39      F150FBB3 
  39      9D4C9ACB 
  40 0035 1B80E0C0 		.ascii	"\033\200\340\300\364\037\222\015+\0160\316gf`\230\011"
  40      F41F920D 
  40      2B0E30CE 
  40      67666098 
  40      09
  41 0046 C420C0B8 		.ascii	"\304 \300\270\234Q\223\001\250\354\321\306\177Sy\331"
  41      9C519301 
  41      A8ECD1C6 
  41      7F5379D9 
  42 0056 5820E28C 		.ascii	"X \342\214+\030\331\030\201\364\372K\214\007\032\376"
  42      2B18D918 
  42      81F4FA4B 
  42      8C071AFE 
  43 0066 FD6F6F38 		.ascii	"\375oo8pg\021\343\177V\240T\027\020\203\354\350ff\002"
  43      706711E3 
  43      7F56A054 
  43      171083EC 
  43      E8666602 
  44 007a D1CCAF19 		.ascii	"\321\314\257\031\233\027\374\226\006\251\007\031\262"
  44      9B17FC96 
  44      06A90719 
  44      B2
  45 0087 73E79BDB 		.ascii	"s\347\233\333\354\365\177\0338\34633\316d\006\232\300"
  45      ECF57F1B 
  45      38E63333 
  45      CE64069A 
  45      C0
  46 0098 B892B19E 		.ascii	"\270\222\261\236a>P\355[\306\246\005\377\271\301\352"
  46      613E50ED 
ARM GAS  C:\Users\user\AppData\Local\Temp\ccOlxOzN.s 			page 3


  46      5BC6A605 
  46      FFB9C1EA 
  47 00a8 40A00B28 		.ascii	"@\240\013(\011\324\316\304\300`\354l\025\023\024\342"
  47      09D4CEC4 
  47      C060EC6C 
  47      151314E2 
  48 00b8 1F1CE39C 		.ascii	"\037\034\343\234\221\231\224\031\\R\232\222\231\037"
  48      91999419 
  48      5C529A92 
  48      991F
  49 00c6 930C62E7 		.ascii	"\223\014b\347\027\033\232\233\351\347\027\353g$\346"
  49      171B9A9B 
  49      E9E717EB 
  49      6724E6
  50 00d5 E8171725 		.ascii	"\350\027\027%\203\350\370\342\022\275d\006\000\225\273"
  50      83E8F8E2 
  50      12BD6406 
  50      0095BB
  51 00e4 49AE     		.ascii	"I\256"
  52              		.text
  53              		.section	.gnu.lto_stStartAlarm.7a943b20,"",%progbits
  54 0000 789C9D92 		.ascii	"x\234\235\222_HSQ\034\307\317\367\236y\357\030eo\021"
  54      5F485351 
  54      1CC7CFF7 
  54      9E79EF18 
  54      656F11
  55 0013 B4071F12 		.ascii	"\264\007\037\022\261\007/K0\350\301\027#\020\224\240"
  55      B1072F4B 
  55      30E8C117 
  55      231094A0 
  56 0023 ED71203A 		.ascii	"\355q :\203\015\026\013\357\3521\257cK\332\326\037\212"
  56      830D160B 
  56      EFEA31AF 
  56      634BDAD6 
  56      1F8A
  57 0035 B4497207 		.ascii	"\264Ir\007+\246\263\271\315\312\324\214\206\005=ie\257"
  57      2BA6B3B9 
  57      CDCAD48C 
  57      86053D69 
  57      65AF
  58 0047 09A3500C 		.ascii	"\011\243P\014\014\212F\021\201\366;w\267\2607\351\300"
  58      0C8A4611 
  58      81F63B77 
  58      B7B037E9 
  58      C0
  59 0058 B9E7FC7E 		.ascii	"\271\347\374~\367w>\277\357\357wN\035\223\330\202\304"
  59      F7773EBF 
  59      EFEF774E 
  59      1D93D882 
  59      C4
  60 0069 58923176 		.ascii	"X\2221v\230&8\203tc\205\261!\273\004\210\215n\007\033"
  60      98263883 
  60      746385B1 
  60      21BB0488 
  60      8D6E071B 
  61 007d 943088EB 		.ascii	"\2240\210\353|\224cixc^j\316\3524\312\243s\362e=v\310"
  61      7C946369 
ARM GAS  C:\Users\user\AppData\Local\Temp\ccOlxOzN.s 			page 4


  61      78635E6A 
  61      CEEA34CA 
  61      A373F265 
  62 0094 E08CA568 		.ascii	"\340\214\245h\212\201,\232)\352m\264x\227_\343\006\007"
  62      8A812C9A 
  62      29EA6DB4 
  62      78975FE3 
  62      0607
  63 00a6 6C647E5D 		.ascii	"ld~]\036\373X/L\011\015d\376\312\025\337\037\340m`\264"
  63      1EFB582F 
  63      4C090D64 
  63      FECA15DF 
  63      1FE06D60 
  64 00bb DF7C5EB9 		.ascii	"\337|^\271\211\246\373\272\036\321\313[\267\270~\304"
  64      89A6FBBA 
  64      1ED1CB5B 
  64      B7B87EC4 
  65 00cb E01C3970 		.ascii	"\340\0349p\002b\022NL\300\311\310\3050\205&\021\377"
  65      0262124E 
  65      4CC0C9C8 
  65      C5308526 
  65      11FF
  66 00dd A1B47D7B 		.ascii	"\241\264}{\277l\313\374\311\211\007\220Aka\025e}{gX"
  66      BF6CCBFC 
  66      C9890790 
  66      416B6115 
  66      657D7B67 
  67 00f2 2F57EFE1 		.ascii	"/W\357\341\335)\231\304\213\023,NA\242\212\004\227\304"
  67      DD2999C4 
  67      8B132C4E 
  67      41A28A04 
  67      97C4
  68 0104 CAD72109 		.ascii	"\312\327!\011\314\225r\374\245\203\267\233\022\214\334"
  68      CC9572FC 
  68      A583B79B 
  68      128CDC
  69 0113 EC161A33 		.ascii	"\354\026\0323\246\204\215\324\276\224^\2166\010\025"
  69      A6848DD4 
  69      BE945E8E 
  69      360815
  70 0122 F97F5598 		.ascii	"\371\177U\230\345M\243q\234H\237\2604\3663\361b-\242"
  70      E54DA371 
  70      9C489FB0 
  70      34F633F1 
  70      622DA2
  71 0135 FC9514AD 		.ascii	"\374\225\024\255\265\344\215\314E\220\251+\305\261K"
  71      B5E48DCC 
  71      4590A92B 
  71      C5B14B
  72 0144 32430132 		.ascii	"2C\0012!\212\220\3119\022[z\255\210\226\330\314\230"
  72      218A90C9 
  72      39125B7A 
  72      AD8896D8 
  72      CC98
  73 0156 95FC8F2F 		.ascii	"\225\374\217/\216\232)8\242i\231\351\357\257\354\006"
  73      8E9A2938 
  73      A26999E9 
ARM GAS  C:\Users\user\AppData\Local\Temp\ccOlxOzN.s 			page 5


  73      EFAFEC06 
  74 0166 C661F03A 		.ascii	"\306a\360:\314\220\210\222\020A?r\313\325o\212\232\327"
  74      CC908892 
  74      10413F72 
  74      CBD56F8A 
  74      9AD7
  75 0178 A3437AA5 		.ascii	"\243Cz\245\220<8\325np\031\017a\340\016\325j&\241\240"
  75      903C38D5 
  75      6E70190F 
  75      61E00ED5 
  75      6A26A1A0 
  76 018c 9D91D29A 		.ascii	"\235\221\322\232\354*\210\240\364\014!\024<\202\212"
  76      EC2A88A0 
  76      F40C2114 
  76      3C828A
  77 019b A34E2B02 		.ascii	"\243N+\002\217\341\262\012\251n.\306\352-U{\311\231"
  77      8FE1B20A 
  77      A96E2EC6 
  77      EA2D557B 
  77      C999
  78 01ad BE2468B3 		.ascii	"\276$h\263f>X\264'Pw\327\244\220\177\216N\232\364g\377"
  78      663E58B4 
  78      275077D7 
  78      A4907F8E 
  78      4E9AF467 
  79 01c2 419F37E9 		.ascii	"A\2377\351\222E_0\351\213Fr\322Q\243KxJ'\327\021\251"
  79      92455F30 
  79      E98B4672 
  79      D251A34B 
  79      784A27D7 
  80 01d8 24267CE6 		.ascii	"$&|\346\013\020-g\237\021Ig\257B8\314\333\212\223>\272"
  80      0B102D67 
  80      9F114967 
  80      AF4238CC 
  80      DB8A933E 
  81 01ed 737ADDAD 		.ascii	"sz\335\255\035'\274g<\247\335\336\016\177\240/\340\016"
  81      1D27BC67 
  81      3CA7DDDE 
  81      0E7FA02F 
  81      E00E
  82 01ff 5FE80F84 		.ascii	"_\350\017\204\274>\261\017i\256\343mjHS\375\275AU\033"
  82      BC3EB10F 
  82      69AEE36D 
  82      6A4853FD 
  82      BD41551B 
  83 0213 F089B547 		.ascii	"\360\211\265G\013\267\370\230\322\333\247\205\003\347"
  83      0BB7F898 
  83      D2DBA785 
  83      03E7
  84 0221 CEDAC4A7 		.ascii	"\316\332\304\247so\200\363\241\201\260\246\272=\335"
  84      736F80F3 
  84      A181B0A6 
  84      BA3DDD
  85 0230 ADC7D4AE 		.ascii	"\255\307\324\256\256\223\252\247\263\373\242\313B\366"
  85      AE93AAA7 
  85      B3FBA2CB 
  85      42F6
ARM GAS  C:\Users\user\AppData\Local\Temp\ccOlxOzN.s 			page 6


  86 023e 0483FD2D 		.ascii	"\004\203\375-~\366\033\320\024\021J"
  86      7EF61BD0 
  86      14114A
  87              		.text
  88              		.section	.gnu.lto_stStopAlarm.7a943b20,"",%progbits
  89 0000 789C8D50 		.ascii	"x\234\215P\277KBQ\024>\337\273\366\224\240\275\310\255"
  89      BF4B4251 
  89      143EDFBB 
  89      F694A0BD 
  89      C8AD
  90 0012 C9E53D4C 		.ascii	"\311\345=L(h5\002\301\010\322Q\220\322AA0|\326\3523"
  90      28683502 
  90      C108D251 
  90      90D24141 
  90      307CD6EA 
  91 0027 3441A15A 		.ascii	"4A\241Z\322\034\342\015\016\226\245\322\030\025\210"
  91      D21CE20D 
  91      0E96A5D2 
  91      181588
  92 0036 044D19F4 		.ascii	"\004M\031\364\027HC\320PDJ\011\201u\257F8v\340p~}\347"
  92      174843D0 
  92      50444A09 
  92      8175AF46 
  92      3876E070 
  93 004d FBCEBD63 		.ascii	"\373\316\275c$\221\002\242\004\021Ms\007#H\373-\242"
  93      249102A2 
  93      04114D73 
  93      072348FB 
  93      2DA2
  94 005f A4450244 		.ascii	"\244E\002D\242[@\011\011\011\354\261\002C3\363t!\331"
  94      A25B4009 
  94      0909ECB1 
  94      024333F3 
  94      7421D9
  95 0072 CA3AB746 		.ascii	"\312:\267F\241+\357\350\351I\203\021\025\271\013C\031"
  95      A12BEFE8 
  95      E9498311 
  95      15B90B43 
  95      19
  96 0083 36E2B0C7 		.ascii	"6\342\260\307\363\376\301\204l\032\366q\014\231KP\375"
  96      F3FEC184 
  96      6C1AF671 
  96      0C994B50 
  96      FD
  97 0094 010DBDFF 		.ascii	"\001\015\275\377\235\321\0337%|-\361Q\226\273\320\310"
  97      9DD11B37 
  97      257C2DF1 
  97      5196BBD0 
  97      C8
  98 00a5 314944F6 		.ascii	"1ID\366\214f\267\367z\225W\376(RC\245\236\314\0064E"
  98      8C66B7F7 
  98      7A9557FE 
  98      285243A5 
  98      9ECC0634 
  99 00ba 86517A9C 		.ascii	"\206Qz\234@\346\374\025\310\274\231O7\357\315\273\314"
  99      40E6FC15 
  99      C8BC994F 
ARM GAS  C:\Users\user\AppData\Local\Temp\ccOlxOzN.s 			page 7


  99      37EFCDBB 
  99      CC
 100 00cb 6018605A 		.ascii	"`\030`Z\325\317\267\361a)8L\274U\252}\334Z\014\034\301"
 100      D5CFB7F1 
 100      6129384C 
 100      BC55AA7D 
 100      DC5A0C1C 
 101 00e0 6012CE60 		.ascii	"`\022\316`\305)\254$\260\225\273n\307\254V\365TRo_v"
 101      C529AC24 
 101      B095BB6E 
 101      C7AC56F5 
 101      54526F5F 
 102 00f5 A6DEF916 		.ascii	"\246\336\371\026C\025\006\016\371\201\003\021\324\240"
 102      4315060E 
 102      F9810311 
 102      D4A0
 103 0103 8E6AF03B 		.ascii	"\216j\360;P\347\333/\330n\347\256g\304m\203\017\310"
 103      50E7DB2F 
 103      D86EE7AE 
 103      67C46D83 
 103      0FC8
 104 0115 F2017F89 		.ascii	"\362\001\177\211D\344p.\370V\275+\036\2373\024^\017"
 104      44E4702E 
 104      F856BD2B 
 104      1E9F3314 
 104      5E0F
 105 0127 7BE29BC1 		.ascii	"{\342\233\301p\324\027\020yT\263\317\317\251QM\015\255"
 105      70D41710 
 105      7954B3CF 
 105      CFA9514D 
 105      0DAD
 106 0139 45542D16 		.ascii	"ET-\026\020\321\257\305\225\000\271\376\267\263\021"
 106      10D1AFC5 
 106      9500B9FE 
 106      B7B311
 107 0148 8DC535D5 		.ascii	"\215\3055\325\343]v\314\252n\367\242\352u-o\331\177"
 107      E35D76CC 
 107      AA6EF7A2 
 107      EA752D6F 
 107      D97F
 108 015a 59FC9148 		.ascii	"Y\374\221HP\011\321\017H|\222C"
 108      5009D10F 
 108      487C9243 
 109              		.text
 110              		.section	.gnu.lto_stSetAlarm.7a943b20,"",%progbits
 111 0000 789C8D90 		.ascii	"x\234\215\220Kh\023Q\024\206\317?7\235\011\305\307N"
 111      4B681351 
 111      1486CF3F 
 111      379D09C5 
 111      C74E
 112 0012 0A66D185 		.ascii	"\012f\321\205\245\324E\207X\250\340\242\233\012Rh\021"
 112      A5D44587 
 112      58A8E0A2 
 112      9B0A5268 
 112      11
 113 0023 4C9681D2 		.ascii	"L\226\201\322\246B\002\221H'\272\355mH[LJ\025\305\326"
 113      A6420291 
ARM GAS  C:\Users\user\AppData\Local\Temp\ccOlxOzN.s 			page 8


 113      4827BAED 
 113      6D485B4C 
 113      4A15C5D6 
 114 0037 14C314A2 		.ascii	"\024\303\024\242T\243y\325\007\212\013\207(\272jE\327"
 114      54A379D5 
 114      078A0B87 
 114      28BA6A45 
 114      D7
 115 0048 11825A51 		.ascii	"\021\202ZQPP|\024\021R\317\235V\321\235\027\356\334"
 115      50507C14 
 115      1152CF9D 
 115      56D19D17 
 115      EEDC
 116 005a 73CEFDE7 		.ascii	"s\316\375\347\277\3379-\244Q\023D\263D\264\2277\004"
 116      BFDF392D 
 116      A4511344 
 116      B344B497 
 116      3704
 117 006c 413BB746 		.ascii	"A;\267F4\351\325\000\025H/hB\303\004\316\212\005\201"
 117      34E9D500 
 117      15482F68 
 117      42C304CE 
 117      8A0581
 118 007f DACCDBFB 		.ascii	"\332\314\333\373Z\327\262\344\345,T\214i9\325f\013\242"
 118      5AD7B2E4 
 118      E52C548C 
 118      6939D566 
 118      0BA2
 119 0091 2C6FB5B0 		.ascii	",o\265\260\214.V=OU.\2139a\013\300\303\351\347\325\305"
 119      8C2E563D 
 119      4F552E8B 
 119      39610BC0 
 119      C3E9E7D5 
 120 00a6 D7BB54AA 		.ascii	"\327\273T\252\241\235\323\237\205J}\267\350\005q\374"
 120      A19DD39F 
 120      854A7DB7 
 120      E80571FC 
 121 00b6 EE61E33C 		.ascii	"\356a\343<:\257J\231\224N\375\202\220\373l!P\200`C\\"
 121      3AAF4A99 
 121      944EFD82 
 121      90FB6C21 
 121      50806043 
 122 00cb 870FD7E0 		.ascii	"\207\017\327\340#.\021n\240S\351_U\233\027w\352\236"
 122      232E116E 
 122      A053E95F 
 122      559B1777 
 122      EA9E
 123 00dd FCEF3771 		.ascii	"\374\3577q\023:\343S\371\005\034\331\334\234\221\316"
 123      133AE353 
 123      F9051CD9 
 123      DC9C91CE 
 124 00ed 9B2B7870 		.ascii	"\233+xp\304\303\360\352\017J\263Hu\221\021\232:\305"
 124      C4C3F0EA 
 124      0F4AB348 
 124      7591119A 
 124      3AC5
 125 00ff 3A346573 		.ascii	":4es\306I?n\025}.\202]\270\373\001\035y\027\341InGV"
ARM GAS  C:\Users\user\AppData\Local\Temp\ccOlxOzN.s 			page 9


 125      C6493F6E 
 125      157D2E82 
 125      5DB8FB01 
 125      1D7917E1 
 126 0117 3AA97645 		.ascii	":\251vEQ\374\227\302m\257\204\216\034;\275Gm\361G\346"
 126      51FC97C2 
 126      6DAF848E 
 126      1C3BBD47 
 126      6DF147E6 
 127 012b D1B7A4F1 		.ascii	"\321\267\244\361\007)\2655\222{\206P\"\227++\360\027"
 127      0729B535 
 127      927B8650 
 127      22972B2B 
 127      F017
 128 013d 32A10C9D 		.ascii	"2\241\014\235-*\320\2718?U{f\250\221x\\\315Zq\343S\353"
 128      2D2AD0B9 
 128      383F557B 
 128      66A89178 
 128      5CCD5A71 
 129 0154 56AA7CD4 		.ascii	"V\252|\324\320\362\245\357O\2756r\260E\013V\030\242"
 129      D0F2A5EF 
 129      4FBD3672 
 129      B0450B56 
 129      18A2
 130 0166 AA20F8A2 		.ascii	"\252 \370\242\260\372\365\213a\026ejR6\312\263{J}\266"
 130      B0FAF58B 
 130      6116656A 
 130      5236CAB3 
 130      7B4A7DB6 
 131 017a D0710B36 		.ascii	"\320q\0136.q\257\356#,\332\234\257\276\324\375e%ZZa"
 131      2E71AFEE 
 131      232CDA9C 
 131      AFBED4FD 
 131      65255A5A 
 132 018f 0B03B761 		.ascii	"\013\003\267ab\277o[\201;\360\253F\326\221ld\352aw\212"
 132      62BF6F5B 
 132      813BF0AB 
 132      46D6916C 
 132      64EA6177 
 133 01a4 0A9B3E22 		.ascii	"\012\233>\"\271\2641\007Up;Ns\017<7\215\250\247\377"
 133      B9B43107 
 133      55703B4E 
 133      730F3C37 
 133      8DA8A7FF 
 134 01b8 50E858F0 		.ascii	"P\350X\360h \324\037\211\216F\003\211Sc\321x(\254\342"
 134      6820D41F 
 134      898E4603 
 134      895363D1 
 134      7828ACE2 
 135 01cc B8E53FD8 		.ascii	"\270\345?\330k\306-32\0223\255\361\260:\207\255Dw\230"
 135      6BC62D33 
 135      321233AD 
 135      F1B03A87 
 135      AD447798 
 136 01e0 8C91512B 		.ascii	"\214\221Q+\021=q\334\243>\003\377gp2>\236\260\314@p"
 136      113D71DC 
 136      A33E03FF 
ARM GAS  C:\Users\user\AppData\Local\Temp\ccOlxOzN.s 			page 10


 136      6770323E 
 136      9EB0CC40 
 137 01f5 A8E78039 		.ascii	"\250\347\20098x\330\014\016\014\235\366o[\016\307bc"
 137      3878D80C 
 137      0E0C9DF6 
 137      6F5B0EC7 
 137      6263
 138 0207 DD11FA05 		.ascii	"\335\021\372\005\\}\324\373"
 138      5C7DD4FB 
 139              		.text
 140              		.section	.gnu.lto_stGetAlarm.7a943b20,"",%progbits
 141 0000 789C8D4F 		.ascii	"x\234\215OMK\033Q\024\275g^2\223\026\354\017\260\001"
 141      4D4B1B51 
 141      14BD675E 
 141      329316EC 
 141      0FB001
 142 0013 BBB50B87 		.ascii	"\273\265\013\207\030\260\340\326B\021\024\241\3112 "
 142      18B0E0D6 
 142      421114A1 
 142      C93220
 143 0022 6DB24820 		.ascii	"m\262H 0\342D\267y\221H\321\200\025E\243\2652B\026Z"
 143      30E244B7 
 143      799148D1 
 143      801545A3 
 143      B5324216 
 144 0037 DB24A64B 		.ascii	"\333$\246K\205\022t\341\312\257\354\205\240\335t\241"
 144      851274E1 
 144      CAAFEC85 
 144      A0DD74A1 
 145 0047 44143F50 		.ascii	"D\024?P\324\373\242H\227>\270\274\373q\356\271\347\270"
 145      D4FBA248 
 145      973EB8BC 
 145      FB71EEB9 
 145      E7B8
 146 0059 49230B44 		.ascii	"I#\013DI\"z\315\001A\320\306\267\211R\036\015P\211\364"
 146      49227ACD 
 146      0141D0C6 
 146      B789521E 
 146      0D5089F4 
 147 006d 80921A92 		.ascii	"\200\222\032\222\370*\262\002{\351\225\357bL8\014sq"
 147      F82AB202 
 147      7BE995EF 
 147      624C380C 
 147      7371
 148 007f 79B2F5ED 		.ascii	"y\262\365\355\360\225*\2017\\\316\311\312\210\321\274"
 148      F0952A81 
 148      375CCEC9 
 148      CA88D1BC 
 149 008f 28E5902C 		.ascii	"(\345\220,gk\306\334\357]\371\302\021\032\3152|\011"
 149      676BC6DC 
 149      EF5DF9C2 
 149      111ACD32 
 149      7C09
 150 00a1 5E2CC2AB 		.ascii	"^,\302\253n\374@31\372\240t;\325\240\273r\202\024\200"
 150      6EFC4033 
 150      31FAA074 
 150      3BD5A0BB 
ARM GAS  C:\Users\user\AppData\Local\Temp\ccOlxOzN.s 			page 11


 150      72821480 
 151 00b5 FBCBD059 		.ascii	"\373\313\320Y\012\025+(\313\333\273/\262\3747\207\353"
 151      0A152B28 
 151      CBDBBB2F 
 151      B2FC3787 
 151      EB
 152 00c6 0FBCEF08 		.ascii	"\017\274\357\010\236\217r(A\031n\360/\376a\375\317\325"
 152      9E8F7228 
 152      41196EF0 
 152      2FFE61FD 
 152      CFD5
 153 00d8 F14DB6F1 		.ascii	"\361M\266\361\211*-\371\225'/\215:\325\254\300\177W"
 153      892A2DF9 
 153      95272F8D 
 153      3AD5ACC0 
 153      7F57
 154 00ea 083FA1F3 		.ascii	"\010?\241\363\215_\320\347\205\306\375\351\341\365\035"
 154      8D5FD0E7 
 154      85C6FDE9 
 154      E1F51D
 155 00f9 434977D5 		.ascii	"CIw\325a\333\371\213\332\313\207R\261(s\271\302\371"
 155      61DBF98B 
 155      DACB8752 
 155      B12873B9 
 155      C2F9
 156 010b A6C7C13C 		.ascii	"\246\307\301<\034\341F\201\345\347\225|\036,o\235\235"
 156      1CE14681 
 156      E5E7957C 
 156      1E2C6F9D 
 156      9D
 157 011c 1A665EA6 		.ascii	"\032f^\246S\262\272v\3324\301\036u\024\341`\206%\326"
 157      53B2BA76 
 157      DA34C11E 
 157      7514E160 
 157      8625D6
 158 012f EF30E86E 		.ascii	"\3570\350n\272\264\257\373\212\012\264\260\2529\302"
 158      BAB4AFFB 
 158      8A0AB4B0 
 158      AA39C2
 159 013e C00A4CBC 		.ascii	"\300\012L\274\365>\"P\202\217\2160T\315\334l\350J.\253"
 159      F53E2250 
 159      828F8E30 
 159      54CDDC6C 
 159      E84A2EAB 
 160 0152 62EFEC12 		.ascii	"b\357\354\022\312\035\347\376\216\366\320\307`O \324"
 160      CA1DE7FE 
 160      8EF6D0C7 
 160      604F20D4 
 161 0162 118D7D8E 		.ascii	"\021\215}\216\005\022\003\221\230\025\012\253\334\262"
 161      05120391 
 161      98150AAB 
 161      DCB2
 162 0170 7DEFDA4C 		.ascii	"}\357\332L\3136\243\237\342\246\335\037V\177\257\235"
 162      CB36A39F 
 162      E2A6DD1F 
 162      567FAF9D 
 163 0180 680953E7 		.ascii	"h\011S\347\363v\372\254\376\204m\006\202\335\376V\263"
ARM GAS  C:\Users\user\AppData\Local\Temp\ccOlxOzN.s 			page 12


 163      F376FAAC 
 163      FE846D06 
 163      82DDFE56 
 163      B3
 164 0191 ABEBBD19 		.ascii	"\253\353\275\031\354\354\036\364=\262\364\306\343\221"
 164      ECEC1EF4 
 164      3DB2F4C6 
 164      E391
 165 019f 9628DD03 		.ascii	"\226(\335\003\034\204\246\347"
 165      1C84A6E7 
 166              		.text
 167              		.section	.gnu.lto_.symbol_nodes.7a943b20,"",%progbits
 168 0000 789C55C8 		.ascii	"x\234U\310\271\015\200@\014\005\321\361_\266/(\212\330"
 168      B90D8040 
 168      0C05D1F1 
 168      5FB62F28 
 168      8AD8
 169 0012 5B020967 		.ascii	"[\002\011gL\025\024A\015T\202\260\310<\311H\257\"F\""
 169      4C151441 
 169      0D5482B0 
 169      C83CC948 
 169      AF224622 
 170 0026 CD72986E 		.ascii	"\315r\230n\210]m\010Y\344\226e\225+\313&/Yvy\227\304"
 170      885D6D08 
 170      59E49665 
 170      952BCB26 
 170      2F597679 
 171 003c 0E79FD05 		.ascii	"\016y\375\005Z\353\241P9\237\327\370\000\311\311\035"
 171      5AEBA150 
 171      399FD7F8 
 171      00C9C91D 
 172 004c 0B       		.ascii	"\013"
 173              		.text
 174              		.section	.gnu.lto_.refs.7a943b20,"",%progbits
 175 0000 789C6365 		.ascii	"x\234ce`b`d\000\002\000\000I\000\011"
 175      60626064 
 175      00020000 
 175      490009
 176              		.text
 177              		.section	.gnu.lto_.decls.7a943b20,"",%progbits
 178 0000 789CB557 		.ascii	"x\234\265WiPUG\026\276\347\366\003\341\261\231\247e"
 178      69505547 
 178      16BEE7F6 
 178      03E1B199 
 178      A765
 179 0012 39354E86 		.ascii	"95N\206\262\260\240\246\014\010L\351\224?,\315\323\030"
 179      B2B0A0A6 
 179      0C084CE9 
 179      943F2CCD 
 179      D318
 180 0024 AB6232F5 		.ascii	"\253b2\365pR\363\203\324\033\004\022\251aqx\217\251"
 180      7052F383 
 180      D41B0412 
 180      A9617178 
 180      8FA9
 181 0036 CAAF5C01 		.ascii	"\312\257\\\001\225\020\027PQA\015\213\212\032P\331\\"
 181      95101750 
ARM GAS  C:\Users\user\AppData\Local\Temp\ccOlxOzN.s 			page 13


 181      51410D8B 
 181      8A1A50D9 
 181      5C
 182 0047 10170445 		.ascii	"\020\027\004EDP\304(\202\013\270\257q\301\005\304(s"
 182      4450C428 
 182      820BB8AF 
 182      71C105C4 
 182      2873
 183 0059 7AB9DCEB 		.ascii	"z\271\334\353\365a\254\232\231[\257o\367\351\376\316"
 183      F561AC9A 
 183      995BAF6F 
 183      F7E9FECE 
 184 0069 774E9FD3 		.ascii	"wN\237\323}\273\237\233$K\373>\220\244\017\211$m\002"
 184      7DBB9F9B 
 184      244BFB3E 
 184      90A40F89 
 184      246D02
 185 007c 491AC0C7 		.ascii	"I\032\300\307]\222\244\355\222\366Py\007\226CX\016c"
 185      5D92A4ED 
 185      92F65079 
 185      07964358 
 185      0E63
 186 008e A9C7D280 		.ascii	"\251\307\322\200\245Qz\373\371\0129\220J\372\022\313"
 186      A5517AFB 
 186      F90A3990 
 186      4AFA12CB 
 187 009e 711D8F2C 		.ascii	"q\035\217,8\\\351|\207:\036B\307\202e$\226\032,>\330"
 187      385CE97C 
 187      873A1E42 
 187      C7826524 
 187      961A2C3E 
 188 00b3 EF8DE512 		.ascii	"\357\215\345\022\266OI\234\327\023\345~\254_\011N\352"
 188      B64F499C 
 188      D713E57E 
 188      AC5F094E 
 188      EA
 189 00c4 931FF6E1 		.ascii	"\223\037\366\341O\372\020\336\344MC\331$xU.\312\003"
 189      4FFA10DE 
 189      E44D43D9 
 189      2478552E 
 189      CA03
 190 00d6 3A7D3A1F 		.ascii	":}:\037\177\203\036}\026\277\247O |\222E\\\306\012_"
 190      7F831E7D 
 190      16BFA74F 
 190      207C9245 
 190      5CC60A5F 
 191 00ea FE64E05C 		.ascii	"\376d\340\\*\370\364\\\201\277\301Gc<^\360\005\033\370"
 191      2AF8F45C 
 191      81BFC147 
 191      633C5EF0 
 191      051BF8
 192 00fd D610D8BD 		.ascii	"\326\020\330\275\364\310\001\3712\\\004\304\302p\326"
 192      F4C801F9 
 192      325C04C4 
 192      C270D6
 193 010c 0BC0DFC0 		.ascii	"\013\300\337\300\012\023\007\324\007\200\365c\257,\011"
 193      0A1307D4 
ARM GAS  C:\Users\user\AppData\Local\Temp\ccOlxOzN.s 			page 14


 193      0780F563 
 193      AF2C09
 194 011b 52B50B54 		.ascii	"R\265\013T\015!\313B\224\005%\373\011e\3201\362anI}"
 194      0D21CB42 
 194      940525FB 
 194      0965D031 
 194      F2616E49 
 195 0130 F81C7883 		.ascii	"\370\034x\203\251\251\332 k\006\000\364\012:B\356\266"
 195      A9A9DA20 
 195      6B0600F4 
 195      0A3A42EE 
 195      B6
 196 0141 181FF44F 		.ascii	"\030\037\364O\322&\007\352\354\037\3476\3374w\301%\332"
 196      D22607EA 
 196      EC1FE736 
 196      DF3477C1 
 196      25DA
 197 0153 5B301558 		.ascii	"[0\025X\337\342\212\007]nD\006\332\356z\261\365\223"
 197      DFE28A07 
 197      5D6E4406 
 197      DAEE7AB1 
 197      F593
 198 0165 E052853F 		.ascii	"\340R\205?\036\277\323\302vt\240\267\326o\031\001\213"
 198      1EBFD3C2 
 198      7674A0B7 
 198      D66F1901 
 198      8B
 199 0176 196414DB 		.ascii	"\031d\024\333\0365o\360Bq\244\031\206\243\330\267\340"
 199      1E356FF0 
 199      4271A419 
 199      86A3D8B7 
 199      E0
 200 0187 EC61F3E8 		.ascii	"\354a\363\350\325L+M\031.\303\227\243\240\024\306@\011"
 200      D54C2B4D 
 200      192EC397 
 200      A3A014C6 
 200      4009
 201 0199 8C41E3DB 		.ascii	"\214A\343\333a4\276\347\2328Sm\352\312\355\303\306\026"
 201      6134BEE7 
 201      9A38536D 
 201      EACAEDC3 
 201      C616
 202 01ab 2805DD4A 		.ascii	"(\005\335Jm{\352\037W\247)[Q\313\237\242`\033\020\370"
 202      6D7BEA1F 
 202      57A7295B 
 202      51CB9FA2 
 202      601B10F8 
 203 01bf 0982A9C7 		.ascii	"\011\202\251\307\330\304\367V\350\002\330\002\227q>"
 203      D8C4F756 
 203      E802D802 
 203      97713E
 204 01ce 3B602C6A 		.ascii	";`,j\247\225vf\272\221O\230\263\227\032\267\225\020"
 204      A7957666 
 204      BA914F98 
 204      B3971AB7 
 204      9510
 205 01e0 7422D00C 		.ascii	"t\"\320\0144\016~\330\265\363~\365\013\037\336E\021"
ARM GAS  C:\Users\user\AppData\Local\Temp\ccOlxOzN.s 			page 15


 205      340E7ED8 
 205      B5F37EF5 
 205      0B1FDE45 
 205      11
 206 01f1 6DCB7B36 		.ascii	"m\313{6\015#\021\254}:\275l=\34130\321H\264\344]\363"
 206      0D2311AC 
 206      7D3ABD6C 
 206      3DE13330 
 206      D148B4E4 
 207 0207 E533F05F 		.ascii	"\3453\360_C\344\334\246\366:\023\004\231\213\351\024"
 207      43E4DCA6 
 207      F63A1304 
 207      998BE914 
 208 0217 6A7BD74D 		.ascii	"j{\327M\311\355\241N\355\0063ThN\005\232\361\235\241"
 208      C9EDA14E 
 208      ED063354 
 208      684E059A 
 208      F19DA1
 209 022a 28A94A56 		.ascii	"(\251JV\232\342\371\251\004U8\311J\234$\354\202 j\224"
 209      9AE2F9A9 
 209      045538C9 
 209      4A9C24EC 
 209      82206A94 
 210 023e E2A01C3B 		.ascii	"\342\240\034;\313\260\023\255l\333\224]\344N\232\200"
 210      CBB013AD 
 210      6CDB945D 
 210      E44E9A80 
 211 024e 7A20371C 		.ascii	"z 7\034\274p\336\004\346 \227\004\325.\010\2703]\373"
 211      BC70DE04 
 211      E6209704 
 211      D52E08B8 
 211      335DFB
 212 0261 C6362C54 		.ascii	"\3066,T\024\031\366\2423{4g\3207\036\321\345\273.\374"
 212      1419F6A2 
 212      337B3467 
 212      D0371ED1 
 212      E5BB2EFC 
 213 0275 EA47AA58 		.ascii	"\352G\252X\006\345\274\235\205O\310PF\366\017i\244\367"
 213      06E5BC9D 
 213      854FC850 
 213      46F60F69 
 213      A4F7
 214 0287 D4F86266 		.ascii	"\324\370bf\244\006\215\354\323\214\354U\215\034\314"
 214      A4068DEC 
 214      D38CEC55 
 214      8D1CCC
 215 0296 EFAB924D 		.ascii	"\357\253\222Mt\323P\004&\023\373\032\253\373\257\223"
 215      74D35004 
 215      2613FB1A 
 215      ABFBAF93 
 216 02a6 21D37E90 		.ascii	"!\323~\220\245\375\000\210\274g\025V(2\346\275\233\345"
 216      A5FD0088 
 216      BC671556 
 216      2832E6BD 
 216      9BE5
 217 02b8 3DF04A85 		.ascii	"=\360J\205\242\240A\305Dq\260S\263\270\323\230\370C"
 217      A2A041C5 
ARM GAS  C:\Users\user\AppData\Local\Temp\ccOlxOzN.s 			page 16


 217      4471B053 
 217      B3B8D398 
 217      F843
 218 02ca 2CF1C75F 		.ascii	",\361\307_V\370\222\027|\225\036(9\365\225`j\373}\256"
 218      56F89217 
 218      7C951E28 
 218      39F59560 
 218      6AFB7DAE 
 219 02de 529BAA50 		.ascii	"R\233\252P\317\351\002\252\325xj\215<\207\031\317\212"
 219      CFE902AA 
 219      D5786A8D 
 219      3C8719CF 
 219      8A
 220 02ef CADE7C37 		.ascii	"\312\336|7\262\2200\242\346=\267\333\335\005S\335\037"
 220      B29030A2 
 220      E63DB7DB 
 220      DD0553DD 
 220      1F
 221 0300 0699A847 		.ascii	"\006\231\250Gu\032S\235\221\251\2361\225>m\255\360!"
 221      751A539D 
 221      91A99E31 
 221      953E6DAD 
 221      F021
 222 0312 599CE95A 		.ascii	"Y\234\351Z\331\311[\262>\0244JZ,\216\276\261\005v\226"
 222      D9C95BB2 
 222      3E14344A 
 222      5A2C8EBE 
 222      B1057696 
 223 0326 6F9E24AC 		.ascii	"o\236$\2546\344\217\312Vw\000\202\340\210f\366\210\321"
 223      36E48FCA 
 223      56770082 
 223      E08866F6 
 223      88D1
 224 0338 6C0333FB 		.ascii	"l\0033\373x\311\303\002?\262\216\233\315\257\\\266\334"
 224      78C9C302 
 224      3FB28E9B 
 224      CDAF5CB6 
 224      DC
 225 0349 8752610A 		.ascii	"\207Ra\012\007\356\217\317/\273\256d\230\331\216\203"
 225      07EE8FCF 
 225      2FBBAE64 
 225      98D98E83 
 226 0359 631AD331 		.ascii	"c\032\3231\312D\033\215\214\241\253\257\375\262\267"
 226      CA441B8D 
 226      8CA1ABAF 
 226      FDB2B7
 227 0368 77E6E002 		.ascii	"w\346\340\002apu\215Hp\034\274UEl\"~\317\225\234C\236"
 227      6170758D 
 227      48701CBC 
 227      55456C22 
 227      7ECF959C 
 228 037e 7CE79CA7 		.ascii	"|\347\234\247F\363j\2366\271q\331\203\016?(\331\343"
 228      46F36A9E 
 228      36B971D9 
 228      830E3F28 
 228      D9E3
 229 0390 C377522D 		.ascii	"\303wR-\035>s\2630\335\233\017\267R\271\376\334\261"
ARM GAS  C:\Users\user\AppData\Local\Temp\ccOlxOzN.s 			page 17


 229      1D3E73B3 
 229      30DD9B0F 
 229      B752B9FE 
 229      DCB1
 230 03a2 4726F298 		.ascii	"G&\362\230;\234Q\272\254\236\2303h\220\336g\007\320"
 230      3B9C51BA 
 230      AC9E9833 
 230      6890DE67 
 230      07D0
 231 03b4 1C35BF6C 		.ascii	"\0345\277lq#\275\\\375\207\243\273\032\304&n\244\362"
 231      7123BD5C 
 231      FD87A3BB 
 231      1AC4266E 
 231      A4F2
 232 03c6 AA7DF535 		.ascii	"\252}\3655^\244_\344 \363j\275;\031\340\202\352\225"
 232      5EA45FE4 
 232      20F36ABD 
 232      3B19E082 
 232      EA95
 233 03d8 4578957F 		.ascii	"Ex\225\177\341Y\023\2204\023\033\254\331\263\277A\314"
 233      E1591390 
 233      34131BAC 
 233      D9B3BF41 
 233      CC
 234 03e9 6082EE6B 		.ascii	"`\202\356kf\341_\263\3357\2177\230\371\204\024\240\313"
 234      66E15FB3 
 234      DD378F37 
 234      98F98414 
 234      A0CB
 235 03fb ADEDE254 		.ascii	"\255\355\342T\222\3015\353z\312\266\210\311\021:\235"
 235      92C135EB 
 235      7ACAB688 
 235      C9113A9D 
 236 040b DC9E563F 		.ascii	"\334\236V?:\035E\204\022\373\265H^\240\233\007B\306"
 236      3A1D4584 
 236      12FBB548 
 236      5EA09B07 
 236      42C6
 237 041d 40279F4A 		.ascii	"@'\237JG\337\321N7K\026Cc\302MlG\237Gx;\203_\004\213"
 237      47DFD14E 
 237      374B1643 
 237      63C24D6C 
 237      479F4778 
 238 0436 AAC43EB9 		.ascii	"\252\304>\2719\017|\365\340S\357\002\357\330\270y\215"
 238      390F7CF5 
 238      E053EF02 
 238      EFD8B879 
 238      8D
 239 0447 992CE14E 		.ascii	"\231,\341N\256{r\351\216HX\020\212\305\317k\322<H\026"
 239      AE7B72E9 
 239      8E485810 
 239      8AC5CF6B 
 239      D23C4816 
 240 045b 1F5B7970 		.ascii	"\037[ypC\3130\262\212\013\352G\320\302>\202\220\332"
 240      43CB30B2 
 240      8A0BEA47 
 240      D0C23E82 
ARM GAS  C:\Users\user\AppData\Local\Temp\ccOlxOzN.s 			page 18


 240      90DA
 241 046d FE3159CB 		.ascii	"\3761Y\313G\016e\257\270\004d=\027\036\244\337\350\026"
 241      470E65AF 
 241      B804643D 
 241      171EA4DF 
 241      E816
 242 047f F1198D62 		.ascii	"\361\031\215b\316\211{\201\244\220\017\275n\254\017"
 242      CE897B81 
 242      A4900FBD 
 242      6EAC0F
 243 048e 245B78BB 		.ascii	"$[x\273a\367\326-@\266s\241'\257\341\236\231\224s\241"
 243      61F7D62D 
 243      40B673A1 
 243      27AFE19E 
 243      999473A1 
 244 04a2 A06DFD5E 		.ascii	"\240m\375^\017R\305\205\342\276\325\305\336\244\232"
 244      0F52C585 
 244      E2BED5C5 
 244      DEA49A
 245 04b1 0B3F579F 		.ascii	"\013?W\237\315\360\"\007\271\220Q^\276\326\213\324q"
 245      CDF02207 
 245      B990515E 
 245      BED68BD4 
 245      71
 246 04c2 21B5A623 		.ascii	"!\265\246#[\2348\335T\276\276\371z\201\247\310\212;"
 246      5B9C38DD 
 246      54BEBEF9 
 246      7A81A7C8 
 246      8A3B
 247 04d4 CA996DCD 		.ascii	"\312\231m\315\275@\03288s\367\231\313\246!\363\360X"
 247      BD401A38 
 247      3873F799 
 247      CBA621F3 
 247      F058
 248 04e6 CDC30496 		.ascii	"\315\303\004\226\206\234\0039\273|\215ihF\364\011\206"
 248      869C0339 
 248      BB7C8D69 
 248      6846F409 
 248      86
 249 04f7 EE61917D 		.ascii	"\356a\221}\254F\266\365\306\306\315&c\036\206B\217z"
 249      AC46B6F5 
 249      C6C6CD26 
 249      631E8642 
 249      8F7A
 250 0509 9879F899 		.ascii	"\230y\370\231\017\004\004\004\214\010\320=A\354]\244"
 250      0F040404 
 250      8C08D03D 
 250      41EC5DA4 
 251 0519 A4A7E1E7 		.ascii	"\244\247\341\347<\227\334\336~r\211RP\007\214\352,\356"
 251      3C97DCDE 
 251      7E728952 
 251      50078CEA 
 251      2CEE
 252 052b D35E18A1 		.ascii	"\323^\030\241\355\203\237\031o\025}K\\\345j\"~\232\322"
 252      ED839F19 
 252      6F157D4B 
 252      5CE56A22 
ARM GAS  C:\Users\user\AppData\Local\Temp\ccOlxOzN.s 			page 19


 252      7E9AD2
 253 053e 09839F34 		.ascii	"\011\203\2374\302[\336\2027\351\340g\214\360\323\014"
 253      C25BDE82 
 253      37E9E067 
 253      8CF0D30C 
 254 054e 1E4AD1D9 		.ascii	"\036J\321\331bNSM\022<\304\361\007l\210\242q\017B\272"
 254      624E534D 
 254      123CC4F1 
 254      076C88A2 
 254      710F42BA 
 255 0562 1C042F20 		.ascii	"\034\004/ \000\372\260(r\000\274\302\272\037K\006\266"
 255      00FAB028 
 255      7200BCC2 
 255      BA1F4B06 
 255      B6
 256 0573 7FC53A0D 		.ascii	"\177\305:\015\353\327X/\300z!\226EX\006P\376\036\353"
 256      EBD7582F 
 256      C07A2196 
 256      45580650 
 256      FE1EEB
 257 0586 A7583FC7 		.ascii	"\247X?\307\222\212\355\227X?\303\262X\016`\037!\356"
 257      928AED97 
 257      583FC3B2 
 257      580E601F 
 257      21EE
 258 0598 6367BCE6 		.ascii	"cg\274\346\343}\243\217!\306\031\265\351\320\277\270"
 258      E37DA38F 
 258      21C619B5 
 258      E9D0BFB8 
 259 05a8 44876AE0 		.ascii	"D\207j\340\036\035\370\216\021\334\016\006t\247.X\255"
 259      1E1DF88E 
 259      11DC0E06 
 259      74A72E58 
 259      AD
 260 05b9 AE63AB43 		.ascii	"\256c\253C\327%h\350[F\364\015#\372\256\316\223\273"
 260      D72568E8 
 260      5B46F40D 
 260      23FAAECE 
 260      93BB
 261 05cb 46F489B7 		.ascii	"F\364\211\267\362\326\246#\277n\204_5\222\367\350\320"
 261      F2D6A623 
 261      BF6E845F 
 261      3592F7E8 
 261      D0
 262 05dc 978DE873 		.ascii	"\227\215\350sF\364U\235+\367\\\273\242\017\212\216\373"
 262      46F4559D 
 262      2BF75CBB 
 262      A20F8A8E 
 262      FB
 263 05ed 9A6B4FDE 		.ascii	"\232kO\336p\\\027\3036\327\013\356\215\365\251c\277"
 263      705C17C3 
 263      36D70BEE 
 263      8DF5A963 
 263      BF
 264 05fe E93A881C 		.ascii	"\351:\210\034\316\257&'\357[\026(\012P\230$\016&m\035"
 264      CEAF2627 
 264      EF5B1628 
ARM GAS  C:\Users\user\AppData\Local\Temp\ccOlxOzN.s 			page 20


 264      0A509824 
 264      0E266D1D 
 265 0612 DDFCC5B2 		.ascii	"\335\374\305\2622Mi\234\300\310\256\030\311\272\336"
 265      324D699C 
 265      C0C8AE18 
 265      C9BADE
 266 0621 CA88CE74 		.ascii	"\312\210\316t\267k\364\240\247\013\020\236\270\200\301"
 266      B76BF4A0 
 266      A70B109E 
 266      B880C1
 267 0630 9F80051E 		.ascii	"\237\200\005\036\011\270\272\365\241\311H\336\257\213"
 267      09B8BAF5 
 267      A1C948DE 
 267      AF8B
 268 063e F16DD70B 		.ascii	"\361m\327\013OO\336\237\300\311/!y\207\200\253\337w"
 268      4F4FDE9F 
 268      C0C92F21 
 268      798780AB 
 268      DF77
 269 0650 91400EA7 		.ascii	"\221@\016\247W\335\346s[}\311*7v\305\253\373q\177.\336"
 269      57DDE673 
 269      5B7DC92A 
 269      3776C5AB 
 269      FB717F2E 
 270 0665 5547F0F0 		.ascii	"UG\360\360<\177\340\216WuX\"\217\200Ly\360\310\247\301"
 270      3C7FE08E 
 270      57755822 
 270      8F804C79 
 270      F0C8A7C1 
 271 0679 72BDC3E1 		.ascii	"r\275\303\341\007\334\330\377\357MNO\206;\313\257\310"
 271      07DCD8FF 
 271      EF4D4E4F 
 271      863BCBAF 
 271      C8
 272 068a FA5B06F5 		.ascii	"\372[\006\365P\373&/\225\275\331\225\004k\004\027V>"
 272      50FB262F 
 272      95BDD995 
 272      046B0417 
 272      563E
 273 069c CDF32105 		.ascii	"\315\363!\005l~Pq\372\3302_\274\324\324v\323KM@\311"
 273      6C7E5071 
 273      FAD8325F 
 273      BCD4D476 
 273      D34B4D40 
 274 06b1 F9EB8A82 		.ascii	"\371\353\212\202<\351\300\357\212\313\264Yb\363\315"
 274      3CE9C0EF 
 274      8ACBB459 
 274      62F3CD
 275 06c0 2BD27299 		.ascii	"+\322r\231^pZ\266\235\333\346E*9\333\306\273\325\365"
 275      5E705AB6 
 275      9DDBE645 
 275      2A39DBC6 
 275      BBD5F5
 276 06d3 E2ACF741 		.ascii	"\342\254\367A\361b\321\252\315&~\214\334\246\303\205"
 276      F162D1AA 
 276      CD267E8C 
 276      DCA6C385 
ARM GAS  C:\Users\user\AppData\Local\Temp\ccOlxOzN.s 			page 21


 277 06e3 2D4F569B 		.ascii	"-OV\233\311a\216}y{U\007p,\365\252\376~U\357\320\247"
 277      C9618E7D 
 277      797B5507 
 277      702CF5AA 
 277      FE7E55EF 
 278 06f9 7B8E2C4E 		.ascii	"{\216,N\225U2;V\316\366\035\350\367&M\214\311\324\275"
 278      9555323B 
 278      56CEF61D 
 278      E8F7264D 
 278      8CC9D4BD 
 279 070d B1E79E3B 		.ascii	"\261\347\236;\004\215\0010c)V\377QI\220+\233a\265L\324"
 279      048D0130 
 279      632956FF 
 279      5149902B 
 279      9B61B54C 
 280 0722 7FA4790A 		.ascii	"\177\244y\012\322?\372\216v\363?\026\217\212\0242Z\202"
 280      D23FFA8E 
 280      76F33F16 
 280      8F8A1432 
 280      5A82
 281 0734 707658C1 		.ascii	"pvX\301\032\314O.\263\223'\217\201\265h(\017sM{\320"
 281      1ACC4F2E 
 281      B393278F 
 281      81B56828 
 281      0F734D7B 
 282 0749 E0DED6EA 		.ascii	"\340\336\326\352u^\332\311\004\214{\005\342\262e\352"
 282      755EDAC9 
 282      048C7B05 
 282      E2B265EA 
 283 0759 DF3AD9A2 		.ascii	"\337:\331\242z\311\356\337-\205\353<\315\302F\306;m"
 283      7AC9EEDF 
 283      2D85EB3C 
 283      CDC246C6 
 283      3B6D
 284 076b 20BAB263 		.ascii	" \272\262c\321ZO=\367\372wq\357\255\330\373\3224n\243"
 284      D15A4F3D 
 284      F7FA7771 
 284      EFADD8FB 
 284      D2346EA3 
 285 077f D25A8B77 		.ascii	"\322Z\213w\373\272\300\362\324Z%m*l\220-\260\022\223"
 285      FBBAC0F2 
 285      D45A256D 
 285      2A6C902D 
 285      B01293
 286 0792 8517789D 		.ascii	"\205\027x\235j\026\366\314\301?\323?\312\343P\363\302"
 286      6A16F6CC 
 286      C13FD33F 
 286      CAE350F3 
 286      C2
 287 07a3 4075810F 		.ascii	"@u\201\0179\305\303\277(3\265\334}0\361\177.\325%\236"
 287      39C5C3BF 
 287      2833B5DC 
 287      7D30F17F 
 287      2ED5259E 
 288 07b7 5E51F3B5 		.ascii	"^Q\363\265\304\347\033\023_\300\022\177\350\316\246"
 288      C4E71B13 
 288      5FC0127F 
ARM GAS  C:\Users\user\AppData\Local\Temp\ccOlxOzN.s 			page 22


 288      E8CEA6
 289 07c6 3C13B9C2 		.ascii	"<\023\271\302\331\372/.\371\336"
 289      D9FA2F2E 
 289      F9DE
 290 07d0 4FB03505 		.ascii	"O\2605\005\363\313}!\277\334\027jL\205F\246\"\306T\365"
 290      F3CB7D21 
 290      BFDC176A 
 290      4C8546A6 
 290      22C654F5 
 291 07e4 7879A70F 		.ascii	"xy\247\017\351\341L\355\035\351\325bYx\351\356\303#"
 291      E9E14CED 
 291      1DE9D562 
 291      5978E9EE 
 291      C323
 292 07f6 C57DF8D5 		.ascii	"\305}\370\325\243\326W\342NhFq_jY\227\333\220\253f\213"
 292      A3D657E2 
 292      4E684671 
 292      5F6A5997 
 292      DB90AB66 
 293 080b BA6A8A79 		.ascii	"\272j\212y\240;\226=\277h2&q3Fk\023\213\326V\026\350"
 293      A03B963D 
 293      BF683226 
 293      7133466B 
 293      138BD656 
 294 0821 2D6AA0EB 		.ascii	"-j\240\353;\236\356\3671\246eHt\352\222\246Ed0-\023"
 294      3B9EEEF7 
 294      31A66548 
 294      74EA92A6 
 294      4564302D 
 295 0836 455AB689 		.ascii	"EZ\266\211\264\340\277\030\235\352F\221\226\237XZv\257"
 295      B4E0BF18 
 295      9DEA4691 
 295      969F585A 
 295      76AF
 296 0848 C9994214 		.ascii	"\311\231B\024w6\373\254[\331\253=\264\254\354\354\321"
 296      7736FBAC 
 296      5BD9AB3D 
 296      B4ACECEC 
 296      D1
 297 0859 B242FFB1 		.ascii	"\262B\377\261\224h\261,1\306\262\224\305\262\350\365"
 297      9468B12C 
 297      31C6B294 
 297      C5B2E8F5 
 298 0869 F12BBE24 		.ascii	"\361+\276$\233\263\265\325\024Tx\015\3724\305\340S\303"
 298      9BB3B5D5 
 298      1454780D 
 298      FA34C5E0 
 298      53C3
 299 087b 1B3E6D17 		.ascii	"\033>m\027>\355\220\307I\356\016\347\254\3048\247\307"
 299      3EED90C7 
 299      49EE0EE7 
 299      ACC438A7 
 299      C7
 300 088c CCCFFFE6 		.ascii	"\314\317\377\346o\015\015\225\302\255\223#ms\276\210"
 300      6F0D0D95 
 300      C2AD9323 
 300      6D73BE88 
ARM GAS  C:\Users\user\AppData\Local\Temp\ccOlxOzN.s 			page 23


 301 089c 88B4CE8B 		.ascii	"\210\264\316\213\233\033\027\341L\211\211K\212\214\246"
 301      9B1B17E1 
 301      4C89894B 
 301      8A8CA6
 302 08ab ED2447E8 		.ascii	"\355$G\350\244\211!I\216\220yQ\361!\216\344hZ\333\035"
 302      A4892149 
 302      8E907951 
 302      F1218EE4 
 302      685ADB1D 
 303 08bf CEE068C9 		.ascii	"\316\340h\311\333\341\214pF%;\247\305G%'\230\355\366"
 303      DBE18C70 
 303      46253BA7 
 303      C5472527 
 303      98EDF6
 304 08d2 94B84467 		.ascii	"\224\270Dgx\230\335\371\317\350\311\221\311\316$\007"
 304      7898DDF9 
 304      CFE8C991 
 304      C9CE2407 
 305 08e2 D777702E 		.ascii	"\327wp.gRR\274#\362\233\304\024\177\326\362G\025\377"
 305      675252BC 
 305      23F29BC4 
 305      147FD6F2 
 305      4715FF
 306 08f5 D884B9B1 		.ascii	"\330\204\271\26111\2611\221\023\203\303\375\303&\204"
 306      3131B131 
 306      911383C3 
 306      FDC32684 
 307 0905 4EFA5768 		.ascii	"N\372Wh$\366\177\224\230\224\030\373Ql\324\334\270\310"
 307      24F67F94 
 307      989418FB 
 307      516CD4DC 
 307      B8C8
 308 0917 B8C4E8F8 		.ascii	"\270\304\350\370\224\230\330\310\204(\344J\214\215\264"
 308      9498D8C8 
 308      8428E44A 
 308      8C8DB4
 309 0926 C7C47E1D 		.ascii	"\307\304~\035\225\022\357\264;\277\235\037\353\010\236"
 309      9512EFB4 
 309      3BBF9D1F 
 309      EB089E
 310 0935 2779A846 		.ascii	"'y\250F\377\361\2777\352\370\326\021\2113\215A\013h"
 310      FFF1BF37 
 310      EAF8D611 
 310      89338D41 
 310      0B68
 311 0947 C9134567 		.ascii	"\311\023Eg\\B\254\3359\371\267c\225\354\014\021,!\321"
 311      5C42ACDD 
 311      39F9B763 
 311      95EC0C11 
 311      2C21D1
 312 095a F3A8A270 		.ascii	"\363\250\242p\327\213\206,i>\217\030\266c\235js\246"
 312      D78B862C 
 312      693E8F18 
 312      B6639D6A 
 312      73A6
 313 096c 6822C21E 		.ascii	"h\"\302\036\037\037c\217\303\354\314z\277\244\314OJ"
 313      1F1F638F 
ARM GAS  C:\Users\user\AppData\Local\Temp\ccOlxOzN.s 			page 24


 313      C3ECCC7A 
 313      BFA4CC4F 
 313      4A
 314 097d 763A4222 		.ascii	"v:B\"\346\314\016\017\013\371\354\263\351!sf\315\376"
 314      E6CC0E0F 
 314      0BF9ECB3 
 314      E9217366 
 314      CDFE
 315 098f 77A84813 		.ascii	"w\250H\023\345B\273nV\353l[\270\374\205\3154}\3664\033"
 315      E542BB6E 
 315      56EB6C5B 
 315      B8FC85CD 
 315      347DF634 
 316 09a4 996EB599 		.ascii	"\231n\265\231>\236>\307F\254V\033\261a\231f\263\221"
 316      3E9E3EC7 
 316      46AC561B 
 316      B1619966 
 316      B391
 317 09b6 BF465889 		.ascii	"\277FX\211\365\3639&\253u\206\215\341\303\330;\224\314"
 317      F5F33926 
 317      AB75868D 
 317      E1C3D83B 
 317      94CC
 318 09c8 98699323 		.ascii	"\230i\223#Ps\326\014\233)b6\242\255\2660,\241\210\374"
 318      5073D60C 
 318      9B296236 
 318      A2ADB630 
 318      2CA188FC 
 319 09dc BBEDD3FF 		.ascii	"\273\355\323\377\306G\2073\201\346..\201\207F\010v\247"
 319      C6478733 
 319      81E62E2E 
 319      81874608 
 319      76A7
 320 09ee 4504C141 		.ascii	"E\004\301A\227\227=\212\306\305\307n\377:%1\332n\017"
 320      97973D8A 
 320      C6C5C76E 
 320      FF3A2531 
 320      DA6E0F
 321 0a01 9E34212C 		.ascii	"\2364!,\324C\225L\321\363\242\222?\030\204'\315\347"
 321      D443954C 
 321      D1F3A292 
 321      3F188427 
 321      CDE7
 322 0a13 E8E16A4F 		.ascii	"\350\341jO\254+\365\277\250\303\337\270\032\016\017"
 322      AC2BF5BF 
 322      A8C3DFB8 
 322      1A0E0F
 323 0a22 FB0F44A1 		.ascii	"\373\017D\241*("
 323      2A28
 324              		.text
 325              		.section	.gnu.lto_.symtab.7a943b20,"",%progbits
 326 0000 7374496E 		.ascii	"stInit\000"
 326      697400
 327 0007 00       		.ascii	"\000"
 328 0008 00       		.ascii	"\000"
 329 0009 00       		.ascii	"\000"
 330 000a 00000000 		.ascii	"\000\000\000\000\000\000\000\000"
ARM GAS  C:\Users\user\AppData\Local\Temp\ccOlxOzN.s 			page 25


 330      00000000 
 331 0012 AE000000 		.ascii	"\256\000\000\000"
 332 0016 73745374 		.ascii	"stStartAlarm\000"
 332      61727441 
 332      6C61726D 
 332      00
 333 0023 00       		.ascii	"\000"
 334 0024 00       		.ascii	"\000"
 335 0025 00       		.ascii	"\000"
 336 0026 00000000 		.ascii	"\000\000\000\000\000\000\000\000"
 336      00000000 
 337 002e BF000000 		.ascii	"\277\000\000\000"
 338 0032 73745374 		.ascii	"stStopAlarm\000"
 338      6F70416C 
 338      61726D00 
 339 003e 00       		.ascii	"\000"
 340 003f 00       		.ascii	"\000"
 341 0040 00       		.ascii	"\000"
 342 0041 00000000 		.ascii	"\000\000\000\000\000\000\000\000"
 342      00000000 
 343 0049 C1000000 		.ascii	"\301\000\000\000"
 344 004d 73745365 		.ascii	"stSetAlarm\000"
 344      74416C61 
 344      726D00
 345 0058 00       		.ascii	"\000"
 346 0059 00       		.ascii	"\000"
 347 005a 00       		.ascii	"\000"
 348 005b 00000000 		.ascii	"\000\000\000\000\000\000\000\000"
 348      00000000 
 349 0063 C3000000 		.ascii	"\303\000\000\000"
 350 0067 73744765 		.ascii	"stGetAlarm\000"
 350      74416C61 
 350      726D00
 351 0072 00       		.ascii	"\000"
 352 0073 00       		.ascii	"\000"
 353 0074 00       		.ascii	"\000"
 354 0075 00000000 		.ascii	"\000\000\000\000\000\000\000\000"
 354      00000000 
 355 007d C6000000 		.ascii	"\306\000\000\000"
 356 0081 73745F6C 		.ascii	"st_lld_init\000"
 356      6C645F69 
 356      6E697400 
 357 008d 00       		.ascii	"\000"
 358 008e 02       		.ascii	"\002"
 359 008f 00       		.ascii	"\000"
 360 0090 00000000 		.ascii	"\000\000\000\000\000\000\000\000"
 360      00000000 
 361 0098 C8000000 		.ascii	"\310\000\000\000"
 362              		.text
 363              		.section	.gnu.lto_.opts,"",%progbits
 364 0000 272D666D 		.ascii	"'-fmath-errno' '-fsigned-zeros' '-ftrapping-math' '"
 364      6174682D 
 364      6572726E 
 364      6F272027 
 364      2D667369 
 365 0033 2D666E6F 		.ascii	"-fno-trapv' '-fno-openmp' '-fno-openacc' '-mcpu=cor"
 365      2D747261 
ARM GAS  C:\Users\user\AppData\Local\Temp\ccOlxOzN.s 			page 26


 365      70762720 
 365      272D666E 
 365      6F2D6F70 
 366 0066 7465782D 		.ascii	"tex-m4' '-mno-thumb-interwork' '-mthumb' '-ggdb' '-"
 366      6D342720 
 366      272D6D6E 
 366      6F2D7468 
 366      756D622D 
 367 0099 4F322720 		.ascii	"O2' '-fomit-frame-pointer' '-falign-functions=16' '"
 367      272D666F 
 367      6D69742D 
 367      6672616D 
 367      652D706F 
 368 00cc 2D666675 		.ascii	"-ffunction-sections' '-fdata-sections' '-fno-common"
 368      6E637469 
 368      6F6E2D73 
 368      65637469 
 368      6F6E7327 
 369 00ff 2720272D 		.ascii	"' '-flto'\000"
 369      666C746F 
 369      2700
 370              		.text
 371              		.comm	__gnu_lto_v1,1,1
 372              		.comm	__gnu_lto_slim,1,1
 373              		.ident	"GCC: (GNU Tools for ARM Embedded Processors 6-2017-q1-update) 6.3.1 20170215 (release) [AR
ARM GAS  C:\Users\user\AppData\Local\Temp\ccOlxOzN.s 			page 27


DEFINED SYMBOLS
                            *ABS*:00000000 hal_st.c
                            *COM*:00000001 __gnu_lto_v1
                            *COM*:00000001 __gnu_lto_slim

NO UNDEFINED SYMBOLS
