ARM GAS  C:\Users\user\AppData\Local\Temp\ccCBxElb.s 			page 1


   1              		.cpu cortex-m4
   2              		.eabi_attribute 20, 1
   3              		.eabi_attribute 21, 1
   4              		.eabi_attribute 23, 3
   5              		.eabi_attribute 24, 1
   6              		.eabi_attribute 25, 1
   7              		.eabi_attribute 26, 1
   8              		.eabi_attribute 30, 2
   9              		.eabi_attribute 34, 1
  10              		.eabi_attribute 18, 4
  11              		.file	"hal_lld.c"
  12              		.text
  13              	.Ltext0:
  14              		.section	.gnu.lto_.profile.7a941cb3,"",%progbits
  15 0000 789C6365 		.ascii	"x\234ce`b`a```d\210\217\005\000\001\233\000\311"
  15      60626061 
  15      60606064 
  15      888F0500 
  15      019B00C9 
  16              		.text
  17              		.section	.gnu.lto_.icf.7a941cb3,"",%progbits
  18 0000 789C6365 		.ascii	"x\234ce`b\020a@\000f\206{\347.\356\344d\354\177\373"
  18      60621061 
  18      40006686 
  18      7BE72EEE 
  18      E464EC7F 
  19 0015 A68F83E9 		.ascii	"\246\217\203\351\300\355k\023\330\031\000f\330\011g"
  19      C0ED6B13 
  19      D8190066 
  19      D80967
  20              		.text
  21              		.section	.gnu.lto_.jmpfuncs.7a941cb3,"",%progbits
  22 0000 789C6365 		.ascii	"x\234ce`b\340`@\000& f\004b\000\001p\000\023"
  22      6062E060 
  22      40002620 
  22      66046200 
  22      01700013 
  23              		.text
  24              		.section	.gnu.lto_.inline.7a941cb3,"",%progbits
  25 0000 789C6365 		.ascii	"x\234ce`b\320a@\000&\006\006y9F\006&\213\005\353\231"
  25      6062D061 
  25      40002606 
  25      06793946 
  25      06268B05 
  26 0016 19D816C8 		.ascii	"\031\330\026\3103\201\004\031\031\0161ld\002\212\326"
  26      33810419 
  26      190E316C 
  26      64028AD6 
  27 0026 9DFBA602 		.ascii	"\235\373\246\002\027e\000\000\244\202\007m"
  27      17650000 
  27      A482076D 
  28              		.text
  29              		.section	.gnu.lto_.pureconst.7a941cb3,"",%progbits
  30 0000 789C6365 		.ascii	"x\234ce`b`e`\000\222R\214R\000\001\005\000D"
  30      60626065 
  30      60009252 
  30      8C520001 
ARM GAS  C:\Users\user\AppData\Local\Temp\ccCBxElb.s 			page 2


  30      050044
  31              		.text
  32              		.section	.gnu.lto_hal_lld_init.7a941cb3,"",%progbits
  33 0000 789CA595 		.ascii	"x\234\245\225[H\024a\024\307\2773\337\354M\326V\274"
  33      5B481461 
  33      14C7BF33 
  33      DFEC4DD6 
  33      56BC
  34 0012 4618F4EA 		.ascii	"F\030\364\352KC%\006=\370\"H\004\021\244\217B\244>("
  34      4B432506 
  34      3DF82248 
  34      0411A48F 
  34      42A43E28 
  35 0026 081B69D0 		.ascii	"\010\033i\320C\344\230\253\206Q\366P\232\220\255\021"
  35      43E498AB 
  35      8651F650 
  35      9A90AD11 
  36 0036 E12D35CB 		.ascii	"\341-5\313.j\345\375\262ej\246vQ\323BD\0111R(\363\262"
  36      2E6AE5FD 
  36      B2656AA6 
  36      7651D342 
  36      44093152 
  37 004d 7DE7FBC6 		.ascii	"}\347\373\306\235\265\227\334u`\317\354\316|\373\373"
  37      9DB597DC 
  37      7560CFEC 
  37      CE7CFBFB 
  38 005d FFCF39F3 		.ascii	"\377\3179\363\2351\020\211\\4\023r\224\020\022\315>"
  38      9D311089 
  38      5C341372 
  38      941012CD 
  38      3E
  39 006e 6020205D 		.ascii	"`  ]\037 $\307,I\324\025K\324\000\271\327FT+\005Y\\"
  39      1F2024C7 
  39      2C49D415 
  39      4BD400B9 
  39      D746542B 
  40 0085 9601F08B 		.ascii	"\226\001\360\213j\006\222-Q\031\262\241\210\226P\350"
  40      6A06922D 
  40      5119B2A1 
  40      889650E8 
  41 0095 28986D92 		.ascii	"(\230m\222\242*Tv\264\225\214\230\362\325\274\335NJ"
  41      A22A5476 
  41      B4958C98 
  41      F2D5BCDD 
  41      4E4A
  42 00a7 4829FBE0 		.ascii	"H)\373\340\001\025\020E\330\262o\015\0337\003\215\262"
  42      01151045 
  42      D8B26F0D 
  42      1B37038D 
  42      B2
  43 00b8 B80E9560 		.ascii	"\270\016\225`\004v\256\037\2066u\303]\240\266\365\337"
  43      0476AE1F 
  43      863675C3 
  43      5DA0B6F5 
  43      DF
  44 00c9 83A6637B 		.ascii	"\203\246c{%\342\244\314\010\013f\014\026\014V\0146\014"
  44      25E2A4CC 
ARM GAS  C:\Users\user\AppData\Local\Temp\ccCBxElb.s 			page 3


  44      080B660C 
  44      160C560C 
  44      360C
  45 00db 41188231 		.ascii	"A\030\2021\204`\010\305\020\206!\034C\004\006B\012\031"
  45      846008C5 
  45      1086211C 
  45      43040642 
  45      0A19
  46 00ed 1F6D5EA1 		.ascii	"\037m^\241\022\236\351<t4\317/\246\240b\031\225\230"
  46      129EE93C 
  46      7434CF2F 
  46      A6A06219 
  46      9598
  47 00ff 91E2BC8E 		.ascii	"\221\342\274\216A\3235\352\244\022\240/GY\367\254E\374"
  47      41D335EA 
  47      A412A02F 
  47      4759F7AC 
  47      45FC
  48 0111 547F5C56 		.ascii	"T\177\\Vev\351\373\324j\223\301\011e9,\245}NJ\241\032"
  48      6576E9FB 
  48      D46A93C1 
  48      0965392C 
  48      A57D4E4A 
  49 0127 22A10A22 		.ascii	"\"\241\012\"\011\256\377Y<4mUjU\0078Y\015j\300\011\267"
  49      09AEFF59 
  49      3C346D55 
  49      6A550738 
  49      590D6AC0 
  50 013d 78A6F000 		.ascii	"x\246\360\000\024\302\304\226\315(\345\033\245V\247"
  50      14C2C496 
  50      CD28E51B 
  50      A556A7
  51 014c D481C26E 		.ascii	"\324\201\302nO\366U\325P4\005\340f\207\015\352\331\377"
  51      4FF655D5 
  51      503405E0 
  51      66870DEA 
  51      D9FF
  52 015e 7C87E7E0 		.ascii	"|\207\347\340=\031\036\352\370\006\216\367\224@\006"
  52      3D191EEA 
  52      F8068EF7 
  52      944006
  53 016d 028F04BA 		.ascii	"\002\217\004\272\271j\205\212\"\031|3\377\230\323\261"
  53      B96A858A 
  53      22197C33 
  53      FF98D3B1 
  54 017d 9BD0E87F 		.ascii	"\233\320\350\177\011\236\350\224\247\240\354,\337g:"
  54      099EE894 
  54      A7A0EC2C 
  54      DF673A
  55 018c EB396379 		.ascii	"\3539cy\022\\\325\0224\373f\255\211\343$\3045\363\004"
  55      125CD512 
  55      34FB66AD 
  55      89E324C4 
  55      35F304
  56 019f 737FE783 		.ascii	"s\177\347\203 Y\004\354\352\372T\273W\273vA\213\220"
  56      205904EC 
  56      EAFA54BB 
ARM GAS  C:\Users\user\AppData\Local\Temp\ccCBxElb.s 			page 4


  56      57BB7641 
  56      8B90
  57 01b1 2CB6F85E 		.ascii	",\266\370^\210\027\272\332KP\230\204\377ux\245\243Z"
  57      8817BADA 
  57      4B509884 
  57      FF7578A5 
  57      A35A
  58 01c3 BDEBB0A6 		.ascii	"\275\353\260\246\325\301\352\233\2636\216\343\333\267"
  58      D5C1EA9B 
  58      B3368EE3 
  58      DBB7
  59 01d1 DDFF4677 		.ascii	"\335\377Fw\350\224\316\2356\272Kgu{'\350\326\022\264"
  59      E894CE9D 
  59      36BA4B67 
  59      757B27E8 
  59      D612B4
  60 01e4 F966AD87 		.ascii	"\371f\255\207\343d\304\365\376\323\350 \001\353i\376"
  60      E364C4F5 
  60      FED3E820 
  60      01EB69FE 
  61 01f4 B364158D 		.ascii	"\263d\025\215\306y\007\320\347\177\243]\272\332klt\020"
  61      C67907D0 
  61      E77FA35D 
  61      BADA6B6C 
  61      7410
  62 0206 F73EBF12 		.ascii	"\367>\277\022\343\031\226\016>S\307*\215|^\226R\360"
  62      E319960E 
  62      3E53C72A 
  62      8D7C5E96 
  62      52F0
  63 0218 9EA3F006 		.ascii	"\236\243\360\006\214\354\257\375\350.\330{O\033\370"
  63      8CECAFFD 
  63      E82ED87B 
  63      4F1BF8
  64 0227 B2BBEB8E 		.ascii	"\262\273\353\216:\213\370\251N\347\360\261v\247\177"
  64      3A8BF8A9 
  64      4EE7F0B1 
  64      76A77F
  65 0236 A22B8079 		.ascii	"\242+\200yc\352F\030`\276\336j\276\006\006\013\227M"
  65      63EA4618 
  65      60BEDE6A 
  65      BE06060B 
  65      974D
  66 0248 1E5F83DC 		.ascii	"\036_\203\334\227A\010\300\320f!\312\026\215B,D\350"
  66      974108C0 
  66      D06621CA 
  66      168D422C 
  66      44E8
  67 025a D5CDB5DE 		.ascii	"\325\315\265\336\016\320J!\301;O\035\372y\035\266\251"
  67      0ED04A21 
  67      C13B4F1D 
  67      FA791DB6 
  67      A9
  68 026b 35BC45EB 		.ascii	"5\274E\353=\226!D\264\360\202\020\013\365\252)\374\357"
  68      3D962144 
  68      B4F08210 
  68      0BF5AA29 
ARM GAS  C:\Users\user\AppData\Local\Temp\ccCBxElb.s 			page 5


  68      FCEF
  69 027d 7118E134 		.ascii	"q\030\3414\243F\033\025\316\327\362\253\014\202\025"
  69      A3461B15 
  69      CED7F2AB 
  69      0C8215
  70 028c 267033F7 		.ascii	"&p3\367g\312-\232q#\2141\326\0148\306;\243\265ElE\311"
  70      67CA2D9A 
  70      71238C31 
  70      D60C38C6 
  70      3BA3B545 
  71 02a3 C2CA1E6D 		.ascii	"\302\312\036m\201\014\037P\214\340\373\204\022W,\276"
  71      810C1F50 
  71      8CE0FB84 
  71      12572CBE 
  72 02b3 4E96E736 		.ascii	"N\226\3476b\2654\267c\255<\031\275}\334\342\355\023"
  72      62B534B7 
  72      63AD3C19 
  72      BD7DDCE2 
  72      ED13
  73 02c5 1FC3D5BF 		.ascii	"\037\303\325\277\234K\262\030\303*S\372\254m\2059\267"
  73      9C4BB218 
  73      C32A53FA 
  73      AC6D8539 
  73      B7
  74 02d6 EFF8F12D 		.ascii	"\357\370\361-\370\011m3\240kY\177\013\272rM\"\311\360"
  74      F8096D33 
  74      A06B597F 
  74      0BBA724D 
  74      22C9F0
  75 02e9 ED776892 		.ascii	"\355wh\222\203M\032\370\313fMA\200\"\004\253\261\250"
  75      834D1AF8 
  75      CB664D41 
  75      802204AB 
  75      B1A8
  76 02fb 6534509B 		.ascii	"e4P\233\177\253\370\272\232\362\357q\230\336\"\366\025"
  76      7FABF8BA 
  76      9AF2EF71 
  76      98DE22F6 
  76      15
  77 030c 1F8708B2 		.ascii	"\037\207\010\262\000\227\312\227n\360}\310\033Q\310"
  77      0097CA97 
  77      6EF07DC8 
  77      1B51C8
  78 031b F6014B89 		.ascii	"\366\001K\211\215\265\370\270#I'\023O$$\305\245\245"
  78      8DB5F8B8 
  78      23492713 
  78      4F2424C5 
  78      A5A5
  79 032d 27A72764 		.ascii	"'\247'd\235KM\267'\245\340w{\346\201\3031\212=SI;\235"
  79      9D4B4DB7 
  79      27A5E077 
  79      7BE681C3 
  79      318A3D53 
  80 0344 A19CB19F 		.ascii	"\241\234\261\237\315\312T\022\022\217\037:(b|\364\371"
  80      CDCA5412 
  80      128F1F3A 
  80      28627CF4 
ARM GAS  C:\Users\user\AppData\Local\Temp\ccCBxElb.s 			page 6


  80      F9
  81 0355 F378E754 		.ascii	"\363x\347TFF\352\376\024\362\027W\\\322\007"
  81      4646EAFE 
  81      14F21757 
  81      5CD207
  82              		.text
  83              		.section	.gnu.lto_stm32_clock_init.7a941cb3,"",%progbits
  84 0000 789CA557 		.ascii	"x\234\245W[L\024W\030>\377\314^f\357\313\302\302R\211"
  84      5B4C1457 
  84      183EFFCC 
  84      5E66EFCB 
  84      C2C25289 
  85 0014 6234F1DE 		.ascii	"b4\361\336\265\326\264\246o\304\304\364\245mR\215O6"
  85      B5D6B4A6 
  85      6FC4C4F4 
  85      A56D528D 
  85      4F36
  86 0026 4DAB0FD2 		.ascii	"M\253\017\322\330\320T\333\370\346\000\273`\301xI\250"
  86      D8D054DB 
  86      F8E600BB 
  86      60C17849 
  86      A8
  87 0037 52532EAD 		.ascii	"RS.\255\261J\213\"\326\033^W\204\256 \202X\265\002\336"
  87      B14A8B22 
  87      D61B5E57 
  87      84AE2082 
  87      58B502DE 
  88 004b 2B0ADEB0 		.ascii	"+\012\336\260\212\210\212n\317\177\316\331\235\355\232"
  88      8A888A6E 
  88      CF7FCED9 
  88      9DED9A
  89 005a A69D751F 		.ascii	"\246\235u\037\2763s\316\314\367\177\377\345\374s\326"
  89      BE3373CE 
  89      CCF77FFF 
  89      E5FC73D6 
  90 006a 4824F2B9 		.ascii	"H$\362\271\213\220w\011!\357\003!\220I@Z\333NH\276\""
  90      8B907709 
  90      21EF0321 
  90      9049405A 
  90      DB4E48BE 
  91 007f 81CC2F64 		.ascii	"\201\314/d\311\267*L\210j5\004\314D\265\373\370|\216"
  91      C9B72A4C 
  91      886A3504 
  91      CC44B5FB 
  91      F87C8E
  92 0092 018C7CDD 		.ascii	"\001\214|\335(e\360u\023[\317\340\3639&0\363u\263\224"
  92      2865F075 
  92      135BCFE0 
  92      F3392630 
  92      F375B394 
  93 00a6 CED715B6 		.ascii	"\316\327\025\266\236\316\347s\024\260\360u\213\344\345"
  93      9ECEE773 
  93      14B0F075 
  93      8BE4E5
  94 00b5 EB56B6EE 		.ascii	"\353V\266\356\345\3639V\360\340\010\036)\215/\333\330"
  94      E5F33956 
  94      F0E0081E 
ARM GAS  C:\Users\user\AppData\Local\Temp\ccCBxElb.s 			page 7


  94      298D2FDB 
  94      D8
  95 00c6 721A9FCE 		.ascii	"r\032\237\316\261I\366\373^:\353\254\236Eg\355\222#"
  95      B149F6FB 
  95      5E3AEBAC 
  95      9E4567ED 
  95      9223
  96 00d8 EECE012E 		.ascii	"\356\316\001.N\355\214^\270\300\315/\334R*gKal\251|"
  96      4EED8C5E 
  96      B8C0CD2F 
  96      DC522A67 
  96      4B616CA9 
  97 00ed 3E270500 		.ascii	">'\005\000GU\001\262B\222}\006c\206\311\234\256X\274"
  97      475501B2 
  97      42927D06 
  97      6386C99C 
  97      AE58BC
  98 0100 564F9ACD 		.ascii	"VO\232\315\356p\272\334\251)\260\302,\023\3763\212\321"
  98      EE70BADC 
  98      A929B0C2 
  98      2C13FE33 
  98      8AD1
  99 0112 2C468B18 		.ascii	",F\213\030=bt\213q\215\274A\206\306\342\033\015\322"
  99      3D62748B 
  99      718DBC41 
  99      86C6E21B 
  99      0DD2
 100 0124 A42D2AFD 		.ascii	"\244-*\375\2056t[\213\324\240\257\212\022}'\310`\013"
 100      8536745B 
 100      8BD4A0AF 
 100      8A127D27 
 100      C8600B
 101 0137 4C22F4B1 		.ascii	"L\"\364\261k\365/\276u\230\014|\036\266\202\211f\203"
 101      6BF52FBE 
 101      75980C7C 
 101      1EB68289 
 101      6683
 102 0149 D49D8690 		.ascii	"\324\235\206\220\372\"R\254\206\356l\202u\363g\030I"
 102      FA2252AC 
 102      86EE6C82 
 102      75F36718 
 102      49
 103 015a 950C2604 		.ascii	"\225\014&\004\005\301\202`E\260!8\020\\\010n\204\024"
 103      05C18260 
 103      45B02138 
 103      105C086E 
 103      8414
 104 016c 040F8217 		.ascii	"\004\017\202\027!\035\301\207\220\2110\012!\013a4\302"
 104      211DC187 
 104      9089300A 
 104      210B6134 
 104      C2
 105 017d 18846C84 		.ascii	"\030\204l\204\261\010\343\020\306#L@\230\2100\031a\012"
 105      B108E310 
 105      C6234C40 
 105      98883019 
 105      610A
ARM GAS  C:\Users\user\AppData\Local\Temp\ccCBxElb.s 			page 8


 106 018f C2548469 		.ascii	"\302T\204i\010~\204\351\010\204\224P\3454\250\245\262"
 106      087E84E9 
 106      08849450 
 106      E534A8A5 
 106      B2
 107 01a0 4407B91F 		.ascii	"D\007\271\037\032\007\373\016\006\255\350\012uo}\260"
 107      1A07FB0E 
 107      06ADE80A 
 107      756F7DB0 
 108 01b0 B1C3BC5A 		.ascii	"\261\303\274Z\256\222%@o\003\025\3157,\374V\275\277"
 108      AE922540 
 108      6F0315CD 
 108      372CFC56 
 108      BDBF
 109 01c2 5235D0A9 		.ascii	"R5\320\251\333\227\2375\030\253\240\"\237\006\252\372"
 109      DB979F35 
 109      18ABA022 
 109      9F06AAFA 
 110 01d2 B52A5986 		.ascii	"\265*Y\206\237!\013j\250F|\341\301\372SW\354\376mj "
 110      9F210B6A 
 110      A8467CE1 
 110      C1FA5357 
 110      ECFE6D6A 
 111 01e7 5FCDAE92 		.ascii	"_\315\256\222\015\360\013TA9\013!\324\202\237>\260\367"
 111      0DF00B54 
 111      41390B21 
 111      D4829F3E 
 111      B0F7
 112 01f9 ECC65623 		.ascii	"\354\306V#2\032\000C\015\260\215\276\311D\264\364\232"
 112      321A0043 
 112      0DB08DBE 
 112      C944B4F4 
 112      9A
 113 020a 12451899 		.ascii	"\022E\030\231\210\037\236\007\266[\370\255z%\237\211"
 113      881F9E07 
 113      B65BF8AD 
 113      7A259F89 
 114 021a A86CBBD0 		.ascii	"\250l\273\320d\215\023a\202:*b\273\020\321\336Q2h\216"
 114      648D1361 
 114      823A2A62 
 114      BB10D1DE 
 114      5132688E 
 115 022e 13B18389 		.ascii	"\023\261\203\211\300DA=\0231T\363\350\200#*B\202\235"
 115      C044413D 
 115      133154F3 
 115      E880232A 
 115      42829D
 116 0241 5CC2FEFE 		.ascii	"\\\302\376\376\363\\B\205lLp4\373_\375\004$\371\225"
 116      F35C4285 
 116      6C4C7034 
 116      FB5FFD04 
 116      24F995
 117 0254 1990D0C0 		.ascii	"\031\220\320\300.\032\353~(\034.\002\316$\310v5\205"
 117      2E1AEB7E 
 117      281C2E02 
 117      CE24C876 
 117      3585
ARM GAS  C:\Users\user\AppData\Local\Temp\ccCBxElb.s 			page 9


 118 0266 8B14B408 		.ascii	"\213\024\264\010\364\267\233\333[o\021\376\352\260\264"
 118      F4B79BDB 
 118      5B6F11FE 
 118      EAB0B4
 119 0275 47B3B417 		.ascii	"G\263\264\027\374\224\236^\225\3122\241\273Bf.t\365"
 119      FC949E5E 
 119      95CA32A1 
 119      BB42662E 
 119      74F5
 120 0287 9AB961E5 		.ascii	"\232\271a\345\177\023\213(\355\323\250\033\270\023#"
 120      7F138B28 
 120      EDD3A81B 
 120      B81323
 121 0296 452D464E 		.ascii	"E-FNf\341|\315\221\307!\027\367B\202\375\224\347:\004"
 121      66E17CCD 
 121      91C72117 
 121      F74282FD 
 121      94E73A04 
 122 02aa BA8FB509 		.ascii	"\272\217\265\011W-\364\211\272;\015O\034\374\011\002"
 122      572DF489 
 122      BA3B0D4F 
 122      1CFC0902 
 123 02ba 07D012C1 		.ascii	"\007\320\022\301\212\363\021\272\233\241T6\210\222\333"
 123      8AF311BA 
 123      9BA15436 
 123      8892DB
 124 02c9 DF7F79B3 		.ascii	"\337\177y\263\320i\325\027\200\203L%\333|\207\242*\205"
 124      D069D517 
 124      80834C25 
 124      DB7C87A2 
 124      2A85
 125 02db 7D1B273B 		.ascii	"}\033';<\024\374\232+\030\211D\".8\234|\264\217h\306"
 125      3C14FC9A 
 125      2B188944 
 125      222E389C 
 125      7CB48F68 
 126 02f0 42186D1B 		.ascii	"B\030m\033+\223\232>\021\025\207>\266\243\032[#\223"
 126      2B939A3E 
 126      1115873E 
 126      B6A31A5B 
 126      2393
 127 0302 9E94A663 		.ascii	"\236\224\246c\032K\023jr\260\0120j\025\320\337,\"\353"
 127      1A4B136A 
 127      72B00A30 
 127      6A15D0DF 
 127      2C22EB
 128 0315 D25B01CD 		.ascii	"\322[\001\315\032\365o\321\330v\011_\335\234\357Y_Y"
 128      1AF56FD1 
 128      D876095F 
 128      DD9CEF59 
 128      5F59
 129 0327 17F0E8DA 		.ascii	"\027\360\350\332!\314+\240'V\001\356\270\224g\210\224"
 129      21CC2BA0 
 129      275601EE 
 129      B8946788 
 129      94
 130 0338 9B6229BF 		.ascii	"\233b)\277\033\335])\372<>\256\025fKB\312=\234\254\256"
ARM GAS  C:\Users\user\AppData\Local\Temp\ccCBxElb.s 			page 10


 130      1BDD5D29 
 130      FA3C3EAE 
 130      15664B42 
 130      CA3D9CAC 
 131 034d 251816AA 		.ascii	"%\030\026\252\236\000\264&\237\360\023\232\2516\014"
 131      9E00B426 
 131      9FF0139A 
 131      A9360C
 132 035c AE87B7A6 		.ascii	"\256\207\267\246{\274Xuw\277\223Z@\333Y\343\211u6\003"
 132      7BBC5875 
 132      77BF935A 
 132      40DB59E3 
 132      89753603 
 133 0370 DD1E1DD1 		.ascii	"\335\036\035\321\266\263\246Xd\314\253O\355)Fo@\372"
 133      B6B3A658 
 133      64CCAB4F 
 133      ED29466F 
 133      40FA
 134 0382 CE84B693 		.ascii	"\316\204\266\223N\311^\245\317\234\326\250\177\307@"
 134      4EC95EA5 
 134      CF9CD6A8 
 134      7FC740
 135 0391 A4B32A33 		.ascii	"\244\263*3kUV\036\026\232}z\253\354\214F}6\261\317d"
 135      6B55561E 
 135      169A7D7A 
 135      ABEC8C46 
 135      7D36B1CF 
 136 03a6 52BE971B 		.ascii	"R\276\227\033Kf\\Y\245\213\262Rb\037\257\312bkR\311"
 136      4B665C59 
 136      A58BB252 
 136      621FAFCA 
 136      626B52C9 
 137 03ba 39C774E0 		.ascii	"9\307t\340\031\001\376`\311i\335|\361G\361UX\27358\013"
 137      1901FE60 
 137      C969DD7C 
 137      F147F155 
 137      58BB3538 
 138 03cf CE47F3B3 		.ascii	"\316G\363\263\365\246(\334Q\372\202\330\245USwB~\262"
 138      F5A628DC 
 138      51FA82D8 
 138      A5555377 
 138      427EB2
 139 03e2 385967EF 		.ascii	"8Yg\357\323\016\013/\\J\247@O\362\031\273\240\031\273"
 139      D30E0B2F 
 139      5C4AA740 
 139      4FF219BB 
 139      A019BB
 140 03f5 8819CB62 		.ascii	"\210\031\313b\031\263h\031\253\215flt\302\0074\373\277"
 140      19B36819 
 140      AB8D666C 
 140      74C20734 
 140      FBBF
 141 0407 BE9F9718 		.ascii	"\276\237\227\0305~j\340rb\306\306p\276\236\326}g\314"
 141      357E6AE0 
 141      7262C6C6 
 141      70BE9ED6 
 141      7D67CC
ARM GAS  C:\Users\user\AppData\Local\Temp\ccCBxElb.s 			page 11


 142 041a 514700AE 		.ascii	"QG\000\256$\246pL\\\012\275,\205%\262\025SXJ\367\030"
 142      24A6704C 
 142      5C0ABD2C 
 142      8525B215 
 142      53584AF7 
 143 042f 95084C62 		.ascii	"\225\010Lb\333M!1[oQ]\325\274\277\226(q,\347;\021Y5"
 143      DB4D2131 
 143      5B6F515D 
 143      D5BCBF96 
 143      28712CE7 
 144 0447 608CC5DA 		.ascii	"`\214\305\332\015\177&j\034\033\2471M\224\231-Vf\221"
 144      0D7F266A 
 144      1C1BA731 
 144      4D94992D 
 144      566691
 145 045a 2DC9F580 		.ascii	"-\311\365\200\353Z\017\350ee\266k\240R\265\212\303G"
 145      EB5A0FE8 
 145      6565B66B 
 145      A052B58A 
 145      C347
 146 046c 7575930C 		.ascii	"uu\223\0147\242u\326\323\"\334\037\027\337*\314\354"
 146      37A275D6 
 146      D322DC1F 
 146      17DF2ACC 
 146      EC
 147 047d 10545278 		.ascii	"\020TRxt\247\302o\325\320Z\325I\247N]\332w..\207\012"
 147      74A7C26F 
 147      D5D05AD5 
 147      49A74E5D 
 147      DA772E2E 
 148 0493 F4511937 		.ascii	"\364Q\0317\205\214=\017\037\254\211\227\321\317d\340"
 148      858C3D0F 
 148      1FAC8997 
 148      D1CF64E0 
 149 04a3 49186ED1 		.ascii	"I\030n\321\0001\307gj\326:W\037?)j\177\335\361|z&\272"
 149      0031C767 
 149      6AD63A57 
 149      1F3F296A 
 149      7FDDF17C 
 150 04ba 2D42512A 		.ascii	"-BQ*\333\311\010\260\012j\371\210??>^\235\205\251\313"
 150      DBC908B0 
 150      0A6AF988 
 150      3F3F3E5E 
 150      9D85A9CB 
 151 04ce 6F385866 		.ascii	"o8Xf\344\267jw!S\327Y^pU\321\324Y\341.UwG\250\273\325"
 151      E4B76A77 
 151      2153D759 
 151      5E7055D1 
 151      D459E12E 
 152 04e8 FED3111B 		.ascii	"\376\323\021\033UW\306\324\331\340\036S\247\240\272"
 152      5557C6D4 
 152      D9E01E53 
 152      A7A0BA
 153 04f7 81A8BA41 		.ascii	"\201\250\272A\203f.\364\274r\267\023\371mp4pd\245\001"
 153      83662EF4 
 153      BC72B713 
 153      F96D7034 
ARM GAS  C:\Users\user\AppData\Local\Temp\ccCBxElb.s 			page 12


 153      7064A501 
 154 050b EEC7E439 		.ascii	"\356\307\3449H\230\360\014]\370\346\245S\254\235\251"
 154      4898F00C 
 154      5DF8E6A5 
 154      53AC9DA9 
 155 051b EBDB117E 		.ascii	"\353\333\021~\352\340\267\3520?\305\206\313\325\372"
 155      EAE0B7EA 
 155      303FC586 
 155      CBD5FA
 156 052a D801F233 		.ascii	"\330\001\3623z0v\300\003\252\357/\241/0\024.3\305E\357"
 156      7A3076C0 
 156      03AAEF2F 
 156      A12F3014 
 156      2E33C545 
 157 053f 21D387FF 		.ascii	"!\323\207\377\037`\220%q{}m\205\211\307\253@\202G\300"
 157      1F609025 
 157      717B7D6D 
 157      8589C7AB 
 157      408247C0 
 158 0553 779B931C 		.ascii	"w\233\223\0342q-\227bZtZ\032\322,=f\226\276\277\370"
 158      32712D97 
 158      625A745A 
 158      1AD22C3D 
 158      6696BEBF 
 159 0568 B05D1696 		.ascii	"\260]\026\226\2340,,\271b_\325\201\032Q4\023\364\365"
 159      9C302C2C 
 159      B9625FD5 
 159      811A5134 
 159      13F4F5
 160 057b 8B275A5D 		.ascii	"\213'Z]>MhN\023)\031\353\302I\266\242g\032\365\010\266"
 160      3E4D684E 
 160      132919EB 
 160      C249B6A2 
 160      671AF508 
 161 0590 A2894CB2 		.ascii	"\242\211L\262[kE\303\321B\237\254w\237?\327\250_$\036"
 161      5B6B45C3 
 161      D1429FAC 
 161      779F3FD7 
 161      A85F241E 
 162 05a4 51A650BE 		.ascii	"Q\246P\276\227\317$S(\313\306\003\203\255b\353+\020"
 162      97CF2453 
 162      28CBC603 
 162      83AD62EB 
 162      2B10
 163 05b6 896DF254 		.ascii	"\211m\362T\261\311Sb\301\214\344\362\227\246\352sX\225"
 163      B1C95362 
 163      C18CE4F2 
 163      97A6EA73 
 163      5895
 164 05c8 50951555 		.ascii	"P\225\025U\345K\377\214\3454J\306\332a\222\261,\320"
 164      E54BFF8C 
 164      E5344AC6 
 164      DA6192B1 
 164      2CD0
 165 05da A80B251A 		.ascii	"\250\013%\032\313i\254UX8\271_\037W\200q\331\220+\230"
 165      CB69AC55 
 165      5838B95F 
ARM GAS  C:\Users\user\AppData\Local\Temp\ccCBxElb.s 			page 13


 165      1F578071 
 165      D9902B98 
 166 05ee 20733A25 		.ascii	" s:%{\025\231E\032u1\312\234N\356BA\365\246ZF/\302\015"
 166      7B159945 
 166      1A7531CA 
 166      9C4EEE42 
 166      41F5A65A 
 167 0606 34CCB443 		.ascii	"4\314\264C\317\231\375\316\202\017\347}0w\301\354\305"
 167      CF99FDCE 
 167      820FE77D 
 167      3077C1EC 
 167      C5
 168 0617 B99FE6CE 		.ascii	"\271\237\346\316]\366\325\242\334\274\005\013\361:o"
 168      5DF6D5A2 
 168      DCBC050B 
 168      F13A6F
 169 0626 E91B6FBF 		.ascii	"\351\033o\277\345\317[\352_\374\311\022\377\027y_.["
 169      E5CF5BEA 
 169      5FFCC912 
 169      FF17795F 
 169      2E5B
 170 0638 EA9F3BEF 		.ascii	"\352\237;\357\2757gp\2343s\371r\\\371x\311\222E\257"
 170      BD376770 
 170      9C3373F9 
 170      725CF978 
 170      C99245AF 
 171 064c 2F247F03 		.ascii	"/$\177\003X\301(\036"
 171      58C1281E 
 172              		.text
 173              		.section	.gnu.lto_.symbol_nodes.7a941cb3,"",%progbits
 174 0000 789C6365 		.ascii	"x\234ce`b\320g\000\002\246\351L\365\014\014\023\316"
 174      6062D067 
 174      0002A6E9 
 174      4CF50C0C 
 174      13CE
 175 0012 313000A9 		.ascii	"10\000\251]\015\216@\221\031L\365\214(\"\254S\231\030"
 175      5D0D8E40 
 175      91194CF5 
 175      8C2822AC 
 175      539918
 176 0025 1A9540AA 		.ascii	"\032\225@\252\001\024\324\012\\"
 176      0114D40A 
 176      5C
 177              		.text
 178              		.section	.gnu.lto_.refs.7a941cb3,"",%progbits
 179 0000 789C6365 		.ascii	"x\234ce`b`d\000\002\000\000I\000\011"
 179      60626064 
 179      00020000 
 179      490009
 180              		.text
 181              		.section	.gnu.lto_.decls.7a941cb3,"",%progbits
 182 0000 789CCD59 		.ascii	"x\234\315Y\013PT\327\031\336s\317\302\262\013\242\003"
 182      0B5054D7 
 182      19DE73CF 
 182      C2B20BA2 
 182      03
 183 0011 4EEBB44C 		.ascii	"N\353\264LK\215m\230\316DDm\322I;\235\340\"\301T\023"
ARM GAS  C:\Users\user\AppData\Local\Temp\ccCBxElb.s 			page 14


 183      4B8D6D98 
 183      CE44446D 
 183      D2493B9D 
 183      E022C154 
 184 0026 67D7D836 		.ascii	"g\327\3306CJ\025He\"\220\012\316$3m\263\362\360\025"
 184      434A1548 
 184      6522900A 
 184      CE24336D 
 184      B3F2F015 
 185 003a 1F801003 		.ascii	"\037\200\020\003\006\037\200\017\002\"\021\024\021\321"
 185      061F800F 
 185      02221114 
 185      11D1
 186 0048 15106155 		.ascii	"\025\020aU$\030\037\310[\021\021\005\021\242\002\242"
 186      24181FC8 
 186      5B111105 
 186      11A202A2 
 187 0058 F43FE7DC 		.ascii	"\364?\347\334\273\367\354\335kcg:\235\356\360\337{\377"
 187      BBF7ECDD 
 187      6B63673A 
 187      9DEEF0DF 
 187      7BFF
 188 006a 7BBEF3BF 		.ascii	"{\276\363\277\316\177\036\377\305E#hL?\325htZ\215\306"
 188      CE7F1EFF 
 188      C5452368 
 188      4C3FD568 
 188      745A8DC6 
 189 007e 17693413 		.ascii	"\027i4\023\360\303\032\215\346\240F\376\011@E@\305@"
 189      F0C31A8D 
 189      E6A046FE 
 189      09404540 
 189      C540
 190 0090 00D1546A 		.ascii	"\000\321Tj\034\177\357\303K\035\334\227\002\275\014"
 190      1C7FEFC3 
 190      4B1DDC97 
 190      02BD0C
 191 009f E403FC8F 		.ascii	"\344\003\374\217\201j\340y\006\334_\002r\203\347Ip\367"
 191      816AE079 
 191      06DC5F02 
 191      7283E749 
 191      70F7
 192 00b1 029A0634 		.ascii	"\002\232\0064\006\274\033b:1\320O\220\254\347\027H\343"
 192      06BC1B62 
 192      3A31D04F 
 192      90ACE717 
 192      48E3
 193 00c3 F45B06EF 		.ascii	"\364[\006\357<\277G\307\\\2409@\237\002\375\003\350"
 193      3CBF47C7 
 193      5CA03940 
 193      9F02FD03 
 193      E8
 194 00d4 75A074A0 		.ascii	"u\240t\2404 \017N\337T\304\034\321\001!Q\267?P\014\320"
 194      34200F4E 
 194      DF54C41C 
 194      D1012151 
 194      B73F500C 
 195 00e9 56A01168 		.ascii	"V\240\021h\036\027}-v6E\263\035\243\243\233k*\205v\324"
ARM GAS  C:\Users\user\AppData\Local\Temp\ccCBxElb.s 			page 15


 195      1E177D2D 
 195      763645B3 
 195      1DA3A39B 
 195      6B2A8576 
 196 00fe 8AC06634 		.ascii	"\212\300f4\205\276E\210]\021%\312NH?\204\350{x+\320"
 196      85BE4588 
 196      5D1125CA 
 196      4E483F84 
 196      E87B782B 
 197 0113 2B03D257 		.ascii	"+\003\322WH\352!\362\202\310\012\242H\372'vF\234D\326"
 197      48EA21F2 
 197      82C80AA2 
 197      48FA2776 
 197      469C44D6 
 198 0127 CC34493F 		.ascii	"\3144I?f3{\240\335\244\336H\220\025 \304w\340\0042\263"
 198      66337BA0 
 198      DDA4DE48 
 198      901520C4 
 198      77E00432 
 199 013c C576BB7D 		.ascii	"\305v\273}\032\3319$y\377 \363|\217\241\003\265\221"
 199      1AD93924 
 199      79FF20F3 
 199      7C8FA103 
 199      B591
 200 014e B7BBDF40 		.ascii	"\267\273\337@\364]\346\316\255\305\030\013\210<w\214"
 200      F45DE6CE 
 200      ADC5180B 
 200      883C778C 
 201 015e 1E089E59 		.ascii	"\036\010\236Yha?\267\237\312a;3\361\330:y\013F^\006"
 201      68613FB7 
 201      9FCA613B 
 201      33F1D83A 
 201      790B465E 
 202 0173 2400DB34 		.ascii	"$\000\3334x>\333\035\330\251\0064\005\330\2215\227O"
 202      783EDB1D 
 202      D8A90634 
 202      05D89135 
 202      974F
 203 0185 1BA67D4E 		.ascii	"\033\246}N{%Z\246\010h\351\017P!\362A\005\310\007\224"
 203      7B255AA6 
 203      0868E90F 
 203      5021F241 
 203      05C80794 
 204 0199 1F44D3E0 		.ascii	"\037D\323\340\272\\\313$\255i\336\233\245\235\276\333"
 204      BA5CCB24 
 204      AD69DE9B 
 204      A59DBEDB 
 205 01a9 B2BBD362 		.ascii	"\262\273\323b=[\375z\327a\213%\031\272i\011\014\345"
 205      3D5BFD7A 
 205      D7618B25 
 205      19BA6909 
 205      0CE5
 206 01bb 238CBE42 		.ascii	"#\214\276B3\211\311\360\010\327\003\250\003\241\375"
 206      3389C9F0 
 206      08D703A8 
 206      03A1FD
 207 01ca A81D1C2A 		.ascii	"\250\035\034*B\323\241\273\245\267\242u2\016\243\326"
ARM GAS  C:\Users\user\AppData\Local\Temp\ccCBxElb.s 			page 16


 207      42D3A1BB 
 207      A5B7A275 
 207      320EA3D6 
 208 01da AE3BD879 		.ascii	"\256;\330y\300C\024\325\367\313L\2135\001\004\011T\320"
 208      C04314D5 
 208      F7CB4C8B 
 208      35010409 
 208      54D0
 209 01ec 2159D021 		.ascii	"!Y\320!\245\240b*\250\255.\277\000\203\013/\033\020"
 209      A5A0622A 
 209      A8AD2EBF 
 209      00830B2F 
 209      1B10
 210 01fe 89E26478 		.ascii	"\211\342dxu\350^\371\350$\366\212\210o\332:\224\247"
 210      75E85EF9 
 210      E824F68A 
 210      886FDA3A 
 210      94A7
 211 0210 C31FD1E7 		.ascii	"\303\037\321\347o\222\212\277\304\314\177-\211\343\205"
 211      6F928ABF 
 211      C4CC7F2D 
 211      89E385
 212 021f AC9B9ECC 		.ascii	"\254\233\236\314\177\337\355X\310\264]\255\322\"?\303"
 212      7FDFED58 
 212      C8B45DAD 
 212      D2223FC3 
 213 022f 3E12006B 		.ascii	">\022\000k\307\256\337e\016Y,\276\250\014\031P\211l"
 213      C7AEDF65 
 213      0E592CBE 
 213      A80C1950 
 213      896C
 214 0241 C8CB06B8 		.ascii	"\310\313\006\270\256\267X\022,)\211\026}\210\006\035"
 214      AEB75812 
 214      2C298916 
 214      7D88061D 
 215 0251 81109542 		.ascii	"\201\020\225B\210\320Q\344G\224\022\034:\014/\277\206"
 215      88D051E4 
 215      4794121C 
 215      3A0C2FBF 
 215      86
 216 0262 97A0253F 		.ascii	"\227\240%?/5\307\025\337F\304\002\241\366d\3135-2\370"
 216      2F35C715 
 216      DF46C402 
 216      A1F664CB 
 216      352D32F8 
 217 0276 A90A38AE 		.ascii	"\251\0128\256\"\200\031s\366\344\364\332d\022\225r0"
 217      22801973 
 217      F6E4F4DA 
 217      64129572 
 217      30
 218 0287 E6986C0C 		.ascii	"\346\230l\014\330\306\306\343r\336\375l=\270B\332-c"
 218      D8C6C6E3 
 218      72DEFD6C 
 218      3DB842DA 
 218      2D63
 219 0299 6BFDE055 		.ascii	"k\375\340Uq\336\255\227\3607,#\276\233\330\223\341\376"
 219      71DEAD97 
ARM GAS  C:\Users\user\AppData\Local\Temp\ccCBxElb.s 			page 17


 219      F0372C23 
 219      BE9BD893 
 219      E1FE
 220 02ab F35CCBEE 		.ascii	"\363\\\313\356*\220u\323;\013\206KO\261'\230,\273\015"
 220      2A9075D3 
 220      3B0B864B 
 220      4FB12798 
 220      2CBB0D
 221 02be 1AFAA682 		.ascii	"\032\372\246\202XS\211~\016=\013/\234m\025C\266\036"
 221      5853897E 
 221      0E3D0B2F 
 221      9C6D1543 
 221      B61E
 222 02d0 013F7EA0 		.ascii	"\001?~\240\347\007\270\213I\335x\364R\273\326\260\236"
 222      E707B88B 
 222      49DD78F4 
 222      52BBD6B0 
 222      9E
 223 02e1 58485D21 		.ascii	"XH]! Y\220\225\330\206\374}\340\217\200\273/\026\227"
 223      20599095 
 223      D886FC7D 
 223      E08F80BB 
 223      2F1697
 224 02f4 4CF64A11 		.ascii	"L\366J\021\301\276Z\252^F\237F^R\037:\301{\352k\015"
 224      C1BE5AAA 
 224      5E469F46 
 224      5E521F3A 
 224      C17BEA6B 
 225 0309 4CAD85A8 		.ascii	"L\255\205\250\315;\3269\216\360]\246w}\341\226jL\364"
 225      CD3BD639 
 225      8EF05DA6 
 225      777DE196 
 225      6A4CF4
 226 031c 26BE5008 		.ascii	"&\276P\010\241\207\265vS?\302\217\304\356]\353.\211"
 226      A187B576 
 226      533FC28F 
 226      C4EE5DEB 
 226      2E89
 227 032e B247089F 		.ascii	"\262G\010\237U\361\235\315\205\361n\300\226\015\024"
 227      55F19DCD 
 227      85F16EC0 
 227      960D14
 228 033d 944D6259 		.ascii	"\224MbYa%\315\023U\217\257M\302\343/\342\262Mry\026"
 228      6125CD13 
 228      558FAF4D 
 228      C2E32FE2 
 228      B24D7279 
 229 0352 D59A5199 		.ascii	"\325\232Q\231q\304St\331\"\271\\\007\350\263\024}\216"
 229      71C45374 
 229      D922B95C 
 229      07E8B314 
 229      7D8E
 230 0364 BA6C935C 		.ascii	"\272l\223\\\236\270\323\234\253gf\014\022~{\371\215"
 230      9EB8D39C 
 230      AB67660C 
 230      127E7BF9 
 230      8D
ARM GAS  C:\Users\user\AppData\Local\Temp\ccCBxElb.s 			page 18


 231 0375 414FBC16 		.ascii	"AO\274\026S\275\251\325\017\207\335\361F\306\264\346"
 231      53BDA9D5 
 231      0F87DDF1 
 231      46C6B4E6 
 232 0385 A4EFD532 		.ascii	"\244\357\3252d/\341\263\307\307\223\264x+kL\250hN\025"
 232      642FE1B3 
 232      C7C793B4 
 232      782B6B4C 
 232      A8684E15 
 233 0399 E77827CD 		.ascii	"\347x'\315\377\204my\2568\2235>\031\330?\350\212s\031"
 233      FF846D79 
 233      AE389335 
 233      3E19D83F 
 233      E88A7319 
 234 03ad 53D69571 		.ascii	"S\326\225qJTx\215\360\325\303_>\360\300\007Ycr\336\267"
 234      4A54788D 
 234      F0D5C35F 
 234      3EF0C007 
 234      596372DE 
 235 03c2 9B74B88C 		.ascii	"\233t\270\2141\227z\366$y0d#\341\207[6\327z\340\323"
 235      31977AF6 
 235      24793064 
 235      23E1875B 
 235      36D77AE0 
 236 03d7 ACB1A6EE 		.ascii	"\254\261\246\356\346%7|\2161\237\2359R+\246K\035]'z"
 236      E625377C 
 236      8E319F9D 
 236      39522BA6 
 236      4B1D5D27 
 237 03ec 8BD7617C 		.ascii	"\213\327a|YT(F\326K\214\354\203\306\352\215z\334\301"
 237      59542846 
 237      D64B8CEC 
 237      83C6EA8D 
 237      7ADCC1
 238 03ff 1A2F6C48 		.ascii	"\032/lH\313\020\360m\306\034\350\371r\213\250\360\327"
 238      CB10F06D 
 238      C61CE8F9 
 238      728BA8F0 
 238      D7
 239 0410 24343B06 		.ascii	"$4;\006\263=\360}\326v\"79\337\015\2172\246\242\354"
 239      B33DF07D 
 239      D6762237 
 239      39DF0D8F 
 239      32A6A2EC 
 240 0424 44AD3876 		.ascii	"D\2558v\263\200Mj\330\334\352\201\327hi[Q\357:\253\016"
 240      B3804D6A 
 240      D8DCEA81 
 240      D768695B 
 240      51EF3AAB 
 241 0439 6F60CC8E 		.ascii	"o`\314\216\341\266;\242\263dr\234\2700Z\350\211SY\233"
 241      E1B63BA2 
 241      B364729C 
 241      B8305AE8 
 241      8953599B 
 242 044d B40E78D1 		.ascii	"\264\016x\321u\000\235h9\342\217w\260\246=\275\345\333"
 242      75009D68 
 242      39E28F77 
ARM GAS  C:\Users\user\AppData\Local\Temp\ccCBxElb.s 			page 19


 242      B0A63DBD 
 242      E5DB
 243 045f 26E33CC6 		.ascii	"&\343<\306\014$\335\352tg\270i\300v\265\335\336\350"
 243      0C24DDEA 
 243      7467B869 
 243      C076B5DD 
 243      DEE8
 244 0471 890FB2B6 		.ascii	"\211\017\262\266\265\2472*\365\270\2141\322\302\352"
 244      B5A7322A 
 244      F5B88C31 
 244      D2C2EA
 245 0480 C516D69A 		.ascii	"\305\026\326\232\316v\204\255\254\351\356Fk\263\200"
 245      CE7684AD 
 245      ACE9EE46 
 245      6BB380
 246 048f EB19935F 		.ascii	"\353\031\223_\276\271\313\00571\346fY\322#-\276\302"
 246      BEB9CB05 
 246      3731E666 
 246      59D2232D 
 246      BEC2
 247 04a1 9882F19D 		.ascii	"\230\202\361\235\215z\334\302\230\306\343\235\267<\361"
 247      8D7ADCC2 
 247      98C6E39D 
 247      B73CF1
 248 04b0 4DC60CD7 		.ascii	"M\306\014\327\034\030\026\3077\205\314\014\333\372\035"
 248      1C1816C7 
 248      3785CC0C 
 248      DBFA1D
 249 04bf B358B65A 		.ascii	"\263X\266Z\364\300\356\273\224\365\300\025\367P\354"
 249      F4C0EEBB 
 249      94F5C015 
 249      F750EC
 250 04ce F45DC7CA 		.ascii	"\364]\307\312\237\030\320\214\031\3363\024??G6\307\222"
 250      9F18D08C 
 250      19DE3314 
 250      3F3F4736 
 250      C792
 251 04e0 9468B13E 		.ascii	"\224h\261>\316\306\033\016\3326\301\"\201P\015d\352"
 251      CEC61B0E 
 251      DA36C122 
 251      81500D64 
 251      EA
 252 04f1 19580946 		.ascii	"\031X\011F\221\267<\271\252h\332\006\300E\303z\364\375"
 252      91B73CB9 
 252      AA68DA06 
 252      C045C37A 
 252      F4FD
 253 0503 1996EB24 		.ascii	"\031\226\353$L\321mJt+E\037!WM\2528\007\336\320j\320"
 253      4CD16D4A 
 253      742B451F 
 253      21574DAA 
 253      3807DED0 
 254 0519 43007C47 		.ascii	"C\000|G\333\010\234,>\033\005?\224.\314@k\200,@\033"
 254      DB089C2C 
 254      3E1B053F 
 254      942ECC40 
 254      6B802C40 
ARM GAS  C:\Users\user\AppData\Local\Temp\ccCBxElb.s 			page 20


 255 052e 803603A5 		.ascii	"\2006\003\245\001=A3\320\347p\377\002h\014\236\327\302"
 255      013D4133 
 255      D0E770FF 
 255      02680C9E 
 255      D7C2
 256 0540 3D052819 		.ascii	"=\005(\031h\013\320g@\353\201F\240m+\334\023\2006\001"
 256      680BD067 
 256      40EB8146 
 256      A06D2BDC 
 256      13803601 
 257 0554 25016D03 		.ascii	"%\001m\003J\005\032\207\266\355pO\004Z\0074\001\374"
 257      4A051A87 
 257      B6ED704F 
 257      045A0734 
 257      01FC
 258 0566 63A0A740 		.ascii	"c\240\247@\317\2002\204\031t\207dN\015\275/;\325\253"
 258      CF803284 
 258      19748764 
 258      4E0DBD2F 
 258      3BD5AB
 259 0579 74EA36E7 		.ascii	"t\3526\347\024\203_\347\340\367\224\360>e\304n\204\311"
 259      14835FE7 
 259      E0F794F0 
 259      3E65C46E 
 259      84C9
 260 058b E82625FA 		.ascii	"\350&%\372\033'\341M+dx\265\372pHp\262M\\\027\341\260"
 260      1B27E14D 
 260      2B6478B5 
 260      FA704870 
 260      B24D5C17 
 261 05a1 98A2534A 		.ascii	"\230\242SJ\370I\336\026\202\256Z\261\206\242a\035B\365"
 261      F849DE16 
 261      82AE5AB1 
 261      86A2611D 
 261      42F5
 262 05b3 225A5A9D 		.ascii	"\"ZZ\235P\255\322\362\261P\331\224\007J\331g\225\350"
 262      50ADD2F2 
 262      B150D994 
 262      074AD967 
 262      95E8
 263 05c5 210E3DA4 		.ascii	"!\016=\244D\373+\335\034\343\362\250Y\211\276\352$\233"
 263      44FB2BDD 
 263      1CE3F2A8 
 263      5989BEEA 
 263      249B
 264 05d7 8B618312 		.ascii	"\213a\203\022}^\211\266q\350+J\364\267Nh\316\222\233"
 264      7D5E89B6 
 264      71E82B4A 
 264      F4B74E68 
 264      CE929B
 265 05ea 4AF40DA7 		.ascii	"J\364\015\247\200\217\275/\207\260G\031\302[N!\344L"
 265      808FBD2F 
 265      87B04719 
 265      C25B4E21 
 265      E44C
 266 05fc B9A06E38 		.ascii	"\271\240n8\037\225\033\234-\355\352\263\213\023^\305"
 266      1F951B9C 
ARM GAS  C:\Users\user\AppData\Local\Temp\ccCBxElb.s 			page 21


 266      2DEDEAB3 
 266      8B135EC5 
 267 060c E5E1A0FA 		.ascii	"\345\341\240\372\3700\341\354D\321\336\352\265\306b"
 267      F830E1EC 
 267      44D1DEEA 
 267      B5C662
 268 061b 4104A611 		.ascii	"A\004\246\021O\023l\012\300\271\304\332\336\356\225"
 268      4F136C0A 
 268      C0B9C4DA 
 268      DEEE95
 269 062a 9668A99B 		.ascii	"\226h\251\233E7\254N\245\260\016'K\2538\307\256\251"
 269      4537AC4E 
 269      A5B00E27 
 269      4BAB38C7 
 269      AEA9
 270 063c 8F1F0FB7 		.ascii	"\217\037\017\267q\246\336W\302\373\225\2165qa\350R\267"
 270      71A6DE57 
 270      C2FB958E 
 270      357161E8 
 270      52B7
 271 064e 854BEAA1 		.ascii	"\205K\352\241?\313#\322\242\034\221\353NA\343dw\253"
 271      3FCB23D2 
 271      A21C91EB 
 271      4E41E364 
 271      77AB
 272 0660 0F3787BE 		.ascii	"\0177\207\276\316\271yI}\362\362vs^\016\250{iO%\210"
 272      CEB97949 
 272      7DF2F276 
 272      735E0EA8 
 272      7B694F25 
 273 0675 7993289C 		.ascii	"y\223(\234\204\374\262z\236\3621\354\343&\330\260\352"
 273      84FCB27A 
 273      9EF231EC 
 273      E326D8B0 
 273      EA
 274 0686 04E3571D 		.ascii	"\004\343W\035n\031y\244\276.\360\246\334x_6\345\256"
 274      6E1979A4 
 274      BE2EF0A6 
 274      DC785F36 
 274      E5AE
 275 0698 FA92C64F 		.ascii	"\372\222\306O\202\27609\344\215\312\220_t\3323\270\260"
 275      82BE3039 
 275      E48DCA90 
 275      5F74DA33 
 275      B8B0
 276 06aa DC515F5E 		.ascii	"\334Q_^)\032\366\262\207\205\205m\356\270\322\205\236"
 276      291AF6B2 
 276      8785856D 
 276      EEB8D285 
 276      9E
 277 06bb 9C13AAEA 		.ascii	"\234\023\252\352oy ?o\226\276\003\275\256P\332\240\035"
 277      6F79203F 
 277      6F96BE03 
 277      BDAE50DA 
 277      A01D
 278 06cd 8237CA14 		.ascii	"\2027\312\024\354\307a\222\314\352\233\015\312\202="
 278      ECC76192 
ARM GAS  C:\Users\user\AppData\Local\Temp\ccCBxElb.s 			page 22


 278      CCEA9B0D 
 278      CA823D
 279 06dc E6FF6DBF 		.ascii	"\346\377m\277\001\027\277\356~\230\250\365\330h\257"
 279      0117BFEE 
 279      7E98A8F5 
 279      D868AF
 280 06eb 06A847F2 		.ascii	"\006\250G\362\201\362K\301\203\226\177p\337\216\265"
 280      81F24BC1 
 280      83967F70 
 280      DF8EB5
 281 06fa 2D093BF3 		.ascii	"-\011;\363\265\310\033vo\336E\371@\231-0\377v\201\177"
 281      B5C81B76 
 281      6FDE45F9 
 281      40992D30 
 281      FF76817F 
 282 070e BB41EF4E 		.ascii	"\273A\357N\207}\255\247E\234\324\322\362\223-\250\257"
 282      877DADA7 
 282      459CD4D2 
 282      F2932DA8 
 282      AF
 283 071f C92CC20D 		.ascii	"\311,\302\015-l\201\000\224\343\002Ad\265\363\262\206"
 283      2D6C8100 
 283      94E30241 
 283      64B5F3B2 
 283      86
 284 0730 55654983 		.ascii	"UeI\203\230u\270\346\224\016\327\263A\314\257l\315\321"
 284      9875B8E6 
 284      940ED7B3 
 284      41CCAF6C 
 284      CDD1
 285 0742 CA83D842 		.ascii	"\312\203\330B\0071\027\372\356\221\007\221(t\034D{2"
 285      073117FA 
 285      EE910791 
 285      28741C44 
 285      7B32
 286 0754 E58063CF 		.ascii	"\345\200c\317s\022T\325\347\217\215 >\230\271\016\301"
 286      731254D5 
 286      E78F8D20 
 286      3E98B90E 
 286      C1
 287 0765 CC138399 		.ascii	"\314\023\203\231G\202\211\262\257\345\234\024\360ej"
 287      478289B2 
 287      AFE59C14 
 287      F0656A
 288 0774 173A3C96 		.ascii	"\027:<\226\3623(A\255\264\232\375q6\253f\023X5\273W"
 288      F2332841 
 288      ADB49AFD 
 288      7136AB66 
 288      135835BB 
 289 0789 360D1E1D 		.ascii	"6\015\036\035\213\320}\002)BG\233\266$\273\340A&\252"
 289      8BD07D02 
 289      2942479B 
 289      B624BBE0 
 289      4126AA
 290 079c BAADB8D8 		.ascii	"\272\255\270\330\015?f\214T\306L\025\313\230\247\335"
 290      0D3F668C 
 290      54C64C15 
ARM GAS  C:\Users\user\AppData\Local\Temp\ccCBxElb.s 			page 23


 290      CB98A7DD 
 291 07ac A73AF5F8 		.ascii	"\247:\365\370\031mt\255\336\333T\356\011\2473?o\356"
 291      196D74AD 
 291      DEDB54EE 
 291      09A7333F 
 291      6FEE
 292 07be 0456BF9F 		.ascii	"\004V\277\237;\201}\005\252\213\204\347\254\343\342"
 292      3B817D05 
 292      AA8B84E7 
 292      ACE3E2
 293 07cd 0AF65B   		.ascii	"\012\366["
 294 07d0 793AED57 		.ascii	"y:\355W\207\007\310\203\332S\301\006\265\310qP\371`"
 294      8707C883 
 294      DA53C106 
 294      B5C87150 
 294      F960
 295 07e2 E70B3EE2 		.ascii	"\347\013>\342\352T$F\372 D\372\020D\272\030\250\020"
 295      EA542446 
 295      FA2044FA 
 295      1044BA18 
 295      A810
 296 07f4 A8C021AD 		.ascii	"\250\300!\255\036Up\251p@i\201r%\032\373\215\343\262"
 296      1E5570A9 
 296      70406981 
 296      72251AFB 
 296      8DE3B2
 297 0807 E50C66CE 		.ascii	"\345\014f\316A\254\276\350~\012[O\262+M\234\314\352"
 297      41ACBEE8 
 297      7E0A5B4F 
 297      B22B4D9C 
 297      CCEA
 298 0819 D345823D 		.ascii	"\323E\202=q\256\234\320\222\304)\201\316_\313\243S\344"
 298      71AE9CD0 
 298      92C42981 
 298      CE5FCBA3 
 298      53E4
 299 082b 9438922F 		.ascii	"\2248\222/\3500\270\360}\356\200\312\272}[\2071\237"
 299      E830B8F0 
 299      7DEE80CA 
 299      BA7D5B87 
 299      319F
 300 083d 40250E09 		.ascii	"@%\016\011T*&P)M\240\007\343\331ebE1\225\014mGJ\212"
 300      542A2650 
 300      294DA007 
 300      E3D96562 
 300      4531950C 
 301 0855 8E0DF56E 		.ascii	"\216\015\365nZ(\177V\231\351\372\334J\261L\020+\305"
 301      5A287F56 
 301      99E9FADC 
 301      4AB14C10 
 301      2BC5
 302 0867 5256A08E 		.ascii	"RV\240\216&\225u\"e\251x\024\314?\"\020\3701\301K\352"
 302      26957522 
 302      65A97814 
 302      CC3F2210 
 302      F831C14B 
 303 087c 44D0479A 		.ascii	"D\320G\232\256>\322\343t\032\032\264\373Yj\216\273T"
ARM GAS  C:\Users\user\AppData\Local\Temp\ccCBxElb.s 			page 24


 303      AE3ED2E3 
 303      741A1AB4 
 303      FB596A8E 
 303      BB54
 304 088e 0DAF7F91 		.ascii	"\015\257\177\221jx\303\345\326\303\016\312\216\013\377"
 304      6A78C3E5 
 304      D6C30ECA 
 304      8E0BFF
 305 089d 4659456D 		.ascii	"FYEm\023\234\0163\231\262\252\241\342\375ba\206I)\235"
 305      139C0E33 
 305      99B2AAA1 
 305      E2FD6261 
 305      8649299D 
 306 08b1 39D438F9 		.ascii	"9\3248\371\271N\236\224\234\254\024\250\336\346\221"
 306      B94E9E94 
 306      9CAC14A8 
 306      DEE691
 307 08c0 33D75D94 		.ascii	"3\327]\224N\312\371v\212\352=)\351m/\311\354\321)\255"
 307      4ECAF976 
 307      8AEA3D29 
 307      E96D2FC9 
 307      ECD129AD 
 308 08d4 7C2EBAE7 		.ascii	"|.\272\347Y\211M\207w2+\267\245\215\330\334p\016c\206"
 308      59894D87 
 308      77322BB7 
 308      A58DD8DC 
 308      700E6386 
 309 08e8 0B06F7BA 		.ascii	"\013\006\367\272\342}\214)z8|\334\240\024\372\334\222"
 309      E27D8C29 
 309      7A387CDC 
 309      A014FADC 
 309      92
 310 08f9 FC8BD13D 		.ascii	"\374\213\321=}\223\360W\254k\377\300\370!O|\2101\005"
 310      7D93F057 
 310      AC6BFFC0 
 310      F8214F7C 
 310      883105
 311 090c 85A71BDC 		.ascii	"\205\247\033\334q)c\306Sv\225\350\361q1B\271;\323\364"
 311      712963C6 
 311      537695E8 
 311      F1713142 
 311      B93BD3F4 
 312 0920 F8146326 		.ascii	"\370\024c&R\326g\352p\015c\322\033\322s\335q=c\236\364"
 312      52D667EA 
 312      700D63D2 
 312      1BD273DD 
 312      713D639E 
 313 0935 A6372316 		.ascii	"\2467#\026H\017\256j\237*V\355E\217\266lw\307\027\031"
 313      480FAE6A 
 313      9F2A56ED 
 313      458FB66C 
 313      77C71719 
 314 0949 F66A7352 		.ascii	"\366jsR\271\210u\0076\345\\\307\037\237\033\363F)\346"
 314      B9887507 
 314      36E55CC7 
 314      1F9F1BF3 
 314      4629E6
ARM GAS  C:\Users\user\AppData\Local\Temp\ccCBxElb.s 			page 25


 315 095c 1759CC0F 		.ascii	"\027Y\314\017%w\347\273A_\037\003lC\334\3271\037\366"
 315      2577E7BB 
 315      415F1F03 
 315      6C43DCD7 
 315      311FF6
 316 096f 75ACD43A 		.ascii	"u\254\324:|P\213/\261Iv\264\264;\313\300}\000\233\231"
 316      7C508B2F 
 316      B14976B4 
 316      B43BCBC0 
 316      7D009B99 
 317 0983 BC8E7C73 		.ascii	"\274\216|s\272\014!\272$O3\037\373\007\260\301\034\013"
 317      BA0C21BA 
 317      244F331F 
 317      FB07B0C1 
 317      1C0B
 318 0995 9EA64173 		.ascii	"\236\246As\350\367\016\364-\314+\0371\331\232`\230\276"
 318      E8F70EF4 
 318      2DCC2B1F 
 318      31D99A60 
 318      98BE
 319 09a7 6106E4EF 		.ascii	"a\006\344\357:P3\011\267\211\3238\343t\251\247]\303"
 319      3A503309 
 319      B789D338 
 319      E374A9A7 
 319      5DC3
 320 09b9 D993D34B 		.ascii	"\331\223\323K\350W\255k\240\341\212\254\341\262\360"
 320      E857AD6B 
 320      A0E18AAC 
 320      E1B2F0
 321 09c8 1C1557D5 		.ascii	"\034\025W\325U\330\352\316o\326\312\203\212\250\274"
 321      55D8EACE 
 321      6FD6CA83 
 321      8AA8BC
 322 09d7 0BD07E9E 		.ascii	"\013\320~\236\346s3\315\224F)Sv\027f\336\323\261\371"
 322      E67333CD 
 322      94462953 
 322      761766DE 
 322      D3B1F9
 323 09ea F242D273 		.ascii	"\362B\322s3\023\307\\x\351\327\377\235\364\312\246\326"
 323      3313C75C 
 323      78E9D7FF 
 323      9DF4CAA6 
 323      D6
 324 09fb 37F02D36 		.ascii	"7\360-6n\017\033Z\341\300z\2071I\347\352\367\353p?c"
 324      6E0F1B5A 
 324      E1C07A87 
 324      3149E7EA 
 324      F7EB703F 
 325 0a10 EEE55FA8 		.ascii	"\356\345_\250s\305\303\214\351\356\031;\206\361\010"
 325      73C5C38C 
 325      E9EE193B 
 325      86F108
 326 0a1f 63F6DDCB 		.ascii	"c\366\335\313\331\254\307O\305>\335\003\015\342w\204"
 326      D9ACC74F 
 326      C53EDD03 
 326      0DE27784 
 327 0a2f 4D64F09E 		.ascii	"Md\360\236\014\036\375V\312\022\362\251\252\357\341"
ARM GAS  C:\Users\user\AppData\Local\Temp\ccCBxElb.s 			page 26


 327      0C1EFD56 
 327      CA12F2A9 
 327      AAEFE1
 328 0a3e AD09379C 		.ascii	"\255\0117\234\250#\340\037\336+M\335\353\201\244\222"
 328      A823E01F 
 328      DE2B4DDD 
 328      EB81A492 
 329 0a4e DEDBB1D8 		.ascii	"\336\333\261\330\207\325\027\016i\027\357\340\266\213"
 329      87D5170E 
 329      6917EFE0 
 329      B68B
 330 0a5c 368BA5D3 		.ascii	"6\213\245\323\212P\213\340\205\032 \346\375\260\304"
 330      8A508BE0 
 330      851A20E6 
 330      FDB0C4
 331 0a6b 49DE38D7 		.ascii	"I\3368\327\253U\377\220\327\353N\021\255^\307\245\203"
 331      AB55FF90 
 331      D7EB4E11 
 331      AD5EC7A5 
 331      83
 332 0a7c FCAA4FD9 		.ascii	"\374\252O\331I\320\012\262O\210h\373\032\354\\\307q"
 332      49D00AB2 
 332      4F8868FB 
 332      1AEC5CC7 
 332      71
 333 0a8d B2CF2965 		.ascii	"\262\317)e;\027\332\266\177\312\360:%\334\341\254\236"
 333      3B17DAB6 
 333      7FCAF03A 
 333      25DCE1AC 
 333      9E
 334 0a9e 4E848B68 		.ascii	"N\204\213h2\277\253\224h\247:`\2143\305\246D;\325q6"
 334      32BFAB94 
 334      68A73A60 
 334      8C33C5A6 
 334      443BD571 
 335 0ab3 0EDDA144 		.ascii	"\016\335\241Ds{.\277\025\335\2040\334\240\011\323/\356"
 335      737B2EBF 
 335      15DD8430 
 335      DCA009D3 
 335      2FEE
 336 0ac5 4323906E 		.ascii	"C#\220n\003\260\377\364\000\335\003z\0104\010\364\030"
 336      03B0FFF4 
 336      00DD037A 
 336      083408F4 
 336      18
 337 0ad6 E816502F 		.ascii	"\350\026P/\320]\240\357\200\356\000=\002\272ON\250@"
 337      D05DA0EF 
 337      80EE003D 
 337      02BA4F4E 
 337      A840
 338 0ae8 A3407DE4 		.ascii	"\243@}\344\204\012t\033h\010h\030\350\201}k&1\030\373"
 338      840A741B 
 338      68086818 
 338      E8817D6B 
 338      263118FB 
 339 0afc BB1C832E 		.ascii	"\273\034\203.\325\301\343\213\033.\274\265Jp\2072\004"
 339      D5C1E38B 
ARM GAS  C:\Users\user\AppData\Local\Temp\ccCBxElb.s 			page 27


 339      1B2EBCB5 
 339      4A708732 
 339      04
 340 0b0d D7B910B4 		.ascii	"\327\271\020\264)\321N%\334\365O\2712K\211v\370.A\262"
 340      29D14E25 
 340      DCF54FB9 
 340      324B8976 
 340      F82E41B2 
 341 0b21 C8266651 		.ascii	"\310&fQ\005dQ\271\210\226v'\3072\213,\"M\"\032v-Z\254"
 341      056451B9 
 341      88967627 
 341      C7328B2C 
 341      224D221A 
 342 0b39 38A09D8B 		.ascii	"8\240\235\213\352*\316\315z\365\221v\370\000\303\371"
 342      EA2ACECD 
 342      7AF59176 
 342      F800C3F9 
 343 0b49 D9AE3ED4 		.ascii	"\331\256>\324\016pN\372Y\365\034u\250\3609\351\255\352"
 343      0E704EFA 
 343      59F51C75 
 343      A8F039E9 
 343      ADEA
 344 0b5b 51E48FE4 		.ascii	"Q\344\217\344\003\343\354\364\326\257<\222\223\250\015"
 344      03E3ECF4 
 344      D6AF3C92 
 344      93A80D
 345 0b6a 3C9B9A66 		.ascii	"<\233\232f\241\3470\010D\265(\314~rnU\316\2171n~\234"
 345      A1E73008 
 345      44B528CC 
 345      7E726E55 
 345      CE8F316E 
 346 0b80 569F1F0E 		.ascii	"V\237\037\016\226r\216\235Q\317\016\373\301\255\241"
 346      96728E9D 
 346      51CF0EFB 
 346      C1ADA1
 347 0b8f 23A3418B 		.ascii	"#\243A\213\033\351\252$\224]-\311\360D\336~js\001=\203"
 347      1BE9AA24 
 347      945D2DC9 
 347      F044DE7E 
 347      6A73013D 
 348 0ba4 29F0BF98 		.ascii	")\360\277\230\016\342\341w\202\226\033OA\341\270\274"
 348      0EE2E177 
 348      82961B4F 
 348      41E1B8BC 
 349 0bb4 D9F4D353 		.ascii	"\331\364\323S#\230\375\371\371\326D\035\177\370{\352"
 349      2398FDF9 
 349      F9D6441D 
 349      7FF87BEA 
 350 0bc4 70F89B10 		.ascii	"p\370\233\020\017\177\023\364\360w\245?;\315\0057S\037"
 350      0F7F13F4 
 350      F077A53F 
 350      3BCD0537 
 350      531F
 351 0bd6 D15056ED 		.ascii	"\321PV\355]\003\356`\314\216\242\257\2220\276\301\230"
 351      5D03EE60 
 351      CC8EA2AF 
 351      9230BEC1 
ARM GAS  C:\Users\user\AppData\Local\Temp\ccCBxElb.s 			page 28


 351      98
 352 0be7 D6136B6A 		.ascii	"\326\023kj<q\037c\272v%t\273\340\373\2149V\331?\233"
 352      3C711F63 
 352      BA762574 
 352      BBE0FB8C 
 352      3956D93F 
 353 0bfc ADEC3EC0 		.ascii	"\255\354>\300\035o{`\025\377\023\327I\026\372]w{;\335"
 353      1D6F7B60 
 353      15FF13D7 
 353      4916FA5D 
 353      777B3BDD 
 354 0c10 F13085EA 		.ascii	"\3610\205\352\237\036\253\331\343\212\330\212\356\307"
 354      9F1EABD9 
 354      E38AD88A 
 354      EEC7
 355 0c1e 950AF9F9 		.ascii	"\225\012\371\371\\\251\220\210\341\\\207\325\027g>\366"
 355      5CA99088 
 355      E15C87D5 
 355      17673EF6 
 356 0c2e 6BB10F4A 		.ascii	"k\261\017J\306\244\215\240I\340\267`?\264\025CU\013"
 356      C6A48DA0 
 356      49E0B760 
 356      3FB41543 
 356      550B
 357 0c40 F419500A 		.ascii	"\364\031P\012\320&\240\315@\033\261\303\227\321\267"
 357      D026A0CD 
 357      401BB1C3 
 357      97D1B7
 358 0c4f E42458A7 		.ascii	"\344$X\247\324\347\264u4q\350\004%\332\351\203\341\215"
 358      D4E7B475 
 358      3471E804 
 358      25DAE983 
 358      E18D
 359 0c61 B71C0B03 		.ascii	"\267\034\013\003\007\264\323\202\322\307\241-J\331\316"
 359      07B4D382 
 359      D2C7A12D 
 359      4AD9CE
 360 0c70 13E7513D 		.ascii	"\023\347Q=\2338\000s\256ekm\\\001\223\244\032F~)\343"
 360      9B380073 
 360      AE656B6D 
 360      5C0193A4 
 360      1A467E29 
 361 0c85 34AF51F7 		.ascii	"4\257Q\367\312>\021\3266[\256\271\34316\021\352z{\013"
 361      CA3E11D6 
 361      365BAEB9 
 361      E3313611 
 361      EA7A7B0B 
 362 0c99 DC151341 		.ascii	"\334\025\023A\032\014\264\015\306\340?\031\017\346\326"
 362      1A0CB40D 
 362      C6E03F19 
 362      0FE6D6
 363 0ca8 331B4DE8 		.ascii	"3\033M\3504\350\230\212\355\011M\234\244\352\033[\362"
 363      34E8988A 
 363      ED094D9C 
 363      A4EA1B5B 
 363      F2
 364 0cb9 0B3CF984 		.ascii	"\013<\371\204N\303|B\247c\226\320\344\356\261b\331\312"
ARM GAS  C:\Users\user\AppData\Local\Temp\ccCBxElb.s 			page 29


 364      4EC37C42 
 364      A76396D0 
 364      E4EEB162 
 364      D9CA
 365 0ccb B0952B23 		.ascii	"\260\225+#\302\242b\242\342\335\336|\373]_c@\200&\330"
 365      C2A262A2 
 365      E2DDDE7C 
 365      FB5D5F63 
 365      408026D8 
 366 0cdf F87AA869 		.ascii	"\370z\250i\311;\346P\343\212\250\345Q\346\370\325\021"
 366      C93BE650 
 366      E38AA8E5 
 366      51E6F8D5 
 366      11
 367 0cf0 51B1A1E1 		.ascii	"Q\261\241\341\34496.\340\265W\375c\343\374\241\237\377"
 367      E439362E 
 367      E0B557FD 
 367      63E3FCA1 
 367      9FFF
 368 0d02 47B1ABE2 		.ascii	"G\261\253\342\343\374\315K\026\315\231\315\256\301s"
 368      E3FCCD4B 
 368      16CD99CD 
 368      AEC173
 369 0d11 3FFED85F 		.ascii	"?\376\330_\22483\\3%.>z\316\354\260\360\225\261\341"
 369      9438335C 
 369      33252E3E 
 369      7ACEECB0 
 369      F095B1E1 
 370 0d25 1F520586 		.ascii	"\037R\005\206\260\260\325Q1\361\360.\376\303\360\327"
 370      B0B0D551 
 370      31F1F02E 
 370      FEC3F0D7 
 371 0d35 4357C5C7 		.ascii	"CW\305\307\3061\261qLE|l\354\312\270\320\277\306\254"
 371      C631B171 
 371      4C457C6C 
 371      ECCAB8D0 
 371      BFC6AC
 372 0d48 F6A54FBE 		.ascii	"\366\245O\276\313VE\373FF/\217\214\210\210\214\010}"
 372      CB5645FB 
 372      46462F8F 
 372      8C88888C 
 372      087D
 373 0d5a 75E61CDF 		.ascii	"u\346\034\337\331\263\002^\373[@(\274\177%&6&\362\225"
 373      D9B3025E 
 373      FB5B4028 
 373      BC7F2526 
 373      3626F295 
 374 0d6e C865CBA3 		.ascii	"\310e\313\243B\243b\302W\256\216\210\014\215^\006\262"
 374      42A362C2 
 374      57AE8E88 
 374      0C8D5E06 
 374      B2
 375 0d7f 622243C3 		.ascii	"b\"C\303\"\"?X\266ze|X\374'\037E\306\315\\\241q\223"
 375      22223F58 
 375      B67A657C 
 375      58FC271F 
 375      45C6CD5C 
ARM GAS  C:\Users\user\AppData\Local\Temp\ccCBxElb.s 			page 30


 376 0d96 94FEE5BF 		.ascii	"\224\376\345\277\2574\356\223\270\320\260\270\370\010"
 376      AF34EE93 
 376      B8D0B0B8 
 376      F808
 377 0da4 D0009A26 		.ascii	"\320\000\232&\233?\211\213\217\2146\306\256\2124\022"
 377      9B3F898B 
 377      8F8C36C6 
 377      AE8A3412 
 378 0db4 AFF5A6F9 		.ascii	"\257\365\246\371\346\371\246\245\363\203^3,^\270p\301"
 378      E6F9A6A5 
 378      F3835E33 
 378      2C5EB870 
 378      C1
 379 0dc5 6CB331F8 		.ascii	"l\2631\370M\223\213\331l|\323doz\025\033\315&\355\274"
 379      4D938BD9 
 379      6C7CD364 
 379      6F7A151B 
 379      CD26EDBC 
 380 0dd9 20A3FCEA 		.ascii	" \243\374\352W\372\300\305\363f/\\<\377m\023y\012`O"
 380      57FAC0C5 
 380      F3662F5C 
 380      3CFF6D13 
 380      790A604F 
 381 0ded 52EB5C7D 		.ascii	"R\353\\}`\310\2749bk\210\035\027\242\304\315\321\021"
 381      60C8BC39 
 381      626B881D 
 381      17A2C4CD 
 381      D111
 382 0dff 29F086DC 		.ascii	")\360\206\334\003\370\226\331:\"\201\266\204\210\210"
 382      03F896D9 
 382      3A2281B6 
 382      848888
 383 0e0e 10474480 		.ascii	"\020GD\200\033\351k2/1\221\207\000\362`o\233\345Fz\263"
 383      1BE96B32 
 383      2F319187 
 383      00F2606F 
 383      9BE5467A 
 384 0e23 B6100914 		.ascii	"\266\020\011\024\302@\330\270\300\244%N\352\300_r\027"
 384      C240D8B8 
 384      C0A4254E 
 384      EAC05F72 
 384      17
 385 0e34 8C265D90 		.ascii	"\214&]\220\361\367\344\361\355\357\317\252\360\330\350"
 385      F1F7E4F1 
 385      EDEFCFAA 
 385      F0D8E8
 386 0e43 E8D818FF 		.ascii	"\350\330\030\377\310\217\343\375\215\213\314\013\314"
 386      C88FE3FD 
 386      8D8BCC0B 
 386      CC
 387 0e50 90565C66 		.ascii	"\220V\\f\321t\372`\356\254\200\217#!\326\356&\2431l"
 387      D174FA60 
 387      EEAC808F 
 387      2321D6EE 
 387      26A3316C 
 388 0e64 090C7150 		.ascii	"\011\014qP\344\007\356\213\377`\222\236\177$\245\364"
 388      E407EE8B 
ARM GAS  C:\Users\user\AppData\Local\Temp\ccCBxElb.s 			page 31


 388      FF60929E 
 388      7F24A5F4 
 389 0e74 F265E11F 		.ascii	"\362e\341\037\256\376(,\"6zYT\014\315?W\342K\360{\256"
 389      AEFE282C 
 389      22367A59 
 389      540CCD3F 
 389      57E24BF0 
 390 0e8a 0B828CEF 		.ascii	"\013\202\214\357\004\315'\334\354\340\367<\203\346\275"
 390      04CD27DC 
 390      ECE0F73C 
 390      83E6BD
 391 0e99 B9C8F8AE 		.ascii	"\271\310\370\256\324]\273\300\034h\322.Z\024l\302\201"
 391      D45DBBC0 
 391      1C68D22E 
 391      5A146CC2 
 391      81
 392 0eaa 41261C04 		.ascii	"A&\034\004\367\305\301&m`0\031\244\340@\223\0134\001"
 392      F7C5C126 
 392      6D603019 
 392      A4E04093 
 392      0B3401
 393 0ebd 2088F021 		.ascii	" \210\360!\344b\204\213\2139\004\006\021\233C\026\353"
 393      E462848B 
 393      8B390406 
 393      119B4316 
 393      EB
 394 0ece 598AFF3A 		.ascii	"Y\212\377:,^'\336\261\321\010-F\223K\340\002\223\321"
 394      2C5E27DE 
 394      B1D1082D 
 394      46934BE0 
 394      0293D1
 395 0ee1 A45DBAE4 		.ascii	"\244]\272\344\035\223v\001\240]\214\213\337]\020\004"
 395      1D937601 
 395      A05D8C8B 
 395      DF5D1004 
 396 0ef1 D740A3E9 		.ascii	"\327@\243\351\005&\234Sh\304\014\204\206U\221a\341\321"
 396      05269C53 
 396      68C40C84 
 396      86559161 
 396      E1D1
 397 0f03 7349A29B 		.ascii	"sI\242\233\215\363\250\037.\357,^b4\011f\223\016\036"
 397      8DF3A81F 
 397      2EEF2C5E 
 397      62340966 
 397      930E1E
 398 0f16 7E3FFF4F 		.ascii	"~?\377O&-\271`\320\344J[\002&\005/\0144\207H>\377\013"
 398      262DB960 
 398      D0E44A5B 
 398      0226052F 
 398      0C348748 
 399 0f2d 5AD8FFB8 		.ascii	"Z\330\377\270"
 400              		.text
 401              		.section	.gnu.lto_.symtab.7a941cb3,"",%progbits
 402 0000 68616C5F 		.ascii	"hal_lld_init\000"
 402      6C6C645F 
 402      696E6974 
 402      00
ARM GAS  C:\Users\user\AppData\Local\Temp\ccCBxElb.s 			page 32


 403 000d 00       		.ascii	"\000"
 404 000e 00       		.ascii	"\000"
 405 000f 00       		.ascii	"\000"
 406 0010 00000000 		.ascii	"\000\000\000\000\000\000\000\000"
 406      00000000 
 407 0018 AE000000 		.ascii	"\256\000\000\000"
 408 001c 73746D33 		.ascii	"stm32_clock_init\000"
 408      325F636C 
 408      6F636B5F 
 408      696E6974 
 408      00
 409 002d 00       		.ascii	"\000"
 410 002e 00       		.ascii	"\000"
 411 002f 00       		.ascii	"\000"
 412 0030 00000000 		.ascii	"\000\000\000\000\000\000\000\000"
 412      00000000 
 413 0038 B0000000 		.ascii	"\260\000\000\000"
 414 003c 53797374 		.ascii	"SystemCoreClock\000"
 414      656D436F 
 414      7265436C 
 414      6F636B00 
 415 004c 00       		.ascii	"\000"
 416 004d 00       		.ascii	"\000"
 417 004e 00       		.ascii	"\000"
 418 004f 00000000 		.ascii	"\000\000\000\000\000\000\000\000"
 418      00000000 
 419 0057 BD000000 		.ascii	"\275\000\000\000"
 420              		.text
 421              		.section	.gnu.lto_.opts,"",%progbits
 422 0000 272D666D 		.ascii	"'-fmath-errno' '-fsigned-zeros' '-ftrapping-math' '"
 422      6174682D 
 422      6572726E 
 422      6F272027 
 422      2D667369 
 423 0033 2D666E6F 		.ascii	"-fno-trapv' '-fno-openmp' '-fno-openacc' '-mcpu=cor"
 423      2D747261 
 423      70762720 
 423      272D666E 
 423      6F2D6F70 
 424 0066 7465782D 		.ascii	"tex-m4' '-mno-thumb-interwork' '-mthumb' '-ggdb' '-"
 424      6D342720 
 424      272D6D6E 
 424      6F2D7468 
 424      756D622D 
 425 0099 4F322720 		.ascii	"O2' '-fomit-frame-pointer' '-falign-functions=16' '"
 425      272D666F 
 425      6D69742D 
 425      6672616D 
 425      652D706F 
 426 00cc 2D666675 		.ascii	"-ffunction-sections' '-fdata-sections' '-fno-common"
 426      6E637469 
 426      6F6E2D73 
 426      65637469 
 426      6F6E7327 
 427 00ff 2720272D 		.ascii	"' '-flto'\000"
 427      666C746F 
 427      2700
ARM GAS  C:\Users\user\AppData\Local\Temp\ccCBxElb.s 			page 33


 428              		.text
 429              		.comm	__gnu_lto_v1,1,1
 430              		.comm	__gnu_lto_slim,1,1
 431              		.ident	"GCC: (GNU Tools for ARM Embedded Processors 6-2017-q1-update) 6.3.1 20170215 (release) [AR
ARM GAS  C:\Users\user\AppData\Local\Temp\ccCBxElb.s 			page 34


DEFINED SYMBOLS
                            *ABS*:00000000 hal_lld.c
                            *COM*:00000001 __gnu_lto_v1
                            *COM*:00000001 __gnu_lto_slim

NO UNDEFINED SYMBOLS
