ARM GAS  C:\Users\user\AppData\Local\Temp\ccrgN1II.s 			page 1


   1              		.cpu cortex-m4
   2              		.eabi_attribute 20, 1
   3              		.eabi_attribute 21, 1
   4              		.eabi_attribute 23, 3
   5              		.eabi_attribute 24, 1
   6              		.eabi_attribute 25, 1
   7              		.eabi_attribute 26, 1
   8              		.eabi_attribute 30, 2
   9              		.eabi_attribute 34, 1
  10              		.eabi_attribute 18, 4
  11              		.file	"main.c"
  12              		.text
  13              	.Ltext0:
  14              		.section	.gnu.lto_.profile.7a9adb02,"",%progbits
  15 0000 789C6365 		.ascii	"x\234ce`b`a```d\260\342\005\000\001\001\000T"
  15      60626061 
  15      60606064 
  15      B0E20500 
  15      01010054 
  16              		.text
  17              		.section	.gnu.lto_.icf.7a9adb02,"",%progbits
  18 0000 789C6365 		.ascii	"x\234ce`b\340c@\000&\206\037\347\177lgb\3322\377\336"
  18      6062E063 
  18      40002686 
  18      1FE77F6C 
  18      6762DA32 
  19 0016 476E0600 		.ascii	"Gn\006\0004\352\006\277"
  19      34EA06BF 
  20              		.text
  21              		.section	.gnu.lto_.jmpfuncs.7a9adb02,"",%progbits
  22 0000 789C6365 		.ascii	"x\234ce`b\270\301\200\000\214@\314\3068\235\231q\347"
  22      6062B8C1 
  22      80008C40 
  22      CCC6389D 
  22      9971E7
  23 0013 CE37B7D9 		.ascii	"\3167\267\331\353\3776p\314gfX\314\014\222Y\316X\317"
  23      EBFF3670 
  23      CC676658 
  23      CC0C9259 
  23      CE58CF
  24 0026 C0C8C200 		.ascii	"\300\310\302\000\222\3343\277g%W\037\363|fFF&\306\025"
  24      92DC33BF 
  24      6725571F 
  24      F37C6646 
  24      4626C615 
  25 003a 8C320C60 		.ascii	"\2142\014`\321;;~\375\343\007\21121v\2503\256\004\011"
  25      D13B3B7E 
  25      FDE30789 
  25      323176A8 
  25      33AE0409 
  26 004e B360376A 		.ascii	"\263`7j\025\302($I\346\305\314@\353\031WC$\301\256\370"
  26      15C22824 
  26      49E6C5CC 
  26      40EB1957 
  26      4324C1AE 
  27 0063 72FBD139 		.ascii	"r\373\3219F\220\221,\214\015\015\035\015,\214k\200\246"
  27      4690912C 
ARM GAS  C:\Users\user\AppData\Local\Temp\ccrgN1II.s 			page 2


  27      8C0D0D1D 
  27      0D2C8C6B 
  27      80A6
  28 0075 32728075 		.ascii	"2r\200u\376\275\366\372\010X\216\225\261\201\203q-\314"
  28      FEBDF6FA 
  28      08588E95 
  28      B1818371 
  28      2DCC
  29 0087 15E7AEFC 		.ascii	"\025\347\256\374:\015v\005\033c\023#\343:\2200\020\000"
  29      3A0D7605 
  29      1B631323 
  29      E33A9030 
  29      1000
  30 0099 00E6A93B 		.ascii	"\000\346\251;\212"
  30      8A
  31              		.text
  32              		.section	.gnu.lto_.inline.7a9adb02,"",%progbits
  33 0000 789C6365 		.ascii	"x\234ce`b0a@\000F\006\006~+F\240 \003\003\013\230d`"
  33      60623061 
  33      40004606 
  33      067E2B46 
  33      A0200303 
  34 0018 E1656060 		.ascii	"\341e``\006\322\314<\014 \001\030\227\221\013F0\000"
  34      06D2CC3C 
  34      0C200118 
  34      97910B46 
  34      3000
  35 002a 0024C900 		.ascii	"\000$\311\000\336"
  35      DE
  36              		.text
  37              		.section	.gnu.lto_.pureconst.7a9adb02,"",%progbits
  38 0000 789C6365 		.ascii	"x\234ce`b`f```d0\001\000\000\240\000@"
  38      60626066 
  38      60606064 
  38      30010000 
  38      A00040
  39              		.text
  40              		.section	.gnu.lto_main.7a9adb02,"",%progbits
  41 0000 789C8552 		.ascii	"x\234\205R\273n\023A\024\275g\357\332\3538v\036\204"
  41      BB6E1341 
  41      14BD67EF 
  41      DAEB3876 
  41      1E84
  42 0012 0AB94887 		.ascii	"\012\271H\207LA\231>\237\022\245\242\200_\330\011\020"
  42      4C41993E 
  42      9F12A5A2 
  42      805FD809 
  42      10
  43 0023 62190414 		.ascii	"b\031\004\024@\264\0104+\245\310\373\015!\206$XQ*\036"
  43      40B40834 
  43      2BA5C8FB 
  43      0D218624 
  43      58512A1E 
  44 0037 E6214C13 		.ascii	"\346!L\023\032\202\004\022\241AB\2210\262\223{w%+\017"
  44      1A820412 
  44      A1414291 
  44      30B2937B 
ARM GAS  C:\Users\user\AppData\Local\Temp\ccrgN1II.s 			page 3


  44      77252B0F 
  45 004b 2B8C343B 		.ascii	"+\2144;3\347\2369w\317\321$\310\241\367\016Q\033\021"
  45      33E79E39 
  45      77CFD124 
  45      C8A1F70E 
  45      511B11
  46 005e F5C94482 		.ascii	"\365\311D\202\340\334\255\020\015\245\034p\274a\270"
  46      E0DCAD10 
  46      0DA51C70 
  46      BC61B8
  47 006d F1C68D91 		.ascii	"\361\306\215\221~\220\357\260\013\371P<\356\360(\343"
  47      7E90EFB0 
  47      0BF9503C 
  47      EEF028E3 
  48 007d C3F58547 		.ascii	"\303\365\205G|\233-\023\\9\376~\373\360[\207\036\201"
  48      7C9B2D13 
  48      5C39FE7E 
  48      FBF05B87 
  48      1E81
  49 008f 5E3956EF 		.ascii	"^9V\357\315Mg\362\343FFyt\357l0Qv-;\024\010{\0029\214"
  49      CD4D67F2 
  49      E3464679 
  49      74EF6C30 
  49      51762D3B 
  50 00a9 23A7DD27 		.ascii	"#\247\335'\221'!\357,6\356g\223\256V\005\234B\022\262"
  50      912721EF 
  50      2C36EE67 
  50      93AE5605 
  50      9C4212B2 
  51 00bd CE7F44D9 		.ascii	"\316\177D\3314\366GL\371{\317\253s\036QQ\252\240\233"
  51      34F6474C 
  51      F97BCFAB 
  51      731E5151 
  51      AAA09B
  52 00d0 A202DEC5 		.ascii	"\242\002\336\305\265\360_^\251z\277T\372\265\355\371"
  52      B5F05F5E 
  52      A97ABF54 
  52      FAB5EDF9 
  53 00e0 7593B2CC 		.ascii	"u\223\262\314\001\313eL\303'\313.)\257\216\326<\211"
  53      01CB654C 
  53      C327CB2E 
  53      29AF8ED6 
  53      3C89
  54 00f2 01334DDE 		.ascii	"\0013M\336\215p\335i\301K\004\254mg\205'\205?\333;\025"
  54      8D70DD69 
  54      C14B04AC 
  54      6D678527 
  54      853FDB3B 
  55 0107 A8C9248C 		.ascii	"\250\311$\214)\030\027s\310\011\\\377\274\273\025\301"
  55      29181773 
  55      C8095CFF 
  55      BCBB15C1 
  56 0117 1E4C0AF3 		.ascii	"\036L\012\363\021V\371T{\335\251X\012W\201\005\344,"
  56      1156F954 
  56      7BDDA958 
  56      0A578105 
  56      E42C
ARM GAS  C:\Users\user\AppData\Local\Temp\ccrgN1II.s 			page 4


  57 0129 B7499BE1 		.ascii	"\267I\233\341\360k\2536\351@~\202\260\030\267y0\274"
  57      F06BAB36 
  57      E9407E82 
  57      B018B779 
  57      30BC
  58 013b F9CED3BB 		.ascii	"\371\316\323\273\3558\306k\037\323\210\004\373\371\246"
  58      ED38C66B 
  58      1FD38804 
  58      FBF9A6
  59 014a BA95B678 		.ascii	"\272\225\266x\014\313\031,\303\307\222&*\205\260\366"
  59      0CCB192C 
  59      C3C79226 
  59      2A85B0F6 
  60 015a B79A1172 		.ascii	"\267\232\021r\301\230^\025x\002\033\373\307S\370\207"
  60      C1985E15 
  60      78021BFB 
  60      C753F887 
  61 016a B5B3C7B5 		.ascii	"\265\263\307\265\263c\032\335Q\355\016<\023\355\225"
  61      B3631ADD 
  61      51ED0E3C 
  61      13ED95
  62 0179 93DAE106 		.ascii	"\223\332\341\006Tb\265\251^\202o\2713\012\362\307\205"
  62      5462B5A9 
  62      5E826FB9 
  62      330AF2C7 
  62      85
  63 018a 160EBB02 		.ascii	"\026\016\273\002N\210\303\347\261\303\377Zzq\212\245"
  63      4E88C3E7 
  63      B1C3FF5A 
  63      7A718AA5 
  64 019a B566D3F5 		.ascii	"\265f\323\365\310\322\232\2755\231VK\335p\260\021\245"
  64      C8D29ABD 
  64      3599564B 
  64      DD70B011 
  64      A5
  65 01ab FF65B5D6 		.ascii	"\377e\265\326\210\322?\203\302y\274\324\364{H\237\020"
  65      88D23F83 
  65      C279BCD4 
  65      F47B489F 
  65      10
  66 01bc 933C692E 		.ascii	"\223<i.J\332\262\242\250\216ex\227\007.]\2718H\007\224"
  66      4ADAB2A2 
  66      A88E6578 
  66      97072E5D 
  66      B9384807 
  67 01d1 7AF3B0   		.ascii	"z\363\260"
  68              		.text
  69              		.section	.gnu.lto_pwm1conf.7a9adb02,"",%progbits
  70 0000 789C6365 		.ascii	"x\234ce`bHfd`\000\"0\230\316\314\270\376\315\316\237"
  70      60624866 
  70      64600022 
  70      3098CECC 
  70      B8FECDCE 
  71 0015 BC7DCCF3 		.ascii	"\274}\314\363\231\201\202@\356\264\326C\347\331A\\F"
  71      99818240 
  71      EEB4D643 
  71      E7D9415C 
ARM GAS  C:\Users\user\AppData\Local\Temp\ccrgN1II.s 			page 5


  71      46
  72 0026 30F7D19D 		.ascii	"0\367\321\235\003\263\230-\2665t,hP\230\317\3144\003"
  72      03B3982D 
  72      B635742C 
  72      685098CF 
  72      CC3403
  73 0039 A86A39A3 		.ascii	"\250j9\243\314\014\240\354\012F\031\220\202C\2376,\347"
  73      CC0CA0EC 
  73      0A461990 
  73      82439F36 
  73      2CE7
  74 004b 01A96766 		.ascii	"\001\251gfd\006r\267\0349\336\306\0011\215\021\310\235"
  74      640672B7 
  74      1C39DEC6 
  74      01318D11 
  74      C89D
  75 005d D9FFF93D 		.ascii	"\331\377\371=/\252\366\325(\332\217\376\377~\200\037"
  75      2FAAF6D5 
  75      28DA8FFE 
  75      FF7E801F 
  76 006d A29D8918 		.ascii	"\242\235\211\030\353\010*\230p\250\243\223\037\242\300"
  76      EB082A98 
  76      70A8A393 
  76      1FA2C0
  77 007c 613E330B 		.ascii	"a>3\013\243\241\014\343zF\013F#\031\306u@j-\243\014"
  77      A3A10CE3 
  77      7A460B46 
  77      2319C675 
  77      406A2DA3 
  78 0091 E31A20BD 		.ascii	"\343\032 \275\012H\257d\264\000i\270\260n\345l>\210"
  78      0A48AF64 
  78      B40069B8 
  78      B06EE56C 
  78      3E88
  79 00a3 8B279C03 		.ascii	"\213'\234\003\011\334Y1\347\020+D`\301!9\240@\327\375"
  79      09DC5931 
  79      E7102B44 
  79      60C12139 
  79      A040D7FD 
  80 00b7 8E06A891 		.ascii	"\216\006\250\221\011\363\231Yg031n\002\331\311\314\270"
  80      09F39959 
  80      67303331 
  80      6E02D9C9 
  80      CCB8
  81 00c9 1144B180 		.ascii	"\021D\261\200\254\236\301\314\312\270\201\321b\0063"
  81      AC9EC1CC 
  81      CAB881D1 
  81      620633
  82 00d8 1BC43DEC 		.ascii	"\033\304=\354 \212\201q3\320\016\000\252\363l\011"
  82      208A8171 
  82      33D00E00 
  82      AAF36C09 
  83              		.text
  84              		.section	.gnu.lto_.symbol_nodes.7a9adb02,"",%progbits
  85 0000 789C55CA 		.ascii	"x\234U\312\273\015\002A\014E\321\3537kh\003Q\011\235"
  85      BB0D0241 
  85      0C45D1EB 
ARM GAS  C:\Users\user\AppData\Local\Temp\ccrgN1II.s 			page 6


  85      376B6803 
  85      51099D
  86 0013 79902880 		.ascii	"y\220(\200\204?\011b\253 &\246\006\220\250\003a&b\234"
  86      843F0962 
  86      AB2026A6 
  86      0690A803 
  86      6126629C 
  87 0027 1CEBDA8E 		.ascii	"\034\353\332\216\270\222\243\255\002\326\017Hn\365b"
  87      B892A3AD 
  87      02D60F48 
  87      6EF562
  88 0036 E02731CB 		.ascii	"\340'1\313\223od\313y.vVX\373\201Z\027\031\216\012u"
  88      936F64CB 
  88      792E7656 
  88      58FB815A 
  88      17198E0A 
  89 004b E1A0285D 		.ascii	"\341\240(]\330+\206.\354\024\376\037\012S\306\347\307"
  89      D82B862E 
  89      EC14FE1F 
  89      0A53C6E7 
  89      C7
  90 005c 0A13EE4D 		.ascii	"\012\023\356M\347\335\034X\275~\026\306\224/\227\"'"
  90      E7DD1C58 
  90      BD7E16C6 
  90      942F9722 
  90      27
  91 006d 25       		.ascii	"%"
  92              		.text
  93              		.section	.gnu.lto_.refs.7a9adb02,"",%progbits
  94 0000 789C6365 		.ascii	"x\234ce`b\340a```f`bdabbabde\000\000\002\000\000."
  94      6062E061 
  94      60606066 
  94      60626461 
  94      62626162 
  95              		.text
  96              		.section	.gnu.lto_.decls.7a9adb02,"",%progbits
  97 0000 789CB559 		.ascii	"x\234\265YiTTI\226\316x\361\022\222d\321F\247\216\323"
  97      69545449 
  97      96CE78F1 
  97      129264D1 
  97      46A78ED3 
  98 0014 8733C753 		.ascii	"\2073\307S\307.\363Lw\253hOuOw\325LU\201]\332\255%\223"
  98      C72EF34C 
  98      77AB684F 
  98      754F77D5 
  98      4C55815D 
  99 002c 58D35367 		.ascii	"X\323Sg\230a\020\262\312\034YlHk\272\376%\233\002\242"
  99      986110B2 
  99      CA1C596C 
  99      486BBAFE 
  99      259B02A2 
 100 0040 B228028A 		.ascii	"\262(\002\212\"\210\354 \242\240,\312\"\210,.(\"(\213"
 100      2288EC20 
 100      A2A02CCA 
 100      22882C2E 
 100      2822288B 
 101 0054 08B8B2BB 		.ascii	"\010\270\262\273\000.\314\215\210\227\371^&\231Vu\367"
ARM GAS  C:\Users\user\AppData\Local\Temp\ccrgN1II.s 			page 7


 101      002ECC8D 
 101      8897F95E 
 101      26995675 
 101      F7
 102 0065 0CC7FBF2 		.ascii	"\014\307\373\362\335\367\276\270\367\213\0337\"\336"
 102      DDF7BEB8 
 102      F78B1B37 
 102      22DE
 103 0073 0DE5324E 		.ascii	"\015\3452N\266\364}\231,\207\227\311\326!\231l\016\376"
 103      B6F47D99 
 103      2C8797C9 
 103      D621996C 
 103      0EFE
 104 0085 B04C262B 		.ascii	"\260L&+\004\261\005Y\001\317.\300o\023\310\277\300}"
 104      04B10559 
 104      01CF2EC0 
 104      6F13C8BF 
 104      C07D
 105 0097 04C872B8 		.ascii	"\004\310r\270\337\011\277\344\317\006$\026\356\023@"
 105      DF09BFE4 
 105      CF062416 
 105      EE1340
 106 00a6 0E826482 		.ascii	"\016\202d\202\234\000\311\001\341\340]\036\374\026\010"
 106      9C00C901 
 106      E1E05D1E 
 106      FC1608
 107 00b5 58C3DFDF 		.ascii	"X\303\337\337\202\203\305\360\353,c\277\036\304\037"
 107      8283C5F0 
 107      EB2C63BF 
 107      1EC41F
 108 00c4 60B2408A 		.ascii	"`\262@\212\314|d\200\024#\306c%b\0346\202$\201\234\224"
 108      CC7C6480 
 108      1423C663 
 108      25621C36 
 108      8224819C 
 109 00d9 708B37E3 		.ascii	"p\2137\343\223#\360\310\024x%\274\203\317W\230\265#"
 109      9323F0C8 
 109      147825BC 
 109      83CF5798 
 109      B523
 110 00eb 3EDDE1DD 		.ascii	">\335\341\335?!\306\353c\301\227\002\356?\205\337\177"
 110      3F21C6EB 
 110      63C19702 
 110      EE3F85DF 
 110      7F
 111 00fc 06F91DC8 		.ascii	"\006\371\035\310z\304b\365\021\310o@\376\321\314\236"
 111      7AC462F5 
 111      11C86F40 
 111      FED1CC9E 
 112 010c E1EF2046 		.ascii	"\341\357 F\327#N\036\306{1rV\"\036\324\211\266\324\373"
 112      D7234E1E 
 112      C67B3172 
 112      56221ED4 
 112      89B6D4FB 
 113 0120 4EA02E56 		.ascii	"N\240.V\242\245\240\216F\014\365\333\263\267K@m\037"
 113      A2A5A08E 
 113      460CF5DB 
ARM GAS  C:\Users\user\AppData\Local\Temp\ccrgN1II.s 			page 8


 113      B3B74B40 
 113      6D1F
 114 0132 6F4D13D4 		.ascii	"oM\023\324\205\2406\247\314\334q\302\034\"vz\232r\363"
 114      85A036A7 
 114      CCDC71C2 
 114      1C22767A 
 114      9A72F3
 115 0145 899DE54A 		.ascii	"\211\235\345JDFh\001<*~zn\306\221=\"\210\276\231\234"
 115      44466801 
 115      3C2A7E7A 
 115      6EC6913D 
 115      2288BE99 
 116 015a DFAE28D0 		.ascii	"\337\256(\320\263?\305\022\221B\373\276\311\343\266"
 116      B33FC512 
 116      9142FBBE 
 116      C9E3B6
 117 0169 F84704C4 		.ascii	"\370G\004\304\2454w\326\361H\245<A@5\017\246\226\307"
 117      A53477D6 
 117      F148A53C 
 117      4140350F 
 117      A696C7
 118 017c EFD2EB39 		.ascii	"\357\322\3539T\202\224\250\030aT\204V@\033\260\010\327"
 118      548294A8 
 118      18615484 
 118      56401BB0 
 118      08D7
 119 018e 28BD3E4C 		.ascii	"(\275>L\037\027\256\267['C9\310\005e#\027\031:\211T"
 119      1F17AEB7 
 119      5B274339 
 119      C8056523 
 119      17193A89 
 120 01a3 C41FC1A1 		.ascii	"\304\037\301\241BxX\000\017\301E\356\361\370\014\033"
 120      42785800 
 120      0FC145EE 
 120      F1F80C1B 
 121 01b3 1C85A88F 		.ascii	"\034\205\250\217\306\363wn\363H\251\262h\340\264\005"
 121      C6F3776E 
 121      F348A9B2 
 121      68E0B405 
 122 01c3 038CCCD5 		.ascii	"\003\214\314\325\274\367\033#\011\231R sJ$\003\334X"
 122      BCF71B23 
 122      09995220 
 122      734A2403 
 122      DC58
 123 01d5 3F8A2773 		.ascii	"?\212's3m\361$u\202\212#\007s\025\320y\027\210\007\222"
 123      336DF124 
 123      75828A23 
 123      077315D0 
 123      79178807 
 124 01ea 04C38505 		.ascii	"\004\303\205\005\343t\315T!\217_1Be\247\007S\225\222"
 124      E374CD54 
 124      218F5F31 
 124      4265A707 
 124      539592
 125 01fd 4EBF7756 		.ascii	"N\277wV\257_\210*\300\315Y\321\215\213\261\317\343\031"
 125      AF5F882A 
 125      C0CD59D1 
ARM GAS  C:\Users\user\AppData\Local\Temp\ccrgN1II.s 			page 9


 125      8D8BB1CF 
 125      E319
 126 020f 7ABC4486 		.ascii	"z\274D\206\326\270\240U@\370\034\020v\021\010\227\003"
 126      D6B8A055 
 126      40F81C10 
 126      76110897 
 126      03
 127 0220 E132A1C7 		.ascii	"\3412\241\307Gs.:\342H\216E\365@\355i'\243\003\350H"
 127      47732E3A 
 127      E2488E45 
 127      F540ED69 
 127      27A303E8 
 128 0235 29ED4835 		.ascii	")\355H5x\250\024=T +.\252,\273\030*\031\014u\302{\230"
 128      78A8143D 
 128      54202B2E 
 128      AA2CBB18 
 128      2A190C75 
 129 024c 8BC9E681 		.ascii	"\213\311\346\201\273\013\014A5m^c\2419c\322\331\262"
 129      BB0B0C41 
 129      356D5E63 
 129      A13963D2 
 129      D9B2
 130 025e EA6EBB5E 		.ascii	"\352n\273^\277\024]\000&\347E&\325\206\220\246V>k\226"
 130      BF145D00 
 130      26E74526 
 130      D58690A6 
 130      563E6B96 
 131 0272 B3845380 		.ascii	"\263\204S\200z\27394\201\307C,\343J/\346\\v\302#\314"
 131      7ABB3934 
 131      81C7432C 
 131      E34A2FE6 
 131      5C76C223 
 132 0287 FD8313E3 		.ascii	"\375\203\023\343e\234\2651m\260:\246Wz\026\207\351\365"
 132      659CB531 
 132      6DB03AA6 
 132      577A1687 
 132      E9F5
 133 0299 085D04FF 		.ascii	"\010]\004\377\365\242\377R\203\377\322\244\216\203\266"
 133      F5A2FF52 
 133      83FFD2A4 
 133      8E83B6
 134 02a8 7886397C 		.ascii	"x\2069|\335\333s\211\303zL\035\016\3257\234\221[sx\331"
 134      DDDB7389 
 134      C37A4C1D 
 134      0ED5379C 
 134      915B7378 
 135 02bd AAC3C9FF 		.ascii	"\252\303\311\377\200\334GM\340\356\222\005w\217\336"
 135      80DC474D 
 135      E0EE9205 
 135      778FDE
 136 02cc 163FE071 		.ascii	"\026?\340q4\365\200*\313\253\032\205\276\257\002\365"
 136      34F5802A 
 136      CBAB1A85 
 136      BEAF02F5 
 137 02dc D054CF23 		.ascii	"\320T\317#;\246\252@\215,\3377\207q\034\203\032f\255"
 137      3BA6AA40 
 137      8D2CDF37 
ARM GAS  C:\Users\user\AppData\Local\Temp\ccrgN1II.s 			page 10


 137      87711C83 
 137      1A66AD
 138 02ef 339BB545 		.ascii	"3\233\265E\017/\034V\262I\254\347@\257\233<\231\355"
 138      0F2F1C56 
 138      B249ACE7 
 138      40AF9B3C 
 138      99ED
 139 0301 C05E6350 		.ascii	"\300^cP\243R&\257-PF\021>\2248yn\240.C\327\011\031\264"
 139      A35226AF 
 139      2D504611 
 139      3E943879 
 139      6EA02E43 
 140 0319 D2055D63 		.ascii	"\322\005]c\243<U\232\225h\217\3673G\321CcG\0258\205"
 140      A33C559A 
 140      95688FF7 
 140      3347D143 
 140      63471538 
 141 032e 85E0E4F5 		.ascii	"\205\340\344\365\241X{k!\350\260\032\202\331\177'!\270"
 141      A1587B6B 
 141      21E8B01A 
 141      82D97F27 
 141      21B8
 142 0340 0921B861 		.ascii	"\011!\270a!\004\345\243\371\345\216\214{\015\321\237"
 142      2104E5A3 
 142      F9E58E8C 
 142      7B0DD19F 
 143 0350 E475DF74 		.ascii	"\344u\337t\302\231\314}\303\334\313\232\005\254#\234"
 143      C299CC7D 
 143      C3DCCB9A 
 143      05AC239C 
 144 0360 64395ACC 		.ascii	"d9Z\314\226\243\304\306\353\003v\270\200Aoe\345\355"
 144      96A3C4C6 
 144      EB0376B8 
 144      80416F65 
 144      E5ED
 145 0372 B2C3154C 		.ascii	"\262\303\025L\231{\235\234f\217[\230\322ym`\035\263"
 145      997B9D9C 
 145      668F5B98 
 145      D2796D60 
 145      1DB3
 146 0384 F10BD05E 		.ascii	"\361\013\320^\226\275\272#,x\351$8\371w\362\217\330"
 146      96BDBA23 
 146      2C78E924 
 146      38F977F2 
 146      8FD8
 147 0396 E10E068D 		.ascii	"\341\016\006\215\3343R\214q7Sz\322\306\246x<h\312\304"
 147      DC33528C 
 147      7137537A 
 147      D2C6A678 
 147      3C68CAC4 
 148 03aa 833179D3 		.ascii	"\2031y\323\225\324\356\210\037\263w\325\267\257\335"
 148      95D4EE88 
 148      1FB377D5 
 148      B7AFDD
 149 03b9 E7784E86 		.ascii	"\347xN\206\356C\377\006HP\341avAw\256\015~\306\020\303"
 149      EE43FF06 
 149      4850E161 
ARM GAS  C:\Users\user\AppData\Local\Temp\ccrgN1II.s 			page 11


 149      764177AE 
 149      0D7EC610 
 150 03ce AF22E31C 		.ascii	"\257\"\343\034\011b\010\020?uA\203\210'\217wee4(\360"
 150      09620810 
 150      3F754183 
 150      88278F77 
 150      65653428 
 151 03e3 1B86294C 		.ascii	"\033\206)L}\020\256 \230\007\200\371{\0274L1\\\316\223"
 151      7D10AE20 
 151      980780F9 
 151      7B17344C 
 151      315CCE93 
 152 03f7 B7476D91 		.ascii	"\267Gm\221B\265\223\316\263\260Pq\236\311\320#\244 "
 152      42B593CE 
 152      B3B05071 
 152      9EC9D023 
 152      A420
 153 0409 F1448F21 		.ascii	"\361D\217!\366\017\021o6\331.E\343\324zXMy\202\223\011"
 153      F60F116F 
 153      36D92E45 
 153      E3D47A58 
 153      4D798293 
 154 041e 811796E0 		.ascii	"\201\027\226\340\224\375\375MN\270\226\247\343\032;"
 154      94FDFD4D 
 154      4EB896A7 
 154      E31A3B
 155 042d 5ED264D9 		.ascii	"^\322d\331\005\032\001\313\357\366\362\"\305\206\014"
 155      051A01CB 
 155      EFF6F222 
 155      C5860C
 156 043c EF53003D 		.ascii	"\357S\000=\021\207\227x\244\216\272n\247\224s\270\225"
 156      11879778 
 156      A48EBA6E 
 156      A79473B8 
 156      95
 157 044d 3A4267AB 		.ascii	":Bg\253GV\263\221p\001\255\242g\242F\030\315~\262b\356"
 157      4756B391 
 157      7001ADA2 
 157      67A24618 
 157      CD7EB262 
 158 0462 EC3C5F8A 		.ascii	"\354<_\212\361-\006-\277w\340\202\220\375\267\211~c"
 158      F12D062D 
 158      BF77E082 
 158      90FDB789 
 158      7E63
 159 0474 F8588490 		.ascii	"\370X\204\220\322\327\210^\177\353\3228\217\273\031"
 159      D2D7885E 
 159      7FEBD238 
 159      8FBB19
 160 0483 38AA606F 		.ascii	"8\252`o=&\011\036\376\203\226wh\321\332\372\252M\216"
 160      3D26091E 
 160      FE839677 
 160      68D1DAFA 
 160      AA4D8E
 161 0496 FB59F3DD 		.ascii	"\373Y\363\335\015g\032\205-\261\211\350\373+\352+\355"
 161      0D671A85 
 161      2DB189E8 
ARM GAS  C:\Users\user\AppData\Local\Temp\ccrgN1II.s 			page 12


 161      FB2BEA2B 
 161      ED
 162 04a7 F17DF6F2 		.ascii	"\361}\366\362~\314@\275\015~(\260\022\222\325YH\326"
 162      7ECC40BD 
 162      0D7E28B0 
 162      1292D559 
 162      48D6
 163 04b9 A3779E37 		.ascii	"\243w\2367#\374\224\275,\033\276\334h\230\205\244?\325"
 163      23FC94BD 
 163      2C1BBEDC 
 163      689885A4 
 163      3FD5
 164 04cb ED773FC1 		.ascii	"\355w?\301\023\354]\327tC\267\3349\216NAX\377x\272\247"
 164      13EC5DD7 
 164      7443B7DC 
 164      398E4E41 
 164      58FF78BA 
 165 04e0 BC063E79 		.ascii	"\274\006>yt\016\276E\316\206\231H\223\355\300\250\223"
 165      740EBE45 
 165      CE869948 
 165      93EDC0A8 
 165      93
 166 04f1 14FCFC5D 		.ascii	"\024\374\374]\340\242\314\254\203J\374\234\3719\361"
 166      E0A2CCAC 
 166      834AFC9C 
 166      F939F1
 167 0500 A2325C81 		.ascii	"\2422\\\201g\230\222x>\255\315\026\277aJX\347g8TNo/"
 167      67989278 
 167      3EADCD16 
 167      BF614A58 
 167      E7673854 
 168 0517 C427F420 		.ascii	"\304'\364 \034\311\224\003-O\226\343\030v\377\266\251"
 168      1CC99403 
 168      2D4F96E3 
 168      1876FFB6 
 168      A9
 169 0528 7E398E63 		.ascii	"~9\216c\367\215e9\331\010'1e2\265\361\211\022\2472%"
 169      F78D6539 
 169      D9082731 
 169      6532B5F1 
 169      8912A732 
 170 053d BDFDF059 		.ascii	"\275\375\360Y\005Nc\312\211\351\244\023\0168\203)7\317"
 170      054E63CA 
 170      89E9A413 
 170      0E388329 
 170      37CF
 171 054f 7544D9E3 		.ascii	"uD\331\343l\246D\225\224$\333\343|\246\204Uv\305\013"
 171      6CA64495 
 171      9424DBE3 
 171      7CA68455 
 171      76C50B
 172 0562 13B99FE8 		.ascii	"\023\271\237\350\203Y\203\351vB\254l@\217io}\211p1\003"
 172      835983E9 
 172      7642AC6C 
 172      408F696F 
 172      7D897031 
 173 0577 C794DDE8 		.ascii	"\307\224\335\350\345\255\256Wq\234\260^\255\242#y\240"
ARM GAS  C:\Users\user\AppData\Local\Temp\ccrgN1II.s 			page 13


 173      E5ADAE57 
 173      719CB05E 
 173      ADA22379 
 173      A0
 174 0588 FAC01927 		.ascii	"\372\300\031'\363\310\336\002t-E\307s\316\2066\004}"
 174      F3C8DE02 
 174      742D45C7 
 174      73CE8636 
 174      047D
 175 059a 6D28338B 		.ascii	"m(3\2137\017\2555\364{c1\265\317\035\321\262e\313\026"
 175      370FAD35 
 175      F47B6331 
 175      B5CF1DD1 
 175      B265CB16 
 176 05ae 2D93FCA9 		.ascii	"-\223\374\251\3505C\037\021\016{w\021~Xx%V\237^\207"
 176      E835431F 
 176      110E7B77 
 176      117E5878 
 176      25569F5E 
 177 05c3 A8A95730 		.ascii	"\250\251W0\005\222\270Eb\376\315R\2739\344*cM\006\002"
 177      0592B845 
 177      62FECD52 
 177      BB39E42A 
 177      634D0602 
 178 05d7 53F43511 		.ascii	"S\3645\021\230\302\237\231\303\247\346\301\233%\360"
 178      98C29F99 
 178      C3A7E6C1 
 178      9B25F0
 179 05e6 1973F84B 		.ascii	"\031s\370K\012w%\350x\241O\237\3602\264\227sA{8\362"
 179      0A7725E8 
 179      78A14F9F 
 179      F032B497 
 179      73417B38 
 180 05fb 8AA0C9DC 		.ascii	"\212\240\311\334\315\344T(\231[\206\016\202\034\005"
 180      CDE45428 
 180      995B860E 
 180      821C05
 181 060a 390C9202 		.ascii	"9\014\222\002\222\015r\010$\003$\015$\035\3448H\026"
 181      920D7208 
 181      2403240D 
 181      241DE438 
 181      4816
 182 061c C811901C 		.ascii	"\310\021\220\034\220D\220\003 \307@RA\366\203\234\340"
 182      90449003 
 182      20C74052 
 182      41F6839C 
 182      E0
 183 062d 96D1A584 		.ascii	"\226\321\245\204q\354\366\0279\356\346\3148\2564\357"
 183      71ECF617 
 183      39EEE6CC 
 183      38AE34EF 
 184 063d 51BB041D 		.ascii	"Q\273\004\035k\021\355*\202'%\340(sp\0362CwK\202\365"
 184      6B11ED2A 
 184      822725E0 
 184      2873701E 
 184      3243774B 
 185 0653 C2726C25 		.ascii	"\302rl%\350\272\000\021\275\323\334v\2569\372\261\204"
ARM GAS  C:\Users\user\AppData\Local\Temp\ccrgN1II.s 			page 14


 185      E8BA0011 
 185      BDD3DC76 
 185      AE39FAB1 
 185      84
 186 0664 49B439BA 		.ascii	"I\2649\272v\336\270\265K\214G\230\303\257\230\033\237"
 186      76DEB8B5 
 186      4B8C4798 
 186      C3AF981B 
 186      9F
 187 0675 94A0F5E6 		.ascii	"\224\240\365\346\350\026s\364\200\204J\214e*\322\240"
 187      E81673F4 
 187      80844A8C 
 187      652AD2A0 
 188 0685 486C875B 		.ascii	"Hl\207[fbB\\\022\303i\313\011g\222\237\022\353\221\226"
 188      6662425C 
 188      12C369CB 
 188      0967929F 
 188      12EB9196 
 189 0699 83C8E0C2 		.ascii	"\203\310\340\302\007\330S\347P\362\001\0060\351\226"
 189      07D853E7 
 189      50F20106 
 189      30E996
 190 06a8 C46C0D8F 		.ascii	"\304l\015\2178'\206\353\233VQca\346\306Z\347\215\210"
 190      382786EB 
 190      9B565163 
 190      61E6C65A 
 190      E78D88
 191 06bb C475A865 		.ascii	"\304u\250e\264\221i(\300\003C)<\201sF\373\004\270a\352"
 191      B4916928 
 191      C0034329 
 191      3C817346 
 191      FB04B861 
 192 06d0 A34973E3 		.ascii	"\243Is\343\263\222\030\357\262\234xR\343\263\001\314"
 192      B39218EF 
 192      B29C7852 
 192      E3B301CC 
 193 06e0 F81C7246 		.ascii	"\370\034rFo\204\250\031\226la\000\031\234|X\264\336"
 193      6F84A819 
 193      966C6100 
 193      199C7C58 
 193      B4DE
 194 06f2 CA71C26F 		.ascii	"\312q\302o\350b\307\325\035\251J\201\002h\221\260\233"
 194      E862C7D5 
 194      1DA94A81 
 194      026891B0 
 194      9B
 195 0703 8ED2DD34 		.ascii	"\216\322\3354\037Z\347r\306\335\224\004\313\362\014"
 195      1F5AE772 
 195      C6DD9404 
 195      CBF20C
 196 0712 477930B1 		.ascii	"Gy0\261\377\277'9\331\031\036\355\273\3079\304\030?"
 196      FFBF2739 
 196      D9191EED 
 196      BBC739C4 
 196      183F
 197 0724 FC284371 		.ascii	"\374(CqM.\340\034\030pYWL\354\240-\342\035\026\011k"
 197      4D2EE01C 
ARM GAS  C:\Users\user\AppData\Local\Temp\ccrgN1II.s 			page 15


 197      18705957 
 197      4CECA02D 
 197      E21D1609 
 198 0739 26BB7126 		.ascii	"&\273q&W\225\203\303\022\025Y<U*PTP\373\242\"\316\001"
 198      579583C3 
 198      1215593C 
 198      552A5054 
 198      50FBA222 
 199 074f 6DE16512 		.ascii	"m\341e\022\273\305&v\213\230]i\317\307\341\345\030\011"
 199      BBC52676 
 199      8B985D69 
 199      CFC7E1E5 
 199      1809
 200 0761 EA35E86D 		.ascii	"\3525\350m\211\320\363\253p\177\005\030\227\201\234"
 200      89D0F3AB 
 200      707F0518 
 200      97819C
 201 0770 01390D52 		.ascii	"\0019\015R\012r\012\344\244q\251\002'P\201\374l\366"
 201      0A720AE4 
 201      A471A902 
 201      275081FC 
 201      6CF6
 202 0782 F5A05E9F 		.ascii	"\365\240^\237\340@H\243\011\030\252\022+\323\336\242"
 202      E04048A3 
 202      0918AA12 
 202      2BD3DEA2 
 203 0792 D751A1C1 		.ascii	"\327Q\241\301\237\347\365\355\314\217Yb\223\315)\337"
 203      9FE7F5ED 
 203      CC8F5962 
 203      93CD29DF 
 204 07a2 DCA76936 		.ascii	"\334\247i6\021\374\354\237\016\352kB1-\223\316\010p"
 204      11FCEC9F 
 204      0EEA6B42 
 204      312D93CE 
 204      0870
 205 07b4 E18BCC64 		.ascii	"\341\213\314d\315#\330\356?\261D%%M\235\271\351\332"
 205      CD23D8EE 
 205      3FB14425 
 205      254D9DB9 
 205      E9DA
 206 07c6 F9A68318 		.ascii	"\371\246\203\030\234\224$\215\226\341"
 206      9C94248D 
 206      96E1
 207 07d0 12E3BD63 		.ascii	"\022\343\275c.\214x9\004\253\331\034.Y\332%Cx\326d\010"
 207      2E8C7839 
 207      04ABD91C 
 207      2E59DA25 
 207      4378D664 
 208 07e5 CB4D8630 		.ascii	"\313M\2060\212\004\263\027^\366\3209\012\001\254`\301"
 208      8A04B317 
 208      5EF6D039 
 208      0A01AC60 
 208      C1
 209 07f6 94A16688 		.ascii	"\224\241f\210\332e\220&\220*\220J\220s&Q\034\035\221"
 209      DA659026 
 209      902A904A 
 209      90732651 
ARM GAS  C:\Users\user\AppData\Local\Temp\ccrgN1II.s 			page 16


 209      1C1D91
 210 0809 44B10FC8 		.ascii	"D\261\017\310TXY%\245#gp&3xB-\340\365\373\235\325\011"
 210      54585925 
 210      A5236770 
 210      26337842 
 210      2DE0F5FB 
 211 0820 F39FF86A 		.ascii	"\363\237\370j3\367e\272\270\220\211\333\276\215\315"
 211      33F765BA 
 211      B89089DB 
 211      BE8DCD
 212 082f FF6A585C 		.ascii	"\377jX\\\316\010\360\253\000\277b>\012\222o\217\363"
 212      CE08F0AB 
 212      00BF623E 
 212      0A926F8F 
 212      F3
 213 0840 128C8CB4 		.ascii	"\022\214\214\2644~\326I;`\\\242.\001\357\032\241\017"
 213      347ED649 
 213      3B605CA2 
 213      2E01EF1A 
 213      A10F
 214 0852 75705F0B 		.ascii	"up_\013\234/\230p~\354\3158\327\303`u\002\211\032+\203"
 214      9C2F9870 
 214      7EECCD38 
 214      D7C36075 
 214      02891A2B 
 215 0867 65C9BCEC 		.ascii	"e\311\274\354{l\317\376'\263M\352\270v\213\266]\305"
 215      7B6CCFFE 
 215      27B34DEA 
 215      B8768BB6 
 215      5DC5
 216 0879 55BEB797 		.ascii	"U\276\267\227\255\3625\246\253\274$I\032\270%b\363F"
 216      ADF235A6 
 216      ABBC2449 
 216      1AB82562 
 216      F346
 217 088b F0781138 		.ascii	"\360x\02183\244\025\224L\002I\242gJ\341\372\205\034"
 217      33A41594 
 217      4C0249A2 
 217      674AE1FA 
 217      851C
 218 089d FAD7F750 		.ascii	"\372\327\367P\027 nS\004\340\341Z\310\361F&P\004U\204"
 218      17206E53 
 218      04E0E15A 
 218      C8F14626 
 218      50045584 
 219 08b1 C7902288 		.ascii	"\307\220\"\210\004\245[\254P.\322\2744\034K|\324\267"
 219      04A55BAC 
 219      502ED2BC 
 219      341C4B7C 
 219      D4B7
 220 08c3 931C9090 		.ascii	"\223\034\220\220\021\271#bj\350\272\313\372\377\342"
 220      11B92362 
 220      6AE8BACB 
 220      FAFFE2
 221 08d2 B1907C86 		.ascii	"\261\220|\206\340V\274s\342\324\375\267\3514\253\260"
 221      E056BC73 
 221      E2D4FDB7 
ARM GAS  C:\Users\user\AppData\Local\Temp\ccrgN1II.s 			page 17


 221      E934ABB0 
 222 08e2 32140CDD 		.ascii	"2\024\014\335\256\025\223\355\256E\264$\270\303\017"
 222      AE1593ED 
 222      AE45B424 
 222      B8C30F
 223 08f1 59702B4C 		.ascii	"Yp+L\203+l #t\003i\003\003\375\222\223\236y\033\210"
 223      832B6C20 
 223      23740369 
 223      0303FD92 
 223      939E791B 
 224 0906 A539F803 		.ascii	"\2459\370\003g\306\333\321\037O\205\351\223W\321\232"
 224      67C6DBD1 
 224      1F4F85E9 
 224      9357D19A 
 225 0916 EF9EE9EA 		.ascii	"\357\236\351\3524/\021F\027R\256%\226\270\302\330\344"
 225      342F1146 
 225      1752AE25 
 225      96B8C2D8 
 225      E4
 226 0927 D7EF2563 		.ascii	"\327\357%cCV\375Q\311\011\033\245KV\177r$t\261\250\320"
 226      4356FD51 
 226      C9091BA5 
 226      4B567F72 
 226      2474B1A8 
 227 093c 56BAF5B4 		.ascii	"V\272\365\264\231\254/\327\331\372B~\001<}l0\201\303"
 227      99AC2FD7 
 227      D9FA427E 
 227      013C7D6C 
 227      3081C3
 228 094f D136B48E 		.ascii	"\3216\264\21689\267\277\337\021\357eJ\341t_\231\034"
 228      3839B7BF 
 228      DF11EF65 
 228      4AE1745F 
 228      991C
 229 0961 273265CF 		.ascii	"'2e\317\376\272:\036'3%3%~\227\034\2471%7!\356\244\022"
 229      FEBA3A1E 
 229      27332533 
 229      257E971C 
 229      A7312537 
 230 0979 1F654A72 		.ascii	"\037eJr^\347\254\035>\306\224\254\331W\343\244J\374"
 230      5EE7AC1D 
 230      3EC694AC 
 230      D957E3A4 
 230      4AFC
 231 098b 801C7862 		.ascii	"\200\034xb\311\011\337\007\354\204\357B\313e\250\204"
 231      C909DF07 
 231      EC84EF42 
 231      CB65A884 
 232 099b B229988B 		.ascii	"\262)\230\213;\226\277\333\316pT\002\211*W\311\214i"
 232      3B96BFDB 
 232      CE705402 
 232      892A57C9 
 232      8C69
 233 09ad 8A7A20CC 		.ascii	"\212z \314\037\0105i7l\344]\234\241\230~P\372w\347\310"
 233      1F083569 
 233      376CE45D 
 233      9CA1987E 
ARM GAS  C:\Users\user\AppData\Local\Temp\ccrgN1II.s 			page 18


 233      50FA77E7 
 234 09c2 51E05D4E 		.ascii	"Q\340]N\211\356\210\373\377\007B\365r>\376\316\260\022"
 234      89EE88FB 
 234      FF0742F5 
 234      723EFECE 
 234      B012
 235 09d4 9F622E5E 		.ascii	"\237b.^\207'\215\361\2223\276\325\027\351\031_?4\355"
 235      87278DF1 
 235      9233BED5 
 235      17E9195F 
 235      3F34ED
 236 09e7 159BDEE5 		.ascii	"\025\233\336\345\214g|\3464\372,\320 \245\332tF\225"
 236      8C677CE6 
 236      34FA2CD0 
 236      20A5DA74 
 236      4695
 237 09f9 02575227 		.ascii	"\002WR'\374\324\213\330n%\202\035\\eL\036N&\211\376"
 237      FCD48BD8 
 237      6E25821D 
 237      5C654C1E 
 237      4E2689FE 
 238 0a0d 80903943 		.ascii	"\200\2209C`k\0202\345\276I\246\314]\305]\331{\241:\252"
 238      606B1032 
 238      E5BE49A6 
 238      CC5DC55D 
 238      D97BA13A 
 239 0a22 4594D76D 		.ascii	"E\224\327m\340EZ\030)\320t\351\222L\204\272\217\223"
 239      E0455A18 
 239      29D074E9 
 239      924C84BA 
 239      8F93
 240 0a34 F5356198 		.ascii	"\3655a\230\242\357YDK\222\353m\225\222\344\372\200i"
 240      A2EF5944 
 240      4B92EB6D 
 240      9592E4FA 
 240      8069
 241 0a46 6E01EB9B 		.ascii	"n\001\353\233\275\243\011\010-[\254Z\306\026\347[\325"
 241      BDA30908 
 241      2D5BAC5A 
 241      C616E75B 
 241      D5
 242 0a57 4EA1D42C 		.ascii	"N\241\324,1\327\011f\037p\213-\315\257\004\241\344$"
 242      31D70966 
 242      1F708B2D 
 242      CDAF04A1 
 242      E424
 243 0a69 1344EC23 		.ascii	"\023D\354#\001\223>>\204>>\202>\016\013}d$F\253\226"
 243      01933E3E 
 243      843E3E82 
 243      3E0E0B7D 
 243      642446AB 
 244 0a7e D00C0794 		.ascii	"\320\014\007\224\351\007-]4\252\234\305\035\353\226"
 244      E9072D5D 
 244      34AA9CC5 
 244      1DEB96
 245 0a8d 75C7A4C4 		.ascii	"u\307\244\304\256ji\345\026\003\203P\253\014d&\356\241"
 245      AE6A69E5 
ARM GAS  C:\Users\user\AppData\Local\Temp\ccrgN1II.s 			page 19


 245      16038350 
 245      AB0C6426 
 245      EEA1
 246 0a9f 4D447DC7 		.ascii	"MD}\307\031\007\274\333\226\346\337PKq\230\002\357c"
 246      1907BCDB 
 246      96E6DF50 
 246      4B719802 
 246      EF63
 247 0ab1 CA91B6A2 		.ascii	"\312\221\266\242\026\310v\246T\346\027\265s8\205)\005"
 247      16C876A6 
 247      54E617B5 
 247      73388529 
 247      05
 248 0ac2 E7C67723 		.ascii	"\347\306w#|\214)\023\273\212u8\207\335G\244\305]\345"
 248      7C8C2913 
 248      BB8A7538 
 248      87DD47A4 
 248      C55DE5
 249 0ad5 5889FE33 		.ascii	"X\211\3763P\223\242\017\367\363\302\351\0149\361:u+"
 249      5093A20F 
 249      F7F3C2E9 
 249      0C39F13A 
 249      752B
 250 0ae7 A752818B 		.ascii	"\247R\201\213(\3261.7\256\\I\012cce\254\022J\252\217"
 250      28D6312E 
 250      37AE5C49 
 250      0A636365 
 250      AC124AAA 
 251 0afc C4AFE631 		.ascii	"\304\257\3461\350\357\364;+\301\331\217E\364\2249z\376"
 251      E8EFF43B 
 251      2BC1D98F 
 251      45F49439 
 251      7AFE
 252 0b0e E7BE047D 		.ascii	"\347\276\004}\303\034=\277\242\222\240\333-\243\347"
 252      C31C3DBF 
 252      A292A0DB 
 252      2DA3E7
 253 0b1d 6F869330 		.ascii	"o\206\2230\015&h\341<-$\266\036\253\320k\210\3723\220"
 253      0D2668E1 
 253      3C2D24B6 
 253      1EABD06B 
 253      88FA3390 
 254 0b31 19903720 		.ascii	"\031\2207 \257@\346@\336\202\314\202\274\000y\011\362"
 254      AF40E640 
 254      DE82CC82 
 254      BC007909 
 254      F2
 255 0b42 DCA4286E 		.ascii	"\334\244(n\226\204b\324\234\300\274\"m@B\367\2469ZZ"
 255      968462D4 
 255      9CC0BC22 
 255      6D4042F7 
 255      A6395A5A 
 256 0b56 4609359D 		.ascii	"F\0115\235\304\370Ss\370\274\262x\3667\"z\334\342\250"
 256      C4F85373 
 256      F8BCB278 
 256      F637227A 
 256      DCE2A8
ARM GAS  C:\Users\user\AppData\Local\Temp\ccrgN1II.s 			page 20


 257 0b69 48C0ED12 		.ascii	"H\300\355\022\323#\226yK\013\237\336j%\303?\206$\355"
 257      D3239679 
 257      4B0B9FDE 
 257      6A25C33F 
 257      8624ED
 258 0b7c B0CC5C62 		.ascii	"\260\314\\b}\270JR\342=\261\314\\Z/\216V\262\315n\332"
 258      7DB84A52 
 258      E23DB1CC 
 258      5C5A2F8E 
 258      56B2CD6E 
 259 0b91 7C92A39A 		.ascii	"|\222\243\232\266\351\323r|\212&$\367\350\320\303|["
 259      B6E9D372 
 259      7C8A2624 
 259      F7E8D0C3 
 259      7C5B
 260 0ba3 B4486569 		.ascii	"\264Hei0Q8\214\341_3\236\214I\343y\272\263\206\341E"
 260      3051388C 
 260      E15F339E 
 260      8C49E379 
 260      BAB386E1 
 261 0bb8 28141BD7 		.ascii	"(\024\033\327\327i\272U\221C\253\346\356}N\322m\212"
 261      D769BA55 
 261      9143ABE6 
 261      EE7D4ED2 
 261      6D8A
 262 0bca 00C5291C 		.ascii	"\000\305)\034\201\015\337.\344\026\360ym\271\257y|\201"
 262      810DDF2E 
 262      E416F079 
 262      6DB9AF79 
 262      7C81
 263 0bdc D1DF5377 		.ascii	"\321\337Sw\370\251\203\265\223\365]\330\332\311\372"
 263      F8A983B5 
 263      93F55DD8 
 263      DAC9FA
 264 0beb F06DF6BF 		.ascii	"\360m\366\277\031;1\324\336\330\354l\235<%\247\222{"
 264      193B31D4 
 264      DED8EC6C 
 264      9D3C25A7 
 264      927B
 265 0bfd 2E5673BD 		.ascii	".Vs\275\360UA\352\255\205\264?\010\261+\242B\3259\303"
 265      F05541EA 
 265      AD85B43F 
 265      08B12BA2 
 265      42D539C3 
 266 0c11 1F42F439 		.ascii	"\037B\3649<\345\350\225\001\351#dh!\350\234\240r\202"
 266      3CE5E895 
 266      01E92364 
 266      6821E89C 
 266      A07282
 267 0c24 49FA4F68 		.ascii	"I\372Oh\214$\026\331k\346\311\360'cp\306DF\255\263\326"
 267      8C2416D9 
 267      6BE6C9F0 
 267      276370C6 
 267      4446ADB3 
 268 0c39 88131D20 		.ascii	"\210\023\035 $m 1\310h\013\357\215\374db\347\220!I&"
 268      246D2031 
 268      C8680BEF 
ARM GAS  C:\Users\user\AppData\Local\Temp\ccrgN1II.s 			page 21


 268      8DFC6462 
 268      E7902149 
 269 0c4e 525A8795 		.ascii	"RZ\207\225}\360\245\003O\322?A\354\354\273\265%\021"
 269      7DF0A503 
 269      4FD23F41 
 269      ECECBBB5 
 269      2511
 270 0c60 E326B6EA 		.ascii	"\343&\266\352M\207v\324*\227H\276'=\224\222\357\311"
 270      4D8776D4 
 270      2A9748BE 
 270      273D9492 
 270      EFC9
 271 0c72 DD987C4F 		.ascii	"\335\230|On\341\231\261\376\211\313\007\024\357\247"
 271      6EE199B1 
 271      FE89CB07 
 271      14EFA7
 272 0c81 EBD3EFE9 		.ascii	"\353\323\357\351k\306fpe\336N\3755h\366\011\305\241"
 272      6BC66670 
 272      65DE4EFD 
 272      3568F609 
 272      C5A1
 273 0c93 187100E0 		.ascii	"\030q\000\340\026\256\321\270\017\241(\334\013\334b"
 273      16AED1B8 
 273      0FA128DC 
 273      0BDC62
 274 0ca2 F1FBD0FE 		.ascii	"\361\373\320\376\360\256\261J\016w0\307\255%\271%N<"
 274      F0AEB14A 
 274      0E7730C7 
 274      AD25B925 
 274      4E3C
 275 0cb4 1914F289 		.ascii	"\031\024\362\211\270\205\376\177@Wl_\223-}F\012\277"
 275      B885FE7F 
 275      40576C5F 
 275      932D7D46 
 275      0ABF
 276 0cc6 BD983EAC 		.ascii	"\275\230>\254OHjA\274\241Z\336\307\0366g\227^\260_b"
 276      4F486A41 
 276      BCA15ADE 
 276      C71E3667 
 276      975EB05F 
 277 0cdb ED33389E 		.ascii	"\35538\236\322\216\303\002\357\270WY\367\354\200w?\373"
 277      D28EC302 
 277      EFB85759 
 277      F7EC8077 
 277      3FFB
 278 0ced E66A8D6E 		.ascii	"\346j\215n\214\325\037C\024\206\366\210\254\367\020"
 278      8CD51F43 
 278      1486F688 
 278      ACF710
 279 0cfc D6E42681 		.ascii	"\326\344&\201\262\355\213/\214\266\301\303\214\355\243"
 279      B2ED8B2F 
 279      8CB6C1C3 
 279      8CEDA3
 280 0d0b D007391C 		.ascii	"\320\0079\034%Q\316Jvx\366j\377\354#;#\261\375\214\330"
 280      2551CE4A 
 280      7678F66A 
 280      FFEC233B 
ARM GAS  C:\Users\user\AppData\Local\Temp\ccrgN1II.s 			page 22


 280      23B1FD8C 
 281 0d20 54DDD1FB 		.ascii	"T\335\321\373\326\211%Qb\007\014\304\012z\306\"\224"
 281      D6892551 
 281      62070CC4 
 281      0A7AC622 
 281      94
 282 0d31 02B1E60D 		.ascii	"\002\261\346\015)\372:\216 P\242\310)\321\300\351 \345"
 282      29FA3A8E 
 282      2050A2C8 
 282      29D1C0E9 
 282      20E5
 283 0d43 3492159E 		.ascii	"4\222\025\236\270\000\2171N\025\373\262\2461\365O\362"
 283      B8008F31 
 283      4E15FBB2 
 283      A631F54F 
 283      F2
 284 0d54 9F718AB8 		.ascii	"\237q\212\270\370\"\336\021G*\350\254\332\333piFn\374"
 284      F822DE11 
 284      472AE8AC 
 284      DADB7069 
 284      466EFC
 285 0d67 42828F91 		.ascii	"B\202\217\221\271\313\264\0228\014\360T\363\351bq\352"
 285      B9CBB412 
 285      380CF054 
 285      F3E96271 
 285      EA
 286 0d78 1DB230F5 		.ascii	"\035\2620\365\300\313\363]CW\330\220\020S)\254\347\345"
 286      C0CBF35D 
 286      4357D890 
 286      105329AC 
 286      E7E5
 287 0d8a D1C90F1C 		.ascii	"\321\311\017\034q\002s\335qe\342\234\023R9\010\207^"
 287      710273DD 
 287      7165E29C 
 287      13523908 
 287      875E
 288 0d9c DD0BC3C9 		.ascii	"\335\013\303\311<M\207E\340\210\350\030\026\002\323"
 288      3C4D8745 
 288      E088E818 
 288      1602D3
 289 0dab 7247BA64 		.ascii	"rG\272d\240\243\340[\\5\300\301\261\333\367\323X\306"
 289      A0A3E05B 
 289      5C35C0C1 
 289      B1DBF7D3 
 289      58C6
 290 0dbd 103B69CC 		.ascii	"\020;i\314\353\225\244\254fl5\336\0314\336\307\014\361"
 290      EB95A4AC 
 290      666C35DE 
 290      1934DEC7 
 290      0CF1
 291 0dcf 9EB8FEB4 		.ascii	"\236\270\376\264\320F\210\367p,N>\245\217\220\023\014"
 291      D04688F7 
 291      702C4E3E 
 291      A58F9013 
 291      0C
 292 0de0 4A164925 		.ascii	"J\026I%\033\"\236I#>^\252\037P\3424\205\345\311b\342"
 292      1B229E49 
ARM GAS  C:\Users\user\AppData\Local\Temp\ccrgN1II.s 			page 23


 292      233E5EAA 
 292      1F50E234 
 292      85E5C962 
 293 0df5 2CCB64B2 		.ascii	",\313d\262\024\216\327\335\260\025|=\211\225we\357\254"
 293      148ED7DD 
 293      B0157C3D 
 293      89957765 
 293      EFAC
 294 0e07 F1A01874 		.ascii	"\361\240\030t\\tv\334\340\354\004uV\375\254\241\301"
 294      5C7476DC 
 294      E0EC0475 
 294      56FDACA1 
 294      C1
 295 0e18 01773367 		.ascii	"\001w3g\341\303}w8\301\300\375\303\362G\271F\003\331"
 295      E1C37D77 
 295      38C1C0FD 
 295      C3F247B9 
 295      4603D9
 296 0e2b A2816C83 		.ascii	"\242\201l\203\201\034j \374\352\336C68\325\216\032h"
 296      811C6A20 
 296      FCEADE43 
 296      3638D58E 
 296      1A68
 297 0e3d 9BBADC21 		.ascii	"\233\272\334!\377I&5\320\331\242z{3B\037\345LK\215\\"
 297      FF492635 
 297      D0D9A27A 
 297      7B33421F 
 297      E54C4B8D 
 298 0e52 66C078AA 		.ascii	"f\300x\252##O\340\232\207\177\002\355.\017\215$r8\235"
 298      23234FE0 
 298      9A877F02 
 298      ED2E0F8D 
 298      2472389D 
 299 0e66 1989C86C 		.ascii	"\031\211\310l\230\264'Fj\350\234O+\213\320\353\235i"
 299      98B42746 
 299      6AE89C4F 
 299      2B8BD0EB 
 299      9D69
 300 0e78 09922F18 		.ascii	"\011\222/\030\021\017\030\310\223\315\260l\026P3}\323"
 300      110F18C8 
 300      93CDB06C 
 300      1650337D 
 300      D3
 301 0e89 9DBD0ED2 		.ascii	"\235\275\016\322\015\201P\0277\204BqC(\244\033B\323"
 301      0D815017 
 301      37844271 
 301      4328A41B 
 301      42D3
 302 0e9b A5BA0E2C 		.ascii	"\245\272\016,\305g\230\340\2130\253s\212(\370\352d\367"
 302      C56798E0 
 302      8B30AB73 
 302      8A28F8EA 
 302      64F7
 303 0ead 84C96E93 		.ascii	"\204\311n\223d\002.\026\300\305\024|)\262\266\306\204"
 303      64022E16 
 303      C0C5147C 
 303      29B2B6C6 
ARM GAS  C:\Users\user\AppData\Local\Temp\ccrgN1II.s 			page 24


 303      84
 304 0ebe 49BC09F8 		.ascii	"I\274\011\370\244\000&\277r_\377 \337m\212\317\277\370"
 304      A40026BF 
 304      725FFF20 
 304      DF6D8ACF 
 304      BFF8
 305 0ed0 72A99BAB 		.ascii	"r\251\233\253\253L\351\355\275C\033\250[\263\332[\267"
 305      AB4CE9ED 
 305      BD431BA8 
 305      5BB3DA5B 
 305      B7
 306 0ee1 CDF7D75E 		.ascii	"\315\367\327^\301\272\240\020/\337\255\332-\332\020"
 306      C1BAA010 
 306      2FDFADDA 
 306      2DDA10
 307 0ef0 DD0E3F6D 		.ascii	"\335\016?m\220\227.(\310?\304\353\233\300\035K\351\335"
 307      90972E28 
 307      C83FC4EB 
 307      9BC01D4B 
 307      E9DD
 308 0f02 529FE080 		.ascii	"R\237\340\200\245\232\200-\032??\215\237\327\207+\326"
 308      A59A802D 
 308      1A3F3F8D 
 308      9FD7872B 
 308      D6
 309 0f13 2C5DBDCA 		.ascii	",]\275\312\365\227\177t\365\202\347?\017\014\012\324"
 309      F5977F74 
 309      F582E73F 
 309      0F0C0AD4 
 310 0f23 FC5CE3B3 		.ascii	"\374\\\343\263E\353\245\015\364\365\337\341\247\361"
 310      45EBA50D 
 310      F4F5DFE1 
 310      A7F1
 311 0f31 0AF0015B 		.ascii	"\012\360\001[\201\032/o?\315\327>;\374u\336\272\357"
 311      811A2F6F 
 311      3FCDD73E 
 311      3BFC75DE 
 311      BAEF
 312 0f43 B66B4256 		.ascii	"\266kBVl\225)\014N\377\353\377\336i\310w!^\336!:?\360"
 312      6C95290C 
 312      4EFFEBFF 
 312      DE69C877 
 312      215EDE21 
 313 0f5a 403CF96E 		.ascii	"@<\371n\365\011\014\324\370\207\330\261\236\376\312"
 313      F5090CD4 
 313      F887D8B1 
 313      9EFECA
 314 0f69 5B672BFC 		.ascii	"[g+\374:l\377\237\000\341\255\267\356wn\277\366Ro\336"
 314      3A6CFF9F 
 314      00E1ADB7 
 314      EE776EBF 
 314      F6526FDE 
 315 0f7d E4E9E546 		.ascii	"\344\351\345F\210x2\"\224TP\210\353/?\\\031\024\262"
 315      88783222 
 315      94545088 
 315      EB2F3F5C 
 315      1914B2
ARM GAS  C:\Users\user\AppData\Local\Temp\ccrgN1II.s 			page 25


 316 0f90 72AB8FFF 		.ascii	"r\253\217\377\312\355A\301\272\220\225\236\2337\256"
 316      CAED41C1 
 316      BA90959E 
 316      9B37AE
 317 0f9f 59       		.ascii	"Y"
 318 0fa0 BD72C306 		.ascii	"\275r\303\006\367\225\233\327o\374\326\225\274\361\006"
 318      F7959BD7 
 318      6FFCD695 
 318      BCF106
 319 0faf 63DEFEFE 		.ascii	"c\336\376\376~\340\322V\023\350\263\305_\343gO\355\007"
 319      7EE0D256 
 319      13E8B3C5 
 319      5FE3674F 
 319      ED07
 320 0fc1 06846CF3 		.ascii	"\006\204l\363\326\331l\327\004k\203\374\024\344Q \304"
 320      D6D96CD7 
 320      046B83FC 
 320      14E45120 
 320      C4
 321 0fd2 C1C63728 		.ascii	"\301\3067(\360k\3557\3307x5\037\020\344\247\261\203"
 321      F06BED37 
 321      D8377835 
 321      1F10E4A7 
 321      B183
 322 0fe4 17E4D75B 		.ascii	"\027\344\327[\247\360\365\361\367\337\342\343\273\315"
 322      A7F0F5F1 
 322      F7DFE2E3 
 322      BBCD
 323 0ff2 9160857B 		.ascii	"\221`\205{o\335B\217?ltcd\335"
 323      6FDD428F 
 323      3F6C7463 
 323      64DD
 324 1000 6853BBAF 		.ascii	"hS\273\257\2035\177\334\241\011\364\375\216\367\323"
 324      83357FDC 
 324      A109F4FD 
 324      8EF7D3
 325 100f 6A82EDC8 		.ascii	"j\202\355\310{\372B\036\242\363\321i\210\356\255^\373"
 325      7BFA421E 
 325      A2F3D169 
 325      88EEAD5E 
 325      FB
 326 1020 A9FB570A 		.ascii	"\251\373W\012r\347\271y\223\207\222\334|\371\305\372"
 326      72E7B979 
 326      938792DC 
 326      7CF9C5FA 
 327 1030 2FD66FFE 		.ascii	"/\326o\376\325\017\353\255\020RC\377\240oJ\370\241\366"
 327      D50FEBAD 
 327      105243FF 
 327      A06F4AF8 
 327      A1F6
 328 1042 BD75C483 		.ascii	"\275u\304\203{\260\366[M0\326i\003\344nn\033\325k\270"
 328      7BB0F65B 
 328      4D30D669 
 328      03E46E6E 
 328      1BD56BB8 
 329 1056 4D6ADE7D 		.ascii	"Mj\336}\343\247j\354\356\246\346?s\337\254\306nnj\254"
 329      E3A76AEC 
ARM GAS  C:\Users\user\AppData\Local\Temp\ccrgN1II.s 			page 26


 329      EEA6E63F 
 329      73DFACC6 
 329      6E6E6AAC 
 330 106a 06F954AD 		.ascii	"\006\371T\255\306\036\236n\330\355\213\315\274\233\333"
 330      C61E9E6E 
 330      D8ED8BCD 
 330      BC9BDB
 331 1079 5A35C5AF 		.ascii	"Z5\305\257\246WW\274\366s5\347\011-\327\257U\363\236"
 331      A65757BC 
 331      F67335E7 
 331      092DD7AF 
 331      55F39E
 332 108c 1B01EDA6 		.ascii	"\033\001\355\246^\015\342\012\310\177S\257\373kF&D\027"
 332      5E0DE20A 
 332      C87F53AF 
 332      FB6B4626 
 332      4417
 333 109e 40D24C4B 		.ascii	"@\322LK\270\333\033\025o\035\377\351o\325\353\310e\003"
 333      B8DB1B15 
 333      6F1DFFE9 
 333      6FD5EBC8 
 333      6503
 334 10b0 BFC1EDF7 		.ascii	"\277\301\355\367\300\325S\255F\177@\353`zh|\202\205"
 334      C0D553AD 
 334      467F40EB 
 334      607A687C 
 334      8285
 335 10c2 59E1FA21 		.ascii	"Y\341\372!\014\207\341\006\207ht\277\377\313\250|\356"
 335      0C87E106 
 335      876874BF 
 335      FFCBA87C 
 335      EE
 336 10d3 B17ED3B7 		.ascii	"\261~\323\267\253Y\024AX\226\340M\356j\274\336]-\367"
 336      AB591441 
 336      5896E04D 
 336      EE6ABCDE 
 336      5D2DF7
 337 10e6 F8D2C35D 		.ascii	"\370\322\303]m\273\311\323c\355Zw\265\315\246\315_y"
 337      6DBBC9D3 
 337      63ED5A77 
 337      B5CDA6CD 
 337      5F79
 338 10f8 4074366E 		.ascii	"@t6nr_\253\306\237\251\325\016\214\3647\333\265A@F\033"
 338      725FABC6 
 338      9FA9D50E 
 338      8CF437DB 
 338      B5414046 
 339 110d C492840F 		.ascii	"\304\222\204\017\360\321\006\332\222\313\012_\331B\030"
 339      F0D106DA 
 339      92CB0A5F 
 339      D94218
 340 111c 93B534E5 		.ascii	"\223\2654\345\204\004!Y\346\251\363\011\326\375\215"
 340      84042159 
 340      E6A9F309 
 340      D6FD8D
 341 112b C19F3790 		.ascii	"\301\2377\220\377&8h\307v\322\334A\033D\030\006\370"
 341      FF263868 
ARM GAS  C:\Users\user\AppData\Local\Temp\ccrgN1II.s 			page 27


 341      C776D2DC 
 341      411B4418 
 341      06F8
 342 113d 90C45432 		.ascii	"\220\304T2E\353\007\363\002\010\256\017\324\352~\361"
 342      45EB07F3 
 342      0208AE0F 
 342      D4EA7EF1 
 343 114d 67270774 		.ascii	"g'\007t\307\316w\253\347w!\244\371?|\177\363`\235\261"
 343      C7CE77AB 
 343      E77721A4 
 343      F93F7C7F 
 343      F3609DB1 
 344 1161 B5EF5698 		.ascii	"\265\357V\230\257\320^N\262\311\2250w%S\343\177\001"
 344      AFD05E4E 
 344      B2C99530 
 344      772553E3 
 344      7F01
 345 1173 5EB6FE2F 		.ascii	"^\266\376/"
 346              		.text
 347              		.section	.gnu.lto_.symtab.7a9adb02,"",%progbits
 348 0000 6D61696E 		.ascii	"main\000"
 348      00
 349 0005 00       		.ascii	"\000"
 350 0006 00       		.ascii	"\000"
 351 0007 00       		.ascii	"\000"
 352 0008 00000000 		.ascii	"\000\000\000\000\000\000\000\000"
 352      00000000 
 353 0010 8C010000 		.ascii	"\214\001\000\000"
 354 0014 70776D31 		.ascii	"pwm1conf\000"
 354      636F6E66 
 354      00
 355 001d 00       		.ascii	"\000"
 356 001e 00       		.ascii	"\000"
 357 001f 00       		.ascii	"\000"
 358 0020 00000000 		.ascii	"\000\000\000\000\000\000\000\000"
 358      00000000 
 359 0028 AC010000 		.ascii	"\254\001\000\000"
 360 002c 50574D44 		.ascii	"PWMD1\000"
 360      3100
 361 0032 00       		.ascii	"\000"
 362 0033 02       		.ascii	"\002"
 363 0034 00       		.ascii	"\000"
 364 0035 00000000 		.ascii	"\000\000\000\000\000\000\000\000"
 364      00000000 
 365 003d AA010000 		.ascii	"\252\001\000\000"
 366 0041 70776D45 		.ascii	"pwmEnableChannel\000"
 366      6E61626C 
 366      65436861 
 366      6E6E656C 
 366      00
 367 0052 00       		.ascii	"\000"
 368 0053 02       		.ascii	"\002"
 369 0054 00       		.ascii	"\000"
 370 0055 00000000 		.ascii	"\000\000\000\000\000\000\000\000"
 370      00000000 
 371 005d 92010000 		.ascii	"\222\001\000\000"
 372 0061 70776D53 		.ascii	"pwmStart\000"
ARM GAS  C:\Users\user\AppData\Local\Temp\ccrgN1II.s 			page 28


 372      74617274 
 372      00
 373 006a 00       		.ascii	"\000"
 374 006b 02       		.ascii	"\002"
 375 006c 00       		.ascii	"\000"
 376 006d 00000000 		.ascii	"\000\000\000\000\000\000\000\000"
 376      00000000 
 377 0075 97010000 		.ascii	"\227\001\000\000"
 378 0079 5F70616C 		.ascii	"_pal_lld_setgroupmode\000"
 378      5F6C6C64 
 378      5F736574 
 378      67726F75 
 378      706D6F64 
 379 008f 00       		.ascii	"\000"
 380 0090 02       		.ascii	"\002"
 381 0091 00       		.ascii	"\000"
 382 0092 00000000 		.ascii	"\000\000\000\000\000\000\000\000"
 382      00000000 
 383 009a A3010000 		.ascii	"\243\001\000\000"
 384 009e 68616C49 		.ascii	"halInit\000"
 384      6E697400 
 385 00a6 00       		.ascii	"\000"
 386 00a7 02       		.ascii	"\002"
 387 00a8 00       		.ascii	"\000"
 388 00a9 00000000 		.ascii	"\000\000\000\000\000\000\000\000"
 388      00000000 
 389 00b1 A6010000 		.ascii	"\246\001\000\000"
 390 00b5 63685379 		.ascii	"chSysInit\000"
 390      73496E69 
 390      7400
 391 00bf 00       		.ascii	"\000"
 392 00c0 02       		.ascii	"\002"
 393 00c1 00       		.ascii	"\000"
 394 00c2 00000000 		.ascii	"\000\000\000\000\000\000\000\000"
 394      00000000 
 395 00ca A8010000 		.ascii	"\250\001\000\000"
 396              		.text
 397              		.section	.gnu.lto_.opts,"",%progbits
 398 0000 272D666D 		.ascii	"'-fmath-errno' '-fsigned-zeros' '-ftrapping-math' '"
 398      6174682D 
 398      6572726E 
 398      6F272027 
 398      2D667369 
 399 0033 2D666E6F 		.ascii	"-fno-trapv' '-fno-openmp' '-fno-openacc' '-mcpu=cor"
 399      2D747261 
 399      70762720 
 399      272D666E 
 399      6F2D6F70 
 400 0066 7465782D 		.ascii	"tex-m4' '-mno-thumb-interwork' '-mthumb' '-ggdb' '-"
 400      6D342720 
 400      272D6D6E 
 400      6F2D7468 
 400      756D622D 
 401 0099 4F322720 		.ascii	"O2' '-fomit-frame-pointer' '-falign-functions=16' '"
 401      272D666F 
 401      6D69742D 
 401      6672616D 
ARM GAS  C:\Users\user\AppData\Local\Temp\ccrgN1II.s 			page 29


 401      652D706F 
 402 00cc 2D666675 		.ascii	"-ffunction-sections' '-fdata-sections' '-fno-common"
 402      6E637469 
 402      6F6E2D73 
 402      65637469 
 402      6F6E7327 
 403 00ff 2720272D 		.ascii	"' '-flto'\000"
 403      666C746F 
 403      2700
 404              		.text
 405              		.comm	__gnu_lto_v1,1,1
 406              		.comm	__gnu_lto_slim,1,1
 407              		.ident	"GCC: (GNU Tools for ARM Embedded Processors 6-2017-q1-update) 6.3.1 20170215 (release) [AR
ARM GAS  C:\Users\user\AppData\Local\Temp\ccrgN1II.s 			page 30


DEFINED SYMBOLS
                            *ABS*:00000000 main.c
                            *COM*:00000001 __gnu_lto_v1
                            *COM*:00000001 __gnu_lto_slim

NO UNDEFINED SYMBOLS
