ARM GAS  C:\Users\user\AppData\Local\Temp\ccNOqtoy.s 			page 1


   1              		.cpu cortex-m4
   2              		.eabi_attribute 20, 1
   3              		.eabi_attribute 21, 1
   4              		.eabi_attribute 23, 3
   5              		.eabi_attribute 24, 1
   6              		.eabi_attribute 25, 1
   7              		.eabi_attribute 26, 1
   8              		.eabi_attribute 30, 2
   9              		.eabi_attribute 34, 1
  10              		.eabi_attribute 18, 4
  11              		.file	"memstreams.c"
  12              		.text
  13              	.Ltext0:
  14              		.section	.gnu.lto_.profile.7a9432d3,"",%progbits
  15 0000 789C6365 		.ascii	"x\234ce`b`a```d\010\260\004\000\001Y\000\226"
  15      60626061 
  15      60606064 
  15      08B00400 
  15      01590096 
  16              		.text
  17              		.section	.gnu.lto_.icf.7a9432d3,"",%progbits
  18 0000 789C6365 		.ascii	"x\234ce`bPc@\0006\206MO/\354\345b\334\371\347\304s^"
  18      60625063 
  18      40003686 
  18      4D4F2FEC 
  18      E562DCF9 
  19 0018 A6F9DFE6 		.ascii	"\246\371\337\346\177\345f\006\223,og\316~\300\317\372"
  19      7FE56606 
  19      932C6F67 
  19      CE7EC0CF 
  19      FA
  20 0029 F5C6F237 		.ascii	"\365\306\3627l\014\000\205\312\023\300"
  20      6C0C0085 
  20      CA13C0
  21              		.text
  22              		.section	.gnu.lto_.jmpfuncs.7a9432d3,"",%progbits
  23 0000 789C458B 		.ascii	"x\234E\213\273\021\000 \010C\023@-\235\312\241\254\262"
  23      BB110020 
  23      08431340 
  23      2D9DCAA1 
  23      ACB2
  24 0012 BA5888AF 		.ascii	"\272X\210\257\310]~\015\206\205O\203\221.1\221y\352"
  24      C85D7E0D 
  24      86854F83 
  24      912E3191 
  24      79EA
  25 0024 10D56D93 		.ascii	"\020\325m\223o\342\225\246\251\"\342^\246\022\034\360"
  25      6FE295A6 
  25      A922E25E 
  25      A6121CF0 
  26 0034 C60714   		.ascii	"\306\007\024"
  27              		.text
  28              		.section	.gnu.lto_.inline.7a9432d3,"",%progbits
  29 0000 789CB591 		.ascii	"x\234\265\2211\016\3020\014E\277\235\224D4Ua*HHd\002"
  29      310EC230 
  29      0C45BF9D 
  29      94443455 
ARM GAS  C:\Users\user\AppData\Local\Temp\ccNOqtoy.s 			page 2


  29      612A4848 
  30 0016 A69E8189 		.ascii	"\246\236\201\211\2213p\024\330:vddd\344(\0359\002##"
  30      91337014 
  30      D83A7664 
  30      6464E428 
  30      1D390223 
  31 002b 23D8AD40 		.ascii	"#\330\255@Ht$\221\236\034Ky\266\223\004\214\003\341"
  31      48742491 
  31      9E1C4B79 
  31      B693048C 
  31      03E1
  32 003d BD12200B 		.ascii	"\275\022 \013d\020\011f\255\334)\343pP\227\360M\311"
  32      64100966 
  32      ADDC29E3 
  32      705097F0 
  32      4DC9
  33 004f A09BB32D 		.ascii	"\240\233\263-\005^C\017{\232\007\320\325\215X\011\276"
  33      055E430F 
  33      7B9A07D0 
  33      D58D5809 
  33      BE
  34 0060 E4131112 		.ascii	"\344\023\021\022B\332\371Z\323\236:\241\251\012\270"
  34      42DAF95A 
  34      D39E3AA1 
  34      A90AB8
  35 006f C7E287D0 		.ascii	"\307\342\207\320\034\213~!c<%\373%\344(\023\2505}]\203"
  35      1C8B7E21 
  35      633C25FB 
  35      25E42813 
  35      A8357D5D 
  36 0084 BFF7B6C9 		.ascii	"\277\367\266\311M\036D=\223c\324d\224\344J\3246\003"
  36      4D1E443D 
  36      9363D464 
  36      94E44AD4 
  36      3603
  37 0096 4CBD956D 		.ascii	"L\275\225m>U\272g\370C\021\013\357\010\234TK\244\347"
  37      3E55BA67 
  37      F843110B 
  37      EF089C54 
  37      4BA4E7
  38 00a9 0DEB073C 		.ascii	"\015\353\007<\001\310\1775\215"
  38      01C87F35 
  38      8D
  39              		.text
  40              		.section	.gnu.lto_.pureconst.7a9432d3,"",%progbits
  41 0000 789C6365 		.ascii	"x\234ce`b\340f```e\220b\224b\222b\226b\221\002\000\004"
  41      6062E066 
  41      60606065 
  41      90629462 
  41      92629662 
  42 0018 2200A4   		.ascii	"\"\000\244"
  43              		.text
  44              		.section	.gnu.lto__put.7a9432d3,"",%progbits
  45 0000 789C9552 		.ascii	"x\234\225RKHTQ\030>\337=w\346\316\3504Q\253\026\263"
  45      4B485451 
  45      183EDF3D 
  45      77E6CEE8 
ARM GAS  C:\Users\user\AppData\Local\Temp\ccNOqtoy.s 			page 3


  45      3451AB16 
  46 0015 7091888B 		.ascii	"p\221\210\213\274E/\010\"H\"h\023dK7j\202\003\016Jc"
  46      BC452F08 
  46      22482268 
  46      13644B37 
  46      6A82030E 
  47 002b DB3CCED8 		.ascii	"\333<\316\330(\275\224\036\276\230\351\012!\226\345"
  47      28BD941E 
  47      BE98E90A 
  47      2196E5
  48 003a 5B4BED35 		.ascii	"[K\3555$\224\232\226\025F\264h\221\017\220\262\260\007"
  48      24949A96 
  48      1546B468 
  48      910F90B2 
  48      B007
  49 004c EDACFFBF 		.ascii	"\355\254\377\277w@\243\215^\270\347\236\307\377=\376"
  49      7740A38D 
  49      5EB8E79E 
  49      C7FF3DFE 
  50 005c EF1E97D0 		.ascii	"\357\036\227\320\304\254\024\342\230\020b/\275p\011"
  50      C4AC14E2 
  50      9810622F 
  50      BD7009
  51 006b 68F52F85 		.ascii	"h\365/\205\250\362h\232nA\2504\271<)\204\362I\350\316"
  51      A8F2689A 
  51      6E41A834 
  51      B93C2984 
  51      F249E8CE 
  52 007f BE0EF044 		.ascii	"\276\016\360Dy *5\251\243\022u\262Q\342uuO\\^\226\226"
  52      79202A35 
  52      A9A31275 
  52      B251E275 
  52      754F5C5E 
  53 0095 14D069B9 		.ascii	"\024\320i\271<\3252\353\347%\220A\313\271\341\330\222"
  53      3CD532EB 
  53      E7259041 
  53      CBB9E1D8 
  53      92
  54 00a6 9EDDAEE8 		.ascii	"\236\335\256\350I6^s\337\350\233V^Kj\242\231\312o!\200"
  54      49365E73 
  54      DFE89B56 
  54      5E4B6AA2 
  54      99CA6F21 
  55 00bb 760458FD 		.ascii	"v\004X\3756\262\251\370\355\324L\275!\017C\320\274\277"
  55      36B2A9F8 
  55      EDD44CBD 
  55      210F43D0 
  55      BCBF
  56 00cd B675D897 		.ascii	"\266u\330\227\325\246TD%'\257J\265\335\222\022\035\220"
  56      D5A65444 
  56      2527AF4A 
  56      B5DD9212 
  56      1D90
  57 00df 6B81B425 		.ascii	"k\201\264%p\007YT\036\217u\314Ky\304\206~\216}\377\352"
  57      70075954 
  57      1E8F75CC 
  57      4B79C486 
ARM GAS  C:\Users\user\AppData\Local\Temp\ccNOqtoy.s 			page 4


  57      7E8E7DFF 
  58 00f4 4F41BFFC 		.ascii	"OA\277\374\324\224\317\"\267w\035\350\356\000v2P\027"
  58      D494CF22 
  58      B7771DE8 
  58      EE007632 
  58      5017
  59 0106 E8441657 		.ascii	"\350D\026W\377\3706\363\302+\217\332Hk(\332\342\317"
  59      FFF836F3 
  59      C22B8FDA 
  59      486B28DA 
  59      E2CF
  60 0118 BC69233F 		.ascii	"\274i#?6m\275\022UcJ\267\244\013]\377\012\363C\345\237"
  60      366DBD12 
  60      55634AB7 
  60      A40B5DFF 
  60      0AF343E5 
  61 012d 7A57AE6F 		.ascii	"zW\256or\353\350F&7D}\364\300\015\372v\277AR\255\374"
  61      72EBE846 
  61      2637447D 
  61      F4C00DFA 
  61      76BF4152 
  62 0143 A951C977 		.ascii	"\251Q\311w\333\336\017Lm\361\203$5\212\204\314\272h"
  62      DBDE0F4C 
  62      6DF18324 
  62      358A84CC 
  62      BA68
  63 0155 EA76F360 		.ascii	"\352v\363`\320`xx\360\202\335\244\363\246\217\007!\316"
  63      D0607878 
  63      F082DDA4 
  63      F3A68F07 
  63      21CE
  64 0167 131DA77D 		.ascii	"\023\035\247}\201\262\242\257\234G\244\265\373b\266"
  64      81B2A2AF 
  64      9C47A4B5 
  64      FB62B6
  65 0176 2D407209 		.ascii	"-@r\011\352|\021\221\221\305K\243n\336KH\027\371i8\367"
  65      EA7C1191 
  65      91C54BA3 
  65      6EDE4B48 
  65      17F96938 
  66 018b F495C1D9 		.ascii	"\364\225\301\331\273\354n~?\237\250\365YHTQ\370\031"
  66      BBEC6E7E 
  66      3F9FA8F5 
  66      59485451 
  66      F819
  67 019d 96F41008 		.ascii	"\226\364\020\010\275\354\236\316\332\346\"]\206\331"
  67      BDEC9ECE 
  67      DAE6225D 
  67      86D9
  68 01ab A99C232F 		.ascii	"\251\234#/\372`\241\211[\020\350\207is\217\3478\314"
  68      FA60A189 
  68      5B10E887 
  68      69738FE7 
  68      38CC
  69 01bd EE0D520D 		.ascii	"\356\015R\015\330T\034\003\006\211j\016\325\037F\367"
  69      D8541C03 
  69      06896A0E 
ARM GAS  C:\Users\user\AppData\Local\Temp\ccNOqtoy.s 			page 5


  69      D51F46F7 
  70 01cd A44C26B8 		.ascii	"\244L&\2707\301mIA\327K\332=\324ES=\030\033R2p\317V"
  70      37C16D49 
  70      41D74BDA 
  70      3DD44553 
  70      3D181B52 
  71 01e5 D258E9BE 		.ascii	"\322X\351\276m:\032\2175\273\034.\002\032\254F\012-"
  71      6D3A1A8F 
  71      35BB1C2E 
  71      021AAC46 
  71      0A2D
  72 01f7 E307796F 		.ascii	"\343\007yom@\306\177\001\265\372\351R\020\014C,\206"
  72      6D40C67F 
  72      01B5FAE9 
  72      52100C43 
  72      2C86
  73 0209 61A24E48 		.ascii	"a\242NH\257\023rS\324pH\323\327ep\007\2470\262\232\302"
  73      AF137253 
  73      D47048D3 
  73      D7657007 
  73      A730B29A 
  74 021e 03C75B43 		.ascii	"\003\307[C\014\016\213\317!\032\254\231\354Mc3\364\367"
  74      0C0E8BCF 
  74      211AAC99 
  74      EC4D6333 
  74      F4F7
  75 0230 F1901848 		.ascii	"\361\220\030H\253\301\233r\272N\225G\253*\217a\022\265"
  75      ABC19B72 
  75      BA4E9547 
  75      AB2A8F61 
  75      12B5
  76 0242 9DAD6E5F 		.ascii	"\235\255n_\231%h\"a\237\375\002\010\266\020\037x\266"
  76      99256822 
  76      619FFD02 
  76      08B6101F 
  76      78B6
  77 0254 99F5349C 		.ascii	"\231\3654\234\305\023\004\264\211\242\265\221h\020H"
  77      C51304B4 
  77      89A2B591 
  77      681048
  78 0263 22204716 		.ascii	"\" G\026\246A\327\017\314A\321\036\312=\220\177\342"
  78      A641D70F 
  78      CC41D11E 
  78      CA3D907F 
  78      E2
  79 0274 E4F1BCFC 		.ascii	"\344\361\274\374\334\222`a0\257\342\314\251`Y~\021\317"
  79      DC926061 
  79      30AFE2CC 
  79      A960597E 
  79      11CF
  80 0286 CBC2BBF6 		.ascii	"\313\302\273\366\3573\313\302fIA\251Y\032,4\303\025"
  80      EF33CBC2 
  80      664941A9 
  80      591A2C34 
  80      C315
  81 0298 A78B0B42 		.ascii	"\247\213\013Ba3T\034JMs\212\204\026,G\241\014\205\313"
  81      6133541C 
ARM GAS  C:\Users\user\AppData\Local\Temp\ccNOqtoy.s 			page 6


  81      4A4D738A 
  81      84162C47 
  81      A10C85CB 
  82 02ac FF0225E6 		.ascii	"\377\002%\346M\027"
  82      4D17
  83              		.text
  84              		.section	.gnu.lto__get.7a9432d3,"",%progbits
  85 0000 789C9552 		.ascii	"x\234\225R]H\024Q\024\276\337\334\331\235\235e5\352"
  85      5D481451 
  85      14BEDFDC 
  85      D99D9D65 
  85      35EA
  86 0012 410896F0 		.ascii	"A\010\226\360!\021\037l\212\376\240\227 \351\241^\202"
  86      21111F6C 
  86      8AFEA097 
  86      20E9A15E 
  86      82
  87 0023 EC25F045 		.ascii	"\354%\360EMp\301Ei\355-r\334\265U4J\212Le\267\021B4"
  87      4D70C145 
  87      69ED2D72 
  87      DCB55534 
  87      4A8A4C65 
  88 003b CB7FB7FC 		.ascii	"\313\177\267\374IX\222\262\037-+\014\354)J\005\013\013"
  88      495892B2 
  88      1F2D2B0C 
  88      EC294A05 
  88      0B0B
  89 004d FB850AEB 		.ascii	"\373\205\012\353\234\031)\243\227\034\230;\347\236{"
  89      9C1929A3 
  89      971C983B 
  89      E79E7B
  90 005c BEEF3BE7 		.ascii	"\276\357;\347\233\353\022\212\030\221B\034\024B\354"
  90      9BEB128A 
  90      1891421C 
  90      1442EC
  91 006b A4172E01 		.ascii	"\244\027.\001\245\376\221\020\225\036EQ-\010\323+\227"
  91      A5FE9110 
  91      951E4551 
  91      2D08D32B 
  91      97
  92 007c 2684307D 		.ascii	"&\2040}\022\252\223W\001\016L\017D\205\"UT\340\234\274"
  92      12AA9357 
  92      010E4C0F 
  92      44852255 
  92      54E09CBC 
  93 0090 24F1A4AA 		.ascii	"$\361\244\252'&\317JK\012\250\264]\232l~\235\312[ \235"
  93      2726CF4A 
  93      4B0AA8B4 
  93      5D9A6C7E 
  93      9DCA5B20 
  94 00a5 B6B343D1 		.ascii	"\266\263C\321E5\253\315\244'yi\320}\271o\312\324-\251"
  94      4535ABCD 
  94      A4277969 
  94      D07DB96F 
  94      CAD42DA9 
  95 00b9 88262A6F 		.ascii	"\210&*o\207\037m\360\263\372UdQ\361\263\311\351zM\356"
  95      871F6DF0 
ARM GAS  C:\Users\user\AppData\Local\Temp\ccNOqtoy.s 			page 7


  95      B3FA5564 
  95      51F1B3C9 
  95      E97A4DEE 
  96 00cd 83A0B8BF 		.ascii	"\203\240\270\277\246e\310\227\331j\232a39qA\232\233"
  96      A665C897 
  96      D96A9A61 
  96      33397141 
  96      9A9B
  97 00df 2D29D101 		.ascii	"-)\321\001\271\032H)\201k\310\344\372\217\357\247\037"
  97      B91A4829 
  97      816BC8E4 
  97      FA8FEFA7 
  97      1F
  98 00f0 EA72BF8D 		.ascii	"\352r\277\215\265\006#\315\251\031Wl\354\227\246\015"
  98      B50623CD 
  98      A919576C 
  98      EC97A60D 
  99 0100 E723E63D 		.ascii	"\347#\346=S\265\250\345\353\177\343\371\241\362X\264"
  99      53B5A8E5 
  99      EB7FE3F9 
  99      A1F258B4 
 100 0110 634ECA03 		.ascii	"cN\312\0036\364\316\217\231q\357\012\364]S\332R\330"
 100      36F4CE8F 
 100      9971EF0A 
 100      F45D53DA 
 100      52D8
 101 0122 6C64A80B 		.ascii	"ld\250\013]\016t\273\037[\177\003_\365._Lq\253\350F"
 101      5D0E74BB 
 101      1F5B7F03 
 101      5FF52E5F 
 101      4C71ABE8 
 102 0137 063A91C1 		.ascii	"\006:\221\301C\321,=p\203>\234\355~\212\244\271\374"
 102      43D12C3D 
 102      70833E9C 
 102      ED7E8AA4 
 102      B9FC
 103 0149 B3DA4CCE 		.ascii	"\263\332L\316o\034\375\364|}\012\250g\205\254\241\246"
 103      6F1CFDF4 
 103      7C7D0AA8 
 103      6785ACA1 
 103      A6
 104 015a 5D14BADD 		.ascii	"]\024\272\335\274h\264h\036^t\301(/'}\\)D-Q\262\353"
 104      BC68B468 
 104      1E5E74C1 
 104      282F277D 
 104      5C29442D 
 105 0171 75B4A1AF 		.ascii	"u\264\241\257\234C\270\345\373\231,[\204$\343\344\300"
 105      9C43B8E5 
 105      FB992C5B 
 105      8424E3E4 
 105      C0
 106 0182 02C2C30B 		.ascii	"\002\302\303\013\355cn\316\305\245\213\372j8}\373\261"
 106      ED636ECE 
 106      C5A58BFA 
 106      6A387DFB 
 106      B1
 107 0193 C6FF40B5 		.ascii	"\306\377@\265g\372:\376\240\306g!^I?!\335\222\036\002"
ARM GAS  C:\Users\user\AppData\Local\Temp\ccNOqtoy.s 			page 8


 107      67FA3AFE 
 107      A0C66721 
 107      5E493F21 
 107      DD921E02 
 108 01a7 A197C7A7 		.ascii	"\241\227\307\247\263\326\331p\227ft\232\316\221\216"
 108      B3D6D970 
 108      9766749A 
 108      CE918E
 109 01b6 3E5868E4 		.ascii	">Xh\3441\004\372a\330\334\367\263\035f\367\032\251\006"
 109      3104FA61 
 109      D8DCF7B3 
 109      1D66F71A 
 109      A906
 110 01c8 6C2A3055 		.ascii	"l*0U\202\250fQ\365bl\307J\223\304f\233XG\375\3235\223"
 110      82A86651 
 110      F5626CC7 
 110      4A93C466 
 110      9B5847FD 
 111 01df F60C1D11 		.ascii	"\366\014\035\021\3159\326\326\244\244\341\206\255\244"
 111      CD39D6D6 
 111      A4A4E186 
 111      ADA4
 112 01ed B0D24DBB 		.ascii	"\260\322M\273\351H,:\343r\270\010\250\261\032)|\253"
 112      E9482C3A 
 112      E372B808 
 112      A8B11A29 
 112      7CAB
 113 01ff 3DEAE4F4 		.ascii	"=\352\344\364\325\036i\377x\324\262\311\342\016=\030"
 113      D51E69FF 
 113      78D4B2C9 
 113      E20E3D18 
 114 020f 643D0C11 		.ascii	"d=\014\021\273`\337\323l\327\273\331u\235E\032\242\243"
 114      BB60DFD3 
 114      6CD7BBD9 
 114      759D451A 
 114      A2A3
 115 0221 89930EA3 		.ascii	"\211\223\016\243\327\261'Q=\321\353eR\035\3000\241I"
 115      D7B12751 
 115      3DD1EB65 
 115      521DC030 
 115      A149
 116 0233 B541E792 		.ascii	"\265A\347\222\377\232(\233\201#\177l\273\005\203\250"
 116      FF9A289B 
 116      81237F6C 
 116      BB0583A8 
 117 0243 99E443F5 		.ascii	"\231\344C\365d\242\330\221\362\261:;\247\332\027b\021"
 117      64A2D891 
 117      F2B13A3B 
 117      A7DA1762 
 117      11
 118 0254 8A88DBE5 		.ascii	"\212\210\333\345\237\001b\232\217\015\334]\307-(8\205"
 118      9F01629A 
 118      8F0DDC5D 
 118      C72D2838 
 118      85
 119 0265 51F895E1 		.ascii	"Q\370\225\3417/A(\331\374v\012t\235\300(\262jo\316\236"
 119      372F4128 
ARM GAS  C:\Users\user\AppData\Local\Temp\ccNOqtoy.s 			page 9


 119      D9FC760A 
 119      749DC028 
 119      B26A6FCE 
 120 027a BCC3470E 		.ascii	"\274\303G\016\345\346\345\024\007\012\002\271\345'\216"
 120      E5E6E514 
 120      070A02B9 
 120      E5278E
 121 0289 054AF30A 		.ascii	"\005J\363\0129.\015m\333\275\313(\015\031\305\371%F"
 121      392E0D6D 
 121      DBBDCB28 
 121      0D19C5F9 
 121      2546
 122 029b 49A0C008 		.ascii	"I\240\300\010\225\037/\312\017\206\214`Qp%\334R(\224"
 122      951F2FCA 
 122      0F868C60 
 122      517025DC 
 122      522894
 123 02ae 40990C86 		.ascii	"@\231\014\206\312P\360\013\333#Dq"
 123      CA50F00B 
 123      DB234471 
 124              		.text
 125              		.section	.gnu.lto__reads.7a9432d3,"",%progbits
 126 0000 789C9552 		.ascii	"x\234\225R\337K\024Q\024\276\347\336\231\235]\331\335"
 126      DF4B1451 
 126      14BEE7DE 
 126      999D5DD9 
 126      DD
 127 0011 FE01897D 		.ascii	"\376\001\211}H\304\007\033\002)(*H\002\011\"\320\036"
 127      48C4071B 
 127      0229282A 
 127      48020922 
 127      D01E
 128 0023 7D51135C 		.ascii	"}Q\023\\pSZ{\336\353\252\233f\224Q\256\256\271\214 "
 128      70535A7B 
 128      DEEBAA9B 
 128      669451AE 
 128      AEB98C20 
 129 0037 6656FECA 		.ascii	"fV\376\3122\327,\026\203\242L#\177<\371\020\324FHE\205"
 129      32D72C16 
 129      83A24C23 
 129      7F3CF910 
 129      D4464845 
 130 004c 840FB2DA 		.ascii	"\204\017\262\3329w\266,\237t`\356\334{\316\371\276s"
 130      3977B62C 
 130      9F7460EE 
 130      DC7BCEF9 
 130      BE73
 131 005e BEEF8ECE 		.ascii	"\276\357\216\3168\363i\214\235f\214\025\340\013:\003"
 131      38F3698C 
 131      9D668C15 
 131      E00B3A03 
 132 006e DE36C758 		.ascii	"\3366\307X\275\223s\261h2\231\245M\355e\322-@\263\303"
 132      BD9373B1 
 132      683299A5 
 132      4DED65D2 
 132      2D40B3C3 
 133 0082 1A006DA4 		.ascii	"\032\000m\244\023X\210\013\015BpMt\010x\3278\322-\256"
ARM GAS  C:\Users\user\AppData\Local\Temp\ccNOqtoy.s 			page 10


 133      1358880B 
 133      0D42704D 
 133      740878D7 
 133      38D22DAE 
 134 0096 0A4B30D0 		.ascii	"\012K0\320\360\370s\266\353\243\227\216\000><\336\222"
 134      F0F873B6 
 134      EBA3978E 
 134      003E3CDE 
 134      92
 135 00a7 F32D465E 		.ascii	"\363-F^\277\224a\231\354\370q\364zCS\221%8\213a\365"
 135      BF946199 
 135      ECF871F4 
 135      7A435391 
 135      25388B61 
 136 00bc 1DC8867E 		.ascii	"\035\310\206~\310\246\336\003\220\207\265\013\263Km"
 136      C8A6DE03 
 136      9087B50B 
 136      B34B6D
 137 00cb 8638010C 		.ascii	"\2068\001\014\367c\315=\011wn\237\302\245n\010\271\317"
 137      F763CD3D 
 137      09776E9F 
 137      C2A56E08 
 137      B9CF
 138 00dd 1202EE82 		.ascii	"\022\002\356\202\370\027\210!\006\367 \027\313\327["
 138      F8178821 
 138      06F72017 
 138      CBD75B
 139 00ec 97A22E71 		.ascii	"\227\242.qRA\353\373\306-\236\201\276iWP\015\356o\207"
 139      5241EBFB 
 139      C62D9E81 
 139      BE695750 
 139      0DEE6F87 
 140 0100 6A0C0615 		.ascii	"j\014\006\0254-oF\275\242HAc\323\355\313\236?]\243\012"
 140      342D6F46 
 140      BDA24841 
 140      63D3EDCB 
 140      9E3F5DA3 
 141 0115 CA61683B 		.ascii	"\312ah;\2243\030\206\\\252_\375\2764\343\022\247\024"
 141      94331886 
 141      5CAA5FFD 
 141      BE34E312 
 141      A714
 142 0127 D69A68E8 		.ascii	"\326\232h\350\362\346\364*\354\\\207\036\223\311F\237"
 142      F2E6F42A 
 142      EC5C871E 
 142      93C9469F 
 143 0137 257418F9 		.ascii	"%t\030\371\037N\017V\177\030\335h\36784\030\205\034"
 143      1F4E0F56 
 143      7F18DD68 
 143      F7383418 
 143      851C
 144 0149 32033D78 		.ascii	"2\003=x\000\016\300\357\360<$\345\306\346%\231|\261"
 144      000EC0EF 
 144      F03C24E5 
 144      C6E62599 
 144      7CB1
 145 015b 06B77BAF 		.ascii	"\006\267{\257\300\036P\3558\220T\015\333;tZ\034\264"
ARM GAS  C:\Users\user\AppData\Local\Temp\ccNOqtoy.s 			page 11


 145      C01E50ED 
 145      3890540D 
 145      DB3B745A 
 145      1CB4
 146 016d 18402927 		.ascii	"\030@)'\311q\321\222\005$\312M)\017-\214]Fn\272\265"
 146      C971D192 
 146      0524CA4D 
 146      290F2D8C 
 146      5D466EBA 
 147 0182 569C1ABF 		.ascii	"V\234\032\277\342\023\204{>\317p\325\015{\3071\274\002"
 147      E213847B 
 147      3ECF70D5 
 147      0D7BC731 
 147      BC02
 148 0194 E1C995F5 		.ascii	"\341\311\225\365\002\012\305\005]a\264i\372\255AW\250"
 148      020AC505 
 148      5D61B469 
 148      FAAD4157 
 148      A8
 149 01a5 2B616B2F 		.ascii	"+ak/_7\273-\210\327K)Q\221\201\030\030#%\230\353K\205"
 149      5F37BB2D 
 149      88D74B29 
 149      51918118 
 149      18232598 
 150 01bc 870C7350 		.ascii	"\207\014sP\332)\016\017\301\202N\222\303\340\021\230"
 150      DA290E0F 
 150      C1824E92 
 150      C3E01198 
 151 01cc 8AFA55BE 		.ascii	"\212\372U\276\315\254\357\222j\\Q\221%\360XQ5tFZt\233"
 151      CDACEF92 
 151      6A5C5191 
 151      25F05851 
 151      3574465A 
 152 01e2 8B064546 		.ascii	"\213\006EF\226\202\306\271\347\005\177c\206r\267\025"
 152      9682C6B9 
 152      E7057F63 
 152      8672B715 
 153 01f2 7F8B4553 		.ascii	"\177\213ES)]=\242\204\242Gq2\003SZ\306\005\373\016\343"
 153      295D3DA2 
 153      84A24771 
 153      3203535A 
 153      C605FB0E 
 154 0207 C8AFE4A7 		.ascii	"\310\257\344\247\213m\022\347\256\206\324`B\015\311"
 154      8B6D12E7 
 154      AE86D460 
 154      420DC9
 155 0216 69C8843D 		.ascii	"i\310\204=dwd\300\260\271\\HGC~\201H\217\227BD\220H"
 155      647764C0 
 155      B0B95C48 
 155      47437E81 
 155      488F9742 
 156 022d 7C5D3642 		.ascii	"|]6Bi\351\264\2043F\352`\022B,.\262T=X\302e\017\264"
 156      69E9B484 
 156      3346EA60 
 156      12422C2E 
 156      B2543D58 
 157 0245 71CC2671 		.ascii	"q\314&q\357h\240|2\354\311\226aS\366,\321\010\330,\036"
ARM GAS  C:\Users\user\AppData\Local\Temp\ccNOqtoy.s 			page 12


 157      EF68A07C 
 157      32ECC996 
 157      6153F62C 
 157      D108D82C 
 158 025a A4462EA2 		.ascii	"\244F.\242\216\272(\264s\326\247[\254\317\300D*\366"
 158      8EBA28B4 
 158      73D6A75B 
 158      ACCFC044 
 158      2AF6
 159 026c 0D8DDD5C 		.ascii	"\015\215\335\\\3100S\342\027 \271\301Q\205Ct\275\027"
 159      C83053E2 
 159      1720B9C1 
 159      51854374 
 159      BD17
 160 027e F8CF01B9 		.ascii	"\370\317\001\271\214\256\034/<\\Z|\366LIia\225\277\334"
 160      8CAE1C2F 
 160      3C5C5A7C 
 160      F64C4969 
 160      6195BFDC 
 161 0292 5F5277F1 		.ascii	"_Rw\361\234\277\246\264\202\3665\301\003\207\016\232"
 161      9CBFA6B4 
 161      82F635C1 
 161      03870E9A 
 162 02a2 3541B3AA 		.ascii	"5A\263\252\254\332\254\366\227\233\301\272\013\225e"
 162      ACDAACF6 
 162      979BC1BA 
 162      0B9565
 163 02b1 81A019A8 		.ascii	"\201\240\031\250\014d\266\373+\030\367\327\362\362Z"
 163      0C64B6FB 
 163      2B18F7D7 
 163      F2F25A
 164 02c0 382F02C1 		.ascii	"8/\002\301\332\337\224\205X\265"
 164      DADF9485 
 164      58B5
 165              		.text
 166              		.section	.gnu.lto__writes.7a9432d3,"",%progbits
 167 0000 789C9552 		.ascii	"x\234\225R\317KTQ\024\276\347\336\367\346\315L3\323"
 167      CF4B5451 
 167      14BEE7DE 
 167      F7E6CD4C 
 167      33D3
 168 0012 3F20E522 		.ascii	"? \345\"\021\027\371\010\244\302\210 \011$\210 [\272"
 168      1117F908 
 168      A4C28820 
 168      09248820 
 168      5BBA
 169 0024 51131C70 		.ascii	"Q\023\034pR\032[\317u\034'K(\243\034\035sxB\210\225"
 169      521A5BCF 
 169      751C274B 
 169      28A31C1D 
 169      73784288 
 170 0039 F92B4B1D 		.ascii	"\371+K\035\265\030,\210\014\225\374\261\321V\245\213"
 170      B5182C88 
 170      0C95FCB1 
 170      D156A58B 
 171 0049 412322AA 		.ascii	"A#\"\252E\250\235s\337\220\345J\007\346\276\373\316"
 171      45A89D73 
ARM GAS  C:\Users\user\AppData\Local\Temp\ccNOqtoy.s 			page 13


 171      DF90E54A 
 171      07E6BEFB 
 171      CE
 172 005a 39DF77BF 		.ascii	"9\337w\277\357\273Og\234\035\326\030\273\300\030+\300"
 172      EFBB4F67 
 172      9C1DD618 
 172      BBC0182B 
 172      C0
 173 006b 3FE80C78 		.ascii	"?\350\014x\313,c\365N\316\305\242\311\244[\233<\304"
 173      CB2C63F5 
 173      4ECEC5A2 
 173      C9A45B9B 
 173      3CC4
 174 007d A4478066 		.ascii	"\244G\200f\2275\000\332H'\260\020\027\032\204\340\216"
 174      973500DA 
 174      4827B010 
 174      171A84E0 
 174      8E
 175 008e 6813F021 		.ascii	"h\023\360!2\330)n\013K0\320\360\365\333L\307g\037\275"
 175      32D8296E 
 175      0B4B30D0 
 175      F0F5DB4C 
 175      C7671FBD 
 176 00a2 0264E3EB 		.ascii	"\002d\343\353\0039\177\323\310\353\2212,Sm\223\247\357"
 176      03397FD3 
 176      C8EB9132 
 176      2C536D93 
 176      A7EF
 177 00b4 3634165B 		.ascii	"64\026[\202\2638N?\202,\350\201,:\3731\344\341\354\302"
 177      82B3384E 
 177      3F822CE8 
 177      812C3AFB 
 177      31E4E1EC 
 178 00c9 CC528B21 		.ascii	"\314R\213!\316\002\303\375pSW\322\223\333\255p\033\367"
 178      CE02C3FD 
 178      705357D2 
 178      93DBAD70 
 178      1BF7
 179 00db 843C6209 		.ascii	"\204<b\011\001O@\374\013\304\022\203^\310\305\361\337"
 179      014F40FC 
 179      0BC41283 
 179      5EC8C5F1 
 179      DF
 180 00ec CD4B3197 		.ascii	"\315K1\2278\247\240\365\335#\026\317@\337\304\024T\203"
 180      38A7A0F5 
 180      DD2316CF 
 180      40DFC414 
 180      5483
 181 00fe A7BBA11A 		.ascii	"\247\273\241\032\203>\005\335\224\367c>Q\254\240\361"
 181      833E05DD 
 181      94F7633E 
 181      51ACA0F1 
 182 010e A9D6156F 		.ascii	"\251\326\025o\006\372\261MA9\364\357\206r\006\003\220"
 182      06FAB14D 
 182      4139F4EF 
 182      86720603 
 182      90
ARM GAS  C:\Users\user\AppData\Local\Temp\ccNOqtoy.s 			page 14


 183 011f 4BF3DFBF 		.ascii	"K\363\337\277.\275w\211\363\012k\2155t\370r\036*\354"
 183      2EBD7789 
 183      F30A6B8D 
 183      3574F872 
 183      1E2AEC
 184 0132 56AB1E97 		.ascii	"V\253\036\227\251H\266%t\030\374\037N?\234\3764\264"
 184      A948B625 
 184      7418FC1F 
 184      4E3F9CFE 
 184      34B4
 185 0144 D5EA7568 		.ascii	"\325\352uh0\0049\024\006f\360\014\034\200\317\201yH"
 185      30043914 
 185      0666F00C 
 185      1C80CF81 
 185      7948
 186 0156 C9ADED1B 		.ascii	"\311\255\355\0332\365s\015z&\016\034\004u\032\007r\252"
 186      32F5730D 
 186      7A260E1C 
 186      04751A07 
 186      72AA
 187 0168 E1E90E9D 		.ascii	"\341\351\016\235\026\007-\006P\313\211[\303E\213\033"
 187      16072D06 
 187      50CB895B 
 187      C3458B1B 
 188 0178 C893875A 		.ascii	"\310\223\207Z^Z\030\273\205\324ti\315(\032\237b\015"
 188      5E5A18BB 
 188      85D47469 
 188      CD281A9F 
 188      620D
 189 018a C25DDBD3 		.ascii	"\302]\333\323\\\035\206G'\260\234\206\360x:]@\245\204"
 189      5C1D8647 
 189      27B09C86 
 189      F0783A5D 
 189      40A584
 190 019d A01B8C35 		.ascii	"\240\033\2145N\315\031t\203\272\362\365\353\355t\223"
 190      4ECD1974 
 190      83BAF2F5 
 190      EBED7493 
 191 01ad C78244BD 		.ascii	"\307\202D\275\224\022\0159\021\003\303d\004{\335\253"
 191      94120D39 
 191      1103C364 
 191      047BDDAB 
 192 01bd E17EC3EC 		.ascii	"\341~\303\354\223v\213\303s\260\240\235\3340x\001\246"
 192      93768BC3 
 192      73B0A09D 
 192      DC307801 
 192      A6
 193 01ce A27E976F 		.ascii	"\242~\227o3\353\373\244\032QT\224\010\214*\252\206\366"
 193      33EBFBA4 
 193      1A515494 
 193      088C2AAA 
 193      86F6
 194 01e0 685CB7B9 		.ascii	"h\\\267\271H(2\262U\210\314\276.\370[3T\270\315\370"
 194      482832B2 
 194      5588CCBE 
 194      2EF85B33 
 194      54B8CDF8 
ARM GAS  C:\Users\user\AppData\Local\Temp\ccNOqtoy.s 			page 15


 195 01f4 552C9ACA 		.ascii	"U,\232\312i\357)e\0243JP\030\330\3222)\330W\230@~e\177"
 195      69EF2965 
 195      14334A50 
 195      18D8D232 
 195      29D85798 
 196 020c BDD02671 		.ascii	"\275\320&q\356K\244\001cJ$'\221I[dg4\235\021\351J\020"
 196      EE4BA401 
 196      634A2427 
 196      91495B64 
 196      67349D11 
 197 0223 5667EB10 		.ascii	"Vg\353\020\355\362Q\211\010\222\311\215\025#\264)\235"
 197      EDF25189 
 197      0892C98D 
 197      1523B429 
 197      9D
 198 0234 9670C5C9 		.ascii	"\226p\305\311\035\214C\210\251a7\252\261\204\333\026"
 198      1D8C4388 
 198      A96137AA 
 198      B184DB16 
 199 0244 B471D226 		.ascii	"\264q\322&\361\354I\320Q\012lb'\260I[K,\0126\213\027"
 199      F1EC49D0 
 199      510A6C62 
 199      27B0495B 
 199      4B2C0A36 
 200 025a A9918BA8 		.ascii	"\251\221\213\250c.*\355\235\365\345\016\353+0\221\212"
 200      632E2AED 
 200      9DF5E50E 
 200      EB2B3091 
 200      8A
 201 026b 7DC16047 		.ascii	"}\301`G\0272\314\324\370\001Hnpt\341\020\313\313\002"
 201      1732CCD4 
 201      F801486E 
 201      7074E110 
 201      CBCB02
 202 027e BF39A094 		.ascii	"\2779\240\2241\2253E\205\245\227._,)-\252\362\227\373"
 202      31953345 
 202      85A5972E 
 202      5F2C292D 
 202      AAF297FB 
 203 0292 4BEAAE5F 		.ascii	"K\352\256_\361\327\224V\320\276&x\354\304q\263&hV\225"
 203      F1D79456 
 203      D0BE2678 
 203      ECC471B3 
 203      26685695 
 204 02a6 559BD5FE 		.ascii	"U\233\325\376r3Xw\255\262,\0204\003\225\201\3146\277"
 204      72335877 
 204      ADB22C10 
 204      34039581 
 204      CC36BF
 205 02b9 82717F2D 		.ascii	"\202q\177-/\257\205\253\"\020\254\375\003\224MX*"
 205      2FAF85AB 
 205      2210ACFD 
 205      03944D58 
 205      2A
 206              		.text
 207              		.section	.gnu.lto_msObjectInit.7a9432d3,"",%progbits
 208 0000 789C9D93 		.ascii	"x\234\235\223Mh\023A\024\307\347\277\263\311&\332\006"
ARM GAS  C:\Users\user\AppData\Local\Temp\ccNOqtoy.s 			page 16


 208      4D681341 
 208      14C7E7BF 
 208      B3C926DA 
 208      06
 209 0011 0F1E447B 		.ascii	"\017\036D{\350A\010\275\270xQ\360\"XP/\"\264z\313\245"
 209      E84108BD 
 209      B87851F0 
 209      2258502F 
 209      22B47ACB 
 210 0026 A9290D36 		.ascii	"\251)\0156D\272\355E\204l\322\326H\205\250\330\332Z"
 210      44BAED45 
 210      846CD2D6 
 210      4885A8D8 
 210      DA5A
 211 0038 1AB72831 		.ascii	"\032\267(1jM\277\374\254\265&\006T\332\372\201b\017"
 211      6A4DBFFC 
 211      ACB52606 
 211      54DAFA81 
 211      620F
 212 004a E217D852 		.ascii	"\342\027\330R\214 \"\025\012E\033\337LS\320\342\305"
 212      8C202215 
 212      0A451BDF 
 212      4C53D0E2 
 212      C5
 213 005b 0C0CF366 		.ascii	"\014\014\363f\366\375\177\357\315{\2636\246\260^\316"
 213      F6FD7FEF 
 213      CD7BB336 
 213      A6B05ECE 
 214 006b D841C6D8 		.ascii	"\330A\306\330&\232\340\014\312\351\347\214\205\035\012"
 214      269AE00C 
 214      CAE9E78C 
 214      851D0A
 215 007a 200CD301 		.ascii	" \014\323\001\026R\020\302)\336\305\221\215\316\215"
 215      165210C2 
 215      29DEC591 
 215      8DCE8D
 216 0089 2A154993 		.ascii	"*\025I\223F\246\353\202v\334l\333`\221\374<M1\220D\005"
 216      46A6EB82 
 216      76DC6CDB 
 216      6091FC3C 
 216      4D319044 
 217 009e 79BD6C1D 		.ascii	"y\275l\035\352\3451nq@\245\355\367g=3.\261UPN\333\371"
 217      EAE5316E 
 217      7140A5ED 
 217      F7673D33 
 217      2EB15550 
 218 00b5 6FD3534E 		.ascii	"o\323SN\276\013\214\354k\035)\227;a\232\0213\363\264"
 218      BE0B8CEC 
 218      6B1D2997 
 218      3B619A11 
 218      33F3B4
 219 00c8 839B9B2D 		.ascii	"\203\233\233-Ng\340\304\303U\224\341\012\312\030\035"
 219      4E67E0C4 
 219      C35594E1 
 219      0ACA181D 
 220 00d8 31F4C34D 		.ascii	"1\364\303M\336\311\326\2617N\276[*_\317\305\223%\005"
 220      DEC9D6B1 
ARM GAS  C:\Users\user\AppData\Local\Temp\ccNOqtoy.s 			page 17


 220      374EBE5B 
 220      2A5FCFC5 
 220      932505
 221 00eb E9CF4E29 		.ascii	"\351\317N)Uq}\265TeHI\351\305\360\364T)\337'\245\321"
 221      55717DB5 
 221      54654849 
 221      E9C5F0F4 
 221      5429DF27 
 222 0101 D4786E25 		.ascii	"\324xn%\352\343\370\372\263-\346^\213\3330\260Zlc\030"
 222      EAE3F8FA 
 222      B32DE65E 
 222      8BDB30B0 
 222      5A6C6318 
 223 0115 94E28564 		.ascii	"\224\342\205d\366\221\312\253\244\370\343d\354\314\232"
 223      F691CAAB 
 223      A4F8E364 
 223      ECCC9A
 224 0124 95B8CB29 		.ascii	"\225\270\313)\3330\364\017\3510\334\302\377\323\360"
 224      DB30F40F 
 224      E930DCC2 
 224      FFD3F0
 225 0133 5267A95D 		.ascii	"Rg\251]].\021F`\007\255\203\257\2201\227\362Q33\233"
 225      5D2E1146 
 225      6007AD83 
 225      AF903197 
 225      F2513333 
 226 0148 407ACF5A 		.ascii	"@z\317Z\2525\335P\205H\326\016\021\325\001\011`\355"
 226      AA35DD50 
 226      8548D60E 
 226      11D50109 
 226      60ED
 227 015a 24136D38 		.ascii	"$\023m8\311\025\261\362\034\"\213\321\324\3301A\"\372"
 227      C915B1F2 
 227      1C228BD1 
 227      D4D83141 
 227      22FA
 228 016c B9B6EC0B 		.ascii	"\271\266\354\013M\224\226\313\344\026\236L\236(\261"
 228      4D9496CB 
 228      E4169E4C 
 228      9E28B1
 229 017b 100F537F 		.ascii	"\020\017S\177\3726Z\334\036\247\232\337\240\214\304"
 229      FA365ADC 
 229      1EA79ADF 
 229      A08CC4
 230 018a C7C46C64 		.ascii	"\307\304ld@\323S\242w\345\026\327p\023\026\272e\343"
 230      40D353A2 
 230      77E516D7 
 230      701316BA 
 230      65E3
 231 019c 700BFA9F 		.ascii	"p\013\372\2370M\302Z\026\323\363\256\320/\223:\254]"
 231      304DC25A 
 231      16D3F3AE 
 231      D02F933A 
 231      AC5D
 232 01ae 127E7436 		.ascii	"\022~t6\321\323\177X\360\327Y\334\201;\364*n\027\340"
 232      D1D37F58 
 232      F0D759DC 
ARM GAS  C:\Users\user\AppData\Local\Temp\ccNOqtoy.s 			page 18


 232      813BF42A 
 232      6E17E0
 233 01c1 F92F2303 		.ascii	"\371/#\003Nr\356\246\300\227!\020w\011O\350Q\204\030"
 233      4E72EEA6 
 233      C0972110 
 233      77094FE8 
 233      518418
 234 01d4 25DD937B 		.ascii	"%\335\223{;\243\025\222\376\217,U\334\223Y\212\242a"
 234      3BA31592 
 234      FE8F2C55 
 234      DC93598A 
 234      A261
 235 01e6 0C7A9C3A 		.ascii	"\014z\234:*i\357\212\241\331p_\322\024A\033\0274\373"
 235      2A69EF8A 
 235      A1D9705F 
 235      D214411B 
 235      1734FB
 236 01f9 32ED7D71 		.ascii	"2\355}q\264\007\222&\033\233\0264\207\240\375\370\374"
 236      B4079226 
 236      1B9B1634 
 236      87A0FDF8 
 236      FC
 237 020a A1385A46 		.ascii	"\2418ZF\322TA{\370w?l`\310\222\352+\"}\371\030\004\\"
 237      D254417B 
 237      F8773F6C 
 237      60C892EA 
 237      2B227DF9 
 238 0221 FE6EED54 		.ascii	"\376n\355T\027z\024t\235\235\225;<U\007\366W{*\353\375"
 238      177A1474 
 238      9D9D953B 
 238      3C5507F6 
 238      577B2AEB 
 239 0236 5E7F7553 		.ascii	"^\177uS\363!\177\320S+\354\240\261u\3736=h\350\3655"
 239      F3217FD0 
 239      532BECA0 
 239      B175FB36 
 239      3D68E8F5 
 240 024b 0D7A83DF 		.ascii	"\015z\203\337\253\033M\215\276\232\200\241\007|\201"
 240      AB1B4D8D 
 240      BE9A80A1 
 240      077C81
 241 025a 82B9A596 		.ascii	"\202\271\245\226\361\200q\304\356m\256\253\3635\252"
 241      F18071C4 
 241      EE6DAEAB 
 241      F335AA
 242 0269 86FFA88F 		.ascii	"\206\377\250\217\373\202\306o\020\376Hd"
 242      FB82C66F 
 242      10FE4864 
 243              		.text
 244              		.section	.gnu.lto_vmt.7a9432d3,"",%progbits
 245 0000 789C6365 		.ascii	"x\234ce`b\230\305\300\300\340\310\000\001\323\231\031"
 245      606298C5 
 245      C0C0E0C8 
 245      0001D399 
 245      19
 246 0011 77EE7C73 		.ascii	"w\356|s\233\275\376oCGC\303\203\356\365\314\035\314"
 246      9BBDFE6F 
ARM GAS  C:\Users\user\AppData\Local\Temp\ccNOqtoy.s 			page 19


 246      434743C3 
 246      83EEF5CC 
 246      1DCC
 247 0023 F3991966 		.ascii	"\363\231\031f2c\310-x\005\224`\234\311\314\210!\261"
 247      3263C82D 
 247      78059460 
 247      9CC9CC88 
 247      21B1
 248 0035 0A28C134 		.ascii	"\012(\3014\223\231\011C\342\031\323|f\346\231\314\314"
 248      93990943 
 248      E219D37C 
 248      66E699CC 
 248      CC
 249 0046 6089AFCF 		.ascii	"`\211\257\317\236\354\347\260\330\326\320\261\240\301"
 249      9EECE7B0 
 249      D8D6D0B1 
 249      A0C1
 250 0054 613E33CB 		.ascii	"a>3\313\014f\006\306U\214\3653\230\031\031W\202(&\306"
 250      0C6606C6 
 250      558CF533 
 250      98191957 
 250      822826C6 
 251 0068 15208A99 		.ascii	"\025 \212\231q9c=\003\343jF\013\006{g\253\230\240\020"
 251      7139633D 
 251      03E36A46 
 251      0B067B67 
 251      AB98A010 
 252 007c FFE018E7 		.ascii	"\377\340\030\347\214\314\244\314\340\222\322\224\314"
 252      8CCCA4CC 
 252      E092D294 
 252      CC
 253 0089 FC986410 		.ascii	"\374\230d\020;\277\330\320\334L?\277X?#1G?'3I\277\270"
 253      3BBFD8D0 
 253      DC4C3FBF 
 253      583F2331 
 253      473F2733 
 254 00a0 A4283531 		.ascii	"\244(51\267X?75\027\312\324Kf\000\000^\266Q|"
 254      B7583F37 
 254      3517CAD4 
 254      4B660000 
 254      5EB6517C 
 255              		.text
 256              		.section	.gnu.lto_.symbol_nodes.7a9432d3,"",%progbits
 257 0000 789C5DC9 		.ascii	"x\234]\311\273\015\2000\020\203a\307G\262\006\022\223"
 257      BB0D8030 
 257      108361C7 
 257      47B20612 
 257      93
 258 0011 C0647715 		.ascii	"\300dw\025%\242\341\3350\006\242c\001\246\240d\010\""
 258      25A2E1DD 
 258      3006A263 
 258      01A6A064 
 258      0822
 259 0023 104DDCFC 		.ascii	"\020M\334\374\322g\017\242A\034\007*\320\236@\314\266"
 259      D2670FA2 
 259      411C072A 
 259      D09E40CC 
ARM GAS  C:\Users\user\AppData\Local\Temp\ccNOqtoy.s 			page 20


 259      B6
 260 0034 1E16A28D 		.ascii	"\036\026\242\215T\227ZOej\035UR\233\251\331o\273U\200"
 260      54975A4F 
 260      656A1D55 
 260      529BA9D9 
 260      6FBB5580 
 261 0048 9F082B00 		.ascii	"\237\010+\000q\013\325\277\027`VFa\300U\337\271\310"
 261      710BD5BF 
 261      17605646 
 261      61C055DF 
 261      B9C8
 262 005a 573CDC49 		.ascii	"W<\334I%q"
 262      2571
 263              		.text
 264              		.section	.gnu.lto_.refs.7a9432d3,"",%progbits
 265 0000 789C05C1 		.ascii	"x\234\005\301\261\001\000\000\010\303\2404\332\335\377"
 265      B1010000 
 265      08C3A034 
 265      DADDFF
 266 000f AF158A1C 		.ascii	"\257\025\212\034\220\265\331:*\206\007\003e\000<"
 266      90B5D93A 
 266      2A860703 
 266      65003C
 267              		.text
 268              		.section	.gnu.lto_.decls.7a9432d3,"",%progbits
 269 0000 789CB557 		.ascii	"x\234\265WkPT\331\021\276}\3170\003\303\000\226\032"
 269      6B5054D9 
 269      11BE7DCF 
 269      3003C300 
 269      961A
 270 0012 CBDDF083 		.ascii	"\313\335\360\2035l\205?\013\242Ukj+U1EU6\371\201T\255"
 270      356C853F 
 270      0BA2556B 
 270      6A2B5531 
 270      455536F9 
 271 0029 8FFD91A9 		.ascii	"\217\375\221\251by\0142\011\314\020f\310\256\371u\001"
 271      62790C32 
 271      09CC1066 
 271      C8AEF975 
 271      01
 272 003a 41445D51 		.ascii	"AD]Q\004\344!\260\350\372\302\007*\213\017 \216\012"
 272      04E421B0 
 272      E8FAC207 
 272      2A8B0F20 
 272      8E0A
 273 004c 888A3C15 		.ascii	"\210\212<\025W\001\021E\211.*\210\013\"\012\351s\316"
 273      57011145 
 273      892E2A88 
 273      0B220AE9 
 273      73CE
 274 005e 9D99CB38 		.ascii	"\235\231\3138dS\265\311-\233{O\337\356\257\273\277\323"
 274      6453B5C9 
 274      2D9B7B4F 
 274      DFEEAFBB 
 274      BFD3
 275 0070 A7EFE821 		.ascii	"\247\357\350!\210B\234\237 \204\022A\370B\024\204\031"
 275      88429C9F 
ARM GAS  C:\Users\user\AppData\Local\Temp\ccNOqtoy.s 			page 21


 275      20841241 
 275      F8421484 
 275      19
 276 0081 BC348220 		.ascii	"\2744\202 \034\025\234\227\032\245\021\345\012\312M"
 276      1C159C97 
 276      1AA511E5 
 276      0ACA4D
 277 0090 943E142D 		.ascii	"\224>\024-\010\302\373(\370O\370%\010\263\256-\270\326"
 277      08C2FB28 
 277      F84FF825 
 277      08B3AE2D 
 277      B8D6
 278 00a2 E27D3ECA 		.ascii	"\342}>\312B\224K(kQN\242h\360]\004\336;(.>\267\341\235"
 278      42944B28 
 278      6B514EA2 
 278      68F05D04 
 278      DE3B282E 
 279 00ba 50277C9E 		.ascii	"P'|\236\306\233(c6\012\357^\271s\340RL\212\355\016\227"
 279      C69B2863 
 279      360AEF5E 
 279      B973E052 
 279      4C8AED0E 
 280 00cf 62BE55E0 		.ascii	"b\276U\340^q\203[\351\202\333&\343v(\362\245\230\376"
 280      5E71835B 
 280      E982DB26 
 280      E37628F2 
 280      A598FE
 281 00e2 284BE05D 		.ascii	"(K\340]\\Q\346\345}x\027\273\026u\336n\260o\273\341"
 281      5C51E6E5 
 281      7D7817BB 
 281      1675DE6E 
 281      B06FBBE1 
 282 00f6 4289AFE4 		.ascii	"B\211\257\344C\2249w\207\377\013|\351\205\367u\212\030"
 282      43943977 
 282      87FF0B7C 
 282      E985F775 
 282      8A18
 283 0108 14B7438E 		.ascii	"\024\267C\216Eq'\361\376\012\305\203\302\002\307\264"
 283      457127F1 
 283      FE0AC583 
 283      C202C7B4 
 284 0118 E3BFE58F 		.ascii	"\343\277\345\217l?\335\355\345\012\221\373\215\242<"
 284      6C3FDDED 
 284      E50A91FB 
 284      8DA23C
 285 0127 46F901E5 		.ascii	"F\371\001\345\251\214\247B\231@\031Cy\2112.\353(\307"
 285      A98CA742 
 285      99401943 
 285      7989322E 
 285      EB28C7
 286 013a 8D82B357 		.ascii	"\215\202\263W\\\257\002\0025\333\032\352\305\273\320"
 286      5CAF0202 
 286      35DB1AEA 
 286      C5BBD0
 287 0149 0B080FF3 		.ascii	"\013\010\017\363\230\026\200\377\005&l9c\277\000\230"
 287      981680FF 
 287      05266C39 
ARM GAS  C:\Users\user\AppData\Local\Temp\ccNOqtoy.s 			page 22


 287      63BF0098 
 288 0159 1EB5A220 		.ascii	"\036\265\242 'jW\201\335C^\213\362R\224!\331?\331\031"
 288      276A5781 
 288      DD435E8B 
 288      F2529421 
 288      D93FD919 
 289 016d 1488FC35 		.ascii	"\024\210\3745\217d\2778\027\374\201\271\331\275At\006"
 289      8F64BF38 
 289      17FC81B9 
 289      D9BD4174 
 289      06
 290 017e 00503A28 		.ascii	"\000P:(\000y\332\362{G~\202\2638\260W?Z\330\362H\333"
 290      0079DAF2 
 290      7B477E82 
 290      B338B057 
 290      3F5AD8F2 
 291 0194 0F7D545B 		.ascii	"\017}T[\276\022\230\356r}I\203\037\301\255\301\347\376"
 291      BE1298EE 
 291      727D4983 
 291      1FC1ADC1 
 291      E7FE
 292 01a6 C9837F08 		.ascii	"\311\203\177\010>\"\361\313S\343\244\355x\306\340!\317"
 292      3E22F1CB 
 292      53E3A4ED 
 292      78C6E021 
 292      CF
 293 01b7 AF09F86B 		.ascii	"\257\011\370ka\006\350z\370\354\244\017_\323\327\325"
 293      6106E87A 
 293      F8ECA40F 
 293      5FD3D7D5 
 294 01c7 B6B1A32A 		.ascii	"\266\261\243*2\217>\2135\325\203EZ\010\322\356\247\030"
 294      328F3E8B 
 294      35D58345 
 294      5A08D2EE 
 294      A718
 295 01d9 B65B638B 		.ascii	"\266[c\213\316H\322<8\016Z8\012\004\016C0M\310\237\266"
 295      CE48D23C 
 295      380E5A38 
 295      0A040E43 
 295      304DC89F 
 296 01ee 7D9624A5 		.ascii	"}\226$\245I#\025\022Y,\300r\177X\352/\3001\010\242\230"
 296      49231512 
 296      592CC072 
 296      7F58EA2F 
 296      C03108A2 
 297 0203 D40A8E80 		.ascii	"\324\012\216\200?T\202?\305?Tv\260\301\207d\002\013"
 297      3F54823F 
 297      C53F5476 
 297      B0C18764 
 297      020B
 298 0215 509877A1 		.ascii	"P\230w\241\332\327\021`\342\320\222S\031\222$\302I\214"
 298      DAD71160 
 298      E2D09253 
 298      199224C2 
 298      498C
 299 0227 50E58C80 		.ascii	"P\345\214\200\001\335\2078\341>\304\350\345\301<P\321"
 299      01DD8738 
ARM GAS  C:\Users\user\AppData\Local\Temp\ccNOqtoy.s 			page 23


 299      E13EC4E8 
 299      E5C13C50 
 299      D1
 300 0238 AEA040D1 		.ascii	"\256\240@\321*\252\033+.\251\366`\272\265:8\005L\327"
 300      2AAA1B2B 
 300      2EA9F660 
 300      BAB53A38 
 300      054CD7
 301 024b 383361F3 		.ascii	"83a\363\303\312\347kA\304e\347H\313\036o\\.\324\302"
 301      C3CAE76B 
 301      41C465E7 
 301      48CB1E6F 
 301      5C2ED4C2 
 302 025f 3C5C666C 		.ascii	"<\\fl;Z\240\305\245\032y\242\003\015U\203#\257kT\\E"
 302      3B5AA0C5 
 302      A51A79A2 
 302      030D5583 
 302      23AF6B54 
 303 0275 13FE0A55 		.ascii	"\023\376\012U{\012{O\370\222\347\254\034\350\330XUB"
 303      7B0A7B4F 
 303      F892E7AC 
 303      1CE8D858 
 303      5542
 304 0287 38A08AE6 		.ascii	"8\240\212\346q\275\350\201/\007\014\300b\207\0076g{"
 304      71BDE881 
 304      2F070CC0 
 304      62870736 
 304      677B
 305 0299 3AD93CF5 		.ascii	":\331<\365\353\324M\264\330z\314\361\254\263X\265\\"
 305      EBD44DB4 
 305      D87ACCF1 
 305      ACB358B5 
 305      5C
 306 02aa AB24E5A4 		.ascii	"\253$\345\244K^\177\024\240\026\013;\207\205A\035V\253"
 306      4B5E7F14 
 306      A0160B3B 
 306      8785411D 
 306      56AB
 307 02bc 96AB3D83 		.ascii	"\226\253=\203\312\323\274\332\027\223#\325*2\311\011"
 307      CAD3BCDA 
 307      179323D5 
 307      2A32C909 
 308 02cc CD1E78F1 		.ascii	"\315\036x\361\326\017\264An\001ln\000\354\314/\373\216"
 308      D60FB441 
 308      6E016C6E 
 308      00ECCC2F 
 308      FB8E
 309 02de 317F1E93 		.ascii	"1\177\036\223\371\2473\231z\306<\006\271\265\265\253"
 309      F9A73399 
 309      7AC63C06 
 309      B9B5B5AB 
 310 02ee 474D5259 		.ascii	"GMRYk\211\223O\232\217z;\012\231i\016\334\375Z\222\002"
 310      6B89934F 
 310      9A8F7A3B 
 310      0A99690E 
 310      DCFD5A92 
 311 0303 E012FA5E 		.ascii	"\340\022\372^p\372\236\2079+\271\350\276\222\252'9\337"
ARM GAS  C:\Users\user\AppData\Local\Temp\ccNOqtoy.s 			page 24


 311      70FA9E87 
 311      392BB9E8 
 311      BE92AA27 
 311      39DF
 312 0315 EA16E7B3 		.ascii	"\352\026\347\263\216M\227\346\211\014\261\006\337\177"
 312      8E4D97E6 
 312      890CB106 
 312      DF7F
 313 0323 87EF0568 		.ascii	"\207\357\005h\200\305\370\267\032T<\245\374\251\222"
 313      80C5F8B7 
 313      1A543CA5 
 313      FCA992
 314 0332 9DB0A45C 		.ascii	"\235\260\244\\\262\335\303\374\357\004\355\256\033\224"
 314      B2DDC3FC 
 314      EF04EDAE 
 314      1B94
 315 0340 24AD8A5A 		.ascii	"$\255\212Z\301!g\026\370\210\177\017B?\300\001\270\213"
 315      C1216716 
 315      F8887F0F 
 315      423FC001 
 315      B88B
 316 0352 87A91196 		.ascii	"\207\251\021\226\240\363\306\373\225\031\236$\237\260"
 316      A0F3C6FB 
 316      95199E24 
 316      9FB0
 317 0360 6D3B7664 		.ascii	"m;vd\252Jk\357\015\336.\307r\236.\232;\223f\226\311"
 317      AA4A6BEF 
 317      0DDE2EC7 
 317      729E2E9A 
 317      3B936696 
 318 0375 657B26B6 		.ascii	"e{&\266\037\207W\312\211\334\177\257P\262\245I\224J"
 318      1F8757CA 
 318      89DC7FAF 
 318      50B2A549 
 318      944A
 319 0387 34822667 		.ascii	"4\202&g\"M\256\211\\a\2114\365\014M\252I1O\244\257\371"
 319      224DAE89 
 319      5C618934 
 319      F50C4DAA 
 319      49314FA4 
 320 039d 5025ED9F 		.ascii	"P%\355\237\010\336r~\212\323\031\301O\347\276\311\347"
 320      08DE727E 
 320      8AD319C1 
 320      4FE7BEC9 
 320      E7
 321 03ae A775A482 		.ascii	"\247u\244\202\231\213\035\365O\007\234\015\325\366t"
 321      998B1DF5 
 321      4F079C0D 
 321      D5F674
 322 03bd 49ED5DBA 		.ascii	"I\355]\272\017m\230\353ug\340\010\307\341q\335\206V"
 322      0F6D98EB 
 322      7567E008 
 322      C7E171DD 
 322      8656
 323 03cf DC860879 		.ascii	"\334\206\010y\033ZPy\215oC\351\305\347\251:FG\233\343"
 323      1B5A5079 
 323      8D6F43E9 
ARM GAS  C:\Users\user\AppData\Local\Temp\ccNOqtoy.s 			page 25


 323      C5E7A93A 
 323      46479BE3 
 324 03e3 F8744DED 		.ascii	"\370tM\355\034\025u\331\016\024v\262\354@\002t\200N"
 324      1C1575D9 
 324      0E1476B2 
 324      EC400274 
 324      804E
 325 03f5 9E2EAD2F 		.ascii	"\236.\255/\257\215\3730g\324A;?h\245\017\366\237w\034"
 325      AF8DFB30 
 325      67D4413B 
 325      3F68A50F 
 325      F69F771C 
 326 0409 BE4EAE6B 		.ascii	"\276N\256k\031\317\270 *)n\233E\361\015Fq\227\235\342"
 326      19CFB820 
 326      2A296E9B 
 326      45F10D46 
 326      71979DE2 
 327 041d ED6DD73B 		.ascii	"\355m\327;=\035\233\0350\2617SjG\307\225\314\020\256"
 327      3D1D9B1D 
 327      30B13753 
 327      6A47C795 
 327      CC10AE
 328 0430 3AABBDEA 		.ascii	":\253\275\352J\363MFs\327\341\272x\222\253\202\271\352"
 328      4AF34D46 
 328      73D7E1BA 
 328      7892AB82 
 328      B9EA
 329 0442 AB1D1D7B 		.ascii	"\253\035\035{\001Zy\304d\375\364\2109\323|\376\211N"
 329      015A79C4 
 329      64FDF488 
 329      39D37CFE 
 329      894E
 330 0454 C9C7F7B3 		.ascii	"\311\307\367\263\370\270\355\340cg\337p\253/\013\206"
 330      F8B8EDE0 
 330      6367DF70 
 330      AB2F0B86 
 331 0464 3AB8C56B 		.ascii	":\270\305k\317\357L+\367\262\363q\207\353\206\006\256"
 331      CFEF4C2B 
 331      F7B2F371 
 331      87EB8606 
 331      AE
 332 0475 55F8CDCD 		.ascii	"U\370\315\315G/\343\243\307\316GWy_\221\267\314\307"
 332      472FE3A3 
 332      C7CE4757 
 332      795F91B7 
 332      CCC7
 333 0487 8B3C22ED 		.ascii	"\213<\"\355\222\350dF#\350vr\321\355\312E\037\343\242"
 333      92E86446 
 333      23E87672 
 333      D1EDCA45 
 333      1FE3A2
 334 049a 347FE7B4 		.ascii	"4\177\347\2647)\236\233\214\372\226\355\307D\207\256"
 334      37299E9B 
 334      8CFA96ED 
 334      C74487AE 
 335 04aa 9FE7672B 		.ascii	"\237\347g+\2734\240vl\354=\256\264\217\314\371|d\026"
 335      BB34A076 
ARM GAS  C:\Users\user\AppData\Local\Temp\ccNOqtoy.s 			page 26


 335      6CEC3DAE 
 335      B48FCCF9 
 335      7C6416
 336 04bd D5BEBCEA 		.ascii	"\325\276\274\352\301\227\236\270\2348p\261QE\016\362"
 336      C1979EB8 
 336      9C3870B1 
 336      51450EF2 
 337 04cd 4015A937 		.ascii	"@\025\2517\257\371\220#|q`c\355m/r\202/v\314\354\273"
 337      AFF99023 
 337      7C716063 
 337      ED6D2F72 
 337      822F76CC 
 338 04e3 E145CEF0 		.ascii	"\341E\316\360\305\314\363\261\273:R\307\027#S\351\015"
 338      C5CCF3B1 
 338      BB3A52C7 
 338      172353E9 
 338      0D
 339 04f4 DE4A96E9 		.ascii	"\336J\226\351\341v\262\374\330\301\362\263\314s}\276"
 339      E176B2FC 
 339      D8C1F2B3 
 339      CC737DBE 
 340 0504 C4C6BDA6 		.ascii	"\304\306\275\246\233\262\2074J\257\033\263\274~px\335"
 340      9BB28734 
 340      4AAF1BB3 
 340      BC7E7078 
 340      DD
 341 0515 1C3A3BEE 		.ascii	"\034:;\356M\032\271\327\346\023\217_\371*\275zgy=ux"
 341      4D1AB9D7 
 341      E6138F5F 
 341      F92ABD7A 
 341      67793D75 
 342 052a 75D655B6 		.ascii	"u\326U\266\372\222k\334\253\346\321\225&-\037\361\022"
 342      FA926BDC 
 342      ABE6D195 
 342      262D1FF1 
 342      12
 343 053b FB98F655 		.ascii	"\373\230\366Ud\371\220\357\371\313\202\322\232\223\263"
 343      64F990EF 
 343      F9CB82D2 
 343      9A93B3
 344 054a D26F9E05 		.ascii	"\322o\236\0059j\207T\347\245\035\034&\260 00(0p\007"
 344      396A8754 
 344      E7A51D1C 
 344      26B02030 
 344      30283070 
 345 055f 1B98D8DA 		.ascii	"\033\230\330\332*\001\236\243\355}zR\237\341\246\276"
 345      2A019EA3 
 345      ED7D7A52 
 345      9FE1A6BE 
 346 056f 80057463 		.ascii	"\200\005tc\341G\354\310\011\010\2041\224\227(\343\020"
 346      E147ECC8 
 346      09088431 
 346      949728E3 
 346      10
 347 0580 C83EED15 		.ascii	"\310>\355\0254\216m\250\230L\357\317\224r\242h\235\360"
 347      348E6DA8 
 347      984CEFCF 
ARM GAS  C:\Users\user\AppData\Local\Temp\ccNOqtoy.s 			page 27


 347      9472A268 
 347      9DF0
 348 0592 44F6731C 		.ascii	"D\366s\034\371\020\032\270\226\206\227\355\233\241y"
 348      F9101AB8 
 348      968697ED 
 348      9BA179
 349 05a1 292512FE 		.ascii	")%\022\376\345j\372\200%\031JM\371\200y\266\211\340"
 349      E56AFA80 
 349      25194A4D 
 349      F98079B6 
 349      89E0
 350 05b3 2F096A24 		.ascii	"/\011j$\310\035\346\014;\276\002\347\336FBk\202\021"
 350      C81DE60C 
 350      3BBE02E7 
 350      DE46426B 
 350      8211
 351 05c5 F748EF44 		.ascii	"\367H\357DEJa\330m\202,(\022X\326}\271V\267@f$k.F\004"
 351      454A61D8 
 351      6D822C28 
 351      1258D67D 
 351      B956B740 
 352 05df B774A07B 		.ascii	"\267t\240{V\301\364\365Y\207\364\225\"\222\000\223\216"
 352      56C1F4F5 
 352      5987F495 
 352      22920093 
 352      8E
 353 05f0 2D1D7DB3 		.ascii	"-\035}\263\347\264\027\357\333\205\270|\333\237\223"
 353      E7B417EF 
 353      DB85B87C 
 353      DB9F93
 354 05ff A3E19B5A 		.ascii	"\243\341\233ZN7\365e\356\235~_R\342A7U\363\344|\331"
 354      4E37F565 
 354      EE9D7E5F 
 354      52E24137 
 354      55F3E47C 
 355 0614 E7101888 		.ascii	"\347\020\030\210\233\025\030\304\213\271\372\036\257"
 355      9B1518C4 
 355      8BB9FA1E 
 355      AF
 356 0621 9D1E9637 		.ascii	"\235\036\2267\230\326\214\262\236\373N\026\025\245S"
 356      98D68CB2 
 356      9EFB4E16 
 356      15A553
 357 0630 D3415753 		.ascii	"\323AWS%M\312.\230B\203\327\354\335\214\334\002\351"
 357      254DCA2E 
 357      984283D7 
 357      ECDD8CDC 
 357      02E9
 358 0642 6210A48A 		.ascii	"b\020\244\212\201\220\206\"\241Lc\335og\265\201#\312"
 358      81908622 
 358      A14C63DD 
 358      6F67B581 
 358      23CA
 359 0654 43F75114 		.ascii	"C\367Q\024\0115\025\372\347\246Kh\216|\300\220\253y"
 359      093515FA 
 359      E7A64B68 
 359      8E7CC090 
ARM GAS  C:\Users\user\AppData\Local\Temp\ccNOqtoy.s 			page 28


 359      AB79
 360 0666 888B756B 		.ascii	"\210\213uk\241\232WK\247\300#\267\326\274\002\3363\343"
 360      A19A574B 
 360      A7C023B7 
 360      D6BC02DE 
 360      33E3
 361 0678 BBE7A74A 		.ascii	"\273\347\247J\022P+e\323 \251y\207\273oy\222\275\214"
 361      12502B65 
 361      D320A979 
 361      87BB6F79 
 361      92BD8C
 362 068b 54F1CEB6 		.ascii	"T\361\316\266\366^\002A\013\270Sw\241\2326Z\246\270"
 362      F65E0241 
 362      0BB85377 
 362      A19A365A 
 362      A6B8
 363 069d 00368A8E 		.ascii	"\0006\212\216iF!\334\023\003\031\310\307\177\303\015"
 363      694621DC 
 363      130319C8 
 363      C77FC30D 
 364 06ad FD1DF866 		.ascii	"\375\035\370fK\263V\331\0234\212\263'6\211\366\236x"
 364      4BB356D9 
 364      13348AB3 
 364      273689F6 
 364      9E78
 365 06bf 589CDAC4 		.ascii	"X\234\332\304\207 \352`\200\317\273\214\211\335\235"
 365      8720EA60 
 365      80CFBB8C 
 365      89DD9D
 366 06ce B33E5AEB 		.ascii	"\263>Z\353\026)f\364f\221\316\350,Q\236\321\231\243"
 366      162966F4 
 366      6691CEE8 
 366      2C519ED1 
 366      99A3
 367 06e0 C7DB459C 		.ascii	"\307\333E\234\321\345\354\233\365\333\222#\216o\026"
 367      D1E5EC9B 
 367      F5DB9223 
 367      8E6F16
 368 06ef 1AE23C76 		.ascii	"\032\342<vTv\327uNg\213tN\027\037\256=\245&U\214!\270"
 368      5476D775 
 368      4E678B74 
 368      4E171FAE 
 368      3DA52655 
 369 0706 7EFCF116 		.ascii	"~\374\361\02659\315\027U\305\217\256j07\330*\022\036"
 369      3539CD17 
 369      55C58FAE 
 369      6A3037D8 
 369      2A121E
 370 0719 AB2AD576 		.ascii	"\253*\325v\300\207\324\361\327\025\337\226v\322\317"
 370      C087D4F1 
 370      D715DF96 
 370      76D2CF
 371 0728 0B7C8DAF 		.ascii	"\013|\215\257a\233\250\232k\320\347w\245f\021\246\013"
 371      619BA89A 
 371      6BD0E777 
 371      A56611A6 
 371      0B
ARM GAS  C:\Users\user\AppData\Local\Temp\ccNOqtoy.s 			page 29


 372 0739 D7410EB7 		.ascii	"\327A\016\267{\364&\377\236h\3776\355\340\272\356\364"
 372      7BF426FF 
 372      9E68FF36 
 372      EDE0BAEE 
 372      F4
 373 074a ADE3BE1F 		.ascii	"\255\343\276\0374x\224I\236,Z}\341\343S*f\223+~\300"
 373      34789449 
 373      9E2C5A7D 
 373      E1E3532A 
 373      66932B7E 
 374 075f 34E3F7B7 		.ascii	"4\343\367\267\345jH\023\217?Z6\266\237~* \017wo\027"
 374      E56A4813 
 374      8F3F5A36 
 374      B69F7E2A 
 374      200F776F 
 375 0774 A5831EA2 		.ascii	"\245\203\036\242\336\302:\017\322\312-*\013\366\265"
 375      DEC23A0F 
 375      D2CA2D2A 
 375      0BF6B5
 376 0783 B3020A68 		.ascii	"\263\002\012h\206\371<\312\203\364\352=*%\271\230\200"
 376      86F93CCA 
 376      83F4EA3D 
 376      2A25B998 
 376      80
 377 0794 4C2EEC46 		.ascii	"L.\354F\023(d\374\356\264\363\3730\277z\257/\362{\017"
 377      132864FC 
 377      EEB4F3FB 
 377      30BF7AAF 
 377      2FF27B0F 
 378 07a8 3F8313E7 		.ascii	"?\203\023\347~U[5(eeKK\245\036\221Z\302\026{\353\300"
 378      7E555B35 
 378      2865654B 
 378      4BA51E91 
 378      5AC2167B 
 379 07be 76514557 		.ascii	"vQEW\374?QE\214\333\214\234\036I\367\341^\251"
 379      FC3F5145 
 379      8CDB8C9C 
 379      1E49F7E1 
 379      5EA9
 380 07d0 DDC6F6A6 		.ascii	"\335\306\366\246h\027\376\372\235\317\346\303\020\337"
 380      6817FEFA 
 380      9DCFE6C3 
 380      10DF
 381 07de 17C7A411 		.ascii	"\027\307\244\021\230f\015\346Z,~\210\236=7\233\267\317"
 381      98660DE6 
 381      5A2C7E88 
 381      9E3D379B 
 381      B7CF
 382 07f0 FA254463 		.ascii	"\372%Dc9\033\250\2047\020\275\317A\372\314\331\311N"
 382      391BA884 
 382      3710BDCF 
 382      41FACCD9 
 382      C94E
 383 0802 62074843 		.ascii	"b\007HC\200U\213\024\376\341\366\376\333\234~\253\305"
 383      80558B14 
 383      FEE1F6FE 
 383      DB9C7EAB 
ARM GAS  C:\Users\user\AppData\Local\Temp\ccNOqtoy.s 			page 30


 383      C5
 384 0813 93B99662 		.ascii	"\223\271\226b\377\355\021\335\373\256S\372\"_\274\243"
 384      FFED11DD 
 384      FBAE53FA 
 384      225FBCA3 
 385 0823 E8E77A53 		.ascii	"\350\347zS\353\024\377M[\216\356e\334\375\233\352\007"
 385      EB14FF4D 
 385      5B8EEE65 
 385      DCFD9BEA 
 385      07
 386 0834 CFC87F62 		.ascii	"\317\310\177b\270\2021\374\015c\230-T\221I)V\317OW\255"
 386      B88231FC 
 386      0D63982D 
 386      54914929 
 386      56CF4F57 
 387 0849 0D080B0D 		.ascii	"\015\010\013\015\025\274\"#S\214&\353o\"\255\177\215"
 387      15BC2223 
 387      538C26EB 
 387      6F22AD7F 
 387      8D
 388 085a F9449F6C 		.ascii	"\371D\237l5[\3641\361\306h\243\305\232\022k4\353\255"
 388      355BF431 
 388      F1C668A3 
 388      C59A126B 
 388      34EBAD
 389 086d 66738245 		.ascii	"fs\202E\277\336\224\022\300\236\002\242\222\023\003"
 389      BFDE9412 
 389      C09E02A2 
 389      921303
 390 087c 0C89D186 		.ascii	"\014\211\321\206\330XC\254\376\343\340\345\001\313\226"
 390      D85843AC 
 390      FEE3E0E5 
 390      01CB96
 391 088b 86AEF85B 		.ascii	"\206\256\370[\250\036\365\037\231\314&\303G\206\250"
 391      A81EF51F 
 391      99CC26C3 
 391      4786A8
 392 089a 68A3DE68 		.ascii	"h\243\336h\212IH\2115\350\023\243\020\313d\320G\306"
 392      8A494889 
 392      35E813A3 
 392      10CB64D0 
 392      47C6
 393 08ac 1AE2A252 		.ascii	"\032\342\242R\022\254\221\326\015I\006Kp\274\240\221"
 393      12AC91D6 
 393      0D49064B 
 393      70BCA091 
 394 08bc 637EF1BF 		.ascii	"c~\361\277\217i\331`\321GZ\254\261\030\000\003ay\370"
 394      8F69D960 
 394      D1475AAC 
 394      B1180003 
 394      6179F8
 395 08cf B07C59A4 		.ascii	"\260|Y\244U#\337=\022-\353#\255\253\302>\321\177\266"
 395      5523DF3D 
 395      122DEB23 
 395      ADABC23E 
 395      D17FB6
 396 08e2 2662B53E 		.ascii	"&b\265>\214\006^\315\003\263$\314\226\320\025\037\207"
ARM GAS  C:\Users\user\AppData\Local\Temp\ccNOqtoy.s 			page 31


 396      8C065ECD 
 396      03B324CC 
 396      96D0151F 
 396      87
 397 08f3 982D2131 		.ascii	"\230-!1\346\304D\263)$\311\234l\265\204\374\376\263"
 397      E6C444B3 
 397      2924C99C 
 397      6CB584FC 
 397      FEB3
 398 0905 F0B0F0AF 		.ascii	"\360\260\360\257\250.\311\230`H\266\204|\032\026\026"
 398      A82EC998 
 398      6048B684 
 398      7C1A1616 
 399 0915 12136FAF 		.ascii	"\022\023o\257\347w?\015\027\037\225\020\222`\214\016"
 399      E7773F0D 
 399      171F9510 
 399      92608C0E 
 400 0925 B158930D 		.ascii	"\261X\223\015Q\211\226\220DC\242\374\030\034\203{\262"
 400      51899690 
 400      4443A2FC 
 400      181C837B 
 400      B2
 401 0936 DE605547 		.ascii	"\336`UG\3422\326\242\266\030\377a\210\264\032\177\016"
 401      E232D6A2 
 401      B618FF61 
 401      88B41A7F 
 401      0E
 402 0947 351848BF 		.ascii	"5\030H\277>&\306\205\"4\010\016u\022eE\2578\272\031"
 402      3E26C685 
 402      2234080E 
 402      75126545 
 402      AF38BA19 
 403 095b 915F261B 		.ascii	"\221_&\033\255\006\213.\321\022\021\375\027C\214\365"
 403      AD068B2E 
 403      D11211FD 
 403      17438CF5 
 404 096b 4F26A395 		.ascii	"O&\243\225\030\314\026\025\315D\035\235\022\027gH&\177"
 404      18CC1615 
 404      CD441D9D 
 404      12176748 
 404      267F
 405 097d 4FB4126C 		.ascii	"O\264\022l\034\025\315\321\2039\350\302\015\211\253"
 405      1C15CDD1 
 405      8339E8C2 
 405      0D89AB
 406 098c 5909EBC2 		.ascii	"Y\011\353\302\327\020,\340\347\261\020/\250\315qq\026"
 406      D7102CE0 
 406      E7B1102F 
 406      A8CD7171 
 406      16
 407 099d 8395E29A 		.ascii	"\203\225\342\232\2237ph5Z\304$mP%\030\242\3424&\263"
 407      93377068 
 407      355AC424 
 407      6D502518 
 407      A2E23426 
 408 09b2 353ED9FC 		.ascii	"5>\331\374%\204j\342L\001\226$C\014jL\246\224\204\204"
 408      25846AE2 
ARM GAS  C:\Users\user\AppData\Local\Temp\ccNOqtoy.s 			page 32


 408      4C019624 
 408      430C6A4C 
 408      A6948484 
 409 09c6 3FFF1FFA 		.ascii	"?\377\037\372\310\232l4\255\307\254\376\015\247\014"
 409      C89A6C34 
 409      ADC7ACFE 
 409      0DA70C
 410 09d5 9273     		.ascii	"\222s"
 411              		.text
 412              		.section	.gnu.lto_.symtab.7a9432d3,"",%progbits
 413 0000 6D734F62 		.ascii	"msObjectInit\000"
 413      6A656374 
 413      496E6974 
 413      00
 414 000d 00       		.ascii	"\000"
 415 000e 00       		.ascii	"\000"
 416 000f 00       		.ascii	"\000"
 417 0010 00000000 		.ascii	"\000\000\000\000\000\000\000\000"
 417      00000000 
 418 0018 0A010000 		.ascii	"\012\001\000\000"
 419              		.text
 420              		.section	.gnu.lto_.opts,"",%progbits
 421 0000 272D666D 		.ascii	"'-fmath-errno' '-fsigned-zeros' '-ftrapping-math' '"
 421      6174682D 
 421      6572726E 
 421      6F272027 
 421      2D667369 
 422 0033 2D666E6F 		.ascii	"-fno-trapv' '-fno-openmp' '-fno-openacc' '-mcpu=cor"
 422      2D747261 
 422      70762720 
 422      272D666E 
 422      6F2D6F70 
 423 0066 7465782D 		.ascii	"tex-m4' '-mno-thumb-interwork' '-mthumb' '-ggdb' '-"
 423      6D342720 
 423      272D6D6E 
 423      6F2D7468 
 423      756D622D 
 424 0099 4F322720 		.ascii	"O2' '-fomit-frame-pointer' '-falign-functions=16' '"
 424      272D666F 
 424      6D69742D 
 424      6672616D 
 424      652D706F 
 425 00cc 2D666675 		.ascii	"-ffunction-sections' '-fdata-sections' '-fno-common"
 425      6E637469 
 425      6F6E2D73 
 425      65637469 
 425      6F6E7327 
 426 00ff 2720272D 		.ascii	"' '-flto'\000"
 426      666C746F 
 426      2700
 427              		.text
 428              		.comm	__gnu_lto_v1,1,1
 429              		.comm	__gnu_lto_slim,1,1
 430              		.ident	"GCC: (GNU Tools for ARM Embedded Processors 6-2017-q1-update) 6.3.1 20170215 (release) [AR
ARM GAS  C:\Users\user\AppData\Local\Temp\ccNOqtoy.s 			page 33


DEFINED SYMBOLS
                            *ABS*:00000000 memstreams.c
                            *COM*:00000001 __gnu_lto_v1
                            *COM*:00000001 __gnu_lto_slim

NO UNDEFINED SYMBOLS
