ARM GAS  C:\Users\user\AppData\Local\Temp\ccbTInyB.s 			page 1


   1              		.cpu cortex-m4
   2              		.eabi_attribute 20, 1
   3              		.eabi_attribute 21, 1
   4              		.eabi_attribute 23, 3
   5              		.eabi_attribute 24, 1
   6              		.eabi_attribute 25, 1
   7              		.eabi_attribute 26, 1
   8              		.eabi_attribute 30, 2
   9              		.eabi_attribute 34, 1
  10              		.eabi_attribute 18, 4
  11              		.file	"nullstreams.c"
  12              		.text
  13              	.Ltext0:
  14              		.section	.gnu.lto_.profile.7a94058d,"",%progbits
  15 0000 789C6365 		.ascii	"x\234ce`b`a```d\340f\003\000\000\234\000\036"
  15      60626061 
  15      60606064 
  15      E0660300 
  15      009C001E 
  16              		.text
  17              		.section	.gnu.lto_.icf.7a94058d,"",%progbits
  18 0000 789C6365 		.ascii	"x\234ce`bPe@\0006\206#\357\033g016\276\377\323\316\313"
  18      60625065 
  18      40003686 
  18      23EF1B67 
  18      303136BE 
  19 0018 34ABFBA7 		.ascii	"4\253\373\247 \363\331\225\015+\270X\256M\352\330\317"
  19      20F3D995 
  19      0D2BB858 
  19      AE4DEAD8 
  19      CF
  20 0029 C6FAF5C6 		.ascii	"\306\372\365\306\3627l\014\000B\264\021\002"
  20      F2376C0C 
  20      0042B411 
  20      02
  21              		.text
  22              		.section	.gnu.lto_.jmpfuncs.7a94058d,"",%progbits
  23 0000 789C6365 		.ascii	"x\234ce`bPe@\000V\006fFFF\026\006\206zF\020\003$\304"
  23      60625065 
  23      40005606 
  23      66464646 
  23      1606867A 
  24 0019 C404A699 		.ascii	"\304\004\246\231A$\013P\254\236\001\000\033\012\001"
  24      41240B50 
  24      AC9E0100 
  24      1B0A01
  25 0028 53       		.ascii	"S"
  26              		.text
  27              		.section	.gnu.lto_.inline.7a94058d,"",%progbits
  28 0000 789C6365 		.ascii	"x\234ce`b\210e@\000V\006\006f&F\240 \003\003\333\002"
  28      60628865 
  28      40005606 
  28      06662646 
  28      A0200303 
  29 0016 7910C5C0 		.ascii	"y\020\305\300\210!\302\204!\302\214!\302\302\300\302"
  29      8821C284 
  29      21C28C21 
ARM GAS  C:\Users\user\AppData\Local\Temp\ccbTInyB.s 			page 2


  29      C2C2C0C2 
  30 0026 0C14617C 		.ascii	"\014\024a|\301\316\300\336\241\016\026b\000\000\355"
  30      C1CEC0DE 
  30      A10E1662 
  30      0000ED
  31 0035 770562   		.ascii	"w\005b"
  32              		.text
  33              		.section	.gnu.lto_.pureconst.7a94058d,"",%progbits
  34 0000 789C6365 		.ascii	"x\234ce`b\340f```e``\0042\231\031X\244\000\001\262\000"
  34      6062E066 
  34      60606065 
  34      60600432 
  34      991958A4 
  35 0018 3C       		.ascii	"<"
  36              		.text
  37              		.section	.gnu.lto_writes.7a94058d,"",%progbits
  38 0000 789C5D90 		.ascii	"x\234]\220\313KBA\024\207\317\231\271>\202\364\037\250"
  38      CB4B4241 
  38      1487CF99 
  38      B93E82F4 
  38      1FA8
  39 0012 458B40DC 		.ascii	"E\213@\334tiS\020\004\201\020\325&\3106\201\033\265"
  39      74695310 
  39      048110D5 
  39      26C83681 
  39      1BB5
  40 0024 C00B3795 		.ascii	"\300\0137\225\256\256\035\255\350!\224Q*\366\340\272"
  40      AEAE1DAD 
  40      E8219451 
  40      2AF6E0BA 
  41 0034 91DB5B23 		.ascii	"\221\333[#\210\332I{\2034W\355\252e-ZW\326\314\305E"
  41      88DA497B 
  41      833457ED 
  41      AA652D5A 
  41      57D6CCC5 
  42 0049 B818E677 		.ascii	"\270\030\346wf\276o\206s,@`\016\001\246\000\240\207"
  42      66BE6F86 
  42      732C4060 
  42      0E01A600 
  42      A087
  43 005b 2FA48024 		.ascii	"/\244\200$\363\000\220\264\023D\021\230\035!A0\201\333"
  43      F30090B4 
  43      13441198 
  43      1D214130 
  43      81DB
  44 006d 344FF171 		.ascii	"4O\361q\245rH\267\250\3161\211\227\237\265\375W\247"
  44      A57248B7 
  44      A8CE3189 
  44      979FB5FD 
  44      57A7
  45 007f 2811FB78 		.ascii	"(\021\373xy\300\352\0336\267\301X\212U\363\267\243;"
  45      79C0EA1B 
  45      36B7C158 
  45      8A55F3B7 
  45      A33B
  46 0091 CBAB133A 		.ascii	"\313\253\023:%P\340\3641\366\242\201\275\342\213\023"
  46      2550E0F4 
ARM GAS  C:\Users\user\AppData\Local\Temp\ccbTInyB.s 			page 3


  46      31F6A281 
  46      BDE28B13 
  47 00a1 7473B651 		.ascii	"ts\266Qkfl\324\203\300\363\365z\361\256\333U2\275\267"
  47      6B666CD4 
  47      83C0F3F5 
  47      7AF1AEDB 
  47      5532BDB7 
  48 00b5 5DCAFA75 		.ascii	"]\312\372uJ\361\024\351\177\221\037\001\236\241\213"
  48      4AF114E9 
  48      7F911F01 
  48      9EA18B
  49 00c4 E35FE966 		.ascii	"\343_\351f\256\213\216\233j\262t\243\223\266\372\235"
  49      AE8B8E9B 
  49      6AB274A3 
  49      93B6FA9D 
  50 00d4 355509CF 		.ascii	"5U\011\317;U\011\360\302T\177\330^\316I'M\265p\237}"
  50      3B5509F0 
  50      C2547FD8 
  50      5ECE4927 
  50      4DB5709F 
  51 00e9 76B4D5A7 		.ascii	"v\264\325\247\274\251\022\274\354T\011`\031]\202\177"
  51      BCA912BC 
  51      EC540960 
  51      195D827F 
  52 00f9 B96A651D 		.ascii	"\271je\035VI\264\303\273\250\240\225\317\015\312u\254"
  52      5649B4C3 
  52      BBA8A095 
  52      CF0DCA75 
  52      AC
  53 010a B2D6EF1A 		.ascii	"\262\326\357\032\253\276\033\330\264\360A\2308lrH\214"
  53      ABBE1BD8 
  53      B4F04198 
  53      386C7248 
  53      8C
  54 011b 2FCD1FE0 		.ascii	"/\315\037\340;\375\300T\321h\240\320\216\250\0209\201"
  54      3BFDC054 
  54      D168A0D0 
  54      8EA81039 
  54      81
  55 012c E286008C 		.ascii	"\342\206\000\214yF|3\263\323^\237'\244\004\024o,>\257"
  55      79467C33 
  55      B3D35E9F 
  55      27A40414 
  55      6F2C3EAF 
  56 0140 447C4191 		.ascii	"D|A\221#\332\340\360\220\034\321\344\220_\225U% k\261"
  56      23DAE0F0 
  56      901CD1E4 
  56      905F9555 
  56      25206BB1 
  57 0154 A505FFA2 		.ascii	"\245\005\377\242&\207\343\252\332\316\003A J\224\004"
  57      2687E3AA 
  57      DACE0341 
  57      204A9404 
  58 0164 A218FE03 		.ascii	"\242\030\376\003\313\306\206\000"
  58      CBC68600 
  59              		.text
  60              		.section	.gnu.lto_reads.7a94058d,"",%progbits
ARM GAS  C:\Users\user\AppData\Local\Temp\ccbTInyB.s 			page 4


  61 0000 789C5D90 		.ascii	"x\234]\220\313K\202A\024\305\357\2311-\310\376\201Z"
  61      CB4B8241 
  61      14C5EF99 
  61      312DC8FE 
  61      815A
  62 0012 B408C44D 		.ascii	"\264\010\304M\037m\012\202 \020\242\332\004\325\322"
  62      1F6D0A82 
  62      2010A2DA 
  62      04D5D2
  63 0021 8D5AD007 		.ascii	"\215Z\320\007\246\221\272vz\321\013zP\032=@7f\357\222"
  63      A691BA76 
  63      7AD10B7A 
  63      501A3D40 
  63      3766EF92 
  64 0035 206827D1 		.ascii	" h'\321\326\242D\010jU\313h\021\004-\242\307\235\017"
  64      D6A24408 
  64      6A55CB68 
  64      11042DA2 
  64      C79D0F
  65 0048 836831CC 		.ascii	"\203h1\314\2713\347w/\367T\220\240\000\210\272\211\250"
  65      B933E777 
  65      2FF75490 
  65      A00088BA 
  65      89A8
  66 005a 960F2441 		.ascii	"\226\017$A,]\021\215U\012@\013U\011\212\013\304\261"
  66      2C5D118D 
  66      550A400B 
  66      55098A0B 
  66      C4B1
  67 006c 28D7246E 		.ascii	"(\327$n&O\266\344\202L\261\315\306\345ka\343\251F\227"
  67      264FB6E4 
  67      824CB1CD 
  67      C6E56B61 
  67      E3A94697 
  68 0080 403D979B 		.ascii	"@=\227\233\352v\326\341\316*5\256\362kwm\313\023S\235"
  68      EA76D6E1 
  68      CE2A35AE 
  68      F26B776D 
  68      CB13539D 
  69 0094 2929689D 		.ascii	"))h\235\335;\250C\026uz\304.\334\354-\026JK\016\351"
  69      DD3BA843 
  69      16757AC4 
  69      2EDCEC2D 
  69      164A4B0E 
  70 00a9 01B13E9D 		.ascii	"\001\261>\235I\237W\2732\026\367\260\"UCJJ\354A\376"
  70      499F57BB 
  70      3216F7B0 
  70      2255434A 
  70      4AEC41FE 
  71 00bd 05F989B0 		.ascii	"\005\371\211\260\017\027\333?\346K\311*\331a\241c\231"
  71      0F17DB3F 
  71      E64BC92A 
  71      D961A163 
  71      99
  72 00ce B39428A3 		.ascii	"\263\224(\243\227\011\013\265\341\340?j#\034Z\350\247"
  72      97090BB5 
  72      E1E03F6A 
ARM GAS  C:\Users\user\AppData\Local\Temp\ccbTInyB.s 			page 5


  72      231C5AE8 
  72      A7
  73 00df 5A4DD6C8 		.ascii	"ZM\326\310.\013]\277H\334;\177\247&-T\340\350?*\010"
  73      2E0B5DBF 
  73      48DC3B7F 
  73      A7262D54 
  73      E0E83F2A 
  74 00f4 C77069FF 		.ascii	"\307pi\377c\356+\341\264\333\364:\274\305\011\354\234"
  74      63EE2BE1 
  74      B4DBF43A 
  74      BCC509EC 
  74      9C
  75 0105 1B1DDF22 		.ascii	"\033\035\337\"\257\276\276\247U\376m\033\357\025\202"
  75      AFBEBEA7 
  75      55FE6D1B 
  75      EF1582
  76 0114 688EBF75 		.ascii	"h\216\277up\363\214\362-_0\236~.B\003\334$9uq\355\320"
  76      70F38CF2 
  76      2D5F309E 
  76      7E2E4203 
  76      DC243975 
  77 012b 89091072 		.ascii	"\211\011\020rV L@;\231m\367\264z{\373{\372\274\236!"
  77      56204C40 
  77      3B996DF7 
  77      B47A7BFB 
  77      7BFABC9E 
  78 0140 D36FF645 		.ascii	"\323o\366Ec\003f\330\033\320:\034iji6\302\021c\310\027"
  78      630366D8 
  78      1BD03A1C 
  78      696A6936 
  78      C21163C8 
  79 0155 3482A6DF 		.ascii	"4\202\246\337\210DG\007}\303\021#\024\013\006\313\272"
  79      88444707 
  79      7DC31123 
  79      140B06CB 
  79      BA
  80 0166 3140C21C 		.ascii	"1@\302\034\021\376\021\204~\000\275\034\2125"
  80      11FE1184 
  80      7E00BD1C 
  80      8A35
  81              		.text
  82              		.section	.gnu.lto_put.7a94058d,"",%progbits
  83 0000 789C4D8F 		.ascii	"x\234M\217AKBA\024\205\357\235y\245\013\363\007\224"
  83      414B4241 
  83      1485EF9D 
  83      79A50BF3 
  83      0794
  84 0012 8B1691B8 		.ascii	"\213\026\221\270\351\025AQ\253@\260vA\266t\243\026\370"
  84      E9154151 
  84      AB40B076 
  84      41B674A3 
  84      16F8
  85 0024 E09591BA 		.ascii	"\340\225\221\272v\262\264\250(#J\012\341\271(,\255,"
  85      76B2B4A8 
  85      28234A0A 
  85      E1B9282C 
  85      AD2C
ARM GAS  C:\Users\user\AppData\Local\Temp\ccbTInyB.s 			page 6


  86 0036 5AB97B44 		.ascii	"Z\271{D[\213\212\376@\331*\014\212V\021\326\035s\321"
  86      5B8B8AFE 
  86      40D92A0C 
  86      8A5611D6 
  86      1D73D1
  87 0049 C030E7CE 		.ascii	"\3000\347\316\234\357\316=-\300\240\033\001F\001\240"
  87      9CEFCE3D 
  87      2DC0A01B 
  87      014601A0 
  88 0059 83367240 		.ascii	"\2036r@\226\276\001X\2602D)\204\025!\3160\216\233<\303"
  88      96BE0158 
  88      B0324429 
  88      841521CE 
  88      308E9B3C 
  89 006e F16EE93C 		.ascii	"\361n\351<\3137\270A6\205\312\367\312\376\263]\226\210"
  89      CB37B841 
  89      3685CAF7 
  89      CAFEB35D 
  89      9688
  90 0080 9D5456CB 		.ascii	"\235TV\313\251\232\342\312\013Zf\346khk19fp\006{\344"
  90      A99AE2CA 
  90      0B5A66E6 
  90      6B686B31 
  90      39667006 
  91 0096 3E4207E6 		.ascii	">B\007\346\321!\2778F\027y\037*\217i\013w#\220\276\\"
  91      D121BF38 
  91      4617791F 
  91      2A8F690B 
  91      772390BE 
  92 00ab C9956DCE 		.ascii	"\311\225m\316C!\022\302\274\336\346\242\313\340\034"
  92      432112C2 
  92      BCDEE6A2 
  92      CBE01C
  93 00ba 0BC8FF83 		.ascii	"\013\310\377\203t\005XD'\331\263\251\302\013\347\236"
  93      74055844 
  93      27D9B3A9 
  93      C20BE79E 
  94 00ca 06FA9AFA 		.ascii	"\006\372\232\372x\2637\321\352'\0236\203+x\362\207\366"
  94      78B337D1 
  94      EA271336 
  94      832B78F2 
  94      87F6
  95 00dc 3BB05782 		.ascii	";\260W\202\012\340):\245\373\351\242\276\323\326\252"
  95      0AE0293A 
  95      A5FBE9A2 
  95      BED3D6AA 
  96 00ec C8896890 		.ascii	"\310\211h\2203l\245\350P\272GS\324\177\226\205\371}"
  96      336CA5E8 
  96      50BA4753 
  96      D47F9685 
  96      F97D
  97 00fe 80190F03 		.ascii	"\200\031\017\003X\245g\231}\215\206\247\223\3270\221"
  97      58A56799 
  97      7D8D86A7 
  97      93D73091 
  98 010e 2BAEB74B 		.ascii	"+\256\267K\200\232\354&\257n-24C\300R#\023\021(\235"
  98      809AEC26 
ARM GAS  C:\Users\user\AppData\Local\Temp\ccbTInyB.s 			page 7


  98      AF6E2D32 
  98      3443C052 
  98      23131128 
  99 0123 C48EB887 		.ascii	"\304\216\270\207}\023\223\343^\237;\244\0054o46\245"
  99      7D1393E3 
  99      5E9F3BA4 
  99      05346F34 
  99      36A5
 100 0135 857D41A9 		.ascii	"\205}A\251\303\221\276\301\0015\034QC~]\325\265\200"
 100      C391BEC1 
 100      01351C51 
 100      437E5DD5 
 100      B580
 101 0147 1A89CE4F 		.ascii	"\032\211\316O\373g\"\352lL\327\233\272'\010L\233\303"
 101      FB6722EA 
 101      6C4CD79B 
 101      BA27084C 
 101      9BC3
 102 0159 C02F9474 		.ascii	"\300/\224tw\206"
 102      7786
 103              		.text
 104              		.section	.gnu.lto_get.7a94058d,"",%progbits
 105 0000 789C6365 		.ascii	"x\234ce`bx\307\300\300\340\012\304\322@\314\310\314"
 105      606278C7 
 105      C0C0E00A 
 105      C4D240CC 
 105      C8CC
 106 0012 C0C834E1 		.ascii	"\300\3104\341\034\003C#\007\023##\210\321\300\301\310"
 106      1C034323 
 106      07132323 
 106      88D1C0C1 
 106      C8
 107 0023 50CFC458 		.ascii	"P\317\304X\317\330\317<\235\231\361b\313\2069\314}\314"
 107      CFD8CF3C 
 107      9D99F162 
 107      CB8639CC 
 107      7DCC
 108 0035 F381CA58 		.ascii	"\363\201\312X\200\334\217gg=\346\003q\031\031\025\200"
 108      80DC8F67 
 108      673DE603 
 108      71191915 
 108      80
 109 0046 DC273BDB 		.ascii	"\334';\333\336\262h.o\000\202\003\323g\261\315\333t"
 109      DEB2682E 
 109      6F008203 
 109      D367B1CD 
 109      DB74
 110 0058 A181733E 		.ascii	"\241\201s>3\023\303L\240\362\025\2142\214\313\031e@"
 110      3313C34C 
 110      A0F2158C 
 110      328CCB19 
 110      6540
 111 006a 76AC64D4 		.ascii	"v\254d\324\004*\276|\366\352\004vfgF\006 {s\307\202"
 111      042ABE7C 
 111      F6EA0476 
 111      66674606 
 111      207B73C7 
ARM GAS  C:\Users\user\AppData\Local\Temp\ccbTInyB.s 			page 8


 112 007f 9D3CEA4B 		.ascii	"\235<\352K\033\032\232\032\016\034\231\314\334\2402"
 112      1B1A9A1A 
 112      0E1C99CC 
 112      DCA032
 113 008e 9F999971 		.ascii	"\237\231\231q\025#3\262F\240\020\003\343jFu\220\372"
 113      152333B2 
 113      46A01003 
 113      E36A4675 
 113      90FA
 114 00a0 471BFF4D 		.ascii	"G\033\377M\345ec\001\031\0144o\015#\033#\220^\177\211"
 114      E5656301 
 114      190C346F 
 114      0D231B23 
 114      905E7F89 
 115 00b4 F140C3BF 		.ascii	"\361@\303\277\377\355\015\007\236,f\334\352\306\304"
 115      FFED0D07 
 115      9E2C66DC 
 115      EAC6C4
 116 00c3 C0D00594 		.ascii	"\300\320\005\224\006\371\241\033\350\006 \315\374\226"
 116      06F9A11B 
 116      E80620CD 
 116      FC96
 117 00d1 B169C1F3 		.ascii	"\261i\301\363\036)\220\006\240!\007\037l\372\310\015"
 117      1E299006 
 117      A021071F 
 117      6CFAC80D 
 118 00e1 723C1323 		.ascii	"r<\023#\013\343Z\260\323\200:\030A*\201z\035\234\255"
 118      0BE35AB0 
 118      D3803A18 
 118      412A817A 
 118      1D9CAD
 119 00f4 628242FC 		.ascii	"b\202B\374\203c\23432\2232\203KJS2\363c\222A\354\374"
 119      83639C33 
 119      32933283 
 119      4B4A5332 
 119      F3639241 
 120 010a 62437333 		.ascii	"bCs3\375\374b\375\214\304\034\375\234\314$\375\342\222"
 120      FDFC62FD 
 120      8CC41CFD 
 120      9CCC24FD 
 120      E292
 121 011c A2D4C4DC 		.ascii	"\242\324\304\334b\375\274\322\234\034([/\231\201)\263"
 121      62FDBCD2 
 121      9C1C285B 
 121      2F998129 
 121      B3
 122 012d 000094FE 		.ascii	"\000\000\224\376ge"
 122      6765
 123              		.text
 124              		.section	.gnu.lto_nullObjectInit.7a94058d,"",%progbits
 125 0000 789C4D50 		.ascii	"x\234MP\277k\223Q\024\275\347\273_~\010\032\034E3d\020"
 125      BF6B9351 
 125      14BDE7BB 
 125      5F7E081A 
 125      1C453364 
 126 0015 42173F5C 		.ascii	"B\027?\\*8\025\002]\005\353\230%\211B\2021)~\355\342"
 126      2A381502 
ARM GAS  C:\Users\user\AppData\Local\Temp\ccbTInyB.s 			page 9


 126      5D05EB98 
 126      25894282 
 126      31297EED 
 127 002a 92D79818 		.ascii	"\222\327\230\030\211h\035\324\304`\370\"\032\242\211"
 127      89681DD4 
 127      C460F822 
 127      1AA289
 128 0039 CD2F0771 		.ascii	"\315/\007q2t)\025\253\350\037\320AE\321\326A\252\024"
 128      32742915 
 128      ABE81FD0 
 128      4145D1D6 
 128      41AA14
 129 004c 0236BD2F 		.ascii	"\0026\275/\315\340\203\313\273\367\276\363\316=\347"
 129      CDE083CB 
 129      BBF7BEF3 
 129      CE3DE7
 130 005b BAC8A065 		.ascii	"\272\310\240e\020\315\022\321\011\0110\301\270\373\236"
 130      10CD12D1 
 130      090930C1 
 130      B8FB9E
 131 006a 68C96B00 		.ascii	"h\311k\000:Q^P\306@\006\313\\b\254\026\276\2756\246"
 131      3A515E50 
 131      C64006CB 
 131      5C62AC16 
 131      BEBD36A6 
 132 007e 1A4ACEA0 		.ascii	"\032J\316\240\264\351\276\241\362\307\034&z(\241\017"
 132      B4E9BEA1 
 132      F2C71C26 
 132      7A28A10F 
 133 008e 1A9812D4 		.ascii	"\032\230\022\324\307\\\367\021\337a\207\001S\312\337"
 133      C75CF711 
 133      DF618701 
 133      53CADF
 134 009d 1B952F3E 		.ascii	"\033\225/>]\032\010H\371\375q\177\333\344\020H\362\322"
 134      5D1A0848 
 134      F9FD717F 
 134      DBE41048 
 134      F2D2
 135 00af 30D73483 		.ascii	"0\3274\203u\245\262j\360\356\036\253\223\0163\232`!"
 135      75A5B26A 
 135      F0EE1EAB 
 135      930E339A 
 135      6021
 136 00c1 C473F8F1 		.ascii	"\304s\370\361\014~\222\026\241\205\240\306\177\356\355"
 136      0C7E9216 
 136      A185A0C6 
 136      7FEEED
 137 00d0 DD3FE236 		.ascii	"\335?\3426\017\006\342\005\334\242\235:\2370P{\243\202"
 137      0F06E205 
 137      DCA29D3A 
 137      9F30507B 
 137      A382
 138 00e2 1AFC798A 		.ascii	"\032\374y\212\277\263\246(\327p*\012H[\270\305\206\276"
 138      BFB3A628 
 138      D7702A0A 
 138      485BB8C5 
 138      86BE
ARM GAS  C:\Users\user\AppData\Local\Temp\ccbTInyB.s 			page 10


 139 00f4 F907B2C3 		.ascii	"\371\007\262\303B\365\325\274\376'\\\017\362\253\037"
 139      42F5D5BC 
 139      FE275C0F 
 139      F2AB1F
 140 0103 3C5A168F 		.ascii	"<Z\026\217\245\354\256\275\275y\330AuI\274\325\216;"
 140      A5ECAEBD 
 140      BD79D841 
 140      7549BCD5 
 140      8E3B
 141 0115 6C5645EF 		.ascii	"lVE\357\212\314\327\217\365\257\331\266\307Z\321\276"
 141      8ACCD78F 
 141      F5AFD9B6 
 141      C75AD1BE 
 142 0125 030EBBD0 		.ascii	"\003\016\273\320\206\203\362\3304:\260\376's\215\311"
 142      8683F2D8 
 142      343AB0FE 
 142      27738DC9 
 143 0135 AE0FDFEC 		.ascii	"\256\017\337\354\3702\377\224l\307\365D\343\244\267"
 143      F832FF94 
 143      6CC7F544 
 143      E3A4B7
 144 0144 5E695DD6 		.ascii	"^i]\326\374G\035v\243'\033\355N\310G?\373\355C\002."
 144      FC471D76 
 144      A3271BED 
 144      4EC8473F 
 144      FBED4302 
 145 0159 CBE06B9A 		.ascii	"\313\340k\232\241/\354\302\374\022\031\372\205lm\353"
 145      A12FECC2 
 145      FC1219FA 
 145      856C6DEB 
 146 0169 36B4E4F1 		.ascii	"6\264\344\361\206\213\"V\274\030D3\241\263\341\363\027"
 146      868B2256 
 146      BC184433 
 146      A1B3E1F3 
 146      17
 147 017a CECD8543 		.ascii	"\316\315\205C\361D41\267\260x1\221\016\307t\236\266"
 147      F1443431 
 147      B7B07831 
 147      910EC774 
 147      9EB6
 148 018c 4F9F99B6 		.ascii	"O\237\231\266\322\266\025\217$\255d\"j\331\013W/E\256"
 148      D2B6158F 
 148      24AD6422 
 148      6AD90B57 
 148      2F45AE
 149 019f D8566A31 		.ascii	"\330Vj1\231\234\344\247b\304){~\037\011b\235\004"
 149      999CE4A7 
 149      62C4297B 
 149      7E1F0962 
 149      9D04
 150              		.text
 151              		.section	.gnu.lto_vmt.7a94058d,"",%progbits
 152 0000 789C6365 		.ascii	"x\234ce`b\230\311\300\300\340\304\000\001\323\231\031"
 152      606298C9 
 152      C0C0E0C4 
 152      0001D399 
 152      19
ARM GAS  C:\Users\user\AppData\Local\Temp\ccbTInyB.s 			page 11


 153 0011 77EE7C73 		.ascii	"w\356|s\233\275\376oCGC\303\203\3569\314u\363\231\031"
 153      9BBDFE6F 
 153      434743C3 
 153      83EE39CC 
 153      75F39919 
 154 0025 66326348 		.ascii	"f2cH-x\306<\237\231q&3#\206\304*\240\004\323Lf&\014"
 154      2D78C63C 
 154      9F997126 
 154      332386C4 
 154      2AA004D3 
 155 003d 89574CF3 		.ascii	"\211WL\363\231\231g23\203%\276>{\262\237\303b[C\307"
 155      99996732 
 155      338325BE 
 155      3E7BB29F 
 155      C3625B43 
 156 0052 820687F9 		.ascii	"\202\006\207\371\314,3\230\031\030W1\326\317`fd\\\011"
 156      CC2C3398 
 156      19185731 
 156      D6CF6066 
 156      645C09
 157 0065 A2981857 		.ascii	"\242\230\030W\200(f\306\345\214\365\014\214\253\031"
 157      802866C6 
 157      E58CF50C 
 157      8CAB19
 158 0074 2D181C9C 		.ascii	"-\030\034\234\255b\202B\374\203c\23432\2232\203KJS2"
 158      AD628242 
 158      FC83639C 
 158      33329332 
 158      834B4A53 
 159 0089 F3639241 		.ascii	"\363c\222A\354\374bCs3\375\374b\375\214\304\034\375"
 159      ECFC6243 
 159      7333FDFC 
 159      62FD8CC4 
 159      1CFD
 160 009b 9CCC24FD 		.ascii	"\234\314$\375\342\222\242\324\304\334b\375\274\322\234"
 160      E292A2D4 
 160      C4DC62FD 
 160      BCD29C
 161 00aa 1C285B2F 		.ascii	"\034([/\231\001\000\215`Q\331"
 161      9901008D 
 161      6051D9
 162              		.text
 163              		.section	.gnu.lto_.symbol_nodes.7a94058d,"",%progbits
 164 0000 789C6365 		.ascii	"x\234ce`b\310e\000\002\246\251L\365\014\014\023\316"
 164      6062C865 
 164      0002A6A9 
 164      4CF50C0C 
 164      13CE
 165 0012 313000A9 		.ascii	"10\000\251\035\013\0166\260\001\305\2461\3253\242\213"
 165      1D0B0E36 
 165      B001C5A6 
 165      31D533A2 
 165      8B
 166 0023 4D67AA67 		.ascii	"Mg\252gB\027\233\301T\317\214.6\213\251\236\005&\266"
 166      42179BC1 
 166      54CF8C2E 
 166      368BA99E 
ARM GAS  C:\Users\user\AppData\Local\Temp\ccbTInyB.s 			page 12


 166      0526B6
 167 0036 ABC19181 		.ascii	"\253\301\221\201\201u&\023C\203\022\003\0033\003\000"
 167      81752613 
 167      43831203 
 167      03330300 
 168 0046 8DFC1C8F 		.ascii	"\215\374\034\217"
 169              		.text
 170              		.section	.gnu.lto_.refs.7a94058d,"",%progbits
 171 0000 789C05C1 		.ascii	"x\234\005\301\261\001\000\000\010\303\2404\332\335\377"
 171      B1010000 
 171      08C3A034 
 171      DADDFF
 172 000f AF158A1C 		.ascii	"\257\025\212\034\220\265\331\212Q\207\007\003S\000<"
 172      90B5D98A 
 172      51870703 
 172      53003C
 173              		.text
 174              		.section	.gnu.lto_.decls.7a94058d,"",%progbits
 175 0000 789CAD56 		.ascii	"x\234\255VkPTe\030>\3579\273\013,\0138\32286\3034\214"
 175      6B505465 
 175      183EEF39 
 175      BB0B2C0B 
 175      38D23836 
 176 0017 4333FC89 		.ascii	"C3\374\211\025m\254i\372a\303L\227\037\352L^~\355\314"
 176      156DAC69 
 176      FA61C34C 
 176      971FEA4C 
 176      5E7EEDCC 
 177 002b 06CB265B 		.ascii	"\006\313&[\260k\234C\267_'\010\362\222\006y\341\222"
 177      B06B9C43 
 177      B75F2708 
 177      F2920679 
 177      E192
 178 003d 1A619924 		.ascii	"\032a\231$\010*b\202\304bj\213\242\201\227\310b1\222"
 178      082A6282 
 178      C4626A8B 
 178      A28197C8 
 178      623192
 179 0050 2409B90B 		.ascii	"$\011\271\013\256X\364~\337w\316\236\263\264L?\352\014"
 179      AE58F47E 
 179      DF77CE9E 
 179      B3B44C3F 
 179      EA0C
 180 0062 EFD9F3BD 		.ascii	"\357\331\363\275\347}\277\347y/\337{0r<W\021\315q\037"
 180      E77DBFE7 
 180      792FDF7B 
 180      30723C57 
 180      11CD711F 
 181 0076 F11CD700 		.ascii	"\361\034\327\000\0347\213W\004\307q\265\234v\031Q\316"
 181      1C378B57 
 181      04C771B5 
 181      9C761951 
 181      CE
 182 0087 A0B4A3DC 		.ascii	"\240\264\243\334@\361\243\314\240\2409\367\220\013\275"
 182      40F1A3CC 
 182      A0A039F7 
 182      900BBD
ARM GAS  C:\Users\user\AppData\Local\Temp\ccbTInyB.s 			page 13


 183 0096 0A81D92F 		.ascii	"\012\201\331/Dy\004\345(\312z\224\323\312{P\366\232"
 183      447904E5 
 183      28CA7A94 
 183      D3CA7B50 
 183      F69A
 184 00a8 7BED9CC7 		.ascii	"{\355\234\307\357\234\316\257=\214\337\3619~\335\212"
 184      EF9CCEAF 
 184      3D8CDFF1 
 184      397EDD8A 
 185 00b8 5F93CEEF 		.ascii	"_\223\316\357F\030\277f|a\010\343\247\372\370\303\370"
 185      4618BF66 
 185      7C6108E3 
 185      A7FAF8C3 
 185      F8
 186 00c9 4CE30B92 		.ascii	"L\343\013\222\233\015:\277\373(S(c(\243\212\357\270"
 186      9B0D3ABF 
 186      FB285328 
 186      6328A38A 
 186      EFB8
 187 00db F23B5F8E 		.ascii	"\362;_\216\002\012\347;(}(\267P~S\374\011\247\021\224"
 187      020AE73B 
 187      287D28B7 
 187      507E53FC 
 187      09A71194 
 188 00ef 3F508650 		.ascii	"?P\206P\206\025\235_\211\203\344 \\\376J\005h\334~\266"
 188      86159D5F 
 188      8983E420 
 188      5CFE4A05 
 188      68DC7EB6 
 189 0103 85EF851E 		.ascii	"\205\357\205\036\300R\302\002\026\011\260;P\241\313"
 189      C052C202 
 189      1609B03B 
 189      50A1CB
 190 0112 59F502A0 		.ascii	"Y\365\002\240z\324\362\364\316\014\251\012T\017e\315"
 190      7AD4F2F4 
 190      CE0CA90A 
 190      540F65CD 
 191 0122 2B4B5ED9 		.ascii	"+K^\331\222\376)\316\240\333\221\275fH\352\305r\300"
 191      92FE29CE 
 191      A0DB91BD 
 191      6648EAC5 
 191      72C0
 192 0134 1EA89BEA 		.ascii	"\036\250\233\352\015\274\006\000\240w\320m\310h+\357"
 192      0DBC0600 
 192      A077D06D 
 192      C8682BEF 
 193 0144 83FC382D 		.ascii	"\203\3748-8P\243\037+\357\270m\276\011~\242\255\\\011"
 193      3850A31F 
 193      2BEFB86D 
 193      BE097EA2 
 193      AD5C09
 194 0157 5477F193 		.ascii	"Tw\361\223}% \360@\236o\006\016=\237R#\263+\362Q-m~"
 194      7D2520F0 
 194      409E6F06 
 194      0E3D9F52 
 194      23B32BF2 
 195 016f 5FF56161 		.ascii	"_\365aa\207\000k\314@0\343PU7t*\020\303T\304\342\363"
ARM GAS  C:\Users\user\AppData\Local\Temp\ccbTInyB.s 			page 14


 195      87006BCC 
 195      4030E350 
 195      5537742A 
 195      10C354C4 
 196 0185 C0C8498B 		.ascii	"\300\310I\213\260\220>w\275_\277\227X/4\203\201\240"
 196      B0903E77 
 196      BD5FBF97 
 196      582F3483 
 196      81A0
 197 0197 5EAAB815 		.ascii	"^\252\270\025\213\313G\314\220X*\360]-w\373\"!\331|"
 197      8BCB47CC 
 197      90582AF0 
 197      5D2D77FB 
 197      2221D97C 
 198 01ab 908078BF 		.ascii	"\220\200x\277\337\2312Q(\313<\034\0053\324\202\000_"
 198      DF993251 
 198      28CB3C1C 
 198      0533D482 
 198      005F
 199 01bd 410AA1BC 		.ascii	"A\012\241\274\306\214\367\315\262\234/\027\027\310Q"
 199      C68CF7CD 
 199      B29C2F17 
 199      17C851
 200 01cc 2F725007 		.ascii	"/rP\007\011p\004\0228\250\207d\002J\354\240\006\225"
 200      09700412 
 200      38A88764 
 200      024AECA0 
 200      0695
 201 01de 87518928 		.ascii	"\207Q\211(\373\317\214\274g1\220\262\222\2352\014DW"
 201      FBCF8CBC 
 201      673190B2 
 201      929D320C 
 201      4457
 202 01f0 57D85F1D 		.ascii	"W\330_\035\211\310\011H\033t\234\023\030\347\006\357"
 202      89C80948 
 202      1B749C13 
 202      18E706EF 
 203 0200 44AD4128 		.ascii	"D\255A(\000\262\340\033\033\372+\314AZ#\325)\205\037"
 203      00B2E01B 
 203      1BFA2BCC 
 203      415A23D5 
 203      29851F
 204 0213 105A2771 		.ascii	"\020Z'q\263\023\032\255\204 \255\321*YX\314\301\362"
 204      B3131AAD 
 204      8420ADD1 
 204      2A5958CC 
 204      C1F2
 205 0225 04588AA4 		.ascii	"\004X\212\244\032\221T\202B\252\001I\035g\244\252?="
 205      1A915482 
 205      42AA0149 
 205      1D67A4AA 
 205      3F3D
 206 0237 74364608 		.ascii	"t6F\0100\204\362\335m\015\261Z\340\276%\307i\340M\210"
 206      3084F2DD 
 206      6D0DB15A 
 206      E0BE25C7 
 206      69E04D88 
ARM GAS  C:\Users\user\AppData\Local\Temp\ccbTInyB.s 			page 15


 207 024b F0B58680 		.ascii	"\360\265\206\200\200\341!N\205\207h\036\233\030\007"
 207      80E1214E 
 207      8587681E 
 207      9B1807
 208 025a B362BFF9 		.ascii	"\263b\277\371\337\355\277\366\265\016Z,[\203\231\205"
 208      DFEDBFF6 
 208      B50E5A2C 
 208      5B839985 
 209 026a 66C45793 		.ascii	"f\304W\223\313\301i\260(5\377\330?t9\226&\024up\014"
 209      CBC169B0 
 209      2835FFD8 
 209      3F743996 
 209      26147570 
 210 027f 6846F75C 		.ascii	"hF\367\\\311\257\214\242\312\365\026ha\272s\263\323"
 210      C9AF8CA2 
 210      CAF51668 
 210      61BA73B3 
 210      D3
 211 0290 DE38566E 		.ascii	"\3368Vn\036\227WF;\366E\263r/\300\345@\337\305\252\270"
 211      1E975746 
 211      3BF645B3 
 211      722FC0E5 
 211      40DFC5AA 
 212 02a5 C57B684B 		.ascii	"\305{hK\025\310\013X\241\275\210\327J\361\332`1\336"
 212      15C80B58 
 212      A1BD88D7 
 212      4AF1DA60 
 212      31DE
 213 02b7 BF010303 		.ascii	"\277\001\003\003-?\264\253'jI\245\334\371\213\354\355"
 213      2D3FB4AB 
 213      276A49A5 
 213      DCF98BEC 
 213      ED
 214 02c8 EE597AEF 		.ascii	"\356Yz\357@\221\334\211\216+\251!Tki\302G\274\037\202"
 214      4091DC89 
 214      8E2BA921 
 214      546B69C2 
 214      47BC1F82 
 215 02dc 9B005F42 		.ascii	"\233\000_B/6\374\031X\202\376\201\222K\015F\341\200"
 215      2F36FC19 
 215      5882FE81 
 215      924B0D46 
 215      E180
 216 02ee 00F3B5C4 		.ascii	"\000\363\265\304\325\231\217\307x}\370M!\341\237\013"
 216      D5998FC7 
 216      787DF84D 
 216      21E19F0B 
 217 02fe 867F79F2 		.ascii	"\206\177y\362\342T\014uF\035\234e\241\356\277u\260\325"
 217      E2540C75 
 217      461D9C65 
 217      A1EEBF75 
 217      B0D5
 218 0310 A8867F9E 		.ascii	"\250\206\177\236\351:\246\012\333\370\371\003\364\321"
 218      E93AA60A 
 218      DBF8F903 
 218      F4D1
 219 031e 00BF5303 		.ascii	"\000\277S\003l\276Vv\335\254\004\370\353\036A\336\205"
ARM GAS  C:\Users\user\AppData\Local\Temp\ccbTInyB.s 			page 16


 219      6CBE5676 
 219      DDAC04F8 
 219      EB1E41DE 
 219      85
 220 032f 5E0B8811 		.ascii	"^\013\210\021|\253\005\367\355\334\340\332ip\263#\023"
 220      7CAB05F7 
 220      EDDCE0DA 
 220      6970B323 
 220      13
 221 0340 BD16A19A 		.ascii	"\275\026\241\232\0057\366]\377n\240T\232\202\301M|\262"
 221      0537F65D 
 221      FF6EA054 
 221      9A82C14D 
 221      7CB2
 222 0352 B72148EF 		.ascii	"\267!H\357\"\243W\270\275\266\324\214\3450\261\243\033"
 222      22A357B8 
 222      BDB6D48C 
 222      E530B1A3 
 222      1B
 223 0363 81AAFED1 		.ascii	"\201\252\376\321\007\215\006\246\"\244\337F\325\276"
 223      078D06A6 
 223      22A4DF46 
 223      D5BE
 224 0371 F29EA3B1 		.ascii	"\362\236\243\261B-\335\232\037\352\333\2625Rw\024V\224"
 224      422DDD9A 
 224      1FEADBB2 
 224      35527714 
 224      5694
 225 0383 8FCA7222 		.ascii	"\217\312r\"t!\316\367\032I\223\322\247\362?Nh'v\236"
 225      7421CEF7 
 225      1A4993D2 
 225      A7F23F4E 
 225      6827769E 
 226 0397 49E9BCCB 		.ascii	"I\351\274\313\250\274\304:o<0\332`\020N2\214\255}\343"
 226      A8BCC43A 
 226      6F3C30DA 
 226      60104E32 
 226      8CAD7DE3 
 227 03ab 7FC68139 		.ascii	"\177\306\20199\354\006\327\302l\240\236\232e'\350\251"
 227      39EC06D7 
 227      C26CA09E 
 227      9A6527E8 
 227      A9
 228 03bc B98A64AE 		.ascii	"\271\212d\256hd\272\350\251A\220\356\017\257\376l\022"
 228      6864BAE8 
 228      A94190EE 
 228      0FAFFE6C 
 228      12
 229 03cd 5A194860 		.ascii	"Z\031H`\320W\033\255\005r?\251\354\001\011\244\033}"
 229      D0571BAD 
 229      05723FA9 
 229      EC0109A4 
 229      1B7D
 230 03df AF6BBE57 		.ascii	"\257k\276Wa\336H~\010\037I\375`\361\027\026}\311\273"
 230      61DE487E 
 230      081F49FD 
 230      60F11716 
ARM GAS  C:\Users\user\AppData\Local\Temp\ccbTInyB.s 			page 17


 230      7DC9BB
 231 03f2 434AFE23 		.ascii	"CJ\376#-y\207Z\362\232\351\337\233\242\203=\375\344"
 231      2D79875A 
 231      F29AE9DF 
 231      9BA2833D 
 231      FDE4
 232 0404 80D6D368 		.ascii	"\200\326\323h\010\0274\"\027\346\226\375\006-{\235\277"
 232      08173422 
 232      17E696FD 
 232      062D7B9D 
 232      BF
 233 0415 6A738CB0 		.ascii	"js\214\260\313@\313~\244f\246\336\254\226\230U\375H"
 233      CB40CB7E 
 233      A466A6DE 
 233      AC969855 
 233      FD48
 234 0427 F1DD45F3 		.ascii	"\361\335E\363\223\351\241d~V\311\374\331\276\355\244"
 234      93E9A164 
 234      7E56C9FC 
 234      D9BEEDA4 
 235 0437 492133B8 		.ascii	"I!3\270\270\\\366\346\313$\235h\005?iL~\232\313\304"
 235      B85CF6E6 
 235      CB249D68 
 235      053F694C 
 235      7E9ACBC4 
 236 044b 4F9914EF 		.ascii	"O\231\024\357x0\023)\2241&%\263\237_\213\022\276d\213"
 236      78301329 
 236      94312625 
 236      B39F5F8B 
 236      12BE648B 
 237 045f 8AE6C90B 		.ascii	"\212\346\311\013F6\003\"q9:Sp6Z\177\312H\244\332)\353"
 237      46360322 
 237      71393A53 
 237      70365A7F 
 237      CA48A4DA 
 238 0475 0B9EB2E1 		.ascii	"\013\236\262\341\242&\177\254p\230m\362\327\371\255"
 238      A2267FAC 
 238      70986DF2 
 238      D7F9AD
 239 0484 03117A2F 		.ascii	"\003\021z/_\210\327\255\240\327\365\201SS\321B=\363"
 239      5F88D7AD 
 239      A0D7F581 
 239      5353D142 
 239      3DF3
 240 0496 DA72F4CE 		.ascii	"\332r\364\316\375X\275W[\210\327oA\257\374#\223\035"
 240      FD58BD57 
 240      5B88D76F 
 240      41AFFC23 
 240      931D
 241 04a8 B14223F3 		.ascii	"\261B#\363R\247\324B6\245\032o\267\2377\263\241%\223"
 241      52A7D442 
 241      36A51A6F 
 241      B79F37B3 
 241      A12593
 242 04bb 2F45E9FE 		.ascii	"/E\351\376\306c!\001\364\204lzG\335\324T\274\255j\237"
 242      C6632101 
 242      F4846C7A 
ARM GAS  C:\Users\user\AppData\Local\Temp\ccbTInyB.s 			page 18


 242      47DDD454 
 242      BCAD6A9F 
 243 04cf 05E29392 		.ascii	"\005\342\223\222\222\223\222Jh\013ae\015\034\374\216"
 243      9293924A 
 243      680B6165 
 243      0D1CFC8E 
 244 04df B603A485 		.ascii	"\266\003\244\205ncV\007!\236d\026\356b;\215@\022\374"
 244      6E635607 
 244      219E6416 
 244      EE623B8D 
 244      4012FC
 245 04f2 81328432 		.ascii	"\2012\2042\014I\364\013[Ep\274\003e\302\360\301\"\271"
 245      0C49F40B 
 245      5B4570BC 
 245      0365C2F0 
 245      C122B9
 246 0505 389D440A 		.ascii	"8\235D\012\277*~\301^\264\022\340:\002\257\330\373\300"
 246      BF2A7EC1 
 246      5EB412E0 
 246      3A02AFD8 
 246      FBC0
 247 0517 B794A492 		.ascii	"\267\224\244\222\266P\210\351/\224d*1e\255?\\$\340\007"
 247      B65088E9 
 247      2F94642A 
 247      3165AD3F 
 247      5C24E007 
 248 052b 9D18714A 		.ascii	"\235\030qJ\2115\330\251\025\330\005\357\013$&\332\002"
 248      8935D8A9 
 248      15D805EF 
 248      0B2426DA 
 248      02
 249 053c 6176FA07 		.ascii	"av\372\007*&\025\372\303\022\244\240d\024\025\345\357"
 249      2A2615FA 
 249      C312A4A0 
 249      641415E5 
 249      EF
 250 054d 8E895732 		.ascii	"\216\211W2\262y\276\214pa\323\201\356\005{\317\354\211"
 250      B279BE8C 
 250      7061D381 
 250      EE057BCF 
 250      EC89
 251 055f D2E77F54 		.ascii	"\322\347\177T\207\304\301\230\232\177\341\360g\225-"
 251      87C4C198 
 251      9A7FE1F0 
 251      67952D
 252 056e D190941C 		.ascii	"\321\220\224\034\317\330\235/{lg\201\214\014\321\002"
 252      CFD89D2F 
 252      7B6C6781 
 252      8C0CD102 
 253 057e BB5780C9 		.ascii	"\273W\200\311\360\014YZ\246JiZ&C\323R\242L\002BZ\203"
 253      F00C595A 
 253      A64A695A 
 253      2643D352 
 253      A24C0242 
 254 0594 9C546A38 		.ascii	"\234Tj8\2015\034\327\210\356\335\321\323h\021\012\215"
 254      81351CD7 
 254      88EEDDD1 
ARM GAS  C:\Users\user\AppData\Local\Temp\ccbTInyB.s 			page 19


 254      D368110A 
 254      8D
 255 05a5 74DE1CDF 		.ascii	"t\336\034\337r\242\225\207\370\344p;\3004:\206\333\204"
 255      72A29587 
 255      F8E4703B 
 255      C0343A86 
 255      DB84
 256 05b7 51F9A1CC 		.ascii	"Q\371\241\314D\250L\241\301=\355\034\022f\034\373lu"
 256      44A84CA1 
 256      C13DED1C 
 256      12661CFB 
 256      6C75
 257 05c9 F546EAF3 		.ascii	"\365F\352\3631\025\222\217\373\301&\367}0\275\233\247"
 257      3115928F 
 257      FBC126F7 
 257      7D30BD9B 
 257      A7
 258 05da F30175CA 		.ascii	"\363\001u\312\200hy\270\355C\203~BlX\244\033\020\017"
 258      806879B8 
 258      ED43837E 
 258      426C58A4 
 258      1B100F
 259 05ed E88008A8 		.ascii	"\350\200\010\250\003\242\363=\377\351\010\034\020\225"
 259      03A2F33D 
 259      FFE9081C 
 259      1095
 260 05fb 745A3D5B 		.ascii	"tZ=[Q\023\234Vh\210\263 \310\255w\356\214\230\2413\242"
 260      51139C56 
 260      6888B320 
 260      C8AD77EE 
 260      8C98A133 
 261 0610 A36BA62D 		.ascii	"\243k\246-\356\361\003r\247W\366\336._\204\3377V\274"
 261      EEF10372 
 261      A757F6DE 
 261      2E5F84DF 
 261      3756BC
 262 0623 9BCC33D8 		.ascii	"\233\3143\330\006\034\325\254\303\377\253\037\302\343"
 262      061CD5AC 
 262      C3FFAB1F 
 262      C2E3
 263 0631 9CE9AD5C 		.ascii	"\234\351\255\\\227\344\024#_X\275>1-5\2253\211\256w"
 263      97E41423 
 263      5F58BD3E 
 263      312D3595 
 263      3389AE77 
 264 0645 9D76C9E5 		.ascii	"\235v\311\345x\306\226+yD\233#\313\225\341\022\245\274"
 264      78C6962B 
 264      79449B23 
 264      CB95E112 
 264      A5BC
 265 0657 4C97C726 		.ascii	"L\227\307&y<\331\242m\243;/\221>%\246\347\346$:s2\234"
 265      793CD9A2 
 265      6DA33B2F 
 265      913E25A6 
 265      E7E6243A 
 266 066e 9999CE4C 		.ascii	"\231\231\316L\333\212\224\345\211\313\226\246>\365F"
 266      DB8A94E5 
ARM GAS  C:\Users\user\AppData\Local\Temp\ccbTInyB.s 			page 20


 266      89CB96A6 
 266      3EF546
 267 067d AA2DDB95 		.ascii	"\252-\333\225a\333\350p\330\360\375\023n\217\333\371"
 267      61DBE870 
 267      D8F0FD13 
 267      6E8FDBF9 
 268 068d 84333DC3 		.ascii	"\2043=\303E\014RRm.\267#;/\323i\023%\364z5%\213\213"
 268      450C5252 
 268      6D2EB723 
 268      3B2FD369 
 268      1325F47A 
 269 06a5 B2DBF35C 		.ascii	"\262\333\363\\n\351i\273\364\372\177\301\014\305RQr"
 269      6EE969BB 
 269      F4FA7FC1 
 269      0CC55251 
 269      72
 270 06b6 D2712FB7 		.ascii	"\322q/\267\323fG\254\364\274l\311.\275\263\311)\"j\204"
 270      D36647AC 
 270      F4BC6CC9 
 270      2EBDB3C9 
 270      29226A84 
 271 06ca 82F9CAFF 		.ascii	"\202\371\312\377\217)\276#\332\354\030\036\002 \320"
 271      8F29BE23 
 271      DAEC181E 
 271      0220D0
 272 06d9 CAB4676C 		.ascii	"\312\264gl/\257[\263\326\226F\000\3262\000\012\346\021"
 272      2FAF5BB3 
 272      D6964600 
 272      D632000A 
 272      E611
 273 06eb 539F5A61 		.ascii	"S\237Za\365\210\326\254\364l+\246\314*J\271\316\364"
 273      F588D6AC 
 273      F46C2BA6 
 273      CC2A4AB9 
 273      CEF4
 274 06fd 1CD1EACE 		.ascii	"\034\321\352\316\313\316V\236S\034\234\021\0372EaS\236"
 274      CBCE569E 
 274      531C9C11 
 274      1F324561 
 274      539E
 275 070f 8499C23D 		.ascii	"\204\231\302=\227/\263K\021\312\2571G\334h\227V\377"
 275      972FB34B 
 275      11CAAF31 
 275      47DC6897 
 275      56FF
 276 0721 3B84C393 		.ascii	";\204\303\223\223\343q[7yr%\321\372\334\313\253\322"
 276      93E3715B 
 276      37797225 
 276      D1FADCCB 
 276      ABD2
 277 0733 56BD4D74 		.ascii	"V\275Mt\233\\\331\316\\\321\372BZ\232\325\221\245\246"
 277      9B5CD9CE 
 277      5CD1FA42 
 277      5A9AD591 
 277      A5A6
 278 0745 46D8E894 		.ascii	"F\330\350\224b\011\2075\031\2579\035\322Kn\227$\274"
 278      62098735 
ARM GAS  C:\Users\user\AppData\Local\Temp\ccbTInyB.s 			page 21


 278      19AF391D 
 278      D24B6E97 
 278      24BC
 279 0757 99231908 		.ascii	"\231#\031\010\017#\355\226\230\325\370v-e\270a\325\272"
 279      0F23ED96 
 279      98D5F876 
 279      2D65B861 
 279      D5BA
 280 0769 FF186116 		.ascii	"\377\030a\026g\326\266\373\033\207VK\231"
 280      67D6B6FB 
 280      1B87564B 
 280      99
 281              		.text
 282              		.section	.gnu.lto_.symtab.7a94058d,"",%progbits
 283 0000 6E756C6C 		.ascii	"nullObjectInit\000"
 283      4F626A65 
 283      6374496E 
 283      697400
 284 000f 00       		.ascii	"\000"
 285 0010 00       		.ascii	"\000"
 286 0011 00       		.ascii	"\000"
 287 0012 00000000 		.ascii	"\000\000\000\000\000\000\000\000"
 287      00000000 
 288 001a FB000000 		.ascii	"\373\000\000\000"
 289              		.text
 290              		.section	.gnu.lto_.opts,"",%progbits
 291 0000 272D666D 		.ascii	"'-fmath-errno' '-fsigned-zeros' '-ftrapping-math' '"
 291      6174682D 
 291      6572726E 
 291      6F272027 
 291      2D667369 
 292 0033 2D666E6F 		.ascii	"-fno-trapv' '-fno-openmp' '-fno-openacc' '-mcpu=cor"
 292      2D747261 
 292      70762720 
 292      272D666E 
 292      6F2D6F70 
 293 0066 7465782D 		.ascii	"tex-m4' '-mno-thumb-interwork' '-mthumb' '-ggdb' '-"
 293      6D342720 
 293      272D6D6E 
 293      6F2D7468 
 293      756D622D 
 294 0099 4F322720 		.ascii	"O2' '-fomit-frame-pointer' '-falign-functions=16' '"
 294      272D666F 
 294      6D69742D 
 294      6672616D 
 294      652D706F 
 295 00cc 2D666675 		.ascii	"-ffunction-sections' '-fdata-sections' '-fno-common"
 295      6E637469 
 295      6F6E2D73 
 295      65637469 
 295      6F6E7327 
 296 00ff 2720272D 		.ascii	"' '-flto'\000"
 296      666C746F 
 296      2700
 297              		.text
 298              		.comm	__gnu_lto_v1,1,1
 299              		.comm	__gnu_lto_slim,1,1
ARM GAS  C:\Users\user\AppData\Local\Temp\ccbTInyB.s 			page 22


 300              		.ident	"GCC: (GNU Tools for ARM Embedded Processors 6-2017-q1-update) 6.3.1 20170215 (release) [AR
ARM GAS  C:\Users\user\AppData\Local\Temp\ccbTInyB.s 			page 23


DEFINED SYMBOLS
                            *ABS*:00000000 nullstreams.c
                            *COM*:00000001 __gnu_lto_v1
                            *COM*:00000001 __gnu_lto_slim

NO UNDEFINED SYMBOLS
