ARM GAS  C:\Users\user\AppData\Local\Temp\cciXJpJ7.s 			page 1


   1              		.cpu cortex-m4
   2              		.eabi_attribute 20, 1
   3              		.eabi_attribute 21, 1
   4              		.eabi_attribute 23, 3
   5              		.eabi_attribute 24, 1
   6              		.eabi_attribute 25, 1
   7              		.eabi_attribute 26, 1
   8              		.eabi_attribute 30, 2
   9              		.eabi_attribute 34, 1
  10              		.eabi_attribute 18, 4
  11              		.file	"nvic.c"
  12              		.text
  13              	.Ltext0:
  14              		.section	.gnu.lto_.profile.7a943748,"",%progbits
  15 0000 789C6365 		.ascii	"x\234ce`b`a```d\220\022\003\000\000\312\000="
  15      60626061 
  15      60606064 
  15      90120300 
  15      00CA003D 
  16              		.text
  17              		.section	.gnu.lto_.icf.7a943748,"",%progbits
  18 0000 789C6365 		.ascii	"x\234ce`b\220b@\000\026\206\027\337\372'q3~\336ur'\033"
  18      60629062 
  18      40001686 
  18      17DFFA27 
  18      71337EDE 
  19 0018 D385E635 		.ascii	"\323\205\3465\217\270\231;\356\375hab\000\000\253P\014"
  19      8FB8993B 
  19      EEFD6861 
  19      620000AB 
  19      500C
  20 002a 3B       		.ascii	";"
  21              		.text
  22              		.section	.gnu.lto_.jmpfuncs.7a943748,"",%progbits
  23 0000 789C6365 		.ascii	"x\234ce`b\220b@\000\026\006&FF\346\372zF \250g\202\260"
  23      60629062 
  23      40001606 
  23      264646E6 
  23      FA7A4620 
  24 0018 99416C06 		.ascii	"\231Al\006\000)\250\003:"
  24      0029A803 
  24      3A
  25              		.text
  26              		.section	.gnu.lto_.inline.7a943748,"",%progbits
  27 0000 789C4D8C 		.ascii	"x\234M\214\321\021\2000\014B!M\323\350\217#\324\011"
  27      D1118030 
  27      0C42214D 
  27      D3E88F23 
  27      D409
  28 0012 5CD2453A 		.ascii	"\\\322E:\222\2438\202\261\236U>\270\343\036\220!\330"
  28      92A33882 
  28      B19E553E 
  28      B8E31E90 
  28      21D8
  29 0024 F1498179 		.ascii	"\361I\201y\242pe\204\333\324\316\015\326\252@\216E\021"
  29      A2706584 
  29      DBD4CE0D 
ARM GAS  C:\Users\user\AppData\Local\Temp\cciXJpJ7.s 			page 2


  29      D6AA408E 
  29      4511
  30 0036 C9833808 		.ascii	"\311\2038\010/d\257$m\365\251\004\325~\"\310J\366\227"
  30      2F64AF24 
  30      6DF5A904 
  30      D57E22C8 
  30      4AF697
  31 0049 14BBDF41 		.ascii	"\024\273\337A(\241\330;\035pLq\001\226\277\015\245"
  31      28A1D83B 
  31      1D704C71 
  31      0196BF0D 
  31      A5
  32              		.text
  33              		.section	.gnu.lto_.pureconst.7a943748,"",%progbits
  34 0000 789C6365 		.ascii	"x\234ce`b\340d```a\220b\224b\222b\226\002\000\002\321"
  34      6062E064 
  34      60606061 
  34      90629462 
  34      92629602 
  35 0017 0083     		.ascii	"\000\203"
  36              		.text
  37              		.section	.gnu.lto_nvicEnableVector.7a943748,"",%progbits
  38 0000 789C9D53 		.ascii	"x\234\235SML\023A\024\236o_\333m\241\324\263\261\021"
  38      4D4C1341 
  38      149E6F5F 
  38      DB6DA1D4 
  38      B3B111
  39 0013 0E260D17 		.ascii	"\016&\015\0277\\4\361\206\030\016&\304\004<\366\242"
  39      375C34F1 
  39      86180E26 
  39      C4043CF6 
  39      A2
  40 0024 F54013E9 		.ascii	"\365@\023\351\022@\342\215\241`\211h\224(P16[\023\224"
  40      1240E28D 
  40      A1608968 
  40      94285031 
  40      365B1394 
  41 0038 3FA180A8 		.ascii	"?\241\200\250\0245i\032\022\323\003\032\2157\022\017"
  41      1435691A 
  41      12D3031A 
  41      8D37120F 
  42 0048 62343D60 		.ascii	"b4=`\260\361\340\201\242ov\233h\242\036t\222\231yo\336"
  42      B0F1E081 
  42      A26F769B 
  42      68A21E74 
  42      9299796F 
  43 005d F7BDF7BE 		.ascii	"\367\275\367\276\231]\267\320\304q\022\342\244\020\342"
  43      995DB7D0 
  43      C47112E2 
  43      A410E2
  44 006c 004F9080 		.ascii	"\000O\220\2006\362R\210~\257\006(Cz!\3724\364\341:%"
  44      36F25288 
  44      7EAF0628 
  44      437A21FA 
  44      34F4E13A 
  45 0081 09F9A18F 		.ascii	"\011\371\241\217Y\255~J\362\310%K\373\345t\016\026\323"
  45      59AD7E4A 
ARM GAS  C:\Users\user\AppData\Local\Temp\cciXJpJ7.s 			page 3


  45      F2C8254B 
  45      FBE5740E 
  45      16D3
  46 0093 2778AA81 		.ascii	"'x\252\201)\3243\352\365\340\342\035\272F\026\001.v"
  46      29D433EA 
  46      F5E0E21D 
  46      BA461601 
  46      2E76
  47 00a5 BF6CDCDE 		.ascii	"\277l\334\336\012(WC\035\273e9:\036\240\023\020lO\344"
  47      0A285743 
  47      1DBB6539 
  47      3A1EA013 
  47      106C4FE4 
  48 00b9 C7366B42 		.ascii	"\3076kB\367\244\214\313\334\372(\311C\026\021fA\234"
  48      F7A48CCB 
  48      DCFA28C9 
  48      43161166 
  48      419C
  49 00cb 10330862 		.ascii	"\0203\010b\032A\301G\002s\0101|.\376i\233\250\331\246"
  49      1A41C147 
  49      02730831 
  49      7C2EFE69 
  49      9BA8D9A6 
  50 00df 5E2E94B7 		.ascii	"^.\224\267\364\012\365\303X\205\372\340\017\324y\204"
  50      F40AF5C3 
  50      5885FAE0 
  50      0FD47984 
  51 00ef 14FEFDD2 		.ascii	"\024\376\375\322\336X\215\307\345\364\212\005x\300{"
  51      DE588DC7 
  51      E5F48A05 
  51      78C07B
  52 00fe E60D7272 		.ascii	"\346\015rr\357\373\220\314\275\275\217d\263\037Pp\215"
  52      EFFB90CC 
  52      BDBD8F64 
  52      B31F5070 
  52      8D
  53 010f 892E528B 		.ascii	"\211.R\213\033\252\262\316\246\333\253\026\037/\036"
  53      1BAAB2CE 
  53      A6DBAB16 
  53      1F2F1E
  54 011e 21863987 		.ascii	"!\2069\207\272\234+\244\251\235\212\210\227\206\312"
  54      BA9C2BA4 
  54      A99D8A88 
  54      9786CA
  55 012d 992A9536 		.ascii	"\231*\2256EZ\212 \212\030\330I\3009 >\373\365Z<p!\303"
  55      455A8A20 
  55      8A18D849 
  55      C039203E 
  55      FBF55A3C 
  56 0144 ED15911F 		.ascii	"\355\025\221\037/\324*\014G\307/\345_\351*\252\333\362"
  56      2FD42A0C 
  56      47C72FE5 
  56      5FE92AAA 
  56      DBF2
  57 0156 56EE7EFE 		.ascii	"V\356~\376\346w\\\231\037\220\001>\272\261]Z\015XH\365"
  57      E6775C99 
  57      1F90013E 
ARM GAS  C:\Users\user\AppData\Local\Temp\cciXJpJ7.s 			page 4


  57      BAB15D5A 
  57      0D5848F5 
  58 016a F3EDA70F 		.ascii	"\363\355\247\017Z\344\305\022\353\\\344D\212\260\361"
  58      5AE4C512 
  58      EB5CE444 
  58      8AB0F1
  59 0179 6E79649F 		.ascii	"nyd\2371/\007\373e\235E>,\303\302-\373]T\266\331\257"
  59      312F07FB 
  59      659D453E 
  59      2CC3C22D 
  59      FB5D54B6 
  60 018f D3D49051 		.ascii	"\323\324\220Q\301t\314\242*<\204\221\"\267\375f+h\340"
  60      C174CCA2 
  60      2A3C8491 
  60      22B7FD66 
  60      2B68E0
  61 01a2 1655C3A5 		.ascii	"\026U\303\245Dj)]\351Y\3470\023\013\223k\273~\247g7"
  61      446A295D 
  61      E959E730 
  61      130B936B 
  61      BB7EA767 
  62 01b7 1ED93D0F 		.ascii	"\036\331=\017\354&f|\016\310\353\200nN.dk\024\310\215"
  62      EC26667C 
  62      0EC8EB80 
  62      6E4E2E64 
  62      6B14C88D 
  63 01cb 5A3C7640 		.ascii	"Z<v@;\211\202\356\200|\252\376\372\213\204\327I\003"
  63      3B8982EE 
  63      807CAAFE 
  63      FA8B84D7 
  63      4903
  64 01dd 3C4190A9 		.ascii	"<A\220\251\216z\243\242\376_\264Uc\325\326\206\337\265"
  64      8E7AA3A2 
  64      FE5FB455 
  64      63D5D686 
  64      DFB5
  65 01ef F55AE447 		.ascii	"\365Z\344GVi\323mmkJ\233\317.U\034\336\252\376\257b"
  65      5669D36D 
  65      6D6B4A9B 
  65      CF2E551C 
  65      DEAAFEAF 
  66 0204 4FED62DA 		.ascii	"O\355b\332_\212=\373Y\354\271Sl\033\361t\346\252}\215"
  66      5F8A3DFB 
  66      59ECB953 
  66      6C1BF174 
  66      E6AA7D8D 
  67 0218 F64F31CC 		.ascii	"\366O1\314\215\362G\302\011\032\233\216\205[O\237j\013"
  67      8DF247C2 
  67      091A9B8E 
  67      855B4F9F 
  67      6A0B
  68 022a 37B547CF 		.ascii	"7\265G\317F\333z.\234\213\232\341\210\262\315\356\206"
  68      46DB7A2E 
  68      9C8B9AE1 
  68      88B2CDEE 
  68      86
  69 023b A3470CB3 		.ascii	"\243G\014\263\333h?s\336\3504\273z\272\215\210\331\321"
ARM GAS  C:\Users\user\AppData\Local\Temp\cciXJpJ7.s 			page 5


  69      DB683F73 
  69      DEE834BB 
  69      7ABA8D88 
  69      D9D1
  70 024d 61C68CC6 		.ascii	"a\306\214\306\326\226\246\226\213F\2547\0329\034\021"
  70      D696A696 
  70      8B46AC37 
  70      1A391C11 
  71 025d 88B93ABB 		.ascii	"\210\271:\273\242\346\017\317[\037\221"
  71      A2E60FCF 
  71      5B1F91
  72              		.text
  73              		.section	.gnu.lto_nvicDisableVector.7a943748,"",%progbits
  74 0000 789C9592 		.ascii	"x\234\225\222Mh\023Q\020\307\337\377M>\266\266\211W"
  74      4D681351 
  74      10C7DFFF 
  74      4D3EB6B6 
  74      8957
  75 0012 C1A03D08 		.ascii	"\301\240=\010\245\027\227\\\024\274\225\250\267\"\264"
  75      A517975C 
  75      14BC95A8 
  75      B722B4
  76 0021 1E73D128 		.ascii	"\036s\321(4`\263bj\361\326\227~l\241\242\026mS+\206"
  76      3460B362 
  76      6AF1D697 
  76      7E6CA1A2 
  76      166D532B 
  77 0036 8D1069DA 		.ascii	"\215\020i\332\332\246\037Q[Oa\021$`\024\005O\202\007"
  77      DAA61F51 
  77      5B4F6111 
  77      24601405 
  77      4F8207
  78 0049 2B450F15 		.ascii	"+E\017\025-=x\250\325y\273\036\004O>x\037\363\3667\363"
  78      2D3D78A8 
  78      D579BB1E 
  78      044F3E78 
  78      1FF3F637 
  79 005e 9F99B741 		.ascii	"\237\231\267A!\305E)\304)!\304A\236 \0019\376J\210\234"
  79      21C54529 
  79      C42921C4 
  79      419E2001 
  79      39FE4A88 
  80 0073 21017D50 		.ascii	"!\001}P\006\304\200\304\000n\321\024\301\035\335\\\227"
  80      06C480C4 
  80      006ED114 
  80      C11DDD5C 
  80      97
  81 0084 ED338A47 		.ascii	"\3553\212Gm\252\032\262\325\310\001\207\204\230\346"
  81      6DAA1AB2 
  81      D5C80187 
  81      8498E6
  82 0093 A90766D0 		.ascii	"\251\007f\320\316\324\233\341\245\373t\223\034\002\002"
  82      CED49BE1 
  82      A5FB7493 
  82      1C0202
  83 00a2 6C7E6FDC 		.ascii	"l~o\334\333\210jS\242\225\315\237j\"\037\245\223\020"
  83      DB886A53 
ARM GAS  C:\Users\user\AppData\Local\Temp\cciXJpJ7.s 			page 6


  83      A295CD9F 
  83      6A221FA5 
  83      9310
  84 00b4 7C9E7627 		.ascii	"|\236v'\337G\332\036*5\250j/'H\035q\2100\007\342\200"
  84      DF47DA1E 
  84      2A35A86A 
  84      2F27481D 
  84      71883007 
  85 00ca 98450C65 		.ascii	"\230E\014e\304\004_\011\314\243M\363\037\227\367&#\241"
  85      C4045F09 
  85      CCA34DF3 
  85      1F97F726 
  85      23A1
  86 00dc 802F8847 		.ascii	"\200/\210G\010\201\367\312[\324\324\336\257QU\373T\302"
  86      0881F7CA 
  86      5BD4D4DE 
  86      AF5155FB 
  86      54C2
  87 00ee BBD306A0 		.ascii	"\273\323\006\240q\311\216\001\322K\200\227\240\020c"
  87      71C98E01 
  87      D24B8097 
  87      A01063
  88 00fd ECA32BBA 		.ascii	"\354\243+\272NR\357\364\005C\333vc\265\010\035\247@"
  88      4E52EFF4 
  88      0543DB76 
  88      63B5081D 
  88      A740
  89 010f B2406085 		.ascii	"\262@`\205z\351\331n\213N6\210 \026X\236\261]{\266\311"
  89      7AE9D96E 
  89      8B4E3688 
  89      2016589E 
  89      B15D7BB6 
  90 0124 87C887EE 		.ascii	"\207\310\207\356\224\026\327#\032\012\3400\026}\350"
  90      9416D723 
  90      1A0AE030 
  90      167DE8
  91 0133 9B5D0FFB 		.ascii	"\233]\017\373\220\256\271\372\374\205m\370a\200\012"
  91      90AEB9FA 
  91      FC856DF8 
  91      61800A
  92 0142 62ECCA90 		.ascii	"b\354\312\220\233\257\233\232a ?\342\276\016k \3445"
  92      9BAF9B9A 
  92      61203FE2 
  92      BE0E6B20 
  92      E435
  93 0154 A2FAE0EB 		.ascii	"\242\372\340\353\217\026\337T\356\220\212\362\325\355"
  93      8F16DF54 
  93      EE908AF2 
  93      D5ED
  94 0162 ADEDB5A8 		.ascii	"\255\355\265\250\203B\216\233]<\344P\030\313\334\221"
  94      83428E9B 
  94      5D3CE450 
  94      18CBDC91 
  95 0172 2556D30E 		.ascii	"%V\323\016\215\017+\343\373\315\0055\234S\255\016\031"
  95      8D0F2BE3 
  95      FBCD0535 
  95      9C53AD0E 
ARM GAS  C:\Users\user\AppData\Local\Temp\cciXJpJ7.s 			page 7


  95      19
  96 0183 588183BB 		.ascii	"X\201\203\273\3363\350hs;e\212W\364\307b\277CMX\205"
  96      DE33E868 
  96      733B658A 
  96      57F4C762 
  96      BF434D58 
  97 0198 C9157A4F 		.ascii	"\311\025zOTE\234S\324\311\354|.o\204\377\244\363?b\373"
  97      54459C53 
  97      D4C9EC7C 
  97      2E6F84FF 
  97      A4F33F62 
  98 01ad F0D813C3 		.ascii	"\360\330\023\303\277b\031\207\232\361D\213\301\023{"
  98      BF621987 
  98      9AF1448B 
  98      C1137B
  99 01bc 8AF8DFB5 		.ascii	"\212\370\337\2656C`\215cna\2608\177\303k\274\367\337"
  99      3643608D 
  99      636E61B0 
  99      387FC36B 
  99      BCF7DF
 100 01cf 8C31CE4F 		.ascii	"\2141\316O\302\011v$N$\273\316\236\351N&z\322\347\323"
 100      C2097624 
 100      4E24BBCE 
 100      9EE94E26 
 100      7AD2E7D3 
 101 01e3 DD7D572F 		.ascii	"\335}W/\244\255dJ\237\255l\374\3701\323\312\232=\347"
 101      A4AD644A 
 101      9FAD6CFC 
 101      F831D3CA 
 101      9A3DE7
 102 01f6 2E9997AD 		.ascii	".\231\227\255+}Y3e\365\366Z\031\263\243\2533\321y\315"
 102      2B7D5933 
 102      65F5F65A 
 102      19B3A3AB 
 102      33D179CD 
 103 020a CCF4A753 		.ascii	"\314\364\247SGS\002\231\3372\204\332\231"
 103      47530299 
 103      DF3284DA 
 103      99
 104              		.text
 105              		.section	.gnu.lto_nvicSetSystemHandlerPriority.7a943748,"",%progbits
 106 0000 789C6D51 		.ascii	"x\234mQMh\023Q\020\236o'\311\256\202=\027\355\241\007"
 106      4D681351 
 106      109E6F27 
 106      C9AE823D 
 106      17EDA107 
 107 0014 21F4A04B 		.ascii	"!\364\240K.\012\336J<Z*\255\307\\j*d\241\315\226\244"
 107      2E0ADE4A 
 107      3C5A2AAD 
 107      C75C6A2A 
 107      64A1CD96 
 108 0029 8AB7BE6C 		.ascii	"\212\267\276l\332\006[\250\242\246\251b\330@\221jkM"
 108      DA065BA8 
 108      A2A6A962 
 108      D840916A 
 108      6B4D
 109 003b AB5E8241 		.ascii	"\253^\202ABN\346PE\217\275iE\011\030P\333\253\325yk"
ARM GAS  C:\Users\user\AppData\Local\Temp\cciXJpJ7.s 			page 8


 109      424EE650 
 109      458FBD69 
 109      45091850 
 109      DBABD579 
 110 0050 040F3E78 		.ascii	"\004\017>x\373\346\357\233\375\276\2310\031\324\001"
 110      FBE6EF9B 
 110      FDBE9930 
 110      19D401
 111 005f D145223A 		.ascii	"\321E\":!\027L0n\275!\312Y\006\240\015e\201f\014\314"
 111      21174C30 
 111      6EBD21CA 
 111      5906A00D 
 111      6581660C 
 112 0074 E0269718 		.ascii	"\340&\227\030\315\302\347\2321\260\246\3444J\007\221"
 112      CDC2E79A 
 112      31B0A6E4 
 112      344A0791 
 113 0084 7935D7EB 		.ascii	"y5\327\3533\321=\271\372`\015\003R\365nv\353\001/\261"
 113      33D13DB9 
 113      FA600D03 
 113      52F56E76 
 113      EB012FB1 
 114 0098 CF4048DC 		.ascii	"\317@H\334\357;\367\367z\264k\240_\334\374\235Wu\213"
 114      EF3BF7F7 
 114      7AB46BA0 
 114      5FDCFC9D 
 114      57758B
 115 00ab CF83C4EE 		.ascii	"\317\203\304\356\250V.\022}\250\224\247\032\237\212"
 115      A8562E12 
 115      7DA894A7 
 115      1A9F8A
 116 00ba AC4EFACC 		.ascii	"\254N\372\314X\007KC<F\037\036\241\217$D\330@T\3127"
 116      58074B43 
 116      3C461F1E 
 116      A18F2444 
 116      D84054CA 
 117 00cf BC2F1DE6 		.ascii	"\274/\035\346\013\001\364F\353\347\236\331\205\036\224"
 117      0B01F446 
 117      EBE79ED9 
 117      851E94
 118 00de BAD027FF 		.ascii	"\272\320'\377\201n\"\252\353?n\037\026\217EB\253\177"
 118      816E22AA 
 118      EB3F6E1F 
 118      168F4542 
 118      AB7F
 119 00f0 E9E22922 		.ascii	"\351\342)\"\242\234\252\357\321P\207\277\012B\240ww"
 119      A29CAAEF 
 119      D15087BF 
 119      0A42A077 
 119      77
 120 0101 DF32018D 		.ascii	"\3372\001\2150\004\033b\375\011C\377\234hA@z \213l\350"
 120      30041B62 
 120      FD0943FF 
 120      9C684140 
 120      7A208B6C 
 121 0116 97DBF07E 		.ascii	"\227\333\360~\024vju\350Fe6\312\014j#\377m\276\033`"
 121      14766A75 
ARM GAS  C:\Users\user\AppData\Local\Temp\cciXJpJ7.s 			page 9


 121      E8466536 
 121      CA0C6A23 
 121      FF6DBE1B 
 122 012b 89FD3B8B 		.ascii	"\211\375;\2130B\250\012\2476\232\313\255S\272F\262\313"
 122      3042A80A 
 122      A7369ACB 
 122      AD53BA46 
 122      B2CB
 123 013d 73CDB7A6 		.ascii	"s\315\267\246\316F\002M\271Z\375n\370\217\253v\363\252"
 123      CE46024D 
 123      B95AFD6E 
 123      F88FAB76 
 123      F3AA
 124 014f 47E357BC 		.ascii	"G\343W\274\017\226\217rNF^9\356\263\211m\021\267%\215"
 124      0F968F72 
 124      4E465E39 
 124      EEB3896D 
 124      11B7258D 
 125 0163 34E06BF1 		.ascii	"4\340k\361\365\372Q{S\315\346T\277\317\026\236\301\307"
 125      F5FA517B 
 125      53CDE654 
 125      BFCF169E 
 125      C1C7
 126 0175 4AB00C49 		.ascii	"J\260\014I\256\336.\307cU\235\253\244}>\202\347\260"
 126      AEDE2EC7 
 126      63559DAB 
 126      A47D3E82 
 126      E7B0
 127 0187 CB1C0EF6 		.ascii	"\313\034\016\366\364\0021a(\253\367*/\227\002\302\301"
 127      F4023161 
 127      28ABF72A 
 127      2F9702C2 
 127      C1
 128 0198 FE164483 		.ascii	"\376\026D\203h3\210\006\343\347\022#\227\206G\023\361"
 128      68338806 
 128      E3E71223 
 128      97864713 
 128      F1
 129 01a9 9473D919 		.ascii	"\224s\331\031\235\276:\356\270\211\244\266\335l\354"
 129      9DBE3AEE 
 129      B889A4B6 
 129      DD6CEC
 130 01b8 EC19DBCD 		.ascii	"\354\031\333\315\332\251\261\011{\312\315Lg\355\244"
 130      DAA9B109 
 130      7BCACD4C 
 130      67EDA4
 131 01c7 3B39E9A6 		.ascii	";9\351\246\355\301\221\241\370\320u;}\315I\236N\222"
 131      EDC191A1 
 131      F8D0753B 
 131      7DCD499E 
 131      4E92
 132 01d9 991A4B8F 		.ascii	"\231\032K\217O\\\311\204\2462\216\373\033\0336\266U"
 132      4F5CC984 
 132      A6328EFB 
 132      1B1B36B6 
 132      55
 133              		.text
ARM GAS  C:\Users\user\AppData\Local\Temp\cciXJpJ7.s 			page 10


 134              		.section	.gnu.lto_nvicClearPending.7a943748,"",%progbits
 135 0000 789C2D51 		.ascii	"x\234-QML\023Q\020\236og\267-\011\255W\023\033\345`"
 135      4D4C1351 
 135      109E6F67 
 135      B72D09AD 
 135      57131BE5 
 136 0015 4288099B 		.ascii	"B\210\011\233^4\361F*\341DL\300c/Z\0174\221\256\261"
 136      5E34F146 
 136      2AE1444C 
 136      C0632F5A 
 136      0F3491AE 
 137 002a 48BCF15A 		.ascii	"H\274\361Z\240\015\230\000Q(bl\266\306\032~\024\012"
 137      A00D9800 
 137      5128626C 
 137      B6C61A7E 
 137      140A
 138 003c E841F0D2 		.ascii	"\350A\360\322l\274p@\203W\215\007IH<@\264\361\340\001"
 138      6CBC7040 
 138      83578D07 
 138      49483C40 
 138      B4F1E001 
 139 0050 D079BBBE 		.ascii	"\320y\273\276\344\2757\363\275o\276\2317c\221AG \352"
 139      E4BD37F3 
 139      BD6FBE99 
 139      37639141 
 139      4720EA
 140 0063 26A273B2 		.ascii	"&\242s\262\301\004c\346#Q>b\000\332P\021\320\210\201"
 140      C10463E6 
 140      23513E62 
 140      00DA5011 
 140      D08881
 141 0076 114CF33C 		.ascii	"\021L\363<\303+\035l\031\035\213JVc~;\\T\343g]&Z\220"
 141      C32B1D6C 
 141      191D8B4A 
 141      56637E3B 
 141      5C54E367 
 142 008e AD1716D1 		.ascii	"\255\027\026\321!\254\275\261\365g<\305.\003\246\270"
 142      21ACBDB1 
 142      F5673CC5 
 142      2E03A6B8 
 143 009e BF769FEE 		.ascii	"\277v\237\356\307\264k\240M\334\0235[\216\3615\220\330"
 143      C7B46BA0 
 143      4DDC1335 
 143      5B8EF135 
 143      90D8
 144 00b0 0BDEDC97 		.ascii	"\013\336\334\227h\373K\245\012\252\361a\226\325E\227"
 144      68FB4BA5 
 144      0AAAF161 
 144      96D54597 
 145 00c0 192B6011 		.ascii	"\031+`\021\3042\342XB\234\004\"\274B\273\346\177\337"
 145      C432E258 
 145      429C0422 
 145      BC42BBE6 
 145      7FDF
 146 00d2 389D8B86 		.ascii	"8\235\213\206\314 !^#$\265S\3753\032\352\364oI5\276"
 146      CC20215E 
 146      2324B553 
ARM GAS  C:\Users\user\AppData\Local\Temp\cciXJpJ7.s 			page 11


 146      FD331AEA 
 146      F46F4935 
 147 00e7 D6B0D713 		.ascii	"\326\260\327\023\0014\335\220@\223\365a\312aY\332\""
 147      0134DD90 
 147      4093F561 
 147      CA6159DA 
 147      22
 148 00f8 9A9440FD 		.ascii	"\232\224@\375\255\207l\350\233\177`\264Y<y_\205\026"
 148      AD876CE8 
 148      9B7F60B4 
 148      593C795F 
 148      8516
 149 010a ABB05161 		.ascii	"\253\260QaH\232\235\332\366q\253\256\330\202\205U\251"
 149      489A9DDA 
 149      F671ABAE 
 149      D8828555 
 149      A9
 150 011b 4168C7C5 		.ascii	"Ah\307\305\211\226\200\304\001\351qmm+\252I&.`- \375"
 150      899680C4 
 150      01E9716D 
 150      6D2BAA49 
 150      262E602D 
 151 0131 2C2E8703 		.ascii	",.\207\003\222\211Kq\241\012Xh\226\376\253[\002\013"
 151      92894B71 
 151      A10A5868 
 151      96FEAB5B 
 151      020B
 152 0143 E095773A 		.ascii	"\340\225w:5 \032\345q\357SXk\204\374v\274}~\364\247"
 152      35201AE5 
 152      71EF5358 
 152      6B84FC76 
 152      BC7D7EF4 
 153 0158 35709537 		.ascii	"5p\2257\252b\002=:l\276\213\271\250\344\245\345\325"
 153      AA62023D 
 153      3A6CBE8B 
 153      B9A8E4A5 
 153      E5D5
 154 016a F32E87B1 		.ascii	"\363.\207\261.}\251K:\035\260\373ms\346\214\275\252"
 154      2E7DA94B 
 154      3A1DB0FB 
 154      6D73E68C 
 154      BDAA
 155 017c C6F2AACD 		.ascii	"\306\362\252\315\345\0106\340\342\211?\014\255\266\362"
 155      E50836E0 
 155      E2893F0C 
 155      ADB6F2
 156 018b 7B891375 		.ascii	"{\211\023u\375X\035v\271\005\233\260\345\213\376\240"
 156      FD581D76 
 156      B9059BB0 
 156      E58BFEA0 
 157 019b DE2021F5 		.ascii	"\336 !\365\320!\012\325\027\323~y\376\000'\031\272-"
 157      D0210AD5 
 157      17D37E79 
 157      FE002719 
 157      BA2D
 158 01ad C2E94A5E 		.ascii	"\302\351J^M\365\335\270\336\237J\016dne\372\207\356"
 158      4DF5DDB8 
ARM GAS  C:\Users\user\AppData\Local\Temp\cciXJpJ7.s 			page 12


 158      DE9F4A0E 
 158      646E65FA 
 158      87EE
 159 01bf DFCE38A9 		.ascii	"\337\3168\251\264\266\235\\\342\312e\333\311\331\003"
 159      B4B69D5C 
 159      E2CA65DB 
 159      C9D903
 160 01ce 37EFD877 		.ascii	"7\357\330w\235{C9;\355\014\016:Y\273\253\2577\331\373"
 160      9D7B4339 
 160      3BED0C0E 
 160      3A59BBAB 
 160      AF37D9FB 
 161 01e2 C0CE0E67 		.ascii	"\300\316\016g\322\235iB\366\037\327\260\262C"
 161      D29D6942 
 161      F61FD7B0 
 161      B243
 162              		.text
 163              		.section	.gnu.lto_.symbol_nodes.7a943748,"",%progbits
 164 0000 789C6365 		.ascii	"x\234ce`b\360b\000\002\246\251L\365\014\014\023\316"
 164      6062F062 
 164      0002A6A9 
 164      4CF50C0C 
 164      13CE
 165 0012 313000A9 		.ascii	"10\000\251]\015\216@\221iL\365\214\250\"\323\231\352"
 165      5D0D8E40 
 165      91694CF5 
 165      8CA822D3 
 165      99EA
 166 0024 99504566 		.ascii	"\231PEf0\3253\243\2100\000\000\271\320\022\036"
 166      30D533A3 
 166      88300000 
 166      B9D0121E 
 167              		.text
 168              		.section	.gnu.lto_.refs.7a943748,"",%progbits
 169 0000 789C6365 		.ascii	"x\234ce`b`d\000\002\000\000I\000\011"
 169      60626064 
 169      00020000 
 169      490009
 170              		.text
 171              		.section	.gnu.lto_.decls.7a943748,"",%progbits
 172 0000 789CBD59 		.ascii	"x\234\275Y{P\224\327\025\337\373\335\005\226\345\241"
 172      7B5094D7 
 172      15DFFBDD 
 172      0596E5A1 
 173 0010 4526312D 		.ascii	"E&1-\3518\216\031\231i#\250i\314d:\255d\325\312tL\230"
 173      E9388E19 
 173      996923A8 
 173      69CC643A 
 173      AD64D5CA 
 174 0027 C538FD83 		.ascii	"\3058\375\203\031\212\260\211\264\012)`G3M\363!\020"
 174      198AB089 
 174      B40A2960 
 174      47334DF3 
 174      2110
 175 0039 111F0105 		.ascii	"\021\037\001\005\025\360\301C|\241\"\202\200\"\262\240"
 175      15F0C143 
 175      7CA12282 
ARM GAS  C:\Users\user\AppData\Local\Temp\cciXJpJ7.s 			page 13


 175      8022B2A0 
 176 0049 220F2108 		.ascii	"\"\017!\010\"\362F\004D@\344\341\013D\350\271\217\217"
 176      22F24604 
 176      4440E4E1 
 176      0B44E8B9 
 176      8F8F
 177 005b FDF85C6C 		.ascii	"\375\370\\l\376\350\364\033\317\356\236{\177\367\234"
 177      FEE8F41B 
 177      CFEE9E7B 
 177      7FF79C
 178 006a DF3DE7DE 		.ascii	"\337=\347\336s\357\207\026*A\365\207\367T\252\033\202"
 178      73EF8716 
 178      2A41F587 
 178      F754AA1B 
 178      82
 179 007b 4A7510A9 		.ascii	"Ju\020\251T\223\360X\250T\252\263*\323\243\006\271\014"
 179      5493F058 
 179      A854AAB3 
 179      2AD3A306 
 179      B90C
 180 008d 7215C408 		.ascii	"r\025\304\010R\254z\363\331\014c\355\340{\035\210\003"
 180      52AC7AF3 
 180      D90C63ED 
 180      E07B1D88 
 180      03
 181 009e 88234816 		.ascii	"\210#H\026\210\023\310B\220/H\033`\346\2004\301\357"
 181      8813C842 
 181      902F481B 
 181      60E68034 
 181      C1EF
 182 00b0 46903E90 		.ascii	"F\220>\220^\020\014\"@\2735\210\025\010\342\376\224"
 182      5E100C22 
 182      40BB3588 
 182      1508E2FE 
 182      94
 183 00c1 CF77D061 		.ascii	"\317w\320ak\306\207\322\276dW\362\003SSi\020\363\201"
 183      6BC687D2 
 183      BE6457F2 
 183      03535369 
 183      10F381
 184 00d4 F83C944F 		.ascii	"\370<\224O(thg\340Ol\033\240\337\027\304\0151\233\304"
 184      28746867 
 184      E04F6C1B 
 184      A0DF17C4 
 184      0D319BC4 
 185 00e8 CE9FB93D 		.ascii	"\316\237\271=#\327C\320t\233\0213\330$|=\314\360%\303"
 185      23D743D0 
 185      749B1133 
 185      D8247C3D 
 185      CCF025C3 
 186 00fc ADB94D73 		.ascii	"\255\271Ms1>\200Q\316\356\353\005B+jF0'4\233\266\"\304"
 186      313E8051 
 186      CEEEEB05 
 186      422B6A46 
 186      3027349B 
 187 0113 3E1115AA 		.ascii	">\021\025\252NJ\017B\264\035Z\005\0257,5!i\004\327\005"
 187      4E4A0F42 
ARM GAS  C:\Users\user\AppData\Local\Temp\cciXJpJ7.s 			page 14


 187      B41D5A05 
 187      15372C35 
 187      216904D7 
 188 0128 AE0ADC24 		.ascii	"\256\012\334$\375\307\007#\231E\326\315<I\017\343\316"
 188      FDC70723 
 188      9945D6CD 
 188      3C490FE3 
 188      CE
 189 0139 7ED061D2 		.ascii	"~\320a\322h$\230\034 $\037 3\310h\363\376)~*\323\344"
 189      6824981C 
 189      20241F20 
 189      33C868F3 
 189      FE297E2A 
 190 014f 9034FBA1 		.ascii	"\2204\373\241\370[\335\3326\324BZ\223\226#\332\226x"
 190      F85BDDDA 
 190      36D4425A 
 190      939623DA 
 190      9678
 191 0161 A72355C0 		.ascii	"\247#U\300\220Z\370\3356zr\325\2423\"{4\2771\205\255"
 191      905AF8DD 
 191      367A72D5 
 191      A233227B 
 191      34BF3185 
 192 0176 A5F4543A 		.ascii	"\245\364T:\336\203\321B-\">gASF\377\245Q;\326D\0205"
 192      DE83D142 
 192      2D223E67 
 192      415346FF 
 192      A5513BD6 
 193 018d 3F0E1FB3 		.ascii	"?\016\037\263\302N\364\367\355\360\363\207\010\332A"
 193      C24EF4F7 
 193      EDF0F387 
 193      08DA41
 194 019c 8BD4C46B 		.ascii	"\213\324\304ke\302\003{P\035\265h\336\001,\304\227\327"
 194      65C2037B 
 194      501DB568 
 194      DE012CC4 
 194      97D7
 195 01ae 17AB91B3 		.ascii	"\027\253\221\263\3668qb\234|\2720f\273(\012(\023i\321"
 195      F6387162 
 195      9C7CBA30 
 195      66BB280A 
 195      281369D1 
 196 01c2 5984D169 		.ascii	"Y\204\321i\264\210P^H\022\037)\212\333\304\3500\321"
 196      B488505E 
 196      48121F29 
 196      8ADBC4E8 
 196      30D1
 197 01d4 7AB50A65 		.ascii	"z\265\012e 't\0169\251\320y\344L\234\022\034:\003\215"
 197      2027740E 
 197      39A9D079 
 197      E44C9C12 
 197      1C3A038D 
 198 01e8 E9D0085E 		.ascii	"\351\320\010^N\035\213I\261\304\373\020a \224\\m\272"
 198      4E1D8B49 
 198      B1C4FB10 
 198      6120945C 
 198      6DBA
ARM GAS  C:\Users\user\AppData\Local\Temp\cciXJpJ7.s 			page 15


 199 01fa A7465A67 		.ascii	"\247FZg\263\006\262\315\030`d\036\246\317/\211 d\262"
 199      B306B2CD 
 199      1860641E 
 199      A6CF2F89 
 199      2064B2
 200 020d 80CC0513 		.ascii	"\200\314\005\023\031\340\306\342P<\3326[M\226\016\001"
 200      19E0C6E2 
 200      503CDA36 
 200      5B4D960E 
 200      01
 201 021e AC5793A6 		.ascii	"\254W\223\246\250\264\2621<\325v\021\321\306\033\223"
 201      A8B4B231 
 201      3CD57611 
 201      D1C61B93 
 202 022e 2F8CB358 		.ascii	"/\214\263X\004\004\022\234\301[\207mX\004f\203Zq{\270"
 202      0404129C 
 202      C15B876D 
 202      58046683 
 202      5A717BB8 
 203 0242 DE76EE7E 		.ascii	"\336v\356~\032\3450q\266\200\326\275\203\362\200H.\020"
 203      1AE53071 
 203      B680D6BD 
 203      83F28048 
 203      2E10
 204 0254 51A14B68 		.ascii	"Q\241Kh.|\346 5s9~/\264\337r~\222\230\324.\032\237\024"
 204      2E7CE620 
 204      3573397E 
 204      2FB4DF72 
 204      7E9298D4 
 205 026c 2E787841 		.ascii	".xxA\024\201\242\250&8t\312\304\021~\302\347I\324\206"
 205      1481A2A8 
 205      263874CA 
 205      C4117EC2 
 205      E749D486 
 206 0280 D009D40A 		.ascii	"\320\011\324\012+\3402\232\017\303\353Z\013\0061.d\371"
 206      2BE0329A 
 206      0FC3EB5A 
 206      0B06312E 
 206      64F9
 207 0292 3543FFFA 		.ascii	"5C\377\372\371\364\327\3663r)\240\\\256H\\\366_\310"
 207      F9F4D7F6 
 207      337229A0 
 207      5CAE485C 
 207      F65FC8
 208 02a5 98103897 		.ascii	"\230\0208\227\232\367\342E\3436\221D\013P(\337\304$"
 208      9AF7E245 
 208      E3369144 
 208      0B5028DF 
 208      C424
 209 02b7 5FC9E42A 		.ascii	"_\311\344*e\222\371\262/\014\343\333\214\311\361\276"
 209      6592F9B2 
 209      2F0CE3DB 
 209      8CC9F1BE 
 210 02c7 B14BB692 		.ascii	"\261K\266\222\245_MY\"s*4Y*TZ2RK\005'\016\270\343\001"
 210      A55F4D59 
 210      22732A34 
 210      592A545A 
ARM GAS  C:\Users\user\AppData\Local\Temp\cciXJpJ7.s 			page 16


 210      32524B05 
 211 02e0 66283FAF 		.ascii	"f(?\257\361\205\206\033\352}\177\032\245\"\223\241\""
 211      F185861B 
 211      EA7D7F1A 
 211      A52293A1 
 211      22
 212 02f1 A5A1626A 		.ascii	"\245\241bj\350L\335\321|[\226&\321\211\254\324\242\355"
 212      E84CDDD1 
 212      7C5B9626 
 212      D189ACD4 
 212      A2ED
 213 0303 D95C1FB4 		.ascii	"\331\\\037\264\002=\366\354\203\\\304\364hG\320{\352"
 213      023DF6EC 
 213      835CC4F4 
 213      6847D07B 
 213      EA
 214 0314 4E24D8B1 		.ascii	"N$\330\261<\212\311\010\032\016\217\217\207\253\361"
 214      3C8AC908 
 214      1A0E8F8F 
 214      87ABF1
 215 0323 24A372FF 		.ascii	"$\243r\377\356D\005_\366a\026d\033\344<\332k\243\215"
 215      EE44055F 
 215      F6611664 
 215      1BE43CDA 
 215      6BA38D
 216 0336 2491A54B 		.ascii	"$\221\245K\220tH\213P\205\312\310\232B.N\250\224\255"
 216      9074488B 
 216      5085CAC8 
 216      9A422E4E 
 216      A894AD
 217 0349 DF91A6A2 		.ascii	"\337\221\246\242$\255C4E\213\342<5\315Q\011\300oPx9"
 217      24AD4334 
 217      458BE23C 
 217      35CD5109 
 217      C06F5078 
 218 035e 72900611 		.ascii	"r\220\006\021tgZg\2225gn\011\372\0171\035\251\366\234"
 218      74675A67 
 218      9235676E 
 218      09FA0F31 
 218      1DA9F69C 
 219 0372 3921561D 		.ascii	"9!V\035\263k\237\2323%\273uO}\314\037\361\016Ly\336"
 219      B36B9F9A 
 219      3325BB75 
 219      4F7DCC1F 
 219      F10E4C79 
 220 0387 CBDC77DE 		.ascii	"\313\334w\336\202a\237\020\354\320DZ\234\345\214<\253"
 220      82619F10 
 220      ECD0445A 
 220      9CE58C3C 
 220      AB
 221 0398 259E3F31 		.ascii	"%\236?1\236\031\021\235\24740\332\011J\001\222\325\001"
 221      9E19119D 
 221      A73430DA 
 221      094A0192 
 221      D501
 222 03aa 275607B2 		.ascii	"'V\007\262\215#g\325x\027\365$\344dw&he[\375\235<Q\234"
 222      8D2367D5 
ARM GAS  C:\Users\user\AppData\Local\Temp\cciXJpJ7.s 			page 17


 222      7817F524 
 222      E4647726 
 222      68655BFD 
 223 03c2 8DEA6062 		.ascii	"\215\352`b\265\246\3348M\355\364\301\024\021\317U\241"
 223      B5A6DC38 
 223      4DEDF4C1 
 223      1411CF55 
 223      A1
 224 03d3 A54EC815 		.ascii	"\245N\310\025\266\351\035\330\246N|\233\326\000\235"
 224      B6E91DD8 
 224      A64E7C9B 
 224      D6009D
 225 03e2 DB7C9F1F 		.ascii	"\333|\237\037=y\335\016\357g\016\342\343\212\262\355"
 225      3D79DD0E 
 225      EF670EE2 
 225      E38AB2ED 
 226 03f2 A71CC0F6 		.ascii	"\247\034\300\366\315\242\333\367\036x\270k\362P\207"
 226      CDA2DBF7 
 226      1E78B86B 
 226      F25087
 227 0401 6670516F 		.ascii	"fpQo\336\305H\327\225\\KS*\020\265W\011\375\267hD\032"
 227      DEC548D7 
 227      955C4B53 
 227      2A10B557 
 227      09FDB768 
 228 0417 682AAAA5 		.ascii	"h*\252\245T$\235\211\357\267\"\341\013\373y\326\333"
 228      54249D89 
 228      EFB722E1 
 228      0BFB79D6 
 228      DB
 229 0428 C4885E2B 		.ascii	"\304\210^+\271\365\306\267Y\317i\213\335\301\227d\022"
 229      B9F5C6B7 
 229      59CF698B 
 229      DDC19764 
 229      12
 230 0439 29A6975B 		.ascii	")\246\227[\206\2146Lo'\341\037\355?X\247\341\211\266"
 230      868C364C 
 230      6F27E11F 
 230      ED3F58A7 
 230      E189B6
 231 044c 07FDDAC8 		.ascii	"\007\375\332\310\241![|\204e\272\270\251 \222gz\031"
 231      A1215B7C 
 231      8465BAB8 
 231      A9209267 
 231      7A19
 232 045e A8DB7A33 		.ascii	"\250\333z3\023\255gL\364})\321\355\214gD\367\341fA\271"
 232      13AD674C 
 232      F47D29D1 
 232      ED8C6744 
 232      F7E16641 
 233 0473 205B01DE 		.ascii	" [\001\336B\341\035\224\347}\211\347\201\307\243\277"
 233      42E11D94 
 233      E77D89E7 
 233      81C7A3BF 
 234 0483 E4EB515E 		.ascii	"\344\353Q^\363\035h\315G\347z\012\017i9KR\020\257\325"
 234      F31D68CD 
 234      47E77A0A 
ARM GAS  C:\Users\user\AppData\Local\Temp\cciXJpJ7.s 			page 18


 234      0F69394B 
 234      5210AFD5 
 235 0497 26A65BE1 		.ascii	"&\246[\341\223\214\345\323\250\210\027|\337\220MW\237"
 235      938CE5D3 
 235      A888177C 
 235      DF904D57 
 235      9F
 236 04a8 DCF5523B 		.ascii	"\334\365R;#\313\036\211\345C\3062\352P\312aK%\313.\200"
 236      23CB1E89 
 236      E543C632 
 236      EA50CA61 
 236      4B25CB2E 
 237 04bd 7752F823 		.ascii	"wR\370#\312\262Gb\031yf\3175\314r\365sN\005\030Q\226"
 237      CAB24762 
 237      197966CF 
 237      35CC72F5 
 237      734E0518 
 238 04d3 94133F6D 		.ascii	"\224\023?m[\366\276\315\376\213\234WM|\332I\230D<\277"
 238      5BF6BECD 
 238      FE8B9C57 
 238      4D7CDA49 
 238      98443CBF 
 239 04e7 21869F03 		.ascii	"!\206\237\003\355\362m\353\310\267mh\317\371\355\030"
 239      EDF26DEB 
 239      C8B76D68 
 239      CFF9ED18 
 240 04f7 9F657118 		.ascii	"\237eq\0309\020\261C\303\300\357\202Z\232x\350\3273"
 240      3910B143 
 240      C3C0EF82 
 240      5A9A78E8 
 240      D733
 241 0509 8661480A 		.ascii	"\206aH\012\303 \243y\265\252)\317Z\031\206\001\200?"
 241      C320A379 
 241      B5AA29CF 
 241      5A198601 
 241      803F
 242 051b A6F0614A 		.ascii	"\246\360aJsH\242\231]0\224&U\017B\263+\275#U\213s\031"
 242      7348A299 
 242      5D309426 
 242      550F42B3 
 242      2BBD2355 
 243 0532 8DD3C69D 		.ascii	"\215\323\306\235\245<\035I$W\223\211\203\207m\361\025"
 243      A53C1D49 
 243      24579389 
 243      83876DF1 
 243      15
 244 0543 D62925D2 		.ascii	"\326)%\322\201'\362\247G9\231\002.a\235\257\333\242"
 244      8127F2A7 
 244      47399902 
 244      2E619DAF 
 244      DBA2
 245 0555 A3ADF848 		.ascii	"\243\255\370H\2626\333\032\3522mq\005\353\314\351.+"
 245      B236DB1A 
 245      EA326D71 
 245      05EBCCE9 
 245      2E2B
 246 0567 914692CE 		.ascii	"\221F\222\316\035\031\035;-\360\035\326y\277\345a\224"
ARM GAS  C:\Users\user\AppData\Local\Temp\cciXJpJ7.s 			page 19


 246      1D191D3B 
 246      2DF01DD6 
 246      79BFE561 
 246      94
 247 0578 3D6E60CA 		.ascii	"=n`\312\315\222m\177\303\017\330\357\212\007\341\277"
 247      CD926D7F 
 247      C30FD8EF 
 247      8A07E1BF 
 248 0588 6583C249 		.ascii	"e\203\302I\201\276q,\363(f\361K\242\313?\253(*l\026"
 248      81BE712C 
 248      F32866F1 
 248      4BA2CB3F 
 248      AB282A6C 
 249 059d EEA1E059 		.ascii	"\356\241\340Y\327\356\237H\324\240\005\374\231C>\234"
 249      D7EE9F48 
 249      D4A005FC 
 249      99433E9C 
 250 05ad 17A488E1 		.ascii	"\027\244\210\341\241pr\276\376\375\350\235pQ\374\301"
 250      A17072BE 
 250      FEFDE89D 
 250      7051FCC1 
 251 05bd 16352107 		.ascii	"\0265!\007T\005\305!J\2303\265\355P\005\015\323br[e"
 251      5405C521 
 251      4A9833B5 
 251      ED50050D 
 251      D362725B 
 252 05d2 03CAB7C2 		.ascii	"\003\312\267\302G8F}\200~\311\321R\332\321\213i\350"
 252      4738467D 
 252      807EC9D1 
 252      52DAD18B 
 252      69E8
 253 05e4 30407F1B 		.ascii	"0@\177\033O\321dq\204\012\014=\265\262\256\311\321\244"
 253      4FD16471 
 253      840A0C3D 
 253      B5B2AEC9 
 253      D1A4
 254 05f6 4E0D6F61 		.ascii	"N\015oa\266!+\3505\267-\345\212\257+\031\272f\253\011"
 254      B6212BE8 
 254      35B72DE5 
 254      8AAF2B19 
 254      BA66AB09 
 255 060a FD5C897E 		.ascii	"\375\\\211~\246\344\335\273\305\304{B\311\333E\001\036"
 255      A6E4DDBB 
 255      C5C47B42 
 255      C9DB4501 
 255      1E
 256 061b 9381C795 		.ascii	"\223\201\307\225\340WJ\323\215\262\220<U\242GL\350\030"
 256      E0574AD3 
 256      8DB2903C 
 256      55A2474C 
 256      E818
 257 062d BE0A97AB 		.ascii	"\276\012\227\253U\260H\234\340\230 ]\004\015\233\013"
 257      55B0489C 
 257      E098205D 
 257      040D9B0B 
 258 063d FD2838A3 		.ascii	"\375(8\243\355\302\002\024\001\022\011\262\007$\014"
 258      EDC20214 
ARM GAS  C:\Users\user\AppData\Local\Temp\cciXJpJ7.s 			page 20


 258      011209B2 
 258      07240C
 259 064c E407901D 		.ascii	"\344\007\220\035 ;Av\203D\203l\003\331\005\022.,\240"
 259      203B4176 
 259      8344836C 
 259      03D90512 
 259      2E2CA0
 260 065f 37511690 		.ascii	"7Q\026\220\016Y@\236(\003\322\257\014_\361\267\014\015"
 260      0E59409E 
 260      2803D2AF 
 260      0C5FF1B7 
 260      0C0D
 261 0671 0728BAC9 		.ascii	"\007(\272\311\321\322\261\212\256\277\021>\331\034\273"
 261      D1D2B18A 
 261      AEBF113E 
 261      D91CBB
 262 0680 95737CF0 		.ascii	"\225s|\360\206m\031\2231%\223Q\023\232\035O\255/\035"
 262      866D1993 
 262      31259351 
 262      139A1D4F 
 262      AD2F1D
 263 0693 42451111 		.ascii	"BE\021\021\224\212\037M\246I=\037u\334+\212\245\256"
 263      948A1F4D 
 263      A6493D1F 
 263      75DC2B8A 
 263      A5AE
 264 06a5 A4AEC235 		.ascii	"\244\256\3025\205\331\222\252-\274\257L\331\202E?q\267"
 264      85D992AA 
 264      2DBCAF4C 
 264      D982453F 
 264      71B7
 265 06b7 ED3AC2D9 		.ascii	"\355:\302\331jz\004\206^9Ze\203\234\3470\037w\3074p"
 265      6A7A0486 
 265      5E395A65 
 265      839CE730 
 265      1F77C734 
 266 06cc 7347FB60 		.ascii	"sG\373`p\2140u\000\022\217\346\363\202\366B:\376\027"
 266      708C3075 
 266      00128FE6 
 266      F382F642 
 266      3AFE17
 267 06df A9217B75 		.ascii	"\251!{uO\346\260\275m\324\324\225\233\2620\225\254X"
 267      4FE6B0BD 
 267      6DD4D495 
 267      9BB23095 
 267      AC58
 268 06f1 C196BE91 		.ascii	"\301\226\276\221\3007\271zU\336l\346U&\222l\344\311"
 268      C037B97A 
 268      55DE6CE6 
 268      5526926C 
 268      E4C9
 269 0703 470DA9BC 		.ascii	"G\015\251\274$\015\322W\225\361\303\271\\w\224\225\026"
 269      240DD257 
 269      95F1C3B9 
 269      5C779495 
 269      16
 270 0714 475E5AC6 		.ascii	"G^Z\306w\026\304\317|g\211\027xu<\307\252\343hxn;RV"
ARM GAS  C:\Users\user\AppData\Local\Temp\cciXJpJ7.s 			page 21


 270      7716C4CF 
 270      7C678917 
 270      78753CC7 
 270      AAE36878 
 271 072c C7831082 		.ascii	"\307\203\020\202\003\002\201'\010\016\322 \202\276X"
 271      03028127 
 271      080ED220 
 271      82BE58
 272 073b 53FFDC1A 		.ascii	"S\377\334\032_\245\341EI\0231)6\322\211\021\371sN\214"
 272      5FA5E145 
 272      49133129 
 272      36D28911 
 272      F9734E8C 
 273 074f 1D75CD17 		.ascii	"\035u\315\027\2469;$\274\305Ymwr8?\337\253U\262W\005"
 273      A6393B24 
 273      BCC5596D 
 273      7772383F 
 273      DFAB55B2 
 274 0765 07F6AA20 		.ascii	"\007\366\252 UMG^5\363Kj\312\020\276\306\270\025\017"
 274      554D475E 
 274      35F34B6A 
 274      CA10BEC6 
 274      B8150F
 275 0778 9F3FC1C7 		.ascii	"\237?\301\307\222*\036\031?\\=k\306\230\244J1I\021("
 275      922A1E19 
 275      3F5C3D6B 
 275      C698A44A 
 275      31491128 
 276 078c CD869737 		.ascii	"\315\206\2277\032-\2241I\002\232G)\315c\224f\252D\263"
 276      1A2D9431 
 276      49029A47 
 276      29CD6394 
 276      66AA44B3 
 277 07a0 352BBEDB 		.ascii	"5+\276\333J9\251\031\321;o\\,\341\311-%z\367DV\271\025"
 277      4A39A919 
 277      D13B6F5C 
 277      2CE1C92D 
 277      257AF744 
 278 07b7 2E65ACF7 		.ascii	".e\254\367\355}Y\256\301\267\230\222;\220\236k\307\220"
 278      ED7D59AE 
 278      C1B79892 
 278      3B909E6B 
 278      C790
 279 07c9 46A227E4 		.ascii	"F\242'\344?-\347"
 279      3F2DE7
 280 07d0 37168DAC 		.ascii	"7\026\215\254\333\221w\217\244\017\246Y\342j66*\247"
 280      DB91778F 
 280      A40FA659 
 280      E26A3636 
 280      2AA7
 281 07e2 B6553DE3 		.ascii	"\266U=\343|\317J\363u\245\323\215+\210\273h\257\234"
 281      7CCF4AF3 
 281      75A5D38D 
 281      2B88BB68 
 281      AF9C
 282 07f4 6E3A4CE0 		.ascii	"n:L\3404\235\3009:\201\263\322\004\316=\033\271\254"
 282      349DC039 
ARM GAS  C:\Users\user\AppData\Local\Temp\cciXJpJ7.s 			page 22


 282      3A81B3D2 
 282      04CE3D1B 
 282      B9AC
 283 0806 554E7746 		.ascii	"UNwF\364\311\356C{x\036>\001\365\340hr\257\035\276\303"
 283      F4C9EE43 
 283      7B781E3E 
 283      01F5E068 
 283      72AF1DBE 
 284 081b 483E1E18 		.ascii	"H>\036\030\317\200\223\215)\371\271WJ\370\354\\AM?S"
 284      CF80938D 
 284      29F9B957 
 284      4AF8EC5C 
 284      414D3F53 
 285 082f 5465835B 		.ascii	"Te\203[Y\337x\364\321,k\334\311\224\304\221\226G|\365"
 285      59DF78F4 
 285      D12C6BDC 
 285      C994C491 
 285      96477CF5 
 286 0843 3B9344A7 		.ascii	";\223D\247\036\331k\215\037\261\276\311\350\310x+<\300"
 286      1ED96B8D 
 286      1FB1BEC9 
 286      E8C8782B 
 286      3CC0
 287 0855 94D8AAD8 		.ascii	"\224\330\252\330T\033<\302\224\201\360\256v\276v\346"
 287      541B3CC2 
 287      9481F0AE 
 287      76BE76E6 
 288 0865 82FAAA27 		.ascii	"\202\372\252'\266\201\277\275\330\312\356\"\216\374"
 288      B681BFBD 
 288      D8CAEE22 
 288      8EFC
 289 0873 2E72EEF9 		.ascii	".r\356\371\236\0036x\224\015\255o\010\277\304\2616\240"
 289      9E033678 
 289      940DAD6F 
 289      08BFC4B1 
 289      36A0
 290 0885 4657B4FD 		.ascii	"FW\264\375e\306\310\026J\221\275\312VRy\351\255\335"
 290      65C6C816 
 290      4A91BDCA 
 290      565279E9 
 290      ADDD
 291 0897 6AE575F9 		.ascii	"j\345u\371\012\004+\237\006\313H\203U(\005+5>l\314B"
 291      0A042B9F 
 291      06CB4883 
 291      5528052B 
 291      353E6CCC 
 292 08ac 79FD9D11 		.ascii	"y\375\235\021]P\323\274\034\277f\034\237U5\337G8\324"
 292      5D50D3BC 
 292      1CBF661C 
 292      9F5535DF 
 292      4738D4
 293 08bf 822AE115 		.ascii	"\202*\341\025e'\254p\004S\372OU\226Z\342\235L\351\354"
 293      6527AC70 
 293      0453FA4F 
 293      55965AE2 
 293      9D4CE9EC 
 294 08d3 1ECBC338 		.ascii	"\036\313\3038\232)\307\373Sv[\3438>\246s\240\212\307"
ARM GAS  C:\Users\user\AppData\Local\Temp\cciXJpJ7.s 			page 23


 294      9A29C7FB 
 294      53765BE3 
 294      383EA673 
 294      A08AC7
 295 08e6 6717D94C 		.ascii	"g\027\331L\257\006s\356H\021!\253\255\367Y\327\244\006"
 295      AF0673EE 
 295      481121AB 
 295      ADF759D7 
 295      A406
 296 08f8 2752F0BB 		.ascii	"'R\360\273\375\3311i\266\323/\023\354q\006a\207\305"
 296      FDD93169 
 296      B6D32F13 
 296      EC710661 
 296      87C5
 297 090a C06B52B3 		.ascii	"\300kR\263\017\272\242\"\301\001\025@\271\255\205\202"
 297      0FBAA222 
 297      C1011540 
 297      B9AD8582 
 298 091a 274D055D 		.ascii	"'M\005]\026\024\227\204\342\357L\227\204\022\216\236"
 298      16149784 
 298      E2EF4C97 
 298      84128E9E 
 299 092a 2A26F468 		.ascii	"*&\364h\316@\014\035\013\306\213\277ggK\032\330N\346"
 299      CE400C1D 
 299      0BC68BBF 
 299      67674B1A 
 299      D84EE6
 300 093d 6869C3A1 		.ascii	"hi\303\241#J\333\3032\333\227\224\266\331\225B2N\357"
 300      234ADBC3 
 300      32DB9794 
 300      B6D99542 
 300      324EEF
 301 0950 2BFF36C1 		.ascii	"+\3776\301/*\341Yr\343\261\3048G\223MpR\211>\256\244"
 301      2F2AE159 
 301      72E3B1C4 
 301      3847934D 
 301      7052893E 
 302 0966 3226A392 		.ascii	"2&\243\222\247D\347(\321\3452\364\015%\372\264\011-"
 302      A744E728 
 302      D1E532F4 
 302      0D25FAB4 
 302      092D
 303 0978 3FBCCA20 		.ascii	"?\274\312 \014\245\264\253\226\237\\\255pr\335\201\323"
 303      0CA5B4AB 
 303      969F5CAD 
 303      7072DD81 
 303      D3
 304 0989 E816480D 		.ascii	"\350\026H\015H\023\310]\220\026\220\012\220*\220\333"
 304      4813C85D 
 304      9016900A 
 304      902A90DB 
 305 0999 208D203F 		.ascii	" \215 ?\2014\203\324\201\334\007i\003\251\006i\007\251"
 305      813483D4 
 305      81DC0769 
 305      03A90669 
 305      07A9
 306 09ab 04B907D2 		.ascii	"\004\271\007\322\000R?u\351 1\030\373\227)\0067\315"
ARM GAS  C:\Users\user\AppData\Local\Temp\cciXJpJ7.s 			page 24


 306      00523F75 
 306      E9203118 
 306      FB972906 
 306      37CD
 307 09bd 264F36A9 		.ascii	"&O6\251FYx/(\301\347\225!h\224\205\340\232\022}\364"
 307      4659782F 
 307      28C1E795 
 307      21689485 
 307      E09A127D 
 308 09d2 0DF4F726 		.ascii	"\015\364\367&t\271\022\0357-u\344\032\313W\321aXE\211"
 308      74B9121D 
 308      372D75E4 
 308      1ACB57D1 
 308      61584589 
 309 09e6 1C2D9D45 		.ascii	"\034-\235E\374\335@~\325\344h8\243\350\305t\032z\277"
 309      FCDD407E 
 309      D5E46838 
 309      A3E8C574 
 309      1A7ABF
 310 09f9 A05C45C5 		.ascii	"\240\\E\305\262i\346\232\317\264\034^#\233\347u\363"
 310      B269E69A 
 310      CFB41C5E 
 310      239BE775 
 310      F3
 311 0a0a A99E0697 		.ascii	"\251\236\006\227Y\3176\277F\345\360\016\231\365b\363"
 311      59CF36BF 
 311      46E5F00E 
 311      99F562F3 
 312 0a1a 51647076 		.ascii	"QdpvQ\032\030g\227\261Z\345e\214Dm`\202_\3062 \020g"
 312      511A1867 
 312      97B15AE5 
 312      658C446D 
 312      60825FC6 
 313 0a32 B831A9FC 		.ascii	"\2701\251\374\243S\312\3751&\333\037'\314\357\217iL"
 313      A353CAFD 
 313      3126DB1F 
 313      27CCEF8F 
 313      694C
 314 0a44 6513CB34 		.ascii	"e\023\3134\277:\030\034JRU[\\\225\032'\323\222$\344"
 314      BF3A181C 
 314      4A52555B 
 314      5C951A27 
 314      D39224E4 
 315 0a58 D667C5D9 		.ascii	"\326g\305\331\2439\316\346\366\002\352\204-\360\377"
 315      A339CEE6 
 315      F602EA84 
 315      2DF0FF
 316 0a67 D80E2C7C 		.ascii	"\330\016,|\335\223\226\344\236\371\000\034v\230\356"
 316      DD9396E4 
 316      9EF9001C 
 316      7698EE
 317 0a76 99B5F49E 		.ascii	"\231\265\364\236I\376Px\2539\314J~\025|0\355*\330\305"
 317      49FE5078 
 317      AB39CC4A 
 317      7E157C30 
 317      ED2AD8C5 
 318 0a8a AF825DF4 		.ascii	"\257\202]\364*8v\2570\312\006\237f5:\245\247\262\214"
ARM GAS  C:\Users\user\AppData\Local\Temp\cciXJpJ7.s 			page 25


 318      2A3876AF 
 318      30CA069F 
 318      66353AA5 
 318      A7B28C
 319 0a9d 1F91EF93 		.ascii	"\037\221\357\223?_\356\353\337\203X\211\356!%;\271r"
 319      3F5FEEEB 
 319      DF835889 
 319      EE21253B 
 319      B972
 320 0aaf 64BF16E7 		.ascii	"d\277\026\3471l^\301\343%\014J\336\015o\037I\350@3\036"
 320      316C5EC1 
 320      E3250C4A 
 320      DE0D6F1F 
 320      49E84033 
 321 0ac4 5A7DD2A1 		.ascii	"Z}\322\241\325\313\016\255\272\227\005c\266\270\210"
 321      D5CB0EAD 
 321      BA970563 
 321      B6B888
 322 0ad3 1A52B7A7 		.ascii	"\032R\267\247\016\367Y\"g'\204\264 \307\245?\200\253"
 322      0EF75922 
 322      672784B4 
 322      20C7A53F 
 322      80AB
 323 0ae5 D013C868 		.ascii	"\320\023\310h\277\200\245\377@H\020\301\374\340\367"
 323      BF80A5FF 
 323      404810C1 
 323      FCE0F7
 324 0af4 A4D9DC9F 		.ascii	"\244\331\334\237\223\036C\330\237P?\203\220\225\001"
 324      931E43D8 
 324      9F503F83 
 324      909501
 325 0b03 70940031 		.ascii	"p\224\0001\"-\344\265\372\305\3614\215\374\334#\266"
 325      222DE4B5 
 325      FAC5F134 
 325      8DFCDC23 
 325      B6
 326 0b14 7B00F790 		.ascii	"{\000\367\220f|\210\236{}\322\271\027]\231\314\376T"
 326      667C889E 
 326      7B7DD2B9 
 326      175D99CC 
 326      FE54
 327 0b26 437C44BE 		.ascii	"C|D\276\325\007\011w[B\213Vn{\370m\266\007\252F\253"
 327      D5070977 
 327      5B428B56 
 327      6E7BF86D 
 327      B607AA46 
 328 0b3b ED3E4815 		.ascii	"\355>H\025\253\215\242\261\257\3205q\233Q\014[\216F"
 328      AB8DA2B1 
 328      AFD03571 
 328      9B510C5B 
 328      8E46
 329 0b4d 60A93F82 		.ascii	"`\251?\202T\032\321|\331\320nhY+\250\320S\341\003\325"
 329      541AD17C 
 329      D9D06E68 
 329      592BA8D0 
 329      53E103D5 
 330 0b61 EC807FFA 		.ascii	"\354\200\177\372\373\256\014\360Y\277\321\260\316\340"
ARM GAS  C:\Users\user\AppData\Local\Temp\cciXJpJ7.s 			page 26


 330      FBAE0CF0 
 330      59BFD1B0 
 330      CEE0
 331 0b6f 1B1218A4 		.ascii	"\033\022\030\244\371\323\347_\316\323-^\254\322z{o\366"
 331      F9D3E75F 
 331      CED32D5E 
 331      ACD27A7B 
 331      6FF6
 332 0b81 0F0859BA 		.ascii	"\017\010Y\272\304;\344\357\276\237z\005\205\004\006"
 332      C43BE4EF 
 332      BE9F7A05 
 332      850406
 333 0b90 7BF96EF0 		.ascii	"{\371n\360_\357\037\034\262\331\317?\320+$0pc\260\327"
 333      5FEF1F1C 
 333      B2D9CF3F 
 333      D02B2430 
 333      7063B0D7 
 334 0ba4 D7019BE7 		.ascii	"\327\001\233\347\321_\363|\2026\3153lZo\360\3633\370"
 334      D15FF37C 
 334      8236CD33 
 334      6C5A6FF0 
 334      F333F8
 335 0bb7 797DBC68 		.ascii	"y}\274h\351\274%\256\213\227\375c\261\027\264\177\030"
 335      E9BC25AE 
 335      8B97FD63 
 335      B117B47F 
 335      18
 336 0bc8 101860F8 		.ascii	"\020\030`\370\320\340\263\336\337\313?\300w\343f?\203"
 336      D0E0B3DE 
 336      DFCB3FC0 
 336      77E3663F 
 336      83
 337 0bd9 D7261FB0 		.ascii	"\327&\037\260\025`\360\362\3663|\345\263yc\210w\310"
 337      1560F0F2 
 337      F6337CE5 
 337      B3796388 
 337      77C8
 338 0beb D66F0CC1 		.ascii	"\326o\014\301\2136\2504\222\323\277\376\357\235\006"
 338      8B36A834 
 338      92D3BFFE 
 338      EF9D06
 339 0bfa 6F0DF6F2 		.ascii	"o\015\366\362\016\016\361\003\017\340\311M\367\251\227"
 339      0E0EF103 
 339      0FE0C94D 
 339      F7A997
 340 0c09 7EED179E 		.ascii	"~\355\027\236^:\342\300\2239\240\316\002\203\027/\373"
 340      5E3AE2C0 
 340      9339A0CE 
 340      0283172F 
 340      FB
 341 0c1a D82530D8 		.ascii	"\330%0\330e\203\317F\227o\002\203B\202]|\0037m\012\014"
 341      6583CF46 
 341      976F0283 
 341      42825D7C 
 341      03376D0A 
 342 0c2f 7071D3AF 		.ascii	"pq\323\257\321\255\331\342B\202\266\310W\365\013\362"
 342      D1ADD9E2 
ARM GAS  C:\Users\user\AppData\Local\Temp\cciXJpJ7.s 			page 27


 342      4282B6C8 
 342      57F50BF2 
 343 0c3f BDC23FD8 		.ascii	"\275\302?\330\024='\322\342i\010\361\334\032\034b\330"
 343      143D27D2 
 343      E26908F1 
 343      DC1A1C62 
 343      D8
 344 0c50 B4DA27C0 		.ascii	"\264\332'\300o\243!\310#\310?0\310?d+\215\265n\243\301"
 344      6FA321C8 
 344      23C83F30 
 344      C83F642B 
 344      8DB56EA3 
 345 0c65 27C8C310 		.ascii	"'\310\303\020\000$\276\266\326\257\364\\\251_\267r\305"
 345      0024BEB6 
 345      D6AFF45C 
 345      A95FB772 
 345      C5
 346 0c76 EF04770F 		.ascii	"\357\004w\017k\026\357O\274C\254\370\367T\367Gjw\267"
 346      6B16EF4F 
 346      BC43ACF8 
 346      F754F747 
 346      6A77B7
 347 0c89 CFF453EA 		.ascii	"\317\364S\352R\265\273\316\303\244.Q\273{z\3505z\246"
 347      52B5BBCE 
 347      C3A42E51 
 347      BB7B7AE8 
 347      357AA6
 348 0c9c 2D86CE95 		.ascii	"-\206\316\225\246NW\350\\\251W{\256u\327\257\372\357"
 348      A64E57E8 
 348      5CA9577B 
 348      AE75D7AF 
 348      FAEF
 349 0cae F3E5B334 		.ascii	"\363\345\2634l\011q\321\255\361t\367t\341\221\203\216"
 349      6C0971D1 
 349      ADF174F7 
 349      74E19183 
 349      8E
 350 0cbf 2083B7EF 		.ascii	" \203\267\357\246\217 l\326\237\257s\327y\257\205t\201"
 350      A68F206C 
 350      D69FAF73 
 350      D779AF85 
 350      7481
 351 0cd1 6937BD7A 		.ascii	"i7\275z\315\232Uz\354\266B\217W\300\267\307*\275\332"
 351      CD9A557A 
 351      ECB6428F 
 351      57C0B7C7 
 351      2ABDDA
 352 0ce4 6D95A75E 		.ascii	"m\225\247^\375\331*7\275\005t\001`\005\321W\223\017"
 352      FDD92A37 
 352      BD057401 
 352      6005D157 
 352      930F
 353 0cf6 1D7C5878 		.ascii	"\035|Xx\256\326y\352\261\347j\017\254\323\301\267No"
 353      AED679EA 
 353      B1E76A0F 
 353      ACD3C1B7 
 353      4E6F
ARM GAS  C:\Users\user\AppData\Local\Temp\cciXJpJ7.s 			page 28


 354 0d08 E1E6AED7 		.ascii	"\341\346\256\327\351\325\353\326~\241\007\356\200\320"
 354      E9D5EBD6 
 354      7EA107EE 
 354      80D0
 355 0d16 797CE9BE 		.ascii	"y|\351\276\002>\335tz\215\247\3563\352\313\316\333\373"
 355      023EDD74 
 355      7A8DA7EE 
 355      33EACBCE 
 355      DBFB
 356 0d28 ABCD01BE 		.ascii	"\253\315\001\276\336\336\213\226\271.\371X#ij\337\015"
 356      DEDE8B96 
 356      B92EF958 
 356      23696ADF 
 356      0D
 357 0d39 3E41FF01 		.ascii	">A\377\001\377\344\002)"
 357      FFE40229 
 358              		.text
 359              		.section	.gnu.lto_.symtab.7a943748,"",%progbits
 360 0000 6E766963 		.ascii	"nvicEnableVector\000"
 360      456E6162 
 360      6C655665 
 360      63746F72 
 360      00
 361 0011 00       		.ascii	"\000"
 362 0012 00       		.ascii	"\000"
 363 0013 00       		.ascii	"\000"
 364 0014 00000000 		.ascii	"\000\000\000\000\000\000\000\000"
 364      00000000 
 365 001c BA000000 		.ascii	"\272\000\000\000"
 366 0020 6E766963 		.ascii	"nvicDisableVector\000"
 366      44697361 
 366      626C6556 
 366      6563746F 
 366      7200
 367 0032 00       		.ascii	"\000"
 368 0033 00       		.ascii	"\000"
 369 0034 00       		.ascii	"\000"
 370 0035 00000000 		.ascii	"\000\000\000\000\000\000\000\000"
 370      00000000 
 371 003d BE000000 		.ascii	"\276\000\000\000"
 372 0041 6E766963 		.ascii	"nvicSetSystemHandlerPriority\000"
 372      53657453 
 372      79737465 
 372      6D48616E 
 372      646C6572 
 373 005e 00       		.ascii	"\000"
 374 005f 00       		.ascii	"\000"
 375 0060 00       		.ascii	"\000"
 376 0061 00000000 		.ascii	"\000\000\000\000\000\000\000\000"
 376      00000000 
 377 0069 C0000000 		.ascii	"\300\000\000\000"
 378 006d 6E766963 		.ascii	"nvicClearPending\000"
 378      436C6561 
 378      7250656E 
 378      64696E67 
 378      00
 379 007e 00       		.ascii	"\000"
ARM GAS  C:\Users\user\AppData\Local\Temp\cciXJpJ7.s 			page 29


 380 007f 00       		.ascii	"\000"
 381 0080 00       		.ascii	"\000"
 382 0081 00000000 		.ascii	"\000\000\000\000\000\000\000\000"
 382      00000000 
 383 0089 C2000000 		.ascii	"\302\000\000\000"
 384              		.text
 385              		.section	.gnu.lto_.opts,"",%progbits
 386 0000 272D666D 		.ascii	"'-fmath-errno' '-fsigned-zeros' '-ftrapping-math' '"
 386      6174682D 
 386      6572726E 
 386      6F272027 
 386      2D667369 
 387 0033 2D666E6F 		.ascii	"-fno-trapv' '-fno-openmp' '-fno-openacc' '-mcpu=cor"
 387      2D747261 
 387      70762720 
 387      272D666E 
 387      6F2D6F70 
 388 0066 7465782D 		.ascii	"tex-m4' '-mno-thumb-interwork' '-mthumb' '-ggdb' '-"
 388      6D342720 
 388      272D6D6E 
 388      6F2D7468 
 388      756D622D 
 389 0099 4F322720 		.ascii	"O2' '-fomit-frame-pointer' '-falign-functions=16' '"
 389      272D666F 
 389      6D69742D 
 389      6672616D 
 389      652D706F 
 390 00cc 2D666675 		.ascii	"-ffunction-sections' '-fdata-sections' '-fno-common"
 390      6E637469 
 390      6F6E2D73 
 390      65637469 
 390      6F6E7327 
 391 00ff 2720272D 		.ascii	"' '-flto'\000"
 391      666C746F 
 391      2700
 392              		.text
 393              		.comm	__gnu_lto_v1,1,1
 394              		.comm	__gnu_lto_slim,1,1
 395              		.ident	"GCC: (GNU Tools for ARM Embedded Processors 6-2017-q1-update) 6.3.1 20170215 (release) [AR
ARM GAS  C:\Users\user\AppData\Local\Temp\cciXJpJ7.s 			page 30


DEFINED SYMBOLS
                            *ABS*:00000000 nvic.c
                            *COM*:00000001 __gnu_lto_v1
                            *COM*:00000001 __gnu_lto_slim

NO UNDEFINED SYMBOLS
